debug: False
---------------------------------------- config ----------------------------------------
{'debug': False, 'test_relations': ['IsA'], 'save_all_data': True, 'top_k': 10, 'data_dir': 'data/lm_diagnostic_extended/plural/', 'mask_string_mapping': {'bert-large-uncased': '[MASK]'}, 'use_dap_global': True, 'max_anchor_num': 3, 'return_probs': True, 'anchor_scorer_list': ['probAvg'], 'scorer_target_1_prompt': 'probSum', 'scorer_target_N_prompts': 'probAvg', 'use_original_prompt': True, 'original_prompt_source': 'masked_sentence', 'incorporate_operations': ['concate_or_single'], 'filter_anchors_flag': True, 'filter_objects_flag': False, 'cpt_only': False, 'max_anchor_num_list': [5], 'anchor_types': ['Coordinate_remove_Y_PUNC_FULL'], 'add_cpt_score': True, 'constrain_targets': False, 'add_wordnet_path_score': False}
---------------------------------------- config ----------------------------------------
Some weights of the model checkpoint at bert-large-uncased were not used when initializing BertForMaskedLM: ['cls.seq_relationship.weight', 'cls.seq_relationship.bias']
- This IS expected if you are initializing BertForMaskedLM from the checkpoint of a model trained on another task or with another architecture (e.g. initializing a BertForSequenceClassification model from a BertForPreTraining model).
- This IS NOT expected if you are initializing BertForMaskedLM from the checkpoint of a model that you expect to be exactly identical (initializing a BertForSequenceClassification model from a BertForSequenceClassification model).
Some weights of the model checkpoint at bert-large-uncased were not used when initializing BertForMaskedLM: ['cls.seq_relationship.weight', 'cls.seq_relationship.bias']
- This IS expected if you are initializing BertForMaskedLM from the checkpoint of a model trained on another task or with another architecture (e.g. initializing a BertForSequenceClassification model from a BertForPreTraining model).
- This IS NOT expected if you are initializing BertForMaskedLM from the checkpoint of a model that you expect to be exactly identical (initializing a BertForSequenceClassification model from a BertForSequenceClassification model).
---------------------------------------- bert-large-uncased-anchor_type: Coordinate_remove_Y_PUNC_FULL-scorer_anchor:probAvg-op:concate_or_single ----------------------------------------
{
    "IsA": {
        "relation": "IsA",
        "def_sap": [
            "A [X] is a [MASK].",
            "A [X] is an [MASK].",
            "An [X] is a [MASK].",
            "An [X] is an [MASK]."
        ],
        "def_dap": [
            "A [X] or [Z] is a [MASK].",
            "A [X] or [Z] is an [MASK].",
            "An [X] or [Z] is a [MASK].",
            "An [X] or [Z] is an [MASK]."
        ],
        "lsp_sap": [
            "[MASK] such as [X].",
            "[MASK], including [X].",
            "[MASK], especially [X].",
            "[X] or other [MASK].",
            "[X] and other [MASK].",
            "such [MASK] as [X]."
        ],
        "lsp_dap": [
            "[MASK] such as [X] and [Z].",
            "[MASK], including [X] and [Z].",
            "[MASK], especially [X] and [Z].",
            "[X], [Z] and other [MASK].",
            "[X], [Z] or other [MASK].",
            "such [MASK] as [X] and [Z]."
        ],
        "use_dap": true,
        "anchor_target": "[X]",
        "anchor_lsp_sap": [
            "such as [X] and [MASK].",
            "such as [X] or [MASK].",
            "such as [X], [MASK],",
            "including [X] and [MASK].",
            "including [X] or [MASK].",
            "including [X], [MASK],",
            "especially [X] and [MASK].",
            "especially [X] or [MASK].",
            "especially [X], [MASK],",
            "[X], [MASK] or other",
            "[X], [MASK] and other"
        ]
    }
}
Processing IsA ... data/lm_diagnostic_extended/plural//IsA.jsonl
#Test_instances: 576
	 step1: get anchors (fill and filter)
/home/chunhua/.local/lib/python3.8/site-packages/transformers/pipelines/base.py:1043: UserWarning: You seem to be using the pipelines sequentially on GPU. In order to maximize efficiency please use a dataset
  warnings.warn(
--- def_sap
--- lsp_sap
/home/chunhua/.local/lib/python3.8/site-packages/transformers/pipelines/base.py:1043: UserWarning: You seem to be using the pipelines sequentially on GPU. In order to maximize efficiency please use a dataset
  warnings.warn(
relation: IsA 	 use_dap: True
	 step2: insert anchors
	 step3: fill mask in dap anchors

  0%|          | 0/576 [00:00<?, ?it/s]/home/chunhua/.local/lib/python3.8/site-packages/transformers/pipelines/base.py:1043: UserWarning: You seem to be using the pipelines sequentially on GPU. In order to maximize efficiency please use a dataset
  warnings.warn(

  0%|          | 2/576 [00:00<00:42, 13.59it/s]
  1%|          | 4/576 [00:00<00:42, 13.60it/s]
  1%|          | 6/576 [00:00<00:41, 13.67it/s]
  1%|▏         | 8/576 [00:00<00:41, 13.72it/s]
  2%|▏         | 10/576 [00:00<00:41, 13.67it/s]
  2%|▏         | 12/576 [00:00<00:41, 13.74it/s]
  2%|▏         | 14/576 [00:01<00:40, 13.74it/s]
  3%|▎         | 16/576 [00:01<00:40, 13.74it/s]
  3%|▎         | 18/576 [00:01<00:40, 13.77it/s]
  3%|▎         | 20/576 [00:01<00:40, 13.82it/s]
  4%|▍         | 22/576 [00:01<00:40, 13.82it/s]
  4%|▍         | 24/576 [00:01<00:40, 13.79it/s]
  5%|▍         | 26/576 [00:01<00:39, 13.77it/s]
  5%|▍         | 28/576 [00:02<00:39, 13.79it/s]
  5%|▌         | 30/576 [00:02<00:39, 13.82it/s]
  6%|▌         | 32/576 [00:02<00:39, 13.81it/s]
  6%|▌         | 34/576 [00:02<00:39, 13.81it/s]
  6%|▋         | 36/576 [00:02<00:39, 13.82it/s]
  7%|▋         | 38/576 [00:02<00:38, 13.87it/s]
  7%|▋         | 40/576 [00:02<00:38, 13.84it/s]
  7%|▋         | 42/576 [00:03<00:38, 13.80it/s]
  8%|▊         | 44/576 [00:03<00:38, 13.79it/s]
  8%|▊         | 46/576 [00:03<00:38, 13.75it/s]
  8%|▊         | 48/576 [00:03<00:38, 13.73it/s]
  9%|▊         | 50/576 [00:03<00:38, 13.71it/s]
  9%|▉         | 52/576 [00:03<00:38, 13.73it/s]
  9%|▉         | 54/576 [00:03<00:37, 13.74it/s]
 10%|▉         | 56/576 [00:04<00:37, 13.77it/s]
 10%|█         | 58/576 [00:04<00:37, 13.76it/s]
 10%|█         | 60/576 [00:04<00:37, 13.79it/s]
 11%|█         | 62/576 [00:04<00:37, 13.83it/s]
 11%|█         | 64/576 [00:04<00:37, 13.77it/s]
 11%|█▏        | 66/576 [00:04<00:36, 13.79it/s]
 12%|█▏        | 68/576 [00:04<00:36, 13.81it/s]
 12%|█▏        | 70/576 [00:05<00:36, 13.84it/s]
 12%|█▎        | 72/576 [00:05<00:36, 13.88it/s]
 13%|█▎        | 74/576 [00:05<00:36, 13.85it/s]
 13%|█▎        | 76/576 [00:05<00:36, 13.83it/s]
 14%|█▎        | 78/576 [00:05<00:35, 13.86it/s]
 14%|█▍        | 80/576 [00:05<00:35, 13.83it/s]
 14%|█▍        | 82/576 [00:05<00:35, 13.78it/s]
 15%|█▍        | 84/576 [00:06<00:35, 13.78it/s]
 15%|█▍        | 86/576 [00:06<00:35, 13.79it/s]
 15%|█▌        | 88/576 [00:06<00:35, 13.73it/s]
 16%|█▌        | 90/576 [00:06<00:35, 13.80it/s]
 16%|█▌        | 92/576 [00:06<00:35, 13.83it/s]
 16%|█▋        | 94/576 [00:06<00:34, 13.80it/s]
 17%|█▋        | 96/576 [00:06<00:34, 13.80it/s]
 17%|█▋        | 98/576 [00:07<00:34, 13.80it/s]
 17%|█▋        | 100/576 [00:07<00:34, 13.81it/s]
 18%|█▊        | 102/576 [00:07<00:34, 13.73it/s]
 18%|█▊        | 104/576 [00:07<00:34, 13.69it/s]
 18%|█▊        | 106/576 [00:07<00:34, 13.73it/s]
 19%|█▉        | 108/576 [00:07<00:33, 13.78it/s]
 19%|█▉        | 110/576 [00:07<00:33, 13.80it/s]
 19%|█▉        | 112/576 [00:08<00:33, 13.85it/s]
 20%|█▉        | 114/576 [00:08<00:33, 13.84it/s]
 20%|██        | 116/576 [00:08<00:33, 13.77it/s]
 20%|██        | 118/576 [00:08<00:33, 13.73it/s]
 21%|██        | 120/576 [00:08<00:33, 13.73it/s]
 21%|██        | 122/576 [00:08<00:33, 13.70it/s]
 22%|██▏       | 124/576 [00:08<00:32, 13.75it/s]
 22%|██▏       | 126/576 [00:09<00:32, 13.75it/s]
 22%|██▏       | 128/576 [00:09<00:32, 13.75it/s]
 23%|██▎       | 130/576 [00:09<00:32, 13.75it/s]
 23%|██▎       | 132/576 [00:09<00:32, 13.74it/s]
 23%|██▎       | 134/576 [00:09<00:32, 13.75it/s]
 24%|██▎       | 136/576 [00:09<00:32, 13.75it/s]
 24%|██▍       | 138/576 [00:10<00:31, 13.75it/s]
 24%|██▍       | 140/576 [00:10<00:31, 13.80it/s]
 25%|██▍       | 142/576 [00:10<00:31, 13.77it/s]
 25%|██▌       | 144/576 [00:10<00:31, 13.76it/s]
 25%|██▌       | 146/576 [00:10<00:31, 13.81it/s]
 26%|██▌       | 148/576 [00:10<00:31, 13.80it/s]
 26%|██▌       | 150/576 [00:10<00:30, 13.79it/s]
 26%|██▋       | 152/576 [00:11<00:30, 13.79it/s]
 27%|██▋       | 154/576 [00:11<00:30, 13.80it/s]
 27%|██▋       | 156/576 [00:11<00:30, 13.82it/s]
 27%|██▋       | 158/576 [00:11<00:30, 13.82it/s]
 28%|██▊       | 160/576 [00:11<00:30, 13.81it/s]
 28%|██▊       | 162/576 [00:11<00:29, 13.84it/s]
 28%|██▊       | 164/576 [00:11<00:29, 13.83it/s]
 29%|██▉       | 166/576 [00:12<00:29, 13.80it/s]
 29%|██▉       | 168/576 [00:12<00:30, 13.17it/s]
 30%|██▉       | 170/576 [00:12<00:31, 12.90it/s]
 30%|██▉       | 172/576 [00:12<00:30, 13.16it/s]
 30%|███       | 174/576 [00:12<00:30, 13.36it/s]
 31%|███       | 176/576 [00:12<00:29, 13.47it/s]
 31%|███       | 178/576 [00:12<00:29, 13.56it/s]
 31%|███▏      | 180/576 [00:13<00:28, 13.67it/s]
 32%|███▏      | 182/576 [00:13<00:28, 13.72it/s]
 32%|███▏      | 184/576 [00:13<00:28, 13.70it/s]
 32%|███▏      | 186/576 [00:13<00:28, 13.56it/s]
 33%|███▎      | 188/576 [00:13<00:28, 13.62it/s]
 33%|███▎      | 190/576 [00:13<00:28, 13.66it/s]
 33%|███▎      | 192/576 [00:13<00:28, 13.71it/s]
 34%|███▎      | 194/576 [00:14<00:27, 13.72it/s]
 34%|███▍      | 196/576 [00:14<00:27, 13.76it/s]
 34%|███▍      | 198/576 [00:14<00:27, 13.78it/s]
 35%|███▍      | 200/576 [00:14<00:27, 13.80it/s]
 35%|███▌      | 202/576 [00:14<00:27, 13.83it/s]
 35%|███▌      | 204/576 [00:14<00:27, 13.76it/s]
 36%|███▌      | 206/576 [00:14<00:26, 13.80it/s]
 36%|███▌      | 208/576 [00:15<00:26, 13.82it/s]
 36%|███▋      | 210/576 [00:15<00:26, 13.75it/s]
 37%|███▋      | 212/576 [00:15<00:26, 13.77it/s]
 37%|███▋      | 214/576 [00:15<00:26, 13.76it/s]
 38%|███▊      | 216/576 [00:15<00:26, 13.78it/s]
 38%|███▊      | 218/576 [00:15<00:25, 13.80it/s]
 38%|███▊      | 220/576 [00:16<00:25, 13.80it/s]
 39%|███▊      | 222/576 [00:16<00:25, 13.79it/s]
 39%|███▉      | 224/576 [00:16<00:25, 13.75it/s]
 39%|███▉      | 226/576 [00:16<00:25, 13.70it/s]
 40%|███▉      | 228/576 [00:16<00:25, 13.76it/s]
 40%|███▉      | 230/576 [00:16<00:25, 13.77it/s]
 40%|████      | 232/576 [00:16<00:24, 13.79it/s]
 41%|████      | 234/576 [00:17<00:24, 13.82it/s]
 41%|████      | 236/576 [00:17<00:24, 13.83it/s]
 41%|████▏     | 238/576 [00:17<00:24, 13.85it/s]
 42%|████▏     | 240/576 [00:17<00:24, 13.82it/s]
 42%|████▏     | 242/576 [00:17<00:24, 13.80it/s]
 42%|████▏     | 244/576 [00:17<00:23, 13.83it/s]
 43%|████▎     | 246/576 [00:17<00:23, 13.79it/s]
 43%|████▎     | 248/576 [00:18<00:23, 13.79it/s]
 43%|████▎     | 250/576 [00:18<00:23, 13.84it/s]
 44%|████▍     | 252/576 [00:18<00:23, 13.80it/s]
 44%|████▍     | 254/576 [00:18<00:23, 13.79it/s]
 44%|████▍     | 256/576 [00:18<00:23, 13.78it/s]
 45%|████▍     | 258/576 [00:18<00:23, 13.76it/s]
 45%|████▌     | 260/576 [00:18<00:22, 13.76it/s]
 45%|████▌     | 262/576 [00:19<00:22, 13.80it/s]
 46%|████▌     | 264/576 [00:19<00:22, 13.78it/s]
 46%|████▌     | 266/576 [00:19<00:22, 13.74it/s]
 47%|████▋     | 268/576 [00:19<00:22, 13.75it/s]
 47%|████▋     | 270/576 [00:19<00:22, 13.74it/s]
 47%|████▋     | 272/576 [00:19<00:22, 13.76it/s]
 48%|████▊     | 274/576 [00:19<00:21, 13.78it/s]
 48%|████▊     | 276/576 [00:20<00:21, 13.79it/s]
 48%|████▊     | 278/576 [00:20<00:21, 13.82it/s]
 49%|████▊     | 280/576 [00:20<00:21, 13.80it/s]
 49%|████▉     | 282/576 [00:20<00:21, 13.80it/s]
 49%|████▉     | 284/576 [00:20<00:21, 13.81it/s]
 50%|████▉     | 286/576 [00:20<00:21, 13.80it/s]
 50%|█████     | 288/576 [00:20<00:20, 13.83it/s]
 50%|█████     | 290/576 [00:21<00:20, 13.85it/s]
 51%|█████     | 292/576 [00:21<00:20, 13.86it/s]
 51%|█████     | 294/576 [00:21<00:20, 13.82it/s]
 51%|█████▏    | 296/576 [00:21<00:20, 13.83it/s]
 52%|█████▏    | 298/576 [00:21<00:20, 13.86it/s]
 52%|█████▏    | 300/576 [00:21<00:19, 13.80it/s]
 52%|█████▏    | 302/576 [00:21<00:19, 13.76it/s]
 53%|█████▎    | 304/576 [00:22<00:19, 13.72it/s]
 53%|█████▎    | 306/576 [00:22<00:19, 13.78it/s]
 53%|█████▎    | 308/576 [00:22<00:19, 13.77it/s]
 54%|█████▍    | 310/576 [00:22<00:19, 13.79it/s]
 54%|█████▍    | 312/576 [00:22<00:19, 13.75it/s]
 55%|█████▍    | 314/576 [00:22<00:19, 13.70it/s]
 55%|█████▍    | 316/576 [00:22<00:18, 13.72it/s]
 55%|█████▌    | 318/576 [00:23<00:18, 13.68it/s]
 56%|█████▌    | 320/576 [00:23<00:18, 13.70it/s]
 56%|█████▌    | 322/576 [00:23<00:18, 13.68it/s]
 56%|█████▋    | 324/576 [00:23<00:18, 13.67it/s]
 57%|█████▋    | 326/576 [00:23<00:18, 13.74it/s]
 57%|█████▋    | 328/576 [00:23<00:17, 13.79it/s]
 57%|█████▋    | 330/576 [00:23<00:17, 13.83it/s]
 58%|█████▊    | 332/576 [00:24<00:17, 13.83it/s]
 58%|█████▊    | 334/576 [00:24<00:17, 13.83it/s]
 58%|█████▊    | 336/576 [00:24<00:17, 13.84it/s]
 59%|█████▊    | 338/576 [00:24<00:17, 13.81it/s]
 59%|█████▉    | 340/576 [00:24<00:17, 13.78it/s]
 59%|█████▉    | 342/576 [00:24<00:17, 13.74it/s]
 60%|█████▉    | 344/576 [00:25<00:16, 13.79it/s]
 60%|██████    | 346/576 [00:25<00:16, 13.77it/s]
 60%|██████    | 348/576 [00:25<00:16, 13.61it/s]
 61%|██████    | 350/576 [00:25<00:16, 13.67it/s]
 61%|██████    | 352/576 [00:25<00:16, 13.71it/s]
 61%|██████▏   | 354/576 [00:25<00:16, 13.73it/s]
 62%|██████▏   | 356/576 [00:25<00:16, 13.73it/s]
 62%|██████▏   | 358/576 [00:26<00:15, 13.72it/s]
 62%|██████▎   | 360/576 [00:26<00:15, 13.77it/s]
 63%|██████▎   | 362/576 [00:26<00:15, 13.79it/s]
 63%|██████▎   | 364/576 [00:26<00:15, 13.80it/s]
 64%|██████▎   | 366/576 [00:26<00:15, 13.79it/s]
 64%|██████▍   | 368/576 [00:26<00:15, 13.76it/s]
 64%|██████▍   | 370/576 [00:26<00:14, 13.76it/s]
 65%|██████▍   | 372/576 [00:27<00:14, 13.78it/s]
 65%|██████▍   | 374/576 [00:27<00:14, 13.78it/s]
 65%|██████▌   | 376/576 [00:27<00:14, 13.77it/s]
 66%|██████▌   | 378/576 [00:27<00:14, 13.77it/s]
 66%|██████▌   | 380/576 [00:27<00:14, 13.79it/s]
 66%|██████▋   | 382/576 [00:27<00:14, 13.78it/s]
 67%|██████▋   | 384/576 [00:27<00:13, 13.76it/s]
 67%|██████▋   | 386/576 [00:28<00:13, 13.79it/s]
 67%|██████▋   | 388/576 [00:28<00:13, 13.74it/s]
 68%|██████▊   | 390/576 [00:28<00:13, 13.72it/s]
 68%|██████▊   | 392/576 [00:28<00:13, 13.74it/s]
 68%|██████▊   | 394/576 [00:28<00:13, 13.72it/s]
 69%|██████▉   | 396/576 [00:28<00:13, 13.73it/s]
 69%|██████▉   | 398/576 [00:28<00:12, 13.74it/s]
 69%|██████▉   | 400/576 [00:29<00:12, 13.79it/s]
 70%|██████▉   | 402/576 [00:29<00:12, 13.74it/s]
 70%|███████   | 404/576 [00:29<00:12, 13.70it/s]
 70%|███████   | 406/576 [00:29<00:12, 13.74it/s]
 71%|███████   | 408/576 [00:29<00:12, 13.71it/s]
 71%|███████   | 410/576 [00:29<00:12, 13.75it/s]
 72%|███████▏  | 412/576 [00:29<00:11, 13.73it/s]
 72%|███████▏  | 414/576 [00:30<00:11, 13.78it/s]
 72%|███████▏  | 416/576 [00:30<00:11, 13.82it/s]
 73%|███████▎  | 418/576 [00:30<00:11, 13.84it/s]
 73%|███████▎  | 420/576 [00:30<00:11, 13.84it/s]
 73%|███████▎  | 422/576 [00:30<00:11, 13.79it/s]
 74%|███████▎  | 424/576 [00:30<00:11, 13.77it/s]
 74%|███████▍  | 426/576 [00:30<00:10, 13.77it/s]
 74%|███████▍  | 428/576 [00:31<00:10, 13.79it/s]
 75%|███████▍  | 430/576 [00:31<00:10, 13.81it/s]
 75%|███████▌  | 432/576 [00:31<00:10, 13.83it/s]
 75%|███████▌  | 434/576 [00:31<00:10, 13.84it/s]
 76%|███████▌  | 436/576 [00:31<00:10, 13.85it/s]
 76%|███████▌  | 438/576 [00:31<00:09, 13.83it/s]
 76%|███████▋  | 440/576 [00:31<00:09, 13.81it/s]
 77%|███████▋  | 442/576 [00:32<00:09, 13.79it/s]
 77%|███████▋  | 444/576 [00:32<00:09, 13.71it/s]
 77%|███████▋  | 446/576 [00:32<00:09, 13.71it/s]
 78%|███████▊  | 448/576 [00:32<00:09, 13.72it/s]
 78%|███████▊  | 450/576 [00:32<00:09, 13.76it/s]
 78%|███████▊  | 452/576 [00:32<00:08, 13.80it/s]
 79%|███████▉  | 454/576 [00:32<00:08, 13.80it/s]
 79%|███████▉  | 456/576 [00:33<00:08, 13.79it/s]
 80%|███████▉  | 458/576 [00:33<00:08, 13.81it/s]
 80%|███████▉  | 460/576 [00:33<00:08, 13.79it/s]
 80%|████████  | 462/576 [00:33<00:08, 13.76it/s]
 81%|████████  | 464/576 [00:33<00:08, 13.74it/s]
 81%|████████  | 466/576 [00:33<00:08, 13.71it/s]
 81%|████████▏ | 468/576 [00:34<00:07, 13.75it/s]
 82%|████████▏ | 470/576 [00:34<00:07, 13.79it/s]
 82%|████████▏ | 472/576 [00:34<00:07, 13.80it/s]
 82%|████████▏ | 474/576 [00:34<00:07, 13.78it/s]
 83%|████████▎ | 476/576 [00:34<00:07, 13.72it/s]
 83%|████████▎ | 478/576 [00:34<00:07, 13.75it/s]
 83%|████████▎ | 480/576 [00:34<00:06, 13.76it/s]
 84%|████████▎ | 482/576 [00:35<00:06, 13.79it/s]
 84%|████████▍ | 484/576 [00:35<00:06, 13.78it/s]
 84%|████████▍ | 486/576 [00:35<00:06, 13.76it/s]
 85%|████████▍ | 488/576 [00:35<00:06, 13.76it/s]
 85%|████████▌ | 490/576 [00:35<00:06, 13.80it/s]
 85%|████████▌ | 492/576 [00:35<00:06, 13.78it/s]
 86%|████████▌ | 494/576 [00:35<00:05, 13.73it/s]
 86%|████████▌ | 496/576 [00:36<00:05, 13.74it/s]
 86%|████████▋ | 498/576 [00:36<00:05, 13.78it/s]
 87%|████████▋ | 500/576 [00:36<00:05, 13.81it/s]
 87%|████████▋ | 502/576 [00:36<00:05, 13.80it/s]
 88%|████████▊ | 504/576 [00:36<00:05, 13.81it/s]
 88%|████████▊ | 506/576 [00:36<00:05, 13.79it/s]
 88%|████████▊ | 508/576 [00:36<00:04, 13.77it/s]
 89%|████████▊ | 510/576 [00:37<00:04, 13.77it/s]
 89%|████████▉ | 512/576 [00:37<00:04, 13.78it/s]
 89%|████████▉ | 514/576 [00:37<00:04, 13.75it/s]
 90%|████████▉ | 516/576 [00:37<00:04, 13.76it/s]
 90%|████████▉ | 518/576 [00:37<00:04, 13.77it/s]
 90%|█████████ | 520/576 [00:37<00:04, 13.79it/s]
 91%|█████████ | 522/576 [00:37<00:03, 13.80it/s]
 91%|█████████ | 524/576 [00:38<00:03, 13.79it/s]
 91%|█████████▏| 526/576 [00:38<00:03, 13.81it/s]
 92%|█████████▏| 528/576 [00:38<00:03, 13.78it/s]
 92%|█████████▏| 530/576 [00:38<00:03, 13.79it/s]
 92%|█████████▏| 532/576 [00:38<00:03, 13.81it/s]
 93%|█████████▎| 534/576 [00:38<00:03, 13.81it/s]
 93%|█████████▎| 536/576 [00:38<00:02, 13.84it/s]
 93%|█████████▎| 538/576 [00:39<00:02, 13.83it/s]
 94%|█████████▍| 540/576 [00:39<00:02, 13.81it/s]
 94%|█████████▍| 542/576 [00:39<00:02, 13.78it/s]
 94%|█████████▍| 544/576 [00:39<00:02, 13.78it/s]
 95%|█████████▍| 546/576 [00:39<00:02, 13.78it/s]
 95%|█████████▌| 548/576 [00:39<00:02, 13.76it/s]
 95%|█████████▌| 550/576 [00:39<00:01, 13.76it/s]
 96%|█████████▌| 552/576 [00:40<00:01, 13.75it/s]
 96%|█████████▌| 554/576 [00:40<00:01, 13.80it/s]
 97%|█████████▋| 556/576 [00:40<00:01, 13.79it/s]
 97%|█████████▋| 558/576 [00:40<00:01, 13.78it/s]
 97%|█████████▋| 560/576 [00:40<00:01, 13.77it/s]
 98%|█████████▊| 562/576 [00:40<00:01, 13.73it/s]
 98%|█████████▊| 564/576 [00:40<00:00, 13.77it/s]
 98%|█████████▊| 566/576 [00:41<00:00, 13.77it/s]
 99%|█████████▊| 568/576 [00:41<00:00, 13.78it/s]
 99%|█████████▉| 570/576 [00:41<00:00, 13.80it/s]
 99%|█████████▉| 572/576 [00:41<00:00, 13.83it/s]
100%|█████████▉| 574/576 [00:41<00:00, 13.85it/s]
100%|██████████| 576/576 [00:41<00:00, 13.87it/s]
100%|██████████| 576/576 [00:41<00:00, 13.77it/s]

  0%|          | 0/576 [00:00<?, ?it/s]
  0%|          | 1/576 [00:00<02:20,  4.08it/s]
  0%|          | 2/576 [00:00<02:34,  3.72it/s]
  1%|          | 3/576 [00:00<02:27,  3.89it/s]
  1%|          | 4/576 [00:01<02:24,  3.97it/s]
  1%|          | 5/576 [00:01<02:22,  4.01it/s]
  1%|          | 6/576 [00:01<02:21,  4.04it/s]
  1%|          | 7/576 [00:01<02:20,  4.06it/s]
  1%|▏         | 8/576 [00:01<02:19,  4.08it/s]
  2%|▏         | 9/576 [00:02<02:18,  4.08it/s]
  2%|▏         | 10/576 [00:02<02:18,  4.09it/s]
  2%|▏         | 11/576 [00:02<02:18,  4.09it/s]
  2%|▏         | 12/576 [00:02<02:18,  4.09it/s]
  2%|▏         | 13/576 [00:03<02:17,  4.09it/s]
  2%|▏         | 14/576 [00:03<02:17,  4.08it/s]
  3%|▎         | 15/576 [00:03<02:17,  4.09it/s]
  3%|▎         | 16/576 [00:03<02:16,  4.10it/s]
  3%|▎         | 17/576 [00:04<02:16,  4.09it/s]
  3%|▎         | 18/576 [00:04<02:16,  4.08it/s]
  3%|▎         | 19/576 [00:04<02:16,  4.08it/s]
  3%|▎         | 20/576 [00:04<02:15,  4.09it/s]
  4%|▎         | 21/576 [00:05<02:15,  4.09it/s]
  4%|▍         | 22/576 [00:05<02:15,  4.09it/s]
  4%|▍         | 23/576 [00:05<02:15,  4.09it/s]
  4%|▍         | 24/576 [00:05<02:15,  4.09it/s]
  4%|▍         | 25/576 [00:06<02:14,  4.08it/s]
  5%|▍         | 26/576 [00:06<02:14,  4.09it/s]
  5%|▍         | 27/576 [00:06<02:14,  4.09it/s]
  5%|▍         | 28/576 [00:06<02:14,  4.09it/s]
  5%|▌         | 29/576 [00:07<02:13,  4.10it/s]
  5%|▌         | 30/576 [00:07<02:13,  4.10it/s]
  5%|▌         | 31/576 [00:07<02:13,  4.09it/s]
  6%|▌         | 32/576 [00:07<02:12,  4.10it/s]
  6%|▌         | 33/576 [00:08<02:12,  4.09it/s]
  6%|▌         | 34/576 [00:08<02:12,  4.10it/s]
  6%|▌         | 35/576 [00:08<02:11,  4.10it/s]
  6%|▋         | 36/576 [00:08<02:12,  4.08it/s]
  6%|▋         | 37/576 [00:09<02:12,  4.08it/s]
  7%|▋         | 38/576 [00:09<02:11,  4.10it/s]
  7%|▋         | 39/576 [00:09<02:11,  4.10it/s]
  7%|▋         | 40/576 [00:09<02:10,  4.10it/s]
  7%|▋         | 41/576 [00:10<02:10,  4.10it/s]
  7%|▋         | 42/576 [00:10<02:10,  4.10it/s]
  7%|▋         | 43/576 [00:10<02:10,  4.10it/s]
  8%|▊         | 44/576 [00:10<02:09,  4.10it/s]
  8%|▊         | 45/576 [00:11<02:09,  4.10it/s]
  8%|▊         | 46/576 [00:11<02:09,  4.10it/s]
  8%|▊         | 47/576 [00:11<02:09,  4.09it/s]
  8%|▊         | 48/576 [00:11<02:09,  4.09it/s]
  9%|▊         | 49/576 [00:12<02:08,  4.09it/s]
  9%|▊         | 50/576 [00:12<02:08,  4.10it/s]
  9%|▉         | 51/576 [00:12<02:07,  4.10it/s]
  9%|▉         | 52/576 [00:12<02:07,  4.11it/s]
  9%|▉         | 53/576 [00:12<02:07,  4.10it/s]
  9%|▉         | 54/576 [00:13<02:07,  4.11it/s]
 10%|▉         | 55/576 [00:13<02:07,  4.09it/s]
 10%|▉         | 56/576 [00:13<02:06,  4.10it/s]
 10%|▉         | 57/576 [00:13<02:06,  4.09it/s]
 10%|█         | 58/576 [00:14<02:06,  4.09it/s]
 10%|█         | 59/576 [00:14<02:06,  4.08it/s]
 10%|█         | 60/576 [00:14<02:06,  4.08it/s]
 11%|█         | 61/576 [00:14<02:06,  4.08it/s]
 11%|█         | 62/576 [00:15<02:06,  4.08it/s]
 11%|█         | 63/576 [00:15<02:05,  4.08it/s]
 11%|█         | 64/576 [00:15<02:05,  4.08it/s]
 11%|█▏        | 65/576 [00:15<02:05,  4.07it/s]
 11%|█▏        | 66/576 [00:16<02:04,  4.08it/s]
 12%|█▏        | 67/576 [00:16<02:04,  4.10it/s]
 12%|█▏        | 68/576 [00:16<02:03,  4.10it/s]
 12%|█▏        | 69/576 [00:16<02:03,  4.09it/s]
 12%|█▏        | 70/576 [00:17<02:03,  4.09it/s]
 12%|█▏        | 71/576 [00:17<02:03,  4.10it/s]
 12%|█▎        | 72/576 [00:17<02:03,  4.07it/s]
 13%|█▎        | 73/576 [00:17<02:03,  4.08it/s]
 13%|█▎        | 74/576 [00:18<02:02,  4.08it/s]
 13%|█▎        | 75/576 [00:18<02:02,  4.09it/s]
 13%|█▎        | 76/576 [00:18<02:02,  4.09it/s]
 13%|█▎        | 77/576 [00:18<02:02,  4.09it/s]
 14%|█▎        | 78/576 [00:19<02:01,  4.09it/s]
 14%|█▎        | 79/576 [00:19<02:01,  4.09it/s]
 14%|█▍        | 80/576 [00:19<02:01,  4.09it/s]
 14%|█▍        | 81/576 [00:19<02:01,  4.09it/s]
 14%|█▍        | 82/576 [00:20<02:00,  4.09it/s]
 14%|█▍        | 83/576 [00:20<02:00,  4.10it/s]
 15%|█▍        | 84/576 [00:20<01:59,  4.10it/s]
 15%|█▍        | 85/576 [00:20<01:59,  4.10it/s]
 15%|█▍        | 86/576 [00:21<01:59,  4.10it/s]
 15%|█▌        | 87/576 [00:21<01:59,  4.10it/s]
 15%|█▌        | 88/576 [00:21<01:59,  4.10it/s]
 15%|█▌        | 89/576 [00:21<01:59,  4.08it/s]
 16%|█▌        | 90/576 [00:22<01:58,  4.09it/s]
 16%|█▌        | 91/576 [00:22<01:58,  4.10it/s]
 16%|█▌        | 92/576 [00:22<01:57,  4.10it/s]
 16%|█▌        | 93/576 [00:22<01:57,  4.10it/s]
 16%|█▋        | 94/576 [00:23<01:57,  4.10it/s]
 16%|█▋        | 95/576 [00:23<01:57,  4.09it/s]
 17%|█▋        | 96/576 [00:23<01:57,  4.09it/s]
 17%|█▋        | 97/576 [00:23<01:57,  4.09it/s]
 17%|█▋        | 98/576 [00:23<01:56,  4.10it/s]
 17%|█▋        | 99/576 [00:24<01:56,  4.09it/s]
 17%|█▋        | 100/576 [00:24<01:57,  4.05it/s]
 18%|█▊        | 101/576 [00:24<01:56,  4.07it/s]
 18%|█▊        | 102/576 [00:24<01:56,  4.08it/s]
 18%|█▊        | 103/576 [00:25<01:55,  4.08it/s]
 18%|█▊        | 104/576 [00:25<01:55,  4.08it/s]
 18%|█▊        | 105/576 [00:25<01:55,  4.09it/s]
 18%|█▊        | 106/576 [00:25<01:55,  4.08it/s]
 19%|█▊        | 107/576 [00:26<01:54,  4.08it/s]
 19%|█▉        | 108/576 [00:26<01:54,  4.08it/s]
 19%|█▉        | 109/576 [00:26<01:54,  4.07it/s]
 19%|█▉        | 110/576 [00:26<01:54,  4.08it/s]
 19%|█▉        | 111/576 [00:27<01:54,  4.08it/s]
 19%|█▉        | 112/576 [00:27<01:53,  4.09it/s]
 20%|█▉        | 113/576 [00:27<01:53,  4.08it/s]
 20%|█▉        | 114/576 [00:27<01:53,  4.08it/s]
 20%|█▉        | 115/576 [00:28<01:52,  4.08it/s]
 20%|██        | 116/576 [00:28<01:52,  4.09it/s]
 20%|██        | 117/576 [00:28<01:52,  4.09it/s]
 20%|██        | 118/576 [00:28<01:52,  4.09it/s]
 21%|██        | 119/576 [00:29<01:51,  4.10it/s]
 21%|██        | 120/576 [00:29<01:51,  4.10it/s]
 21%|██        | 121/576 [00:29<01:51,  4.10it/s]
 21%|██        | 122/576 [00:29<01:50,  4.09it/s]
 21%|██▏       | 123/576 [00:30<01:50,  4.09it/s]
 22%|██▏       | 124/576 [00:30<01:54,  3.96it/s]
 22%|██▏       | 125/576 [00:30<01:55,  3.91it/s]
 22%|██▏       | 126/576 [00:30<01:53,  3.96it/s]
 22%|██▏       | 127/576 [00:31<01:52,  4.01it/s]
 22%|██▏       | 128/576 [00:31<01:51,  4.03it/s]
 22%|██▏       | 129/576 [00:31<01:50,  4.04it/s]
 23%|██▎       | 130/576 [00:31<01:49,  4.06it/s]
 23%|██▎       | 131/576 [00:32<01:49,  4.07it/s]
 23%|██▎       | 132/576 [00:32<01:49,  4.06it/s]
 23%|██▎       | 133/576 [00:32<01:49,  4.06it/s]
 23%|██▎       | 134/576 [00:32<01:48,  4.07it/s]
 23%|██▎       | 135/576 [00:33<01:48,  4.07it/s]
 24%|██▎       | 136/576 [00:33<01:47,  4.08it/s]
 24%|██▍       | 137/576 [00:33<01:47,  4.07it/s]
 24%|██▍       | 138/576 [00:33<01:47,  4.08it/s]
 24%|██▍       | 139/576 [00:34<01:47,  4.08it/s]
 24%|██▍       | 140/576 [00:34<01:46,  4.08it/s]
 24%|██▍       | 141/576 [00:34<01:46,  4.08it/s]
 25%|██▍       | 142/576 [00:34<01:46,  4.08it/s]
 25%|██▍       | 143/576 [00:35<01:46,  4.08it/s]
 25%|██▌       | 144/576 [00:35<01:45,  4.09it/s]
 25%|██▌       | 145/576 [00:35<01:45,  4.08it/s]
 25%|██▌       | 146/576 [00:35<01:45,  4.08it/s]
 26%|██▌       | 147/576 [00:36<01:45,  4.08it/s]
 26%|██▌       | 148/576 [00:36<01:44,  4.09it/s]
 26%|██▌       | 149/576 [00:36<01:44,  4.09it/s]
 26%|██▌       | 150/576 [00:36<01:44,  4.09it/s]
 26%|██▌       | 151/576 [00:37<01:43,  4.10it/s]
 26%|██▋       | 152/576 [00:37<01:43,  4.10it/s]
 27%|██▋       | 153/576 [00:37<01:43,  4.08it/s]
 27%|██▋       | 154/576 [00:37<01:43,  4.09it/s]
 27%|██▋       | 155/576 [00:37<01:43,  4.08it/s]
 27%|██▋       | 156/576 [00:38<01:43,  4.08it/s]
 27%|██▋       | 157/576 [00:38<01:42,  4.08it/s]
 27%|██▋       | 158/576 [00:38<01:42,  4.08it/s]
 28%|██▊       | 159/576 [00:38<01:42,  4.08it/s]
 28%|██▊       | 160/576 [00:39<01:41,  4.08it/s]
 28%|██▊       | 161/576 [00:39<01:41,  4.09it/s]
 28%|██▊       | 162/576 [00:39<01:41,  4.10it/s]
 28%|██▊       | 163/576 [00:39<01:40,  4.09it/s]
 28%|██▊       | 164/576 [00:40<01:40,  4.09it/s]
 29%|██▊       | 165/576 [00:40<01:40,  4.09it/s]
 29%|██▉       | 166/576 [00:40<01:40,  4.09it/s]
 29%|██▉       | 167/576 [00:40<01:40,  4.09it/s]
 29%|██▉       | 168/576 [00:41<01:39,  4.09it/s]
 29%|██▉       | 169/576 [00:41<01:40,  4.07it/s]
 30%|██▉       | 170/576 [00:41<01:39,  4.08it/s]
 30%|██▉       | 171/576 [00:41<01:39,  4.08it/s]
 30%|██▉       | 172/576 [00:42<01:39,  4.08it/s]
 30%|███       | 173/576 [00:42<01:38,  4.08it/s]
 30%|███       | 174/576 [00:42<01:39,  4.05it/s]
 30%|███       | 175/576 [00:42<01:38,  4.06it/s]
 31%|███       | 176/576 [00:43<01:38,  4.07it/s]
 31%|███       | 177/576 [00:43<01:37,  4.08it/s]
 31%|███       | 178/576 [00:43<01:37,  4.08it/s]
 31%|███       | 179/576 [00:43<01:37,  4.08it/s]
 31%|███▏      | 180/576 [00:44<01:37,  4.07it/s]
 31%|███▏      | 181/576 [00:44<01:36,  4.07it/s]
 32%|███▏      | 182/576 [00:44<01:36,  4.08it/s]
 32%|███▏      | 183/576 [00:44<01:36,  4.09it/s]
 32%|███▏      | 184/576 [00:45<01:35,  4.09it/s]
 32%|███▏      | 185/576 [00:45<01:35,  4.09it/s]
 32%|███▏      | 186/576 [00:45<01:35,  4.09it/s]
 32%|███▏      | 187/576 [00:45<01:35,  4.09it/s]
 33%|███▎      | 188/576 [00:46<01:34,  4.09it/s]
 33%|███▎      | 189/576 [00:46<01:34,  4.10it/s]
 33%|███▎      | 190/576 [00:46<01:34,  4.10it/s]
 33%|███▎      | 191/576 [00:46<01:34,  4.09it/s]
 33%|███▎      | 192/576 [00:47<01:33,  4.10it/s]
 34%|███▎      | 193/576 [00:47<01:33,  4.10it/s]
 34%|███▎      | 194/576 [00:47<01:33,  4.09it/s]
 34%|███▍      | 195/576 [00:47<01:33,  4.09it/s]
 34%|███▍      | 196/576 [00:48<01:33,  4.08it/s]
 34%|███▍      | 197/576 [00:48<01:32,  4.09it/s]
 34%|███▍      | 198/576 [00:48<01:32,  4.08it/s]
 35%|███▍      | 199/576 [00:48<01:32,  4.09it/s]
 35%|███▍      | 200/576 [00:49<01:32,  4.08it/s]
 35%|███▍      | 201/576 [00:49<01:32,  4.06it/s]
 35%|███▌      | 202/576 [00:49<01:31,  4.07it/s]
 35%|███▌      | 203/576 [00:49<01:31,  4.07it/s]
 35%|███▌      | 204/576 [00:49<01:31,  4.08it/s]
 36%|███▌      | 205/576 [00:50<01:30,  4.09it/s]
 36%|███▌      | 206/576 [00:50<01:31,  4.06it/s]
 36%|███▌      | 207/576 [00:50<01:30,  4.07it/s]
 36%|███▌      | 208/576 [00:50<01:30,  4.07it/s]
 36%|███▋      | 209/576 [00:51<01:30,  4.05it/s]
 36%|███▋      | 210/576 [00:51<01:30,  4.06it/s]
 37%|███▋      | 211/576 [00:51<01:29,  4.06it/s]
 37%|███▋      | 212/576 [00:51<01:29,  4.08it/s]
 37%|███▋      | 213/576 [00:52<01:28,  4.08it/s]
 37%|███▋      | 214/576 [00:52<01:28,  4.08it/s]
 37%|███▋      | 215/576 [00:52<01:28,  4.08it/s]
 38%|███▊      | 216/576 [00:52<01:28,  4.09it/s]
 38%|███▊      | 217/576 [00:53<01:27,  4.09it/s]
 38%|███▊      | 218/576 [00:53<01:27,  4.09it/s]
 38%|███▊      | 219/576 [00:53<01:27,  4.08it/s]
 38%|███▊      | 220/576 [00:53<01:27,  4.09it/s]
 38%|███▊      | 221/576 [00:54<01:26,  4.09it/s]
 39%|███▊      | 222/576 [00:54<01:26,  4.10it/s]
 39%|███▊      | 223/576 [00:54<01:26,  4.10it/s]
 39%|███▉      | 224/576 [00:54<01:25,  4.10it/s]
 39%|███▉      | 225/576 [00:55<01:25,  4.10it/s]
 39%|███▉      | 226/576 [00:55<01:25,  4.09it/s]
 39%|███▉      | 227/576 [00:55<01:25,  4.08it/s]
 40%|███▉      | 228/576 [00:55<01:25,  4.08it/s]
 40%|███▉      | 229/576 [00:56<01:24,  4.08it/s]
 40%|███▉      | 230/576 [00:56<01:24,  4.08it/s]
 40%|████      | 231/576 [00:56<01:24,  4.09it/s]
 40%|████      | 232/576 [00:56<01:24,  4.09it/s]
 40%|████      | 233/576 [00:57<01:23,  4.09it/s]
 41%|████      | 234/576 [00:57<01:23,  4.10it/s]
 41%|████      | 235/576 [00:57<01:23,  4.10it/s]
 41%|████      | 236/576 [00:57<01:23,  4.10it/s]
 41%|████      | 237/576 [00:58<01:22,  4.09it/s]
 41%|████▏     | 238/576 [00:58<01:22,  4.09it/s]
 41%|████▏     | 239/576 [00:58<01:22,  4.08it/s]
 42%|████▏     | 240/576 [00:58<01:22,  4.09it/s]
 42%|████▏     | 241/576 [00:59<01:21,  4.09it/s]
 42%|████▏     | 242/576 [00:59<01:21,  4.09it/s]
 42%|████▏     | 243/576 [00:59<01:21,  4.08it/s]
 42%|████▏     | 244/576 [00:59<01:21,  4.08it/s]
 43%|████▎     | 245/576 [01:00<01:20,  4.09it/s]
 43%|████▎     | 246/576 [01:00<01:20,  4.09it/s]
 43%|████▎     | 247/576 [01:00<01:24,  3.91it/s]
 43%|████▎     | 248/576 [01:00<01:22,  3.96it/s]
 43%|████▎     | 249/576 [01:01<01:21,  3.99it/s]
 43%|████▎     | 250/576 [01:01<01:20,  4.03it/s]
 44%|████▎     | 251/576 [01:01<01:20,  4.05it/s]
 44%|████▍     | 252/576 [01:01<01:19,  4.07it/s]
 44%|████▍     | 253/576 [01:02<01:19,  4.08it/s]
 44%|████▍     | 254/576 [01:02<01:18,  4.09it/s]
 44%|████▍     | 255/576 [01:02<01:18,  4.10it/s]
 44%|████▍     | 256/576 [01:02<01:18,  4.10it/s]
 45%|████▍     | 257/576 [01:02<01:17,  4.10it/s]
 45%|████▍     | 258/576 [01:03<01:17,  4.10it/s]
 45%|████▍     | 259/576 [01:03<01:17,  4.10it/s]
 45%|████▌     | 260/576 [01:03<01:17,  4.10it/s]
 45%|████▌     | 261/576 [01:03<01:16,  4.09it/s]
 45%|████▌     | 262/576 [01:04<01:16,  4.09it/s]
 46%|████▌     | 263/576 [01:04<01:16,  4.09it/s]
 46%|████▌     | 264/576 [01:04<01:16,  4.10it/s]
 46%|████▌     | 265/576 [01:04<01:15,  4.10it/s]
 46%|████▌     | 266/576 [01:05<01:15,  4.09it/s]
 46%|████▋     | 267/576 [01:05<01:15,  4.10it/s]
 47%|████▋     | 268/576 [01:05<01:15,  4.10it/s]
 47%|████▋     | 269/576 [01:05<01:14,  4.10it/s]
 47%|████▋     | 270/576 [01:06<01:14,  4.10it/s]
 47%|████▋     | 271/576 [01:06<01:14,  4.10it/s]
 47%|████▋     | 272/576 [01:06<01:14,  4.09it/s]
 47%|████▋     | 273/576 [01:06<01:13,  4.09it/s]
 48%|████▊     | 274/576 [01:07<01:13,  4.09it/s]
 48%|████▊     | 275/576 [01:07<01:13,  4.09it/s]
 48%|████▊     | 276/576 [01:07<01:13,  4.09it/s]
 48%|████▊     | 277/576 [01:07<01:13,  4.08it/s]
 48%|████▊     | 278/576 [01:08<01:13,  4.08it/s]
 48%|████▊     | 279/576 [01:08<01:12,  4.07it/s]
 49%|████▊     | 280/576 [01:08<01:12,  4.07it/s]
 49%|████▉     | 281/576 [01:09<01:24,  3.49it/s]
 49%|████▉     | 282/576 [01:09<01:20,  3.64it/s]
 49%|████▉     | 283/576 [01:09<01:17,  3.76it/s]
 49%|████▉     | 284/576 [01:09<01:15,  3.86it/s]
 49%|████▉     | 285/576 [01:09<01:13,  3.93it/s]
 50%|████▉     | 286/576 [01:10<01:12,  3.99it/s]
 50%|████▉     | 287/576 [01:10<01:12,  4.01it/s]
 50%|█████     | 288/576 [01:10<01:11,  4.03it/s]
 50%|█████     | 289/576 [01:10<01:10,  4.06it/s]
 50%|█████     | 290/576 [01:11<01:10,  4.08it/s]
 51%|█████     | 291/576 [01:11<01:10,  4.06it/s]
 51%|█████     | 292/576 [01:11<01:09,  4.06it/s]
 51%|█████     | 293/576 [01:11<01:09,  4.08it/s]
 51%|█████     | 294/576 [01:12<01:08,  4.09it/s]
 51%|█████     | 295/576 [01:12<01:08,  4.10it/s]
 51%|█████▏    | 296/576 [01:12<01:08,  4.09it/s]
 52%|█████▏    | 297/576 [01:12<01:08,  4.09it/s]
 52%|█████▏    | 298/576 [01:13<01:08,  4.09it/s]
 52%|█████▏    | 299/576 [01:13<01:07,  4.09it/s]
 52%|█████▏    | 300/576 [01:13<01:07,  4.10it/s]
 52%|█████▏    | 301/576 [01:13<01:07,  4.10it/s]
 52%|█████▏    | 302/576 [01:14<01:06,  4.10it/s]
 53%|█████▎    | 303/576 [01:14<01:06,  4.09it/s]
 53%|█████▎    | 304/576 [01:14<01:06,  4.09it/s]
 53%|█████▎    | 305/576 [01:14<01:06,  4.09it/s]
 53%|█████▎    | 306/576 [01:15<01:06,  4.09it/s]
 53%|█████▎    | 307/576 [01:15<01:05,  4.10it/s]
 53%|█████▎    | 308/576 [01:15<01:05,  4.10it/s]
 54%|█████▎    | 309/576 [01:15<01:05,  4.10it/s]
 54%|█████▍    | 310/576 [01:16<01:04,  4.10it/s]
 54%|█████▍    | 311/576 [01:16<01:04,  4.10it/s]
 54%|█████▍    | 312/576 [01:16<01:04,  4.10it/s]
 54%|█████▍    | 313/576 [01:16<01:04,  4.08it/s]
 55%|█████▍    | 314/576 [01:17<01:04,  4.08it/s]
 55%|█████▍    | 315/576 [01:17<01:03,  4.09it/s]
 55%|█████▍    | 316/576 [01:17<01:03,  4.09it/s]
 55%|█████▌    | 317/576 [01:17<01:03,  4.09it/s]
 55%|█████▌    | 318/576 [01:18<01:03,  4.09it/s]
 55%|█████▌    | 319/576 [01:18<01:02,  4.09it/s]
 56%|█████▌    | 320/576 [01:18<01:02,  4.09it/s]
 56%|█████▌    | 321/576 [01:18<01:02,  4.10it/s]
 56%|█████▌    | 322/576 [01:19<01:02,  4.10it/s]
 56%|█████▌    | 323/576 [01:19<01:01,  4.09it/s]
 56%|█████▋    | 324/576 [01:19<01:01,  4.08it/s]
 56%|█████▋    | 325/576 [01:19<01:01,  4.09it/s]
 57%|█████▋    | 326/576 [01:19<01:00,  4.10it/s]
 57%|█████▋    | 327/576 [01:20<01:00,  4.09it/s]
 57%|█████▋    | 328/576 [01:20<01:00,  4.09it/s]
 57%|█████▋    | 329/576 [01:20<01:00,  4.09it/s]
 57%|█████▋    | 330/576 [01:20<00:59,  4.10it/s]
 57%|█████▋    | 331/576 [01:21<00:59,  4.10it/s]
 58%|█████▊    | 332/576 [01:21<00:59,  4.10it/s]
 58%|█████▊    | 333/576 [01:21<00:59,  4.09it/s]
 58%|█████▊    | 334/576 [01:21<00:59,  4.10it/s]
 58%|█████▊    | 335/576 [01:22<00:58,  4.10it/s]
 58%|█████▊    | 336/576 [01:22<00:58,  4.11it/s]
 59%|█████▊    | 337/576 [01:22<00:58,  4.11it/s]
 59%|█████▊    | 338/576 [01:22<00:57,  4.11it/s]
 59%|█████▉    | 339/576 [01:23<00:57,  4.11it/s]
 59%|█████▉    | 340/576 [01:23<00:57,  4.11it/s]
 59%|█████▉    | 341/576 [01:23<00:57,  4.11it/s]
 59%|█████▉    | 342/576 [01:23<00:56,  4.11it/s]
 60%|█████▉    | 343/576 [01:24<00:56,  4.10it/s]
 60%|█████▉    | 344/576 [01:24<00:56,  4.09it/s]
 60%|█████▉    | 345/576 [01:24<00:56,  4.10it/s]
 60%|██████    | 346/576 [01:24<00:56,  4.10it/s]
 60%|██████    | 347/576 [01:25<00:55,  4.10it/s]
 60%|██████    | 348/576 [01:25<00:55,  4.09it/s]
 61%|██████    | 349/576 [01:25<00:55,  4.09it/s]
 61%|██████    | 350/576 [01:25<00:55,  4.10it/s]
 61%|██████    | 351/576 [01:26<00:54,  4.11it/s]
 61%|██████    | 352/576 [01:26<00:54,  4.10it/s]
 61%|██████▏   | 353/576 [01:26<00:54,  4.10it/s]
 61%|██████▏   | 354/576 [01:26<00:54,  4.11it/s]
 62%|██████▏   | 355/576 [01:27<00:53,  4.11it/s]
 62%|██████▏   | 356/576 [01:27<00:53,  4.12it/s]
 62%|██████▏   | 357/576 [01:27<00:53,  4.12it/s]
 62%|██████▏   | 358/576 [01:27<00:52,  4.12it/s]
 62%|██████▏   | 359/576 [01:28<00:52,  4.11it/s]
 62%|██████▎   | 360/576 [01:28<00:52,  4.10it/s]
 63%|██████▎   | 361/576 [01:28<00:52,  4.11it/s]
 63%|██████▎   | 362/576 [01:28<00:52,  4.10it/s]
 63%|██████▎   | 363/576 [01:29<00:51,  4.11it/s]
 63%|██████▎   | 364/576 [01:29<00:51,  4.10it/s]
 63%|██████▎   | 365/576 [01:29<00:51,  4.10it/s]
 64%|██████▎   | 366/576 [01:29<00:51,  4.10it/s]
 64%|██████▎   | 367/576 [01:29<00:50,  4.11it/s]
 64%|██████▍   | 368/576 [01:30<00:50,  4.11it/s]
 64%|██████▍   | 369/576 [01:30<00:52,  3.94it/s]
 64%|██████▍   | 370/576 [01:30<00:51,  3.99it/s]
 64%|██████▍   | 371/576 [01:30<00:50,  4.02it/s]
 65%|██████▍   | 372/576 [01:31<00:50,  4.04it/s]
 65%|██████▍   | 373/576 [01:31<00:49,  4.06it/s]
 65%|██████▍   | 374/576 [01:31<00:49,  4.08it/s]
 65%|██████▌   | 375/576 [01:31<00:49,  4.09it/s]
 65%|██████▌   | 376/576 [01:32<00:48,  4.09it/s]
 65%|██████▌   | 377/576 [01:32<00:48,  4.10it/s]
 66%|██████▌   | 378/576 [01:32<00:48,  4.09it/s]
 66%|██████▌   | 379/576 [01:32<00:48,  4.10it/s]
 66%|██████▌   | 380/576 [01:33<00:47,  4.10it/s]
 66%|██████▌   | 381/576 [01:33<00:47,  4.10it/s]
 66%|██████▋   | 382/576 [01:33<00:47,  4.09it/s]
 66%|██████▋   | 383/576 [01:33<00:47,  4.10it/s]
 67%|██████▋   | 384/576 [01:34<00:46,  4.10it/s]
 67%|██████▋   | 385/576 [01:34<00:46,  4.11it/s]
 67%|██████▋   | 386/576 [01:34<00:46,  4.12it/s]
 67%|██████▋   | 387/576 [01:34<00:45,  4.11it/s]
 67%|██████▋   | 388/576 [01:35<00:45,  4.11it/s]
 68%|██████▊   | 389/576 [01:35<00:45,  4.11it/s]
 68%|██████▊   | 390/576 [01:35<00:45,  4.11it/s]
 68%|██████▊   | 391/576 [01:35<00:44,  4.11it/s]
 68%|██████▊   | 392/576 [01:36<00:44,  4.11it/s]
 68%|██████▊   | 393/576 [01:36<00:44,  4.11it/s]
 68%|██████▊   | 394/576 [01:36<00:44,  4.11it/s]
 69%|██████▊   | 395/576 [01:36<00:44,  4.11it/s]
 69%|██████▉   | 396/576 [01:37<00:43,  4.10it/s]
 69%|██████▉   | 397/576 [01:37<00:43,  4.10it/s]
 69%|██████▉   | 398/576 [01:37<00:43,  4.11it/s]
 69%|██████▉   | 399/576 [01:37<00:43,  4.10it/s]
 69%|██████▉   | 400/576 [01:38<00:42,  4.10it/s]
 70%|██████▉   | 401/576 [01:38<00:42,  4.09it/s]
 70%|██████▉   | 402/576 [01:38<00:42,  4.10it/s]
 70%|██████▉   | 403/576 [01:38<00:42,  4.10it/s]
 70%|███████   | 404/576 [01:39<00:41,  4.10it/s]
 70%|███████   | 405/576 [01:39<00:41,  4.09it/s]
 70%|███████   | 406/576 [01:39<00:41,  4.10it/s]
 71%|███████   | 407/576 [01:39<00:41,  4.09it/s]
 71%|███████   | 408/576 [01:40<00:41,  4.09it/s]
 71%|███████   | 409/576 [01:40<00:40,  4.10it/s]
 71%|███████   | 410/576 [01:40<00:40,  4.08it/s]
 71%|███████▏  | 411/576 [01:40<00:40,  4.08it/s]
 72%|███████▏  | 412/576 [01:40<00:40,  4.08it/s]
 72%|███████▏  | 413/576 [01:41<00:40,  4.06it/s]
 72%|███████▏  | 414/576 [01:41<00:39,  4.06it/s]
 72%|███████▏  | 415/576 [01:41<00:39,  4.07it/s]
 72%|███████▏  | 416/576 [01:41<00:39,  4.07it/s]
 72%|███████▏  | 417/576 [01:42<00:39,  4.07it/s]
 73%|███████▎  | 418/576 [01:42<00:39,  4.04it/s]
 73%|███████▎  | 419/576 [01:42<00:38,  4.05it/s]
 73%|███████▎  | 420/576 [01:42<00:38,  4.07it/s]
 73%|███████▎  | 421/576 [01:43<00:38,  4.08it/s]
 73%|███████▎  | 422/576 [01:43<00:37,  4.08it/s]
 73%|███████▎  | 423/576 [01:43<00:37,  4.08it/s]
 74%|███████▎  | 424/576 [01:43<00:37,  4.09it/s]
 74%|███████▍  | 425/576 [01:44<00:36,  4.09it/s]
 74%|███████▍  | 426/576 [01:44<00:36,  4.09it/s]
 74%|███████▍  | 427/576 [01:44<00:36,  4.08it/s]
 74%|███████▍  | 428/576 [01:44<00:36,  4.09it/s]
 74%|███████▍  | 429/576 [01:45<00:35,  4.09it/s]
 75%|███████▍  | 430/576 [01:45<00:35,  4.10it/s]
 75%|███████▍  | 431/576 [01:45<00:35,  4.09it/s]
 75%|███████▌  | 432/576 [01:45<00:35,  4.10it/s]
 75%|███████▌  | 433/576 [01:46<00:34,  4.10it/s]
 75%|███████▌  | 434/576 [01:46<00:34,  4.10it/s]
 76%|███████▌  | 435/576 [01:46<00:34,  4.09it/s]
 76%|███████▌  | 436/576 [01:46<00:34,  4.09it/s]
 76%|███████▌  | 437/576 [01:47<00:33,  4.09it/s]
 76%|███████▌  | 438/576 [01:47<00:33,  4.09it/s]
 76%|███████▌  | 439/576 [01:47<00:33,  4.08it/s]
 76%|███████▋  | 440/576 [01:47<00:33,  4.09it/s]
 77%|███████▋  | 441/576 [01:48<00:32,  4.10it/s]
 77%|███████▋  | 442/576 [01:48<00:32,  4.10it/s]
 77%|███████▋  | 443/576 [01:48<00:32,  4.10it/s]
 77%|███████▋  | 444/576 [01:48<00:32,  4.10it/s]
 77%|███████▋  | 445/576 [01:49<00:31,  4.10it/s]
 77%|███████▋  | 446/576 [01:49<00:31,  4.10it/s]
 78%|███████▊  | 447/576 [01:49<00:31,  4.09it/s]
 78%|███████▊  | 448/576 [01:49<00:31,  4.09it/s]
 78%|███████▊  | 449/576 [01:50<00:31,  4.09it/s]
 78%|███████▊  | 450/576 [01:50<00:30,  4.10it/s]
 78%|███████▊  | 451/576 [01:50<00:30,  4.09it/s]
 78%|███████▊  | 452/576 [01:50<00:30,  4.09it/s]
 79%|███████▊  | 453/576 [01:51<00:30,  4.08it/s]
 79%|███████▉  | 454/576 [01:51<00:29,  4.09it/s]
 79%|███████▉  | 455/576 [01:51<00:29,  4.09it/s]
 79%|███████▉  | 456/576 [01:51<00:29,  4.09it/s]
 79%|███████▉  | 457/576 [01:52<00:29,  4.09it/s]
 80%|███████▉  | 458/576 [01:52<00:28,  4.09it/s]
 80%|███████▉  | 459/576 [01:52<00:28,  4.09it/s]
 80%|███████▉  | 460/576 [01:52<00:28,  4.09it/s]
 80%|████████  | 461/576 [01:52<00:28,  4.10it/s]
 80%|████████  | 462/576 [01:53<00:27,  4.10it/s]
 80%|████████  | 463/576 [01:53<00:27,  4.10it/s]
 81%|████████  | 464/576 [01:53<00:27,  4.10it/s]
 81%|████████  | 465/576 [01:53<00:27,  4.10it/s]
 81%|████████  | 466/576 [01:54<00:26,  4.10it/s]
 81%|████████  | 467/576 [01:54<00:26,  4.09it/s]
 81%|████████▏ | 468/576 [01:54<00:26,  4.10it/s]
 81%|████████▏ | 469/576 [01:54<00:26,  4.09it/s]
 82%|████████▏ | 470/576 [01:55<00:25,  4.09it/s]
 82%|████████▏ | 471/576 [01:55<00:25,  4.09it/s]
 82%|████████▏ | 472/576 [01:55<00:25,  4.10it/s]
 82%|████████▏ | 473/576 [01:55<00:25,  4.10it/s]
 82%|████████▏ | 474/576 [01:56<00:24,  4.09it/s]
 82%|████████▏ | 475/576 [01:56<00:24,  4.09it/s]
 83%|████████▎ | 476/576 [01:56<00:24,  4.10it/s]
 83%|████████▎ | 477/576 [01:56<00:24,  4.09it/s]
 83%|████████▎ | 478/576 [01:57<00:23,  4.10it/s]
 83%|████████▎ | 479/576 [01:57<00:23,  4.11it/s]
 83%|████████▎ | 480/576 [01:57<00:23,  4.09it/s]
 84%|████████▎ | 481/576 [01:57<00:23,  4.10it/s]
 84%|████████▎ | 482/576 [01:58<00:22,  4.09it/s]
 84%|████████▍ | 483/576 [01:58<00:22,  4.09it/s]
 84%|████████▍ | 484/576 [01:58<00:22,  4.09it/s]
 84%|████████▍ | 485/576 [01:58<00:22,  4.09it/s]
 84%|████████▍ | 486/576 [01:59<00:22,  4.09it/s]
 85%|████████▍ | 487/576 [01:59<00:21,  4.10it/s]
 85%|████████▍ | 488/576 [01:59<00:21,  4.10it/s]
 85%|████████▍ | 489/576 [01:59<00:21,  4.11it/s]
 85%|████████▌ | 490/576 [02:00<00:20,  4.11it/s]
 85%|████████▌ | 491/576 [02:00<00:20,  4.10it/s]
 85%|████████▌ | 492/576 [02:00<00:21,  3.94it/s]
 86%|████████▌ | 493/576 [02:00<00:20,  3.99it/s]
 86%|████████▌ | 494/576 [02:01<00:20,  4.02it/s]
 86%|████████▌ | 495/576 [02:01<00:20,  4.04it/s]
 86%|████████▌ | 496/576 [02:01<00:19,  4.05it/s]
 86%|████████▋ | 497/576 [02:01<00:19,  4.07it/s]
 86%|████████▋ | 498/576 [02:02<00:19,  4.09it/s]
 87%|████████▋ | 499/576 [02:02<00:18,  4.09it/s]
 87%|████████▋ | 500/576 [02:02<00:18,  4.09it/s]
 87%|████████▋ | 501/576 [02:02<00:18,  4.10it/s]
 87%|████████▋ | 502/576 [02:03<00:18,  4.10it/s]
 87%|████████▋ | 503/576 [02:03<00:17,  4.09it/s]
 88%|████████▊ | 504/576 [02:03<00:17,  4.09it/s]
 88%|████████▊ | 505/576 [02:03<00:17,  4.10it/s]
 88%|████████▊ | 506/576 [02:03<00:17,  4.08it/s]
 88%|████████▊ | 507/576 [02:04<00:16,  4.08it/s]
 88%|████████▊ | 508/576 [02:04<00:16,  4.08it/s]
 88%|████████▊ | 509/576 [02:04<00:16,  4.08it/s]
 89%|████████▊ | 510/576 [02:04<00:16,  4.09it/s]
 89%|████████▊ | 511/576 [02:05<00:15,  4.09it/s]
 89%|████████▉ | 512/576 [02:05<00:15,  4.09it/s]
 89%|████████▉ | 513/576 [02:05<00:15,  4.10it/s]
 89%|████████▉ | 514/576 [02:05<00:15,  4.10it/s]
 89%|████████▉ | 515/576 [02:06<00:14,  4.09it/s]
 90%|████████▉ | 516/576 [02:06<00:14,  4.11it/s]
 90%|████████▉ | 517/576 [02:06<00:14,  4.09it/s]
 90%|████████▉ | 518/576 [02:06<00:14,  4.06it/s]
 90%|█████████ | 519/576 [02:07<00:13,  4.08it/s]
 90%|█████████ | 520/576 [02:07<00:13,  4.08it/s]
 90%|█████████ | 521/576 [02:07<00:13,  4.09it/s]
 91%|█████████ | 522/576 [02:07<00:13,  4.09it/s]
 91%|█████████ | 523/576 [02:08<00:12,  4.09it/s]
 91%|█████████ | 524/576 [02:08<00:12,  4.10it/s]
 91%|█████████ | 525/576 [02:08<00:12,  4.09it/s]
 91%|█████████▏| 526/576 [02:08<00:12,  4.10it/s]
 91%|█████████▏| 527/576 [02:09<00:11,  4.10it/s]
 92%|█████████▏| 528/576 [02:09<00:11,  4.10it/s]
 92%|█████████▏| 529/576 [02:09<00:11,  4.10it/s]
 92%|█████████▏| 530/576 [02:09<00:11,  4.10it/s]
 92%|█████████▏| 531/576 [02:10<00:10,  4.10it/s]
 92%|█████████▏| 532/576 [02:10<00:10,  4.09it/s]
 93%|█████████▎| 533/576 [02:10<00:10,  4.09it/s]
 93%|█████████▎| 534/576 [02:10<00:10,  4.06it/s]
 93%|█████████▎| 535/576 [02:11<00:10,  4.07it/s]
 93%|█████████▎| 536/576 [02:11<00:09,  4.07it/s]
 93%|█████████▎| 537/576 [02:11<00:09,  4.08it/s]
 93%|█████████▎| 538/576 [02:11<00:09,  4.09it/s]
 94%|█████████▎| 539/576 [02:12<00:09,  4.10it/s]
 94%|█████████▍| 540/576 [02:12<00:08,  4.10it/s]
 94%|█████████▍| 541/576 [02:12<00:08,  4.11it/s]
 94%|█████████▍| 542/576 [02:12<00:08,  4.11it/s]
 94%|█████████▍| 543/576 [02:13<00:08,  4.10it/s]
 94%|█████████▍| 544/576 [02:13<00:07,  4.09it/s]
 95%|█████████▍| 545/576 [02:13<00:07,  4.09it/s]
 95%|█████████▍| 546/576 [02:13<00:07,  4.09it/s]
 95%|█████████▍| 547/576 [02:14<00:07,  4.09it/s]
 95%|█████████▌| 548/576 [02:14<00:06,  4.10it/s]
 95%|█████████▌| 549/576 [02:14<00:06,  4.09it/s]
 95%|█████████▌| 550/576 [02:14<00:06,  4.10it/s]
 96%|█████████▌| 551/576 [02:14<00:06,  4.10it/s]
 96%|█████████▌| 552/576 [02:15<00:05,  4.11it/s]
 96%|█████████▌| 553/576 [02:15<00:05,  4.10it/s]
 96%|█████████▌| 554/576 [02:15<00:05,  4.09it/s]
 96%|█████████▋| 555/576 [02:15<00:05,  4.09it/s]
 97%|█████████▋| 556/576 [02:16<00:04,  4.10it/s]
 97%|█████████▋| 557/576 [02:16<00:04,  4.10it/s]
 97%|█████████▋| 558/576 [02:16<00:04,  4.10it/s]
 97%|█████████▋| 559/576 [02:16<00:04,  4.11it/s]
 97%|█████████▋| 560/576 [02:17<00:03,  4.09it/s]
 97%|█████████▋| 561/576 [02:17<00:03,  4.10it/s]
 98%|█████████▊| 562/576 [02:17<00:03,  4.10it/s]
 98%|█████████▊| 563/576 [02:17<00:03,  4.09it/s]
 98%|█████████▊| 564/576 [02:18<00:02,  4.09it/s]
 98%|█████████▊| 565/576 [02:18<00:02,  4.09it/s]
 98%|█████████▊| 566/576 [02:18<00:02,  4.09it/s]
 98%|█████████▊| 567/576 [02:18<00:02,  4.09it/s]
 99%|█████████▊| 568/576 [02:19<00:01,  4.09it/s]
 99%|█████████▉| 569/576 [02:19<00:01,  4.09it/s]
 99%|█████████▉| 570/576 [02:19<00:01,  4.09it/s]
 99%|█████████▉| 571/576 [02:19<00:01,  4.08it/s]
 99%|█████████▉| 572/576 [02:20<00:00,  4.08it/s]
 99%|█████████▉| 573/576 [02:20<00:00,  4.09it/s]
100%|█████████▉| 574/576 [02:20<00:00,  4.10it/s]
100%|█████████▉| 575/576 [02:20<00:00,  4.09it/s]
100%|██████████| 576/576 [02:21<00:00,  4.09it/s]
100%|██████████| 576/576 [02:21<00:00,  4.08it/s]

  0%|          | 0/576 [00:00<?, ?it/s]
  0%|          | 1/576 [00:00<03:28,  2.76it/s]
  0%|          | 2/576 [00:00<03:29,  2.74it/s]
  1%|          | 3/576 [00:01<03:29,  2.73it/s]
  1%|          | 4/576 [00:01<03:29,  2.73it/s]
  1%|          | 5/576 [00:01<03:29,  2.73it/s]
  1%|          | 6/576 [00:02<03:29,  2.72it/s]
  1%|          | 7/576 [00:02<03:29,  2.72it/s]
  1%|▏         | 8/576 [00:02<03:28,  2.72it/s]
  2%|▏         | 9/576 [00:03<03:28,  2.72it/s]
  2%|▏         | 10/576 [00:03<03:27,  2.73it/s]
  2%|▏         | 11/576 [00:04<03:26,  2.74it/s]
  2%|▏         | 12/576 [00:04<03:26,  2.73it/s]
  2%|▏         | 13/576 [00:04<03:26,  2.72it/s]
  2%|▏         | 14/576 [00:05<03:25,  2.73it/s]
  3%|▎         | 15/576 [00:05<03:25,  2.73it/s]
  3%|▎         | 16/576 [00:05<03:25,  2.73it/s]
  3%|▎         | 17/576 [00:06<03:24,  2.73it/s]
  3%|▎         | 18/576 [00:06<03:23,  2.74it/s]
  3%|▎         | 19/576 [00:06<03:23,  2.74it/s]
  3%|▎         | 20/576 [00:07<03:22,  2.75it/s]
  4%|▎         | 21/576 [00:07<03:22,  2.74it/s]
  4%|▍         | 22/576 [00:08<03:21,  2.74it/s]
  4%|▍         | 23/576 [00:08<03:21,  2.74it/s]
  4%|▍         | 24/576 [00:08<03:21,  2.75it/s]
  4%|▍         | 25/576 [00:09<03:20,  2.75it/s]
  5%|▍         | 26/576 [00:09<03:27,  2.65it/s]
  5%|▍         | 27/576 [00:09<03:25,  2.67it/s]
  5%|▍         | 28/576 [00:10<03:23,  2.70it/s]
  5%|▌         | 29/576 [00:10<03:21,  2.71it/s]
  5%|▌         | 30/576 [00:11<03:21,  2.72it/s]
  5%|▌         | 31/576 [00:11<03:19,  2.73it/s]
  6%|▌         | 32/576 [00:11<03:19,  2.72it/s]
  6%|▌         | 33/576 [00:12<03:18,  2.73it/s]
  6%|▌         | 34/576 [00:12<03:18,  2.73it/s]
  6%|▌         | 35/576 [00:12<03:18,  2.73it/s]
  6%|▋         | 36/576 [00:13<03:17,  2.73it/s]
  6%|▋         | 37/576 [00:13<03:16,  2.74it/s]
  7%|▋         | 38/576 [00:13<03:15,  2.75it/s]
  7%|▋         | 39/576 [00:14<03:16,  2.74it/s]
  7%|▋         | 40/576 [00:14<03:16,  2.73it/s]
  7%|▋         | 41/576 [00:15<03:16,  2.73it/s]
  7%|▋         | 42/576 [00:15<03:15,  2.73it/s]
  7%|▋         | 43/576 [00:15<03:15,  2.73it/s]
  8%|▊         | 44/576 [00:16<03:15,  2.72it/s]
  8%|▊         | 45/576 [00:16<03:15,  2.72it/s]
  8%|▊         | 46/576 [00:16<03:14,  2.73it/s]
  8%|▊         | 47/576 [00:17<03:13,  2.73it/s]
  8%|▊         | 48/576 [00:17<03:13,  2.72it/s]
  9%|▊         | 49/576 [00:17<03:13,  2.72it/s]
  9%|▊         | 50/576 [00:18<03:13,  2.72it/s]
  9%|▉         | 51/576 [00:18<03:12,  2.72it/s]
  9%|▉         | 52/576 [00:19<03:12,  2.72it/s]
  9%|▉         | 53/576 [00:19<03:12,  2.72it/s]
  9%|▉         | 54/576 [00:19<03:11,  2.72it/s]
 10%|▉         | 55/576 [00:20<03:11,  2.72it/s]
 10%|▉         | 56/576 [00:20<03:11,  2.72it/s]
 10%|▉         | 57/576 [00:20<03:09,  2.73it/s]
 10%|█         | 58/576 [00:21<03:09,  2.73it/s]
 10%|█         | 59/576 [00:21<03:08,  2.74it/s]
 10%|█         | 60/576 [00:21<03:08,  2.74it/s]
 11%|█         | 61/576 [00:22<03:08,  2.74it/s]
 11%|█         | 62/576 [00:22<03:07,  2.74it/s]
 11%|█         | 63/576 [00:23<03:06,  2.74it/s]
 11%|█         | 64/576 [00:23<03:07,  2.74it/s]
 11%|█▏        | 65/576 [00:23<03:06,  2.74it/s]
 11%|█▏        | 66/576 [00:24<03:06,  2.74it/s]
 12%|█▏        | 67/576 [00:24<03:05,  2.74it/s]
 12%|█▏        | 68/576 [00:24<03:05,  2.73it/s]
 12%|█▏        | 69/576 [00:25<03:05,  2.74it/s]
 12%|█▏        | 70/576 [00:25<03:04,  2.74it/s]
 12%|█▏        | 71/576 [00:26<03:03,  2.75it/s]
 12%|█▎        | 72/576 [00:26<03:03,  2.75it/s]
 13%|█▎        | 73/576 [00:26<03:03,  2.74it/s]
 13%|█▎        | 74/576 [00:27<03:03,  2.74it/s]
 13%|█▎        | 75/576 [00:27<03:03,  2.72it/s]
 13%|█▎        | 76/576 [00:27<03:03,  2.72it/s]
 13%|█▎        | 77/576 [00:28<03:02,  2.73it/s]
 14%|█▎        | 78/576 [00:28<03:01,  2.74it/s]
 14%|█▎        | 79/576 [00:28<03:01,  2.74it/s]
 14%|█▍        | 80/576 [00:29<03:00,  2.74it/s]
 14%|█▍        | 81/576 [00:29<03:00,  2.74it/s]
 14%|█▍        | 82/576 [00:30<03:01,  2.73it/s]
 14%|█▍        | 83/576 [00:30<03:01,  2.72it/s]
 15%|█▍        | 84/576 [00:30<03:01,  2.72it/s]
 15%|█▍        | 85/576 [00:31<03:01,  2.71it/s]
 15%|█▍        | 86/576 [00:31<03:00,  2.72it/s]
 15%|█▌        | 87/576 [00:31<02:59,  2.72it/s]
 15%|█▌        | 88/576 [00:32<02:59,  2.72it/s]
 15%|█▌        | 89/576 [00:32<02:58,  2.73it/s]
 16%|█▌        | 90/576 [00:32<02:57,  2.74it/s]
 16%|█▌        | 91/576 [00:33<02:57,  2.73it/s]
 16%|█▌        | 92/576 [00:33<02:56,  2.74it/s]
 16%|█▌        | 93/576 [00:34<02:56,  2.74it/s]
 16%|█▋        | 94/576 [00:34<02:55,  2.74it/s]
 16%|█▋        | 95/576 [00:34<02:55,  2.74it/s]
 17%|█▋        | 96/576 [00:35<02:55,  2.74it/s]
 17%|█▋        | 97/576 [00:35<02:54,  2.74it/s]
 17%|█▋        | 98/576 [00:35<02:55,  2.73it/s]
 17%|█▋        | 99/576 [00:36<02:54,  2.73it/s]
 17%|█▋        | 100/576 [00:36<02:54,  2.73it/s]
 18%|█▊        | 101/576 [00:36<02:53,  2.73it/s]
 18%|█▊        | 102/576 [00:37<02:53,  2.73it/s]
 18%|█▊        | 103/576 [00:37<02:53,  2.73it/s]
 18%|█▊        | 104/576 [00:38<02:52,  2.73it/s]
 18%|█▊        | 105/576 [00:38<02:52,  2.72it/s]
 18%|█▊        | 106/576 [00:38<02:51,  2.73it/s]
 19%|█▊        | 107/576 [00:39<02:51,  2.74it/s]
 19%|█▉        | 108/576 [00:39<02:56,  2.65it/s]
 19%|█▉        | 109/576 [00:39<02:54,  2.68it/s]
 19%|█▉        | 110/576 [00:40<02:53,  2.69it/s]
 19%|█▉        | 111/576 [00:40<02:51,  2.71it/s]
 19%|█▉        | 112/576 [00:41<02:50,  2.72it/s]
 20%|█▉        | 113/576 [00:41<02:49,  2.73it/s]
 20%|█▉        | 114/576 [00:41<02:48,  2.74it/s]
 20%|█▉        | 115/576 [00:42<02:48,  2.74it/s]
 20%|██        | 116/576 [00:42<02:48,  2.73it/s]
 20%|██        | 117/576 [00:42<02:47,  2.73it/s]
 20%|██        | 118/576 [00:43<02:47,  2.73it/s]
 21%|██        | 119/576 [00:43<02:46,  2.74it/s]
 21%|██        | 120/576 [00:43<02:46,  2.73it/s]
 21%|██        | 121/576 [00:44<02:46,  2.74it/s]
 21%|██        | 122/576 [00:44<02:45,  2.74it/s]
 21%|██▏       | 123/576 [00:45<02:45,  2.74it/s]
 22%|██▏       | 124/576 [00:45<02:45,  2.73it/s]
 22%|██▏       | 125/576 [00:45<02:44,  2.73it/s]
 22%|██▏       | 126/576 [00:46<02:44,  2.74it/s]
 22%|██▏       | 127/576 [00:46<02:43,  2.74it/s]
 22%|██▏       | 128/576 [00:46<02:43,  2.74it/s]
 22%|██▏       | 129/576 [00:47<02:43,  2.73it/s]
 23%|██▎       | 130/576 [00:47<02:43,  2.73it/s]
 23%|██▎       | 131/576 [00:48<02:43,  2.72it/s]
 23%|██▎       | 132/576 [00:48<02:42,  2.73it/s]
 23%|██▎       | 133/576 [00:48<02:42,  2.73it/s]
 23%|██▎       | 134/576 [00:49<02:43,  2.70it/s]
 23%|██▎       | 135/576 [00:49<02:42,  2.71it/s]
 24%|██▎       | 136/576 [00:49<02:41,  2.72it/s]
 24%|██▍       | 137/576 [00:50<02:40,  2.73it/s]
 24%|██▍       | 138/576 [00:50<02:40,  2.73it/s]
 24%|██▍       | 139/576 [00:50<02:39,  2.74it/s]
 24%|██▍       | 140/576 [00:51<02:40,  2.72it/s]
 24%|██▍       | 141/576 [00:51<02:39,  2.73it/s]
 25%|██▍       | 142/576 [00:52<02:38,  2.73it/s]
 25%|██▍       | 143/576 [00:52<02:38,  2.73it/s]
 25%|██▌       | 144/576 [00:52<02:38,  2.73it/s]
 25%|██▌       | 145/576 [00:53<02:37,  2.73it/s]
 25%|██▌       | 146/576 [00:53<02:37,  2.74it/s]
 26%|██▌       | 147/576 [00:53<02:37,  2.73it/s]
 26%|██▌       | 148/576 [00:54<02:36,  2.73it/s]
 26%|██▌       | 149/576 [00:54<02:36,  2.73it/s]
 26%|██▌       | 150/576 [00:54<02:36,  2.72it/s]
 26%|██▌       | 151/576 [00:55<02:36,  2.72it/s]
 26%|██▋       | 152/576 [00:55<02:35,  2.72it/s]
 27%|██▋       | 153/576 [00:56<02:34,  2.73it/s]
 27%|██▋       | 154/576 [00:56<02:34,  2.73it/s]
 27%|██▋       | 155/576 [00:56<02:34,  2.73it/s]
 27%|██▋       | 156/576 [00:57<02:33,  2.74it/s]
 27%|██▋       | 157/576 [00:57<02:33,  2.73it/s]
 27%|██▋       | 158/576 [00:57<02:32,  2.74it/s]
 28%|██▊       | 159/576 [00:58<02:32,  2.74it/s]
 28%|██▊       | 160/576 [00:58<02:31,  2.74it/s]
 28%|██▊       | 161/576 [00:58<02:31,  2.75it/s]
 28%|██▊       | 162/576 [00:59<02:31,  2.74it/s]
 28%|██▊       | 163/576 [00:59<02:30,  2.74it/s]
 28%|██▊       | 164/576 [01:00<02:30,  2.73it/s]
 29%|██▊       | 165/576 [01:00<02:30,  2.73it/s]
 29%|██▉       | 166/576 [01:00<02:30,  2.73it/s]
 29%|██▉       | 167/576 [01:01<02:29,  2.74it/s]
 29%|██▉       | 168/576 [01:01<02:29,  2.73it/s]
 29%|██▉       | 169/576 [01:01<02:28,  2.73it/s]
 30%|██▉       | 170/576 [01:02<02:28,  2.73it/s]
 30%|██▉       | 171/576 [01:02<02:28,  2.73it/s]
 30%|██▉       | 172/576 [01:03<02:27,  2.74it/s]
 30%|███       | 173/576 [01:03<02:27,  2.74it/s]
 30%|███       | 174/576 [01:03<02:27,  2.73it/s]
 30%|███       | 175/576 [01:04<02:26,  2.73it/s]
 31%|███       | 176/576 [01:04<02:26,  2.73it/s]
 31%|███       | 177/576 [01:04<02:26,  2.73it/s]
 31%|███       | 178/576 [01:05<02:26,  2.73it/s]
 31%|███       | 179/576 [01:05<02:25,  2.73it/s]
 31%|███▏      | 180/576 [01:05<02:24,  2.74it/s]
 31%|███▏      | 181/576 [01:06<02:23,  2.74it/s]
 32%|███▏      | 182/576 [01:06<02:24,  2.74it/s]
 32%|███▏      | 183/576 [01:07<02:24,  2.73it/s]
 32%|███▏      | 184/576 [01:07<02:23,  2.72it/s]
 32%|███▏      | 185/576 [01:07<02:23,  2.73it/s]
 32%|███▏      | 186/576 [01:08<02:23,  2.73it/s]
 32%|███▏      | 187/576 [01:08<02:22,  2.73it/s]
 33%|███▎      | 188/576 [01:08<02:22,  2.73it/s]
 33%|███▎      | 189/576 [01:09<02:24,  2.68it/s]
 33%|███▎      | 190/576 [01:09<02:27,  2.62it/s]
 33%|███▎      | 191/576 [01:10<02:24,  2.66it/s]
 33%|███▎      | 192/576 [01:10<02:23,  2.67it/s]
 34%|███▎      | 193/576 [01:10<02:22,  2.69it/s]
 34%|███▎      | 194/576 [01:11<02:20,  2.71it/s]
 34%|███▍      | 195/576 [01:11<02:20,  2.72it/s]
 34%|███▍      | 196/576 [01:11<02:19,  2.72it/s]
 34%|███▍      | 197/576 [01:12<02:19,  2.71it/s]
 34%|███▍      | 198/576 [01:12<02:19,  2.72it/s]
 35%|███▍      | 199/576 [01:12<02:18,  2.72it/s]
 35%|███▍      | 200/576 [01:13<02:18,  2.72it/s]
 35%|███▍      | 201/576 [01:13<02:17,  2.73it/s]
 35%|███▌      | 202/576 [01:14<02:17,  2.72it/s]
 35%|███▌      | 203/576 [01:14<02:16,  2.73it/s]
 35%|███▌      | 204/576 [01:14<02:16,  2.73it/s]
 36%|███▌      | 205/576 [01:15<02:16,  2.73it/s]
 36%|███▌      | 206/576 [01:15<02:15,  2.73it/s]
 36%|███▌      | 207/576 [01:15<02:15,  2.72it/s]
 36%|███▌      | 208/576 [01:16<02:14,  2.73it/s]
 36%|███▋      | 209/576 [01:16<02:14,  2.73it/s]
 36%|███▋      | 210/576 [01:16<02:14,  2.72it/s]
 37%|███▋      | 211/576 [01:17<02:14,  2.72it/s]
 37%|███▋      | 212/576 [01:17<02:14,  2.70it/s]
 37%|███▋      | 213/576 [01:18<02:13,  2.71it/s]
 37%|███▋      | 214/576 [01:18<02:13,  2.72it/s]
 37%|███▋      | 215/576 [01:18<02:12,  2.73it/s]
 38%|███▊      | 216/576 [01:19<02:12,  2.72it/s]
 38%|███▊      | 217/576 [01:19<02:12,  2.72it/s]
 38%|███▊      | 218/576 [01:19<02:11,  2.72it/s]
 38%|███▊      | 219/576 [01:20<02:11,  2.72it/s]
 38%|███▊      | 220/576 [01:20<02:10,  2.72it/s]
 38%|███▊      | 221/576 [01:21<02:10,  2.72it/s]
 39%|███▊      | 222/576 [01:21<02:10,  2.71it/s]
 39%|███▊      | 223/576 [01:21<02:09,  2.72it/s]
 39%|███▉      | 224/576 [01:22<02:09,  2.72it/s]
 39%|███▉      | 225/576 [01:22<02:09,  2.71it/s]
 39%|███▉      | 226/576 [01:22<02:08,  2.72it/s]
 39%|███▉      | 227/576 [01:23<02:07,  2.73it/s]
 40%|███▉      | 228/576 [01:23<02:07,  2.73it/s]
 40%|███▉      | 229/576 [01:23<02:07,  2.72it/s]
 40%|███▉      | 230/576 [01:24<02:06,  2.73it/s]
 40%|████      | 231/576 [01:24<02:06,  2.73it/s]
 40%|████      | 232/576 [01:25<02:05,  2.73it/s]
 40%|████      | 233/576 [01:25<02:05,  2.73it/s]
 41%|████      | 234/576 [01:25<02:05,  2.73it/s]
 41%|████      | 235/576 [01:26<02:04,  2.73it/s]
 41%|████      | 236/576 [01:26<02:04,  2.73it/s]
 41%|████      | 237/576 [01:26<02:03,  2.74it/s]
 41%|████▏     | 238/576 [01:27<02:03,  2.74it/s]
 41%|████▏     | 239/576 [01:27<02:03,  2.73it/s]
 42%|████▏     | 240/576 [01:28<02:03,  2.73it/s]
 42%|████▏     | 241/576 [01:28<02:03,  2.72it/s]
 42%|████▏     | 242/576 [01:28<02:02,  2.72it/s]
 42%|████▏     | 243/576 [01:29<02:02,  2.72it/s]
 42%|████▏     | 244/576 [01:29<02:01,  2.73it/s]
 43%|████▎     | 245/576 [01:29<02:01,  2.72it/s]
 43%|████▎     | 246/576 [01:30<02:01,  2.73it/s]
 43%|████▎     | 247/576 [01:30<02:01,  2.72it/s]
 43%|████▎     | 248/576 [01:30<02:00,  2.73it/s]
 43%|████▎     | 249/576 [01:31<01:59,  2.73it/s]
 43%|████▎     | 250/576 [01:31<01:59,  2.73it/s]
 44%|████▎     | 251/576 [01:32<01:59,  2.73it/s]
 44%|████▍     | 252/576 [01:32<01:59,  2.72it/s]
 44%|████▍     | 253/576 [01:32<01:58,  2.72it/s]
 44%|████▍     | 254/576 [01:33<01:58,  2.72it/s]
 44%|████▍     | 255/576 [01:33<01:58,  2.71it/s]
 44%|████▍     | 256/576 [01:33<01:58,  2.70it/s]
 45%|████▍     | 257/576 [01:34<01:58,  2.70it/s]
 45%|████▍     | 258/576 [01:34<01:57,  2.70it/s]
 45%|████▍     | 259/576 [01:35<01:57,  2.70it/s]
 45%|████▌     | 260/576 [01:35<01:57,  2.70it/s]
 45%|████▌     | 261/576 [01:35<01:56,  2.70it/s]
 45%|████▌     | 262/576 [01:36<01:55,  2.71it/s]
 46%|████▌     | 263/576 [01:36<01:55,  2.71it/s]
 46%|████▌     | 264/576 [01:36<01:55,  2.71it/s]
 46%|████▌     | 265/576 [01:37<01:54,  2.71it/s]
 46%|████▌     | 266/576 [01:37<01:54,  2.72it/s]
 46%|████▋     | 267/576 [01:37<01:54,  2.70it/s]
 47%|████▋     | 268/576 [01:38<01:53,  2.70it/s]
 47%|████▋     | 269/576 [01:38<01:53,  2.71it/s]
 47%|████▋     | 270/576 [01:39<01:52,  2.71it/s]
 47%|████▋     | 271/576 [01:39<01:56,  2.63it/s]
 47%|████▋     | 272/576 [01:39<01:54,  2.66it/s]
 47%|████▋     | 273/576 [01:40<01:53,  2.68it/s]
 48%|████▊     | 274/576 [01:40<01:52,  2.70it/s]
 48%|████▊     | 275/576 [01:40<01:51,  2.71it/s]
 48%|████▊     | 276/576 [01:41<01:50,  2.71it/s]
 48%|████▊     | 277/576 [01:41<01:49,  2.72it/s]
 48%|████▊     | 278/576 [01:42<01:49,  2.73it/s]
 48%|████▊     | 279/576 [01:42<01:49,  2.72it/s]
 49%|████▊     | 280/576 [01:42<01:48,  2.73it/s]
 49%|████▉     | 281/576 [01:43<01:48,  2.73it/s]
 49%|████▉     | 282/576 [01:43<01:47,  2.73it/s]
 49%|████▉     | 283/576 [01:43<01:47,  2.74it/s]
 49%|████▉     | 284/576 [01:44<01:47,  2.73it/s]
 49%|████▉     | 285/576 [01:44<01:46,  2.72it/s]
 50%|████▉     | 286/576 [01:44<01:46,  2.72it/s]
 50%|████▉     | 287/576 [01:45<01:46,  2.73it/s]
 50%|█████     | 288/576 [01:45<01:45,  2.73it/s]
 50%|█████     | 289/576 [01:46<01:45,  2.73it/s]
 50%|█████     | 290/576 [01:46<01:44,  2.73it/s]
 51%|█████     | 291/576 [01:46<01:44,  2.73it/s]
 51%|█████     | 292/576 [01:47<01:43,  2.74it/s]
 51%|█████     | 293/576 [01:47<01:43,  2.73it/s]
 51%|█████     | 294/576 [01:47<01:43,  2.72it/s]
 51%|█████     | 295/576 [01:48<01:43,  2.72it/s]
 51%|█████▏    | 296/576 [01:48<01:43,  2.72it/s]
 52%|█████▏    | 297/576 [01:49<01:42,  2.72it/s]
 52%|█████▏    | 298/576 [01:49<01:42,  2.72it/s]
 52%|█████▏    | 299/576 [01:49<01:41,  2.72it/s]
 52%|█████▏    | 300/576 [01:50<01:41,  2.72it/s]
 52%|█████▏    | 301/576 [01:50<01:41,  2.72it/s]
 52%|█████▏    | 302/576 [01:50<01:40,  2.71it/s]
 53%|█████▎    | 303/576 [01:51<01:40,  2.71it/s]
 53%|█████▎    | 304/576 [01:51<01:40,  2.71it/s]
 53%|█████▎    | 305/576 [01:51<01:39,  2.72it/s]
 53%|█████▎    | 306/576 [01:52<01:39,  2.73it/s]
 53%|█████▎    | 307/576 [01:52<01:38,  2.72it/s]
 53%|█████▎    | 308/576 [01:53<01:38,  2.71it/s]
 54%|█████▎    | 309/576 [01:53<01:38,  2.70it/s]
 54%|█████▍    | 310/576 [01:53<01:37,  2.72it/s]
 54%|█████▍    | 311/576 [01:54<01:38,  2.70it/s]
 54%|█████▍    | 312/576 [01:54<01:37,  2.71it/s]
 54%|█████▍    | 313/576 [01:54<01:36,  2.72it/s]
 55%|█████▍    | 314/576 [01:55<01:36,  2.72it/s]
 55%|█████▍    | 315/576 [01:55<01:35,  2.73it/s]
 55%|█████▍    | 316/576 [01:55<01:35,  2.73it/s]
 55%|█████▌    | 317/576 [01:56<01:34,  2.73it/s]
 55%|█████▌    | 318/576 [01:56<01:34,  2.72it/s]
 55%|█████▌    | 319/576 [01:57<01:34,  2.73it/s]
 56%|█████▌    | 320/576 [01:57<01:34,  2.72it/s]
 56%|█████▌    | 321/576 [01:57<01:33,  2.73it/s]
 56%|█████▌    | 322/576 [01:58<01:32,  2.74it/s]
 56%|█████▌    | 323/576 [01:58<01:32,  2.73it/s]
 56%|█████▋    | 324/576 [01:58<01:32,  2.73it/s]
 56%|█████▋    | 325/576 [01:59<01:31,  2.74it/s]
 57%|█████▋    | 326/576 [01:59<01:31,  2.73it/s]
 57%|█████▋    | 327/576 [02:00<01:31,  2.73it/s]
 57%|█████▋    | 328/576 [02:00<01:30,  2.74it/s]
 57%|█████▋    | 329/576 [02:00<01:30,  2.74it/s]
 57%|█████▋    | 330/576 [02:01<01:29,  2.74it/s]
 57%|█████▋    | 331/576 [02:01<01:29,  2.74it/s]
 58%|█████▊    | 332/576 [02:01<01:29,  2.73it/s]
 58%|█████▊    | 333/576 [02:02<01:28,  2.73it/s]
 58%|█████▊    | 334/576 [02:02<01:28,  2.73it/s]
 58%|█████▊    | 335/576 [02:02<01:28,  2.72it/s]
 58%|█████▊    | 336/576 [02:03<01:27,  2.73it/s]
 59%|█████▊    | 337/576 [02:03<01:27,  2.72it/s]
 59%|█████▊    | 338/576 [02:04<01:27,  2.72it/s]
 59%|█████▉    | 339/576 [02:04<01:27,  2.71it/s]
 59%|█████▉    | 340/576 [02:04<01:26,  2.71it/s]
 59%|█████▉    | 341/576 [02:05<01:26,  2.71it/s]
 59%|█████▉    | 342/576 [02:05<01:26,  2.72it/s]
 60%|█████▉    | 343/576 [02:05<01:25,  2.73it/s]
 60%|█████▉    | 344/576 [02:06<01:24,  2.73it/s]
 60%|█████▉    | 345/576 [02:06<01:24,  2.73it/s]
 60%|██████    | 346/576 [02:06<01:24,  2.73it/s]
 60%|██████    | 347/576 [02:07<01:23,  2.73it/s]
 60%|██████    | 348/576 [02:07<01:23,  2.73it/s]
 61%|██████    | 349/576 [02:08<01:22,  2.74it/s]
 61%|██████    | 350/576 [02:08<01:22,  2.73it/s]
 61%|██████    | 351/576 [02:08<01:22,  2.72it/s]
 61%|██████    | 352/576 [02:09<01:22,  2.73it/s]
 61%|██████▏   | 353/576 [02:09<01:24,  2.63it/s]
 61%|██████▏   | 354/576 [02:09<01:23,  2.65it/s]
 62%|██████▏   | 355/576 [02:10<01:22,  2.67it/s]
 62%|██████▏   | 356/576 [02:10<01:21,  2.68it/s]
 62%|██████▏   | 357/576 [02:11<01:21,  2.69it/s]
 62%|██████▏   | 358/576 [02:11<01:20,  2.71it/s]
 62%|██████▏   | 359/576 [02:11<01:19,  2.72it/s]
 62%|██████▎   | 360/576 [02:12<01:19,  2.73it/s]
 63%|██████▎   | 361/576 [02:12<01:18,  2.72it/s]
 63%|██████▎   | 362/576 [02:12<01:18,  2.73it/s]
 63%|██████▎   | 363/576 [02:13<01:18,  2.73it/s]
 63%|██████▎   | 364/576 [02:13<01:17,  2.73it/s]
 63%|██████▎   | 365/576 [02:13<01:17,  2.74it/s]
 64%|██████▎   | 366/576 [02:14<01:16,  2.73it/s]
 64%|██████▎   | 367/576 [02:14<01:16,  2.73it/s]
 64%|██████▍   | 368/576 [02:15<01:16,  2.73it/s]
 64%|██████▍   | 369/576 [02:15<01:15,  2.73it/s]
 64%|██████▍   | 370/576 [02:15<01:15,  2.73it/s]
 64%|██████▍   | 371/576 [02:16<01:15,  2.73it/s]
 65%|██████▍   | 372/576 [02:16<01:14,  2.73it/s]
 65%|██████▍   | 373/576 [02:16<01:14,  2.73it/s]
 65%|██████▍   | 374/576 [02:17<01:14,  2.73it/s]
 65%|██████▌   | 375/576 [02:17<01:13,  2.72it/s]
 65%|██████▌   | 376/576 [02:18<01:13,  2.73it/s]
 65%|██████▌   | 377/576 [02:18<01:13,  2.72it/s]
 66%|██████▌   | 378/576 [02:18<01:12,  2.72it/s]
 66%|██████▌   | 379/576 [02:19<01:12,  2.72it/s]
 66%|██████▌   | 380/576 [02:19<01:11,  2.73it/s]
 66%|██████▌   | 381/576 [02:19<01:11,  2.73it/s]
 66%|██████▋   | 382/576 [02:20<01:11,  2.72it/s]
 66%|██████▋   | 383/576 [02:20<01:10,  2.72it/s]
 67%|██████▋   | 384/576 [02:20<01:10,  2.72it/s]
 67%|██████▋   | 385/576 [02:21<01:10,  2.72it/s]
 67%|██████▋   | 386/576 [02:21<01:09,  2.73it/s]
 67%|██████▋   | 387/576 [02:22<01:09,  2.73it/s]
 67%|██████▋   | 388/576 [02:22<01:08,  2.73it/s]
 68%|██████▊   | 389/576 [02:22<01:08,  2.73it/s]
 68%|██████▊   | 390/576 [02:23<01:08,  2.73it/s]
 68%|██████▊   | 391/576 [02:23<01:07,  2.72it/s]
 68%|██████▊   | 392/576 [02:23<01:07,  2.72it/s]
 68%|██████▊   | 393/576 [02:24<01:07,  2.72it/s]
 68%|██████▊   | 394/576 [02:24<01:06,  2.72it/s]
 69%|██████▊   | 395/576 [02:25<01:06,  2.73it/s]
 69%|██████▉   | 396/576 [02:25<01:05,  2.73it/s]
 69%|██████▉   | 397/576 [02:25<01:05,  2.73it/s]
 69%|██████▉   | 398/576 [02:26<01:05,  2.72it/s]
 69%|██████▉   | 399/576 [02:26<01:04,  2.73it/s]
 69%|██████▉   | 400/576 [02:26<01:04,  2.74it/s]
 70%|██████▉   | 401/576 [02:27<01:03,  2.74it/s]
 70%|██████▉   | 402/576 [02:27<01:03,  2.73it/s]
 70%|██████▉   | 403/576 [02:27<01:03,  2.74it/s]
 70%|███████   | 404/576 [02:28<01:02,  2.73it/s]
 70%|███████   | 405/576 [02:28<01:02,  2.74it/s]
 70%|███████   | 406/576 [02:29<01:02,  2.73it/s]
 71%|███████   | 407/576 [02:29<01:01,  2.73it/s]
 71%|███████   | 408/576 [02:29<01:01,  2.74it/s]
 71%|███████   | 409/576 [02:30<01:01,  2.73it/s]
 71%|███████   | 410/576 [02:30<01:00,  2.73it/s]
 71%|███████▏  | 411/576 [02:30<01:00,  2.73it/s]
 72%|███████▏  | 412/576 [02:31<00:59,  2.74it/s]
 72%|███████▏  | 413/576 [02:31<00:59,  2.74it/s]
 72%|███████▏  | 414/576 [02:31<00:59,  2.74it/s]
 72%|███████▏  | 415/576 [02:32<00:58,  2.75it/s]
 72%|███████▏  | 416/576 [02:32<00:58,  2.75it/s]
 72%|███████▏  | 417/576 [02:33<00:57,  2.75it/s]
 73%|███████▎  | 418/576 [02:33<00:57,  2.75it/s]
 73%|███████▎  | 419/576 [02:33<00:57,  2.75it/s]
 73%|███████▎  | 420/576 [02:34<00:56,  2.74it/s]
 73%|███████▎  | 421/576 [02:34<00:56,  2.74it/s]
 73%|███████▎  | 422/576 [02:34<00:56,  2.73it/s]
 73%|███████▎  | 423/576 [02:35<00:55,  2.74it/s]
 74%|███████▎  | 424/576 [02:35<00:55,  2.74it/s]
 74%|███████▍  | 425/576 [02:35<00:55,  2.74it/s]
 74%|███████▍  | 426/576 [02:36<00:54,  2.74it/s]
 74%|███████▍  | 427/576 [02:36<00:54,  2.75it/s]
 74%|███████▍  | 428/576 [02:37<00:54,  2.74it/s]
 74%|███████▍  | 429/576 [02:37<00:53,  2.74it/s]
 75%|███████▍  | 430/576 [02:37<00:53,  2.73it/s]
 75%|███████▍  | 431/576 [02:38<00:53,  2.74it/s]
 75%|███████▌  | 432/576 [02:38<00:52,  2.74it/s]
 75%|███████▌  | 433/576 [02:38<00:52,  2.74it/s]
 75%|███████▌  | 434/576 [02:39<00:53,  2.68it/s]
 76%|███████▌  | 435/576 [02:39<00:53,  2.66it/s]
 76%|███████▌  | 436/576 [02:40<00:52,  2.69it/s]
 76%|███████▌  | 437/576 [02:40<00:51,  2.70it/s]
 76%|███████▌  | 438/576 [02:40<00:50,  2.72it/s]
 76%|███████▌  | 439/576 [02:41<00:50,  2.73it/s]
 76%|███████▋  | 440/576 [02:41<00:49,  2.73it/s]
 77%|███████▋  | 441/576 [02:41<00:49,  2.73it/s]
 77%|███████▋  | 442/576 [02:42<00:49,  2.72it/s]
 77%|███████▋  | 443/576 [02:42<00:48,  2.73it/s]
 77%|███████▋  | 444/576 [02:42<00:48,  2.73it/s]
 77%|███████▋  | 445/576 [02:43<00:47,  2.73it/s]
 77%|███████▋  | 446/576 [02:43<00:47,  2.73it/s]
 78%|███████▊  | 447/576 [02:44<00:47,  2.73it/s]
 78%|███████▊  | 448/576 [02:44<00:46,  2.73it/s]
 78%|███████▊  | 449/576 [02:44<00:46,  2.74it/s]
 78%|███████▊  | 450/576 [02:45<00:46,  2.73it/s]
 78%|███████▊  | 451/576 [02:45<00:45,  2.74it/s]
 78%|███████▊  | 452/576 [02:45<00:45,  2.74it/s]
 79%|███████▊  | 453/576 [02:46<00:44,  2.74it/s]
 79%|███████▉  | 454/576 [02:46<00:44,  2.73it/s]
 79%|███████▉  | 455/576 [02:46<00:44,  2.74it/s]
 79%|███████▉  | 456/576 [02:47<00:43,  2.74it/s]
 79%|███████▉  | 457/576 [02:47<00:43,  2.74it/s]
 80%|███████▉  | 458/576 [02:48<00:43,  2.74it/s]
 80%|███████▉  | 459/576 [02:48<00:42,  2.73it/s]
 80%|███████▉  | 460/576 [02:48<00:42,  2.73it/s]
 80%|████████  | 461/576 [02:49<00:42,  2.72it/s]
 80%|████████  | 462/576 [02:49<00:41,  2.72it/s]
 80%|████████  | 463/576 [02:49<00:41,  2.73it/s]
 81%|████████  | 464/576 [02:50<00:41,  2.72it/s]
 81%|████████  | 465/576 [02:50<00:40,  2.72it/s]
 81%|████████  | 466/576 [02:50<00:40,  2.73it/s]
 81%|████████  | 467/576 [02:51<00:39,  2.74it/s]
 81%|████████▏ | 468/576 [02:51<00:39,  2.72it/s]
 81%|████████▏ | 469/576 [02:52<00:39,  2.73it/s]
 82%|████████▏ | 470/576 [02:52<00:38,  2.73it/s]
 82%|████████▏ | 471/576 [02:52<00:38,  2.74it/s]
 82%|████████▏ | 472/576 [02:53<00:38,  2.73it/s]
 82%|████████▏ | 473/576 [02:53<00:37,  2.72it/s]
 82%|████████▏ | 474/576 [02:53<00:37,  2.72it/s]
 82%|████████▏ | 475/576 [02:54<00:37,  2.73it/s]
 83%|████████▎ | 476/576 [02:54<00:36,  2.73it/s]
 83%|████████▎ | 477/576 [02:55<00:36,  2.74it/s]
 83%|████████▎ | 478/576 [02:55<00:35,  2.73it/s]
 83%|████████▎ | 479/576 [02:55<00:35,  2.73it/s]
 83%|████████▎ | 480/576 [02:56<00:35,  2.71it/s]
 84%|████████▎ | 481/576 [02:56<00:34,  2.71it/s]
 84%|████████▎ | 482/576 [02:56<00:34,  2.73it/s]
 84%|████████▍ | 483/576 [02:57<00:34,  2.73it/s]
 84%|████████▍ | 484/576 [02:57<00:33,  2.73it/s]
 84%|████████▍ | 485/576 [02:57<00:33,  2.73it/s]
 84%|████████▍ | 486/576 [02:58<00:32,  2.73it/s]
 85%|████████▍ | 487/576 [02:58<00:32,  2.73it/s]
 85%|████████▍ | 488/576 [02:59<00:32,  2.72it/s]
 85%|████████▍ | 489/576 [02:59<00:31,  2.73it/s]
 85%|████████▌ | 490/576 [02:59<00:31,  2.73it/s]
 85%|████████▌ | 491/576 [03:00<00:31,  2.73it/s]
 85%|████████▌ | 492/576 [03:00<00:30,  2.73it/s]
 86%|████████▌ | 493/576 [03:00<00:30,  2.73it/s]
 86%|████████▌ | 494/576 [03:01<00:29,  2.74it/s]
 86%|████████▌ | 495/576 [03:01<00:29,  2.74it/s]
 86%|████████▌ | 496/576 [03:01<00:29,  2.73it/s]
 86%|████████▋ | 497/576 [03:02<00:29,  2.72it/s]
 86%|████████▋ | 498/576 [03:02<00:28,  2.73it/s]
 87%|████████▋ | 499/576 [03:03<00:28,  2.74it/s]
 87%|████████▋ | 500/576 [03:03<00:27,  2.74it/s]
 87%|████████▋ | 501/576 [03:03<00:27,  2.73it/s]
 87%|████████▋ | 502/576 [03:04<00:27,  2.73it/s]
 87%|████████▋ | 503/576 [03:04<00:26,  2.73it/s]
 88%|████████▊ | 504/576 [03:04<00:26,  2.73it/s]
 88%|████████▊ | 505/576 [03:05<00:26,  2.73it/s]
 88%|████████▊ | 506/576 [03:05<00:25,  2.73it/s]
 88%|████████▊ | 507/576 [03:06<00:25,  2.72it/s]
 88%|████████▊ | 508/576 [03:06<00:24,  2.73it/s]
 88%|████████▊ | 509/576 [03:06<00:24,  2.74it/s]
 89%|████████▊ | 510/576 [03:07<00:24,  2.72it/s]
 89%|████████▊ | 511/576 [03:07<00:23,  2.72it/s]
 89%|████████▉ | 512/576 [03:07<00:23,  2.72it/s]
 89%|████████▉ | 513/576 [03:08<00:23,  2.72it/s]
 89%|████████▉ | 514/576 [03:08<00:22,  2.72it/s]
 89%|████████▉ | 515/576 [03:08<00:22,  2.73it/s]
 90%|████████▉ | 516/576 [03:09<00:22,  2.66it/s]
 90%|████████▉ | 517/576 [03:09<00:21,  2.68it/s]
 90%|████████▉ | 518/576 [03:10<00:21,  2.69it/s]
 90%|█████████ | 519/576 [03:10<00:21,  2.70it/s]
 90%|█████████ | 520/576 [03:10<00:20,  2.72it/s]
 90%|█████████ | 521/576 [03:11<00:20,  2.72it/s]
 91%|█████████ | 522/576 [03:11<00:19,  2.73it/s]
 91%|█████████ | 523/576 [03:11<00:19,  2.72it/s]
 91%|█████████ | 524/576 [03:12<00:19,  2.72it/s]
 91%|█████████ | 525/576 [03:12<00:18,  2.73it/s]
 91%|█████████▏| 526/576 [03:13<00:18,  2.73it/s]
 91%|█████████▏| 527/576 [03:13<00:17,  2.72it/s]
 92%|█████████▏| 528/576 [03:13<00:17,  2.72it/s]
 92%|█████████▏| 529/576 [03:14<00:17,  2.72it/s]
 92%|█████████▏| 530/576 [03:14<00:16,  2.73it/s]
 92%|█████████▏| 531/576 [03:14<00:16,  2.73it/s]
 92%|█████████▏| 532/576 [03:15<00:16,  2.73it/s]
 93%|█████████▎| 533/576 [03:15<00:15,  2.74it/s]
 93%|█████████▎| 534/576 [03:15<00:15,  2.73it/s]
 93%|█████████▎| 535/576 [03:16<00:14,  2.74it/s]
 93%|█████████▎| 536/576 [03:16<00:14,  2.74it/s]
 93%|█████████▎| 537/576 [03:17<00:14,  2.73it/s]
 93%|█████████▎| 538/576 [03:17<00:13,  2.73it/s]
 94%|█████████▎| 539/576 [03:17<00:13,  2.72it/s]
 94%|█████████▍| 540/576 [03:18<00:13,  2.72it/s]
 94%|█████████▍| 541/576 [03:18<00:12,  2.72it/s]
 94%|█████████▍| 542/576 [03:18<00:12,  2.72it/s]
 94%|█████████▍| 543/576 [03:19<00:12,  2.72it/s]
 94%|█████████▍| 544/576 [03:19<00:11,  2.72it/s]
 95%|█████████▍| 545/576 [03:19<00:11,  2.73it/s]
 95%|█████████▍| 546/576 [03:20<00:11,  2.72it/s]
 95%|█████████▍| 547/576 [03:20<00:10,  2.73it/s]
 95%|█████████▌| 548/576 [03:21<00:10,  2.73it/s]
 95%|█████████▌| 549/576 [03:21<00:09,  2.73it/s]
 95%|█████████▌| 550/576 [03:21<00:09,  2.72it/s]
 96%|█████████▌| 551/576 [03:22<00:09,  2.72it/s]
 96%|█████████▌| 552/576 [03:22<00:08,  2.72it/s]
 96%|█████████▌| 553/576 [03:22<00:08,  2.73it/s]
 96%|█████████▌| 554/576 [03:23<00:08,  2.74it/s]
 96%|█████████▋| 555/576 [03:23<00:07,  2.74it/s]
 97%|█████████▋| 556/576 [03:24<00:07,  2.74it/s]
 97%|█████████▋| 557/576 [03:24<00:06,  2.73it/s]
 97%|█████████▋| 558/576 [03:24<00:06,  2.73it/s]
 97%|█████████▋| 559/576 [03:25<00:06,  2.72it/s]
 97%|█████████▋| 560/576 [03:25<00:05,  2.73it/s]
 97%|█████████▋| 561/576 [03:25<00:05,  2.74it/s]
 98%|█████████▊| 562/576 [03:26<00:05,  2.73it/s]
 98%|█████████▊| 563/576 [03:26<00:04,  2.74it/s]
 98%|█████████▊| 564/576 [03:26<00:04,  2.74it/s]
 98%|█████████▊| 565/576 [03:27<00:04,  2.75it/s]
 98%|█████████▊| 566/576 [03:27<00:03,  2.75it/s]
 98%|█████████▊| 567/576 [03:28<00:03,  2.75it/s]
 99%|█████████▊| 568/576 [03:28<00:02,  2.74it/s]
 99%|█████████▉| 569/576 [03:28<00:02,  2.74it/s]
 99%|█████████▉| 570/576 [03:29<00:02,  2.75it/s]
 99%|█████████▉| 571/576 [03:29<00:01,  2.75it/s]
 99%|█████████▉| 572/576 [03:29<00:01,  2.75it/s]
 99%|█████████▉| 573/576 [03:30<00:01,  2.74it/s]
100%|█████████▉| 574/576 [03:30<00:00,  2.74it/s]
100%|█████████▉| 575/576 [03:30<00:00,  2.75it/s]
100%|██████████| 576/576 [03:31<00:00,  2.75it/s]
100%|██████████| 576/576 [03:31<00:00,  2.73it/s]
            masked_sentences obj_label    sub_label relation  uuid  sub_position                                            def_sap                                            def_dap                                            lsp_sap                                            lsp_dap                                     anchor_lsp_sap                                  obj_mask_sentence                            obj_mask_sentence_score                                   obj_mask_def_sap                             obj_mask_def_sap_score                                   obj_mask_lsp_sap                             obj_mask_lsp_sap_score                                   subj_anchors                                 subj_anchors_score                  masked_sentences_with_subj_anchor                           def_dap_with_subj_anchor                           lsp_dap_with_subj_anchor                              subj_anchors_combined                              obj_mask_sentence_dap  \
0      [gravers are [MASK].]   [tools]      gravers      IsA     1             0  [A gravers is a [MASK]., A gravers is an [MASK...  [A gravers or [Z] is a [MASK]., A gravers or [...  [[MASK] such as gravers., [MASK], including gr...  [[MASK] such as gravers and [Z]., [MASK], incl...  [such as gravers and [MASK]., such as gravers ...  [rare, scarce, common, prohibited, illegal, we...  {'rare': 0.0826444998383522, 'scarce': 0.02455...  [oven, example, instrument, archer, anchor, ax...  {'oven': 0.07315377704799175, 'example': 0.041...  [people, graves, dead, workers, burials, decea...  {'people': 0.12487430833280086, 'graves': 0.12...       [tombs, graves, yes, murderers, burials]  {'tombs': 0.0771065354347229, 'graves': 0.0768...  [gravers are [MASK]., gravers or tombs are [MA...  [A gravers or tombs is a [MASK]., A gravers or...  [[MASK] such as gravers and tombs., [MASK] suc...         gravers tombs graves yes murderers burials  [rare, prohibited, dead, forbidden, punished, ...   
1  [smallmouths are [MASK].]    [fish]  smallmouths      IsA     2             0  [A smallmouths is a [MASK]., A smallmouths is ...  [A smallmouths or [Z] is a [MASK]., A smallmou...  [[MASK] such as smallmouths., [MASK], includin...  [[MASK] such as smallmouths and [Z]., [MASK], ...  [such as smallmouths and [MASK]., such as smal...  [rare, common, present, widespread, uncommon, ...  {'rare': 0.6668936014175415, 'common': 0.09009...  [catfish, fish, eel, otter, example, exception...  {'catfish': 0.383459576095144, 'fish': 0.20555...  [fish, catfish, species, things, animals, fish...  {'fish': 0.3825688896079858, 'catfish': 0.3376...    [catfish, carp, cerambycidae, snails, bass]  {'catfish': 0.6535254202105782, 'carp': 0.1299...  [smallmouths are [MASK]., smallmouths or catfi...  [A smallmouths or catfish is a [MASK]., A smal...  [[MASK] such as smallmouths and catfish., [MAS...  smallmouths catfish carp cerambycidae snails bass  [rare, common, present, heard, unknown, welcom...   
2     [pelicans are [MASK].]   [birds]     pelicans      IsA     3             0  [A pelicans is a [MASK]., A pelicans is an [MA...  [A pelicans or [Z] is a [MASK]., A pelicans or...  [[MASK] such as pelicans., [MASK], including p...  [[MASK] such as pelicans and [Z]., [MASK], inc...  [such as pelicans and [MASK]., such as pelican...  [common, rare, abundant, migratory, absent, pr...  {'common': 0.33950281143188477, 'rare': 0.1600...  [animal, otter, bird, aircraft, example, fish,...  {'animal': 0.15432512760162354, 'otter': 0.133...  [birds, animals, things, dolphins, species, sh...  {'birds': 0.45262210816144943, 'animals': 0.20...      [dolphins, ducks, whales, turtles, birds]  {'dolphins': 0.19975250282070853, 'ducks': 0.0...  [pelicans are [MASK]., pelicans or dolphins ar...  [A pelicans or dolphins is a [MASK]., A pelica...  [[MASK] such as pelicans and dolphins., [MASK]...       pelicans dolphins ducks whales turtles birds  [common, rare, abundant, migratory, welcome, u...   
3   [sapsuckers are [MASK].]   [birds]   sapsuckers      IsA     4             0  [A sapsuckers is a [MASK]., A sapsuckers is an...  [A sapsuckers or [Z] is a [MASK]., A sapsucker...  [[MASK] such as sapsuckers., [MASK], including...  [[MASK] such as sapsuckers and [Z]., [MASK], i...  [such as sapsuckers and [MASK]., such as sapsu...  [rare, nocturnal, common, edible, predators, p...  {'rare': 0.14696939289569855, 'nocturnal': 0.0...  [insect, animal, spider, bug, fish, snake, liz...  {'insect': 0.337383933365345, 'animal': 0.1576...  [snakes, things, reptiles, animals, insects, p...  {'snakes': 0.2790814429521561, 'things': 0.163...  [snakes, spiders, lizards, vampires, beetles]  {'snakes': 0.23924588378180156, 'spiders': 0.0...  [sapsuckers are [MASK]., sapsuckers or snakes ...  [A sapsuckers or snakes is a [MASK]., A sapsuc...  [[MASK] such as sapsuckers and snakes., [MASK]...  sapsuckers snakes spiders lizards vampires bee...  [rare, common, dead, uncommon, dangerous, noct...   
4       [makoes are [MASK].]    [fish]       makoes      IsA     5             0  [A makoes is a [MASK]., A makoes is an [MASK]....  [A makoes or [Z] is a [MASK]., A makoes or [Z]...  [[MASK] such as makoes., [MASK], including mak...  [[MASK] such as makoes and [Z]., [MASK], inclu...  [such as makoes and [MASK]., such as makoes or...  [rare, common, nocturnal, absent, endangered, ...  {'rare': 0.13355126976966858, 'common': 0.0411...  [animal, artist, asteroid, elephant, actress, ...  {'animal': 0.06026852875947952, 'artist': 0.06...  [stories, poems, artists, animals, things, fis...  {'stories': 0.3009219169616699, 'poems': 0.219...             [human, tribe, slaves, man, peter]  {'human': 0.13746631145477295, 'tribe': 0.0411...  [makoes are [MASK]., makoes or human are [MASK...  [A makoes or human is a [MASK]., A makoes or t...  [[MASK] such as makoes and human., [MASK] such...                makoes human tribe slaves man peter  [forbidden, rare, common, men, introduced, exc...   

                         obj_mask_sentence_dap_score                                   obj_mask_def_dap                             obj_mask_def_dap_score                                   obj_mask_lsp_dap                             obj_mask_lsp_dap_score  
0  {'rare': 0.13083444240813455, 'prohibited': 0....  [answer, example, cemetery, exception, tomb, e...  {'answer': 0.20404591411352158, 'example': 0.1...  [things, criminals, cemeteries, burial, struct...  {'things': 0.2495429039001465, 'criminals': 0....  
1  {'rare': 0.434487705429395, 'common': 0.234541...  [example, fish, family, insect, beetle, genus,...  {'example': 0.7009088329970836, 'fish': 0.4220...  [beetles, fish, species, reptiles, fishing, th...  {'beetles': 0.3895437369355932, 'fish': 0.3308...  
2  {'common': 0.29591532051563263, 'rare': 0.2228...  [example, bird, duck, dolphin, animal, fish, m...  {'example': 0.7193214386701584, 'bird': 0.1722...  [animals, things, wildlife, species, reptiles,...  {'animals': 0.3386017376246552, 'things': 0.09...  
3  {'rare': 0.2880116790533066, 'common': 0.15206...  [example, spider, snake, lizard, animal, insec...  {'example': 0.5573648422956466, 'spider': 0.17...  [insects, things, reptiles, animals, humans, d...  {'insects': 0.2758493048992629, 'things': 0.21...  
4  {'forbidden': 0.05122878775000572, 'rare': 0.0...  [animal, ethnicity, slave, clan, person, allia...  {'animal': 0.3699195229758819, 'ethnicity': 0....  [beings, group, stories, animal, animals, peop...  {'beings': 0.3029553145170212, 'group': 0.2688...  
---------------------------------------- obj_label evaluation ----------------------------------------
      mask_type   p@1   p@5  p@10   mrr relation  anchor_wordnet_avg_path  anchor_wordnet_coverage  mask_type_id
0      sentence   0.0   0.2   0.3   0.1      IsA                    10.09                    0.885             1
3  sentence_dap   0.0   0.2   0.3   0.1      IsA                    10.09                    0.885             2
1       def_sap   1.0   3.3   4.7   2.2      IsA                    10.09                    0.885             3
4       def_dap   0.0   2.1   2.3   0.9      IsA                    10.09                    0.885             4
2       lsp_sap  27.6  50.5  63.0  37.6      IsA                    10.09                    0.885             5
5       lsp_dap  26.4  46.0  51.4  34.6      IsA                    10.09                    0.885             6
save log/bert-large-uncased/lm_diagnostic_extended/plural/df_all_use_global_dap_True_anchor_type_Coordinate_remove_Y_PUNC_FULL_concate_or_single_max_anchor_num_5_anchor_scorer_probAvg_wnp_False_cpt_True.LM_DIAGNOSTIC_EXTENDED.tsv
save 
log/bert-large-uncased/lm_diagnostic_extended/plural/exp_data_results_anchor_type_Coordinate_remove_Y_PUNC_FULL_concate_or_single_max_anchor_num_5_anchor_scorer_probAvg_wnp_False_cpt_True.LM_DIAGNOSTIC_EXTENDED.csv
