Some weights of the model checkpoint at bert-large-uncased were not used when initializing BertForMaskedLM: ['cls.seq_relationship.bias', 'cls.seq_relationship.weight']
- This IS expected if you are initializing BertForMaskedLM from the checkpoint of a model trained on another task or with another architecture (e.g. initializing a BertForSequenceClassification model from a BertForPreTraining model).
- This IS NOT expected if you are initializing BertForMaskedLM from the checkpoint of a model that you expect to be exactly identical (initializing a BertForSequenceClassification model from a BertForSequenceClassification model).
Some weights of the model checkpoint at bert-large-uncased were not used when initializing BertForMaskedLM: ['cls.seq_relationship.bias', 'cls.seq_relationship.weight']
- This IS expected if you are initializing BertForMaskedLM from the checkpoint of a model trained on another task or with another architecture (e.g. initializing a BertForSequenceClassification model from a BertForPreTraining model).
- This IS NOT expected if you are initializing BertForMaskedLM from the checkpoint of a model that you expect to be exactly identical (initializing a BertForSequenceClassification model from a BertForSequenceClassification model).
Debug: False
#Test_instances: 576
---------------------------------------- obj_label evaluation ----------------------------------------
          Singular  Plural  Paired Singular-Plural
Accuracy      28.5    45.5                    22.6
Save log/bert-large-uncased/lm_diagnostic_extended/consistency_group/IsA.lsp_sap.csv

#Test_instances: 576
/home/chunhua/.local/lib/python3.8/site-packages/transformers/pipelines/base.py:1043: UserWarning: You seem to be using the pipelines sequentially on GPU. In order to maximize efficiency please use a dataset
  warnings.warn(
/home/chunhua/.local/lib/python3.8/site-packages/transformers/pipelines/base.py:1043: UserWarning: You seem to be using the pipelines sequentially on GPU. In order to maximize efficiency please use a dataset
  warnings.warn(
---------------------------------------- obj_label evaluation ----------------------------------------
          Singular  Plural  Paired Singular-Plural
Accuracy      39.2    55.6                    35.1
Save log/bert-large-uncased/lm_diagnostic_extended/consistency_group/IsA.lsp_dap.csv


28.5	45.5	22.6
39.2	55.6	35.1