debug: False
---------------------------------------- config ----------------------------------------
{'debug': False, 'test_relations': ['IsA'], 'save_all_data': True, 'top_k': 10, 'data_dir': 'data/lm_diagnostic_extended/sgpl/', 'mask_string_mapping': {'bert-large-uncased': '[MASK]'}, 'use_dap_global': True, 'max_anchor_num': 3, 'return_probs': True, 'anchor_scorer_list': ['probAvg'], 'scorer_target_1_prompt': 'probSum', 'scorer_target_N_prompts': 'probAvg', 'use_original_prompt': True, 'original_prompt_source': 'masked_sentence', 'incorporate_operations': ['concate_or_single'], 'filter_anchors_flag': True, 'filter_objects_flag': False, 'cpt_only': False, 'max_anchor_num_list': [5], 'anchor_types': ['Coordinate_remove_Y_PUNC_FULL'], 'add_cpt_score': True, 'constrain_targets': False, 'add_wordnet_path_score': False}
---------------------------------------- config ----------------------------------------
Some weights of the model checkpoint at bert-large-uncased were not used when initializing BertForMaskedLM: ['cls.seq_relationship.bias', 'cls.seq_relationship.weight']
- This IS expected if you are initializing BertForMaskedLM from the checkpoint of a model trained on another task or with another architecture (e.g. initializing a BertForSequenceClassification model from a BertForPreTraining model).
- This IS NOT expected if you are initializing BertForMaskedLM from the checkpoint of a model that you expect to be exactly identical (initializing a BertForSequenceClassification model from a BertForSequenceClassification model).
Some weights of the model checkpoint at bert-large-uncased were not used when initializing BertForMaskedLM: ['cls.seq_relationship.bias', 'cls.seq_relationship.weight']
- This IS expected if you are initializing BertForMaskedLM from the checkpoint of a model trained on another task or with another architecture (e.g. initializing a BertForSequenceClassification model from a BertForPreTraining model).
- This IS NOT expected if you are initializing BertForMaskedLM from the checkpoint of a model that you expect to be exactly identical (initializing a BertForSequenceClassification model from a BertForSequenceClassification model).
---------------------------------------- bert-large-uncased-anchor_type: Coordinate_remove_Y_PUNC_FULL-scorer_anchor:probAvg-op:concate_or_single ----------------------------------------
{
    "IsA": {
        "relation": "IsA",
        "def_sap": [
            "A [X] is a [MASK].",
            "A [X] is an [MASK].",
            "An [X] is a [MASK].",
            "An [X] is an [MASK]."
        ],
        "def_dap": [
            "A [X] or [Z] is a [MASK].",
            "A [X] or [Z] is an [MASK].",
            "An [X] or [Z] is a [MASK].",
            "An [X] or [Z] is an [MASK]."
        ],
        "lsp_sap": [
            "[MASK] such as [X].",
            "[MASK], including [X].",
            "[MASK], especially [X].",
            "[X] or other [MASK].",
            "[X] and other [MASK].",
            "such [MASK] as [X]."
        ],
        "lsp_dap": [
            "[MASK] such as [X] and [Z].",
            "[MASK], including [X] and [Z].",
            "[MASK], especially [X] and [Z].",
            "[X], [Z] and other [MASK].",
            "[X], [Z] or other [MASK].",
            "such [MASK] as [X] and [Z]."
        ],
        "use_dap": true,
        "anchor_target": "[X]",
        "anchor_lsp_sap": [
            "such as [X] and [MASK].",
            "such as [X] or [MASK].",
            "such as [X], [MASK],",
            "including [X] and [MASK].",
            "including [X] or [MASK].",
            "including [X], [MASK],",
            "especially [X] and [MASK].",
            "especially [X] or [MASK].",
            "especially [X], [MASK],",
            "[X], [MASK] or other",
            "[X], [MASK] and other"
        ]
    }
}
Processing IsA ... data/lm_diagnostic_extended/sgpl//IsA.jsonl
#Test_instances: 576
	 step1: get anchors (fill and filter)
/home/chunhua/.local/lib/python3.8/site-packages/transformers/pipelines/base.py:1043: UserWarning: You seem to be using the pipelines sequentially on GPU. In order to maximize efficiency please use a dataset
  warnings.warn(
--- def_sap
--- lsp_sap
/home/chunhua/.local/lib/python3.8/site-packages/transformers/pipelines/base.py:1043: UserWarning: You seem to be using the pipelines sequentially on GPU. In order to maximize efficiency please use a dataset
  warnings.warn(
relation: IsA 	 use_dap: True
	 step2: insert anchors
	 step3: fill mask in dap anchors

  0%|          | 0/576 [00:00<?, ?it/s]/home/chunhua/.local/lib/python3.8/site-packages/transformers/pipelines/base.py:1043: UserWarning: You seem to be using the pipelines sequentially on GPU. In order to maximize efficiency please use a dataset
  warnings.warn(

  0%|          | 2/576 [00:00<00:48, 11.75it/s]
  1%|          | 4/576 [00:00<00:47, 12.00it/s]
  1%|          | 6/576 [00:00<00:47, 12.00it/s]
  1%|▏         | 8/576 [00:00<00:47, 12.01it/s]
  2%|▏         | 10/576 [00:00<00:46, 12.12it/s]
  2%|▏         | 12/576 [00:00<00:46, 12.18it/s]
  2%|▏         | 14/576 [00:01<00:45, 12.26it/s]
  3%|▎         | 16/576 [00:01<00:46, 12.15it/s]
  3%|▎         | 18/576 [00:01<00:46, 12.13it/s]
  3%|▎         | 20/576 [00:01<00:46, 12.02it/s]
  4%|▍         | 22/576 [00:01<00:46, 11.95it/s]
  4%|▍         | 24/576 [00:01<00:46, 11.96it/s]
  5%|▍         | 26/576 [00:02<00:46, 11.90it/s]
  5%|▍         | 28/576 [00:02<00:46, 11.87it/s]
  5%|▌         | 30/576 [00:02<00:45, 11.91it/s]
  6%|▌         | 32/576 [00:02<00:45, 11.96it/s]
  6%|▌         | 34/576 [00:02<00:45, 11.97it/s]
  6%|▋         | 36/576 [00:02<00:45, 11.97it/s]
  7%|▋         | 38/576 [00:03<00:44, 12.02it/s]
  7%|▋         | 40/576 [00:03<00:44, 12.04it/s]
  7%|▋         | 42/576 [00:03<00:44, 12.09it/s]
  8%|▊         | 44/576 [00:03<00:43, 12.14it/s]
  8%|▊         | 46/576 [00:03<00:43, 12.21it/s]
  8%|▊         | 48/576 [00:04<00:47, 11.21it/s]
  9%|▊         | 50/576 [00:04<00:46, 11.39it/s]
  9%|▉         | 52/576 [00:04<00:45, 11.60it/s]
  9%|▉         | 54/576 [00:04<00:44, 11.70it/s]
 10%|▉         | 56/576 [00:04<00:44, 11.81it/s]
 10%|█         | 58/576 [00:04<00:43, 11.84it/s]
 10%|█         | 60/576 [00:05<00:43, 11.88it/s]
 11%|█         | 62/576 [00:05<00:43, 11.89it/s]
 11%|█         | 64/576 [00:05<00:42, 11.93it/s]
 11%|█▏        | 66/576 [00:05<00:42, 11.94it/s]
 12%|█▏        | 68/576 [00:05<00:42, 11.95it/s]
 12%|█▏        | 70/576 [00:05<00:42, 11.98it/s]
 12%|█▎        | 72/576 [00:06<00:41, 12.05it/s]
 13%|█▎        | 74/576 [00:06<00:41, 12.05it/s]
 13%|█▎        | 76/576 [00:06<00:41, 12.14it/s]
 14%|█▎        | 78/576 [00:06<00:40, 12.16it/s]
 14%|█▍        | 80/576 [00:06<00:40, 12.22it/s]
 14%|█▍        | 82/576 [00:06<00:40, 12.23it/s]
 15%|█▍        | 84/576 [00:07<00:40, 12.18it/s]
 15%|█▍        | 86/576 [00:07<00:40, 12.13it/s]
 15%|█▌        | 88/576 [00:07<00:40, 12.13it/s]
 16%|█▌        | 90/576 [00:07<00:40, 12.11it/s]
 16%|█▌        | 92/576 [00:07<00:39, 12.11it/s]
 16%|█▋        | 94/576 [00:07<00:40, 12.00it/s]
 17%|█▋        | 96/576 [00:08<00:40, 11.97it/s]
 17%|█▋        | 98/576 [00:08<00:40, 11.85it/s]
 17%|█▋        | 100/576 [00:08<00:40, 11.89it/s]
 18%|█▊        | 102/576 [00:08<00:39, 11.87it/s]
 18%|█▊        | 104/576 [00:08<00:39, 11.90it/s]
 18%|█▊        | 106/576 [00:08<00:39, 11.92it/s]
 19%|█▉        | 108/576 [00:09<00:39, 11.97it/s]
 19%|█▉        | 110/576 [00:09<00:38, 12.04it/s]
 19%|█▉        | 112/576 [00:09<00:38, 12.08it/s]
 20%|█▉        | 114/576 [00:09<00:38, 12.14it/s]
 20%|██        | 116/576 [00:09<00:37, 12.20it/s]
 20%|██        | 118/576 [00:09<00:37, 12.23it/s]
 21%|██        | 120/576 [00:10<00:37, 12.16it/s]
 21%|██        | 122/576 [00:10<00:37, 12.14it/s]
 22%|██▏       | 124/576 [00:10<00:37, 12.13it/s]
 22%|██▏       | 126/576 [00:10<00:37, 12.10it/s]
 22%|██▏       | 128/576 [00:10<00:37, 12.07it/s]
 23%|██▎       | 130/576 [00:10<00:36, 12.07it/s]
 23%|██▎       | 132/576 [00:11<00:37, 11.96it/s]
 23%|██▎       | 134/576 [00:11<00:36, 11.95it/s]
 24%|██▎       | 136/576 [00:11<00:36, 11.95it/s]
 24%|██▍       | 138/576 [00:11<00:37, 11.82it/s]
 24%|██▍       | 140/576 [00:11<00:36, 11.87it/s]
 25%|██▍       | 142/576 [00:11<00:36, 11.84it/s]
 25%|██▌       | 144/576 [00:12<00:36, 11.90it/s]
 25%|██▌       | 146/576 [00:12<00:35, 11.98it/s]
 26%|██▌       | 148/576 [00:12<00:35, 12.05it/s]
 26%|██▌       | 150/576 [00:12<00:35, 12.10it/s]
 26%|██▋       | 152/576 [00:12<00:34, 12.18it/s]
 27%|██▋       | 154/576 [00:12<00:34, 12.10it/s]
 27%|██▋       | 156/576 [00:13<00:34, 12.07it/s]
 27%|██▋       | 158/576 [00:13<00:34, 12.05it/s]
 28%|██▊       | 160/576 [00:13<00:34, 12.08it/s]
 28%|██▊       | 162/576 [00:13<00:34, 12.06it/s]
 28%|██▊       | 164/576 [00:13<00:34, 12.06it/s]
 29%|██▉       | 166/576 [00:13<00:33, 12.06it/s]
 29%|██▉       | 168/576 [00:13<00:33, 12.07it/s]
 30%|██▉       | 170/576 [00:14<00:33, 12.02it/s]
 30%|██▉       | 172/576 [00:14<00:34, 11.88it/s]
 30%|███       | 174/576 [00:14<00:33, 11.82it/s]
 31%|███       | 176/576 [00:14<00:33, 11.90it/s]
 31%|███       | 178/576 [00:14<00:33, 11.95it/s]
 31%|███▏      | 180/576 [00:15<00:32, 12.05it/s]
 32%|███▏      | 182/576 [00:15<00:32, 12.14it/s]
 32%|███▏      | 184/576 [00:15<00:32, 12.20it/s]
 32%|███▏      | 186/576 [00:15<00:31, 12.25it/s]
 33%|███▎      | 188/576 [00:15<00:31, 12.24it/s]
 33%|███▎      | 190/576 [00:15<00:31, 12.15it/s]
 33%|███▎      | 192/576 [00:15<00:31, 12.16it/s]
 34%|███▎      | 194/576 [00:16<00:31, 12.14it/s]
 34%|███▍      | 196/576 [00:16<00:31, 12.10it/s]
 34%|███▍      | 198/576 [00:16<00:31, 12.07it/s]
 35%|███▍      | 200/576 [00:16<00:31, 12.10it/s]
 35%|███▌      | 202/576 [00:16<00:31, 12.04it/s]
 35%|███▌      | 204/576 [00:16<00:30, 12.02it/s]
 36%|███▌      | 206/576 [00:17<00:30, 12.03it/s]
 36%|███▌      | 208/576 [00:17<00:30, 12.04it/s]
 36%|███▋      | 210/576 [00:17<00:30, 11.98it/s]
 37%|███▋      | 212/576 [00:17<00:30, 11.98it/s]
 37%|███▋      | 214/576 [00:17<00:30, 12.06it/s]
 38%|███▊      | 216/576 [00:17<00:29, 12.14it/s]
 38%|███▊      | 218/576 [00:18<00:29, 12.17it/s]
 38%|███▊      | 220/576 [00:18<00:29, 12.22it/s]
 39%|███▊      | 222/576 [00:18<00:28, 12.25it/s]
 39%|███▉      | 224/576 [00:18<00:28, 12.19it/s]
 39%|███▉      | 226/576 [00:18<00:28, 12.13it/s]
 40%|███▉      | 228/576 [00:18<00:28, 12.11it/s]
 40%|███▉      | 230/576 [00:19<00:28, 12.13it/s]
 40%|████      | 232/576 [00:19<00:28, 12.11it/s]
 41%|████      | 234/576 [00:19<00:28, 12.04it/s]
 41%|████      | 236/576 [00:19<00:28, 12.00it/s]
 41%|████▏     | 238/576 [00:19<00:28, 11.99it/s]
 42%|████▏     | 240/576 [00:19<00:28, 11.99it/s]
 42%|████▏     | 242/576 [00:20<00:27, 11.94it/s]
 42%|████▏     | 244/576 [00:20<00:27, 11.93it/s]
 43%|████▎     | 246/576 [00:20<00:27, 11.97it/s]
 43%|████▎     | 248/576 [00:20<00:27, 12.00it/s]
 43%|████▎     | 250/576 [00:20<00:26, 12.10it/s]
 44%|████▍     | 252/576 [00:20<00:26, 12.18it/s]
 44%|████▍     | 254/576 [00:21<00:26, 12.25it/s]
 44%|████▍     | 256/576 [00:21<00:26, 12.31it/s]
 45%|████▍     | 258/576 [00:21<00:26, 12.20it/s]
 45%|████▌     | 260/576 [00:21<00:25, 12.16it/s]
 45%|████▌     | 262/576 [00:21<00:25, 12.14it/s]
 46%|████▌     | 264/576 [00:21<00:25, 12.10it/s]
 46%|████▌     | 266/576 [00:22<00:25, 12.10it/s]
 47%|████▋     | 268/576 [00:22<00:25, 12.10it/s]
 47%|████▋     | 270/576 [00:22<00:25, 12.04it/s]
 47%|████▋     | 272/576 [00:22<00:25, 12.06it/s]
 48%|████▊     | 274/576 [00:22<00:25, 12.05it/s]
 48%|████▊     | 276/576 [00:22<00:24, 12.08it/s]
 48%|████▊     | 278/576 [00:23<00:24, 12.07it/s]
 49%|████▊     | 280/576 [00:23<00:24, 12.06it/s]
 49%|████▉     | 282/576 [00:23<00:24, 12.02it/s]
 49%|████▉     | 284/576 [00:23<00:24, 12.08it/s]
 50%|████▉     | 286/576 [00:23<00:23, 12.13it/s]
 50%|█████     | 288/576 [00:23<00:23, 12.21it/s]
 50%|█████     | 290/576 [00:24<00:23, 12.28it/s]
 51%|█████     | 292/576 [00:24<00:23, 12.17it/s]
 51%|█████     | 294/576 [00:24<00:23, 12.06it/s]
 51%|█████▏    | 296/576 [00:24<00:23, 12.01it/s]
 52%|█████▏    | 298/576 [00:24<00:23, 12.02it/s]
 52%|█████▏    | 300/576 [00:24<00:23, 11.94it/s]
 52%|█████▏    | 302/576 [00:25<00:23, 11.90it/s]
 53%|█████▎    | 304/576 [00:25<00:22, 11.87it/s]
 53%|█████▎    | 306/576 [00:25<00:22, 11.89it/s]
 53%|█████▎    | 308/576 [00:25<00:22, 11.94it/s]
 54%|█████▍    | 310/576 [00:25<00:22, 11.98it/s]
 54%|█████▍    | 312/576 [00:25<00:21, 12.01it/s]
 55%|█████▍    | 314/576 [00:26<00:21, 12.01it/s]
 55%|█████▍    | 316/576 [00:26<00:21, 12.05it/s]
 55%|█████▌    | 318/576 [00:26<00:21, 12.09it/s]
 56%|█████▌    | 320/576 [00:26<00:21, 12.15it/s]
 56%|█████▌    | 322/576 [00:26<00:20, 12.24it/s]
 56%|█████▋    | 324/576 [00:26<00:20, 12.24it/s]
 57%|█████▋    | 326/576 [00:27<00:20, 12.28it/s]
 57%|█████▋    | 328/576 [00:27<00:20, 12.20it/s]
 57%|█████▋    | 330/576 [00:27<00:20, 12.17it/s]
 58%|█████▊    | 332/576 [00:27<00:20, 12.14it/s]
 58%|█████▊    | 334/576 [00:27<00:19, 12.12it/s]
 58%|█████▊    | 336/576 [00:27<00:19, 12.11it/s]
 59%|█████▊    | 338/576 [00:28<00:19, 12.03it/s]
 59%|█████▉    | 340/576 [00:28<00:19, 11.95it/s]
 59%|█████▉    | 342/576 [00:28<00:19, 11.92it/s]
 60%|█████▉    | 344/576 [00:28<00:19, 11.96it/s]
 60%|██████    | 346/576 [00:28<00:19, 12.00it/s]
 60%|██████    | 348/576 [00:28<00:18, 12.01it/s]
 61%|██████    | 350/576 [00:29<00:18, 12.00it/s]
 61%|██████    | 352/576 [00:29<00:18, 12.02it/s]
 61%|██████▏   | 354/576 [00:29<00:18, 12.07it/s]
 62%|██████▏   | 356/576 [00:29<00:18, 12.07it/s]
 62%|██████▏   | 358/576 [00:29<00:18, 12.08it/s]
 62%|██████▎   | 360/576 [00:29<00:17, 12.17it/s]
 63%|██████▎   | 362/576 [00:30<00:17, 12.26it/s]
 63%|██████▎   | 364/576 [00:30<00:17, 12.16it/s]
 64%|██████▎   | 366/576 [00:30<00:17, 12.10it/s]
 64%|██████▍   | 368/576 [00:30<00:17, 12.04it/s]
 64%|██████▍   | 370/576 [00:30<00:17, 12.07it/s]
 65%|██████▍   | 372/576 [00:30<00:17, 11.97it/s]
 65%|██████▍   | 374/576 [00:31<00:16, 11.95it/s]
 65%|██████▌   | 376/576 [00:31<00:16, 11.97it/s]
 66%|██████▌   | 378/576 [00:31<00:16, 11.99it/s]
 66%|██████▌   | 380/576 [00:31<00:16, 11.97it/s]
 66%|██████▋   | 382/576 [00:31<00:16, 11.91it/s]
 67%|██████▋   | 384/576 [00:31<00:16, 11.93it/s]
 67%|██████▋   | 386/576 [00:32<00:15, 11.94it/s]
 67%|██████▋   | 388/576 [00:32<00:15, 11.94it/s]
 68%|██████▊   | 390/576 [00:32<00:15, 11.99it/s]
 68%|██████▊   | 392/576 [00:32<00:15, 12.00it/s]
 68%|██████▊   | 394/576 [00:32<00:15, 11.98it/s]
 69%|██████▉   | 396/576 [00:32<00:15, 11.99it/s]
 69%|██████▉   | 398/576 [00:33<00:14, 12.00it/s]
 69%|██████▉   | 400/576 [00:33<00:14, 11.99it/s]
 70%|██████▉   | 402/576 [00:33<00:14, 12.00it/s]
 70%|███████   | 404/576 [00:33<00:14, 12.00it/s]
 70%|███████   | 406/576 [00:33<00:14, 12.02it/s]
 71%|███████   | 408/576 [00:33<00:15, 11.01it/s]
 71%|███████   | 410/576 [00:34<00:14, 11.27it/s]
 72%|███████▏  | 412/576 [00:34<00:14, 11.49it/s]
 72%|███████▏  | 414/576 [00:34<00:13, 11.65it/s]
 72%|███████▏  | 416/576 [00:34<00:13, 11.77it/s]
 73%|███████▎  | 418/576 [00:34<00:13, 11.84it/s]
 73%|███████▎  | 420/576 [00:34<00:13, 11.92it/s]
 73%|███████▎  | 422/576 [00:35<00:12, 11.98it/s]
 74%|███████▎  | 424/576 [00:35<00:12, 12.07it/s]
 74%|███████▍  | 426/576 [00:35<00:12, 12.11it/s]
 74%|███████▍  | 428/576 [00:35<00:12, 12.17it/s]
 75%|███████▍  | 430/576 [00:35<00:12, 12.13it/s]
 75%|███████▌  | 432/576 [00:35<00:11, 12.12it/s]
 75%|███████▌  | 434/576 [00:36<00:11, 12.01it/s]
 76%|███████▌  | 436/576 [00:36<00:11, 11.85it/s]
 76%|███████▌  | 438/576 [00:36<00:11, 11.84it/s]
 76%|███████▋  | 440/576 [00:36<00:11, 11.90it/s]
 77%|███████▋  | 442/576 [00:36<00:11, 11.94it/s]
 77%|███████▋  | 444/576 [00:36<00:11, 11.97it/s]
 77%|███████▋  | 446/576 [00:37<00:10, 11.98it/s]
 78%|███████▊  | 448/576 [00:37<00:10, 11.98it/s]
 78%|███████▊  | 450/576 [00:37<00:10, 11.99it/s]
 78%|███████▊  | 452/576 [00:37<00:10, 12.03it/s]
 79%|███████▉  | 454/576 [00:37<00:10, 12.03it/s]
 79%|███████▉  | 456/576 [00:37<00:09, 12.02it/s]
 80%|███████▉  | 458/576 [00:38<00:09, 12.06it/s]
 80%|███████▉  | 460/576 [00:38<00:09, 12.11it/s]
 80%|████████  | 462/576 [00:38<00:09, 12.16it/s]
 81%|████████  | 464/576 [00:38<00:09, 12.21it/s]
 81%|████████  | 466/576 [00:38<00:08, 12.25it/s]
 81%|████████▏ | 468/576 [00:38<00:08, 12.15it/s]
 82%|████████▏ | 470/576 [00:39<00:08, 12.10it/s]
 82%|████████▏ | 472/576 [00:39<00:08, 12.06it/s]
 82%|████████▏ | 474/576 [00:39<00:08, 12.06it/s]
 83%|████████▎ | 476/576 [00:39<00:08, 12.04it/s]
 83%|████████▎ | 478/576 [00:39<00:08, 12.01it/s]
 83%|████████▎ | 480/576 [00:39<00:08, 11.99it/s]
 84%|████████▎ | 482/576 [00:40<00:07, 12.01it/s]
 84%|████████▍ | 484/576 [00:40<00:07, 12.02it/s]
 84%|████████▍ | 486/576 [00:40<00:07, 11.99it/s]
 85%|████████▍ | 488/576 [00:40<00:07, 12.01it/s]
 85%|████████▌ | 490/576 [00:40<00:07, 12.02it/s]
 85%|████████▌ | 492/576 [00:40<00:06, 12.05it/s]
 86%|████████▌ | 494/576 [00:41<00:06, 12.15it/s]
 86%|████████▌ | 496/576 [00:41<00:06, 12.21it/s]
 86%|████████▋ | 498/576 [00:41<00:06, 12.27it/s]
 87%|████████▋ | 500/576 [00:41<00:06, 12.34it/s]
 87%|████████▋ | 502/576 [00:41<00:06, 12.26it/s]
 88%|████████▊ | 504/576 [00:41<00:05, 12.22it/s]
 88%|████████▊ | 506/576 [00:42<00:05, 12.19it/s]
 88%|████████▊ | 508/576 [00:42<00:05, 12.14it/s]
 89%|████████▊ | 510/576 [00:42<00:05, 12.02it/s]
 89%|████████▉ | 512/576 [00:42<00:05, 12.04it/s]
 89%|████████▉ | 514/576 [00:42<00:05, 11.93it/s]
 90%|████████▉ | 516/576 [00:42<00:05, 11.82it/s]
 90%|████████▉ | 518/576 [00:43<00:04, 11.84it/s]
 90%|█████████ | 520/576 [00:43<00:04, 11.88it/s]
 91%|█████████ | 522/576 [00:43<00:04, 11.93it/s]
 91%|█████████ | 524/576 [00:43<00:04, 11.94it/s]
 91%|█████████▏| 526/576 [00:43<00:04, 11.98it/s]
 92%|█████████▏| 528/576 [00:43<00:03, 12.11it/s]
 92%|█████████▏| 530/576 [00:44<00:03, 12.17it/s]
 92%|█████████▏| 532/576 [00:44<00:03, 12.23it/s]
 93%|█████████▎| 534/576 [00:44<00:03, 12.27it/s]
 93%|█████████▎| 536/576 [00:44<00:03, 12.33it/s]
 93%|█████████▎| 538/576 [00:44<00:03, 12.22it/s]
 94%|█████████▍| 540/576 [00:44<00:02, 12.04it/s]
 94%|█████████▍| 542/576 [00:45<00:02, 11.98it/s]
 94%|█████████▍| 544/576 [00:45<00:02, 11.94it/s]
 95%|█████████▍| 546/576 [00:45<00:02, 11.99it/s]
 95%|█████████▌| 548/576 [00:45<00:02, 12.02it/s]
 95%|█████████▌| 550/576 [00:45<00:02, 12.04it/s]
 96%|█████████▌| 552/576 [00:45<00:01, 12.04it/s]
 96%|█████████▌| 554/576 [00:46<00:01, 12.00it/s]
 97%|█████████▋| 556/576 [00:46<00:01, 12.05it/s]
 97%|█████████▋| 558/576 [00:46<00:01, 12.08it/s]
 97%|█████████▋| 560/576 [00:46<00:01, 12.06it/s]
 98%|█████████▊| 562/576 [00:46<00:01, 12.05it/s]
 98%|█████████▊| 564/576 [00:46<00:00, 12.11it/s]
 98%|█████████▊| 566/576 [00:47<00:00, 12.19it/s]
 99%|█████████▊| 568/576 [00:47<00:00, 12.23it/s]
 99%|█████████▉| 570/576 [00:47<00:00, 12.24it/s]
 99%|█████████▉| 572/576 [00:47<00:00, 12.25it/s]
100%|█████████▉| 574/576 [00:47<00:00, 12.10it/s]
100%|██████████| 576/576 [00:47<00:00, 12.10it/s]
100%|██████████| 576/576 [00:47<00:00, 12.03it/s]

  0%|          | 0/576 [00:00<?, ?it/s]
  0%|          | 1/576 [00:00<01:19,  7.25it/s]
  0%|          | 2/576 [00:00<01:19,  7.22it/s]
  1%|          | 3/576 [00:00<01:19,  7.24it/s]
  1%|          | 4/576 [00:00<01:19,  7.23it/s]
  1%|          | 5/576 [00:00<01:19,  7.22it/s]
  1%|          | 6/576 [00:00<01:18,  7.22it/s]
  1%|          | 7/576 [00:00<01:18,  7.21it/s]
  1%|▏         | 8/576 [00:01<01:18,  7.21it/s]
  2%|▏         | 9/576 [00:01<01:18,  7.23it/s]
  2%|▏         | 10/576 [00:01<01:18,  7.22it/s]
  2%|▏         | 11/576 [00:01<01:18,  7.21it/s]
  2%|▏         | 12/576 [00:01<01:18,  7.20it/s]
  2%|▏         | 13/576 [00:01<01:18,  7.19it/s]
  2%|▏         | 14/576 [00:01<01:17,  7.23it/s]
  3%|▎         | 15/576 [00:02<01:17,  7.25it/s]
  3%|▎         | 16/576 [00:02<01:16,  7.28it/s]
  3%|▎         | 17/576 [00:02<01:16,  7.33it/s]
  3%|▎         | 18/576 [00:02<01:15,  7.37it/s]
  3%|▎         | 19/576 [00:02<01:15,  7.40it/s]
  3%|▎         | 20/576 [00:02<01:15,  7.34it/s]
  4%|▎         | 21/576 [00:02<01:16,  7.30it/s]
  4%|▍         | 22/576 [00:03<01:16,  7.28it/s]
  4%|▍         | 23/576 [00:03<01:16,  7.27it/s]
  4%|▍         | 24/576 [00:03<01:16,  7.26it/s]
  4%|▍         | 25/576 [00:03<01:16,  7.24it/s]
  5%|▍         | 26/576 [00:03<01:16,  7.23it/s]
  5%|▍         | 27/576 [00:03<01:16,  7.22it/s]
  5%|▍         | 28/576 [00:03<01:15,  7.22it/s]
  5%|▌         | 29/576 [00:04<01:15,  7.22it/s]
  5%|▌         | 30/576 [00:04<01:15,  7.22it/s]
  5%|▌         | 31/576 [00:04<01:15,  7.21it/s]
  6%|▌         | 32/576 [00:04<01:15,  7.22it/s]
  6%|▌         | 33/576 [00:04<01:15,  7.22it/s]
  6%|▌         | 34/576 [00:04<01:15,  7.22it/s]
  6%|▌         | 35/576 [00:04<01:14,  7.26it/s]
  6%|▋         | 36/576 [00:04<01:15,  7.20it/s]
  6%|▋         | 37/576 [00:05<01:14,  7.25it/s]
  7%|▋         | 38/576 [00:05<01:14,  7.19it/s]
  7%|▋         | 39/576 [00:05<01:14,  7.25it/s]
  7%|▋         | 40/576 [00:05<01:13,  7.26it/s]
  7%|▋         | 41/576 [00:05<01:14,  7.23it/s]
  7%|▋         | 42/576 [00:05<01:13,  7.24it/s]
  7%|▋         | 43/576 [00:05<01:13,  7.26it/s]
  8%|▊         | 44/576 [00:06<01:13,  7.20it/s]
  8%|▊         | 45/576 [00:06<01:13,  7.19it/s]
  8%|▊         | 46/576 [00:06<01:14,  7.16it/s]
  8%|▊         | 47/576 [00:06<01:13,  7.19it/s]
  8%|▊         | 48/576 [00:06<01:13,  7.20it/s]
  9%|▊         | 49/576 [00:06<01:13,  7.21it/s]
  9%|▊         | 50/576 [00:06<01:12,  7.21it/s]
  9%|▉         | 51/576 [00:07<01:12,  7.21it/s]
  9%|▉         | 52/576 [00:07<01:12,  7.23it/s]
  9%|▉         | 53/576 [00:07<01:12,  7.23it/s]
  9%|▉         | 54/576 [00:07<01:12,  7.24it/s]
 10%|▉         | 55/576 [00:07<01:12,  7.21it/s]
 10%|▉         | 56/576 [00:07<01:11,  7.27it/s]
 10%|▉         | 57/576 [00:07<01:11,  7.21it/s]
 10%|█         | 58/576 [00:08<01:11,  7.24it/s]
 10%|█         | 59/576 [00:08<01:10,  7.29it/s]
 10%|█         | 60/576 [00:08<01:10,  7.33it/s]
 11%|█         | 61/576 [00:08<01:10,  7.31it/s]
 11%|█         | 62/576 [00:08<01:10,  7.26it/s]
 11%|█         | 63/576 [00:08<01:11,  7.21it/s]
 11%|█         | 64/576 [00:08<01:11,  7.18it/s]
 11%|█▏        | 65/576 [00:08<01:11,  7.16it/s]
 11%|█▏        | 66/576 [00:09<01:11,  7.17it/s]
 12%|█▏        | 67/576 [00:09<01:11,  7.15it/s]
 12%|█▏        | 68/576 [00:09<01:11,  7.15it/s]
 12%|█▏        | 69/576 [00:09<01:10,  7.17it/s]
 12%|█▏        | 70/576 [00:09<01:10,  7.16it/s]
 12%|█▏        | 71/576 [00:09<01:11,  7.09it/s]
 12%|█▎        | 72/576 [00:09<01:11,  7.07it/s]
 13%|█▎        | 73/576 [00:10<01:10,  7.10it/s]
 13%|█▎        | 74/576 [00:10<01:10,  7.14it/s]
 13%|█▎        | 75/576 [00:10<01:09,  7.17it/s]
 13%|█▎        | 76/576 [00:10<01:09,  7.21it/s]
 13%|█▎        | 77/576 [00:10<01:08,  7.24it/s]
 14%|█▎        | 78/576 [00:10<01:08,  7.24it/s]
 14%|█▎        | 79/576 [00:10<01:08,  7.29it/s]
 14%|█▍        | 80/576 [00:11<01:07,  7.33it/s]
 14%|█▍        | 81/576 [00:11<01:06,  7.39it/s]
 14%|█▍        | 82/576 [00:11<01:07,  7.31it/s]
 14%|█▍        | 83/576 [00:11<01:07,  7.28it/s]
 15%|█▍        | 84/576 [00:11<01:07,  7.24it/s]
 15%|█▍        | 85/576 [00:11<01:08,  7.19it/s]
 15%|█▍        | 86/576 [00:11<01:08,  7.15it/s]
 15%|█▌        | 87/576 [00:12<01:08,  7.17it/s]
 15%|█▌        | 88/576 [00:12<01:08,  7.17it/s]
 15%|█▌        | 89/576 [00:12<01:07,  7.20it/s]
 16%|█▌        | 90/576 [00:12<01:07,  7.22it/s]
 16%|█▌        | 91/576 [00:12<01:07,  7.20it/s]
 16%|█▌        | 92/576 [00:12<01:07,  7.22it/s]
 16%|█▌        | 93/576 [00:12<01:07,  7.20it/s]
 16%|█▋        | 94/576 [00:13<01:07,  7.16it/s]
 16%|█▋        | 95/576 [00:13<01:07,  7.17it/s]
 17%|█▋        | 96/576 [00:13<01:06,  7.18it/s]
 17%|█▋        | 97/576 [00:13<01:06,  7.22it/s]
 17%|█▋        | 98/576 [00:13<01:05,  7.24it/s]
 17%|█▋        | 99/576 [00:13<01:05,  7.26it/s]
 17%|█▋        | 100/576 [00:13<01:05,  7.30it/s]
 18%|█▊        | 101/576 [00:13<01:04,  7.33it/s]
 18%|█▊        | 102/576 [00:14<01:04,  7.35it/s]
 18%|█▊        | 103/576 [00:14<01:04,  7.30it/s]
 18%|█▊        | 104/576 [00:14<01:04,  7.28it/s]
 18%|█▊        | 105/576 [00:14<01:04,  7.25it/s]
 18%|█▊        | 106/576 [00:14<01:05,  7.23it/s]
 19%|█▊        | 107/576 [00:14<01:05,  7.20it/s]
 19%|█▉        | 108/576 [00:14<01:05,  7.17it/s]
 19%|█▉        | 109/576 [00:15<01:05,  7.16it/s]
 19%|█▉        | 110/576 [00:15<01:05,  7.15it/s]
 19%|█▉        | 111/576 [00:15<01:04,  7.16it/s]
 19%|█▉        | 112/576 [00:15<01:04,  7.18it/s]
 20%|█▉        | 113/576 [00:15<01:04,  7.14it/s]
 20%|█▉        | 114/576 [00:15<01:04,  7.16it/s]
 20%|█▉        | 115/576 [00:15<01:04,  7.14it/s]
 20%|██        | 116/576 [00:16<01:11,  6.44it/s]
 20%|██        | 117/576 [00:16<01:08,  6.67it/s]
 20%|██        | 118/576 [00:16<01:06,  6.86it/s]
 21%|██        | 119/576 [00:16<01:05,  7.01it/s]
 21%|██        | 120/576 [00:16<01:04,  7.10it/s]
 21%|██        | 121/576 [00:16<01:03,  7.19it/s]
 21%|██        | 122/576 [00:16<01:03,  7.17it/s]
 21%|██▏       | 123/576 [00:17<01:03,  7.15it/s]
 22%|██▏       | 124/576 [00:17<01:03,  7.16it/s]
 22%|██▏       | 125/576 [00:17<01:02,  7.18it/s]
 22%|██▏       | 126/576 [00:17<01:02,  7.20it/s]
 22%|██▏       | 127/576 [00:17<01:02,  7.18it/s]
 22%|██▏       | 128/576 [00:17<01:03,  7.10it/s]
 22%|██▏       | 129/576 [00:17<01:02,  7.12it/s]
 23%|██▎       | 130/576 [00:18<01:02,  7.14it/s]
 23%|██▎       | 131/576 [00:18<01:02,  7.16it/s]
 23%|██▎       | 132/576 [00:18<01:01,  7.19it/s]
 23%|██▎       | 133/576 [00:18<01:01,  7.17it/s]
 23%|██▎       | 134/576 [00:18<01:01,  7.15it/s]
 23%|██▎       | 135/576 [00:18<01:01,  7.15it/s]
 24%|██▎       | 136/576 [00:18<01:01,  7.16it/s]
 24%|██▍       | 137/576 [00:19<01:01,  7.12it/s]
 24%|██▍       | 138/576 [00:19<01:01,  7.17it/s]
 24%|██▍       | 139/576 [00:19<01:00,  7.20it/s]
 24%|██▍       | 140/576 [00:19<01:00,  7.23it/s]
 24%|██▍       | 141/576 [00:19<00:59,  7.26it/s]
 25%|██▍       | 142/576 [00:19<00:59,  7.28it/s]
 25%|██▍       | 143/576 [00:19<00:59,  7.28it/s]
 25%|██▌       | 144/576 [00:19<00:59,  7.24it/s]
 25%|██▌       | 145/576 [00:20<00:59,  7.21it/s]
 25%|██▌       | 146/576 [00:20<00:59,  7.20it/s]
 26%|██▌       | 147/576 [00:20<00:59,  7.19it/s]
 26%|██▌       | 148/576 [00:20<00:59,  7.17it/s]
 26%|██▌       | 149/576 [00:20<00:59,  7.14it/s]
 26%|██▌       | 150/576 [00:20<00:59,  7.14it/s]
 26%|██▌       | 151/576 [00:20<00:59,  7.14it/s]
 26%|██▋       | 152/576 [00:21<00:59,  7.16it/s]
 27%|██▋       | 153/576 [00:21<00:59,  7.11it/s]
 27%|██▋       | 154/576 [00:21<00:59,  7.12it/s]
 27%|██▋       | 155/576 [00:21<00:59,  7.13it/s]
 27%|██▋       | 156/576 [00:21<00:58,  7.16it/s]
 27%|██▋       | 157/576 [00:21<00:58,  7.17it/s]
 27%|██▋       | 158/576 [00:21<00:58,  7.17it/s]
 28%|██▊       | 159/576 [00:22<00:57,  7.21it/s]
 28%|██▊       | 160/576 [00:22<00:57,  7.24it/s]
 28%|██▊       | 161/576 [00:22<00:56,  7.29it/s]
 28%|██▊       | 162/576 [00:22<00:56,  7.32it/s]
 28%|██▊       | 163/576 [00:22<00:56,  7.34it/s]
 28%|██▊       | 164/576 [00:22<00:56,  7.28it/s]
 29%|██▊       | 165/576 [00:22<00:56,  7.26it/s]
 29%|██▉       | 166/576 [00:23<00:56,  7.24it/s]
 29%|██▉       | 167/576 [00:23<00:56,  7.24it/s]
 29%|██▉       | 168/576 [00:23<00:56,  7.22it/s]
 29%|██▉       | 169/576 [00:23<00:56,  7.19it/s]
 30%|██▉       | 170/576 [00:23<00:56,  7.15it/s]
 30%|██▉       | 171/576 [00:23<00:56,  7.15it/s]
 30%|██▉       | 172/576 [00:23<00:56,  7.14it/s]
 30%|███       | 173/576 [00:24<00:56,  7.13it/s]
 30%|███       | 174/576 [00:24<00:56,  7.13it/s]
 30%|███       | 175/576 [00:24<00:56,  7.12it/s]
 31%|███       | 176/576 [00:24<00:56,  7.11it/s]
 31%|███       | 177/576 [00:24<00:56,  7.11it/s]
 31%|███       | 178/576 [00:24<00:55,  7.12it/s]
 31%|███       | 179/576 [00:24<00:55,  7.15it/s]
 31%|███▏      | 180/576 [00:25<00:55,  7.19it/s]
 31%|███▏      | 181/576 [00:25<00:54,  7.21it/s]
 32%|███▏      | 182/576 [00:25<00:54,  7.25it/s]
 32%|███▏      | 183/576 [00:25<00:53,  7.28it/s]
 32%|███▏      | 184/576 [00:25<00:53,  7.30it/s]
 32%|███▏      | 185/576 [00:25<00:54,  7.24it/s]
 32%|███▏      | 186/576 [00:25<00:54,  7.21it/s]
 32%|███▏      | 187/576 [00:25<00:53,  7.22it/s]
 33%|███▎      | 188/576 [00:26<00:53,  7.21it/s]
 33%|███▎      | 189/576 [00:26<00:54,  7.15it/s]
 33%|███▎      | 190/576 [00:26<00:53,  7.15it/s]
 33%|███▎      | 191/576 [00:26<00:53,  7.17it/s]
 33%|███▎      | 192/576 [00:26<00:53,  7.18it/s]
 34%|███▎      | 193/576 [00:26<00:53,  7.19it/s]
 34%|███▎      | 194/576 [00:26<00:53,  7.18it/s]
 34%|███▍      | 195/576 [00:27<00:53,  7.18it/s]
 34%|███▍      | 196/576 [00:27<00:52,  7.18it/s]
 34%|███▍      | 197/576 [00:27<00:52,  7.20it/s]
 34%|███▍      | 198/576 [00:27<00:52,  7.19it/s]
 35%|███▍      | 199/576 [00:27<00:52,  7.22it/s]
 35%|███▍      | 200/576 [00:27<00:52,  7.21it/s]
 35%|███▍      | 201/576 [00:27<00:51,  7.24it/s]
 35%|███▌      | 202/576 [00:28<00:51,  7.22it/s]
 35%|███▌      | 203/576 [00:28<00:51,  7.23it/s]
 35%|███▌      | 204/576 [00:28<00:51,  7.24it/s]
 36%|███▌      | 205/576 [00:28<00:50,  7.30it/s]
 36%|███▌      | 206/576 [00:28<00:51,  7.25it/s]
 36%|███▌      | 207/576 [00:28<00:51,  7.22it/s]
 36%|███▌      | 208/576 [00:28<00:51,  7.15it/s]
 36%|███▋      | 209/576 [00:29<00:51,  7.13it/s]
 36%|███▋      | 210/576 [00:29<00:51,  7.13it/s]
 37%|███▋      | 211/576 [00:29<00:50,  7.16it/s]
 37%|███▋      | 212/576 [00:29<00:50,  7.18it/s]
 37%|███▋      | 213/576 [00:29<00:50,  7.17it/s]
 37%|███▋      | 214/576 [00:29<00:50,  7.18it/s]
 37%|███▋      | 215/576 [00:29<00:50,  7.21it/s]
 38%|███▊      | 216/576 [00:30<00:49,  7.23it/s]
 38%|███▊      | 217/576 [00:30<00:49,  7.22it/s]
 38%|███▊      | 218/576 [00:30<00:49,  7.21it/s]
 38%|███▊      | 219/576 [00:30<00:49,  7.21it/s]
 38%|███▊      | 220/576 [00:30<00:49,  7.21it/s]
 38%|███▊      | 221/576 [00:30<00:49,  7.20it/s]
 39%|███▊      | 222/576 [00:30<00:48,  7.26it/s]
 39%|███▊      | 223/576 [00:30<00:48,  7.29it/s]
 39%|███▉      | 224/576 [00:31<00:48,  7.31it/s]
 39%|███▉      | 225/576 [00:31<00:47,  7.36it/s]
 39%|███▉      | 226/576 [00:31<00:47,  7.38it/s]
 39%|███▉      | 227/576 [00:31<00:47,  7.39it/s]
 40%|███▉      | 228/576 [00:31<00:47,  7.32it/s]
 40%|███▉      | 229/576 [00:31<00:47,  7.28it/s]
 40%|███▉      | 230/576 [00:31<00:47,  7.28it/s]
 40%|████      | 231/576 [00:32<00:47,  7.28it/s]
 40%|████      | 232/576 [00:32<00:47,  7.26it/s]
 40%|████      | 233/576 [00:32<00:47,  7.26it/s]
 41%|████      | 234/576 [00:32<00:47,  7.26it/s]
 41%|████      | 235/576 [00:32<00:47,  7.22it/s]
 41%|████      | 236/576 [00:32<00:47,  7.22it/s]
 41%|████      | 237/576 [00:32<00:46,  7.21it/s]
 41%|████▏     | 238/576 [00:33<00:47,  7.18it/s]
 41%|████▏     | 239/576 [00:33<00:46,  7.17it/s]
 42%|████▏     | 240/576 [00:33<00:46,  7.16it/s]
 42%|████▏     | 241/576 [00:33<00:46,  7.14it/s]
 42%|████▏     | 242/576 [00:33<00:46,  7.15it/s]
 42%|████▏     | 243/576 [00:33<00:46,  7.19it/s]
 42%|████▏     | 244/576 [00:33<00:46,  7.14it/s]
 43%|████▎     | 245/576 [00:34<00:46,  7.13it/s]
 43%|████▎     | 246/576 [00:34<00:45,  7.21it/s]
 43%|████▎     | 247/576 [00:34<00:45,  7.28it/s]
 43%|████▎     | 248/576 [00:34<00:44,  7.29it/s]
 43%|████▎     | 249/576 [00:34<00:45,  7.24it/s]
 43%|████▎     | 250/576 [00:34<00:45,  7.24it/s]
 44%|████▎     | 251/576 [00:34<00:44,  7.24it/s]
 44%|████▍     | 252/576 [00:34<00:44,  7.25it/s]
 44%|████▍     | 253/576 [00:35<00:44,  7.26it/s]
 44%|████▍     | 254/576 [00:35<00:44,  7.26it/s]
 44%|████▍     | 255/576 [00:35<00:44,  7.26it/s]
 44%|████▍     | 256/576 [00:35<00:44,  7.23it/s]
 45%|████▍     | 257/576 [00:35<00:44,  7.23it/s]
 45%|████▍     | 258/576 [00:35<00:43,  7.24it/s]
 45%|████▍     | 259/576 [00:35<00:43,  7.25it/s]
 45%|████▌     | 260/576 [00:36<00:43,  7.20it/s]
 45%|████▌     | 261/576 [00:36<00:43,  7.22it/s]
 45%|████▌     | 262/576 [00:36<00:43,  7.19it/s]
 46%|████▌     | 263/576 [00:36<00:43,  7.20it/s]
 46%|████▌     | 264/576 [00:36<00:43,  7.24it/s]
 46%|████▌     | 265/576 [00:36<00:42,  7.27it/s]
 46%|████▌     | 266/576 [00:36<00:42,  7.29it/s]
 46%|████▋     | 267/576 [00:37<00:42,  7.27it/s]
 47%|████▋     | 268/576 [00:37<00:42,  7.33it/s]
 47%|████▋     | 269/576 [00:37<00:41,  7.35it/s]
 47%|████▋     | 270/576 [00:37<00:41,  7.30it/s]
 47%|████▋     | 271/576 [00:37<00:41,  7.27it/s]
 47%|████▋     | 272/576 [00:37<00:41,  7.24it/s]
 47%|████▋     | 273/576 [00:37<00:41,  7.25it/s]
 48%|████▊     | 274/576 [00:38<00:41,  7.24it/s]
 48%|████▊     | 275/576 [00:38<00:41,  7.26it/s]
 48%|████▊     | 276/576 [00:38<00:41,  7.27it/s]
 48%|████▊     | 277/576 [00:38<00:41,  7.24it/s]
 48%|████▊     | 278/576 [00:38<00:41,  7.22it/s]
 48%|████▊     | 279/576 [00:38<00:41,  7.22it/s]
 49%|████▊     | 280/576 [00:38<00:40,  7.23it/s]
 49%|████▉     | 281/576 [00:38<00:40,  7.20it/s]
 49%|████▉     | 282/576 [00:39<00:40,  7.20it/s]
 49%|████▉     | 283/576 [00:39<00:40,  7.19it/s]
 49%|████▉     | 284/576 [00:39<00:40,  7.19it/s]
 49%|████▉     | 285/576 [00:39<00:40,  7.21it/s]
 50%|████▉     | 286/576 [00:39<00:40,  7.25it/s]
 50%|████▉     | 287/576 [00:39<00:39,  7.25it/s]
 50%|█████     | 288/576 [00:39<00:39,  7.26it/s]
 50%|█████     | 289/576 [00:40<00:39,  7.30it/s]
 50%|█████     | 290/576 [00:40<00:39,  7.30it/s]
 51%|█████     | 291/576 [00:40<00:39,  7.24it/s]
 51%|█████     | 292/576 [00:40<00:39,  7.21it/s]
 51%|█████     | 293/576 [00:40<00:39,  7.15it/s]
 51%|█████     | 294/576 [00:40<00:39,  7.16it/s]
 51%|█████     | 295/576 [00:40<00:39,  7.13it/s]
 51%|█████▏    | 296/576 [00:41<00:39,  7.16it/s]
 52%|█████▏    | 297/576 [00:41<00:38,  7.20it/s]
 52%|█████▏    | 298/576 [00:41<00:38,  7.20it/s]
 52%|█████▏    | 299/576 [00:41<00:38,  7.22it/s]
 52%|█████▏    | 300/576 [00:41<00:38,  7.18it/s]
 52%|█████▏    | 301/576 [00:41<00:38,  7.16it/s]
 52%|█████▏    | 302/576 [00:41<00:38,  7.14it/s]
 53%|█████▎    | 303/576 [00:42<00:38,  7.18it/s]
 53%|█████▎    | 304/576 [00:42<00:37,  7.18it/s]
 53%|█████▎    | 305/576 [00:42<00:37,  7.21it/s]
 53%|█████▎    | 306/576 [00:42<00:37,  7.26it/s]
 53%|█████▎    | 307/576 [00:42<00:36,  7.28it/s]
 53%|█████▎    | 308/576 [00:42<00:36,  7.35it/s]
 54%|█████▎    | 309/576 [00:42<00:36,  7.38it/s]
 54%|█████▍    | 310/576 [00:42<00:35,  7.40it/s]
 54%|█████▍    | 311/576 [00:43<00:35,  7.38it/s]
 54%|█████▍    | 312/576 [00:43<00:35,  7.35it/s]
 54%|█████▍    | 313/576 [00:43<00:35,  7.31it/s]
 55%|█████▍    | 314/576 [00:43<00:35,  7.29it/s]
 55%|█████▍    | 315/576 [00:43<00:35,  7.28it/s]
 55%|█████▍    | 316/576 [00:43<00:35,  7.28it/s]
 55%|█████▌    | 317/576 [00:43<00:35,  7.25it/s]
 55%|█████▌    | 318/576 [00:44<00:35,  7.26it/s]
 55%|█████▌    | 319/576 [00:44<00:35,  7.27it/s]
 56%|█████▌    | 320/576 [00:44<00:35,  7.26it/s]
 56%|█████▌    | 321/576 [00:44<00:35,  7.27it/s]
 56%|█████▌    | 322/576 [00:44<00:34,  7.27it/s]
 56%|█████▌    | 323/576 [00:44<00:34,  7.24it/s]
 56%|█████▋    | 324/576 [00:44<00:35,  7.12it/s]
 56%|█████▋    | 325/576 [00:45<00:35,  7.11it/s]
 57%|█████▋    | 326/576 [00:45<00:34,  7.15it/s]
 57%|█████▋    | 327/576 [00:45<00:34,  7.21it/s]
 57%|█████▋    | 328/576 [00:45<00:34,  7.26it/s]
 57%|█████▋    | 329/576 [00:45<00:34,  7.26it/s]
 57%|█████▋    | 330/576 [00:45<00:33,  7.32it/s]
 57%|█████▋    | 331/576 [00:45<00:33,  7.31it/s]
 58%|█████▊    | 332/576 [00:46<00:37,  6.59it/s]
 58%|█████▊    | 333/576 [00:46<00:36,  6.74it/s]
 58%|█████▊    | 334/576 [00:46<00:35,  6.87it/s]
 58%|█████▊    | 335/576 [00:46<00:34,  6.97it/s]
 58%|█████▊    | 336/576 [00:46<00:34,  7.04it/s]
 59%|█████▊    | 337/576 [00:46<00:33,  7.09it/s]
 59%|█████▊    | 338/576 [00:46<00:33,  7.12it/s]
 59%|█████▉    | 339/576 [00:47<00:33,  7.15it/s]
 59%|█████▉    | 340/576 [00:47<00:32,  7.18it/s]
 59%|█████▉    | 341/576 [00:47<00:32,  7.21it/s]
 59%|█████▉    | 342/576 [00:47<00:32,  7.22it/s]
 60%|█████▉    | 343/576 [00:47<00:32,  7.18it/s]
 60%|█████▉    | 344/576 [00:47<00:32,  7.19it/s]
 60%|█████▉    | 345/576 [00:47<00:32,  7.20it/s]
 60%|██████    | 346/576 [00:48<00:31,  7.21it/s]
 60%|██████    | 347/576 [00:48<00:31,  7.20it/s]
 60%|██████    | 348/576 [00:48<00:31,  7.28it/s]
 61%|██████    | 349/576 [00:48<00:31,  7.31it/s]
 61%|██████    | 350/576 [00:48<00:30,  7.33it/s]
 61%|██████    | 351/576 [00:48<00:30,  7.36it/s]
 61%|██████    | 352/576 [00:48<00:30,  7.37it/s]
 61%|██████▏   | 353/576 [00:48<00:30,  7.39it/s]
 61%|██████▏   | 354/576 [00:49<00:30,  7.31it/s]
 62%|██████▏   | 355/576 [00:49<00:30,  7.28it/s]
 62%|██████▏   | 356/576 [00:49<00:30,  7.25it/s]
 62%|██████▏   | 357/576 [00:49<00:30,  7.23it/s]
 62%|██████▏   | 358/576 [00:49<00:30,  7.19it/s]
 62%|██████▏   | 359/576 [00:49<00:30,  7.19it/s]
 62%|██████▎   | 360/576 [00:49<00:30,  7.19it/s]
 63%|██████▎   | 361/576 [00:50<00:29,  7.18it/s]
 63%|██████▎   | 362/576 [00:50<00:29,  7.17it/s]
 63%|██████▎   | 363/576 [00:50<00:29,  7.16it/s]
 63%|██████▎   | 364/576 [00:50<00:29,  7.15it/s]
 63%|██████▎   | 365/576 [00:50<00:29,  7.17it/s]
 64%|██████▎   | 366/576 [00:50<00:29,  7.19it/s]
 64%|██████▎   | 367/576 [00:50<00:28,  7.21it/s]
 64%|██████▍   | 368/576 [00:51<00:28,  7.22it/s]
 64%|██████▍   | 369/576 [00:51<00:28,  7.22it/s]
 64%|██████▍   | 370/576 [00:51<00:28,  7.26it/s]
 64%|██████▍   | 371/576 [00:51<00:28,  7.27it/s]
 65%|██████▍   | 372/576 [00:51<00:28,  7.26it/s]
 65%|██████▍   | 373/576 [00:51<00:27,  7.26it/s]
 65%|██████▍   | 374/576 [00:51<00:28,  7.18it/s]
 65%|██████▌   | 375/576 [00:52<00:28,  7.17it/s]
 65%|██████▌   | 376/576 [00:52<00:27,  7.16it/s]
 65%|██████▌   | 377/576 [00:52<00:27,  7.12it/s]
 66%|██████▌   | 378/576 [00:52<00:27,  7.15it/s]
 66%|██████▌   | 379/576 [00:52<00:27,  7.13it/s]
 66%|██████▌   | 380/576 [00:52<00:27,  7.15it/s]
 66%|██████▌   | 381/576 [00:52<00:27,  7.19it/s]
 66%|██████▋   | 382/576 [00:52<00:26,  7.19it/s]
 66%|██████▋   | 383/576 [00:53<00:26,  7.21it/s]
 67%|██████▋   | 384/576 [00:53<00:26,  7.22it/s]
 67%|██████▋   | 385/576 [00:53<00:26,  7.22it/s]
 67%|██████▋   | 386/576 [00:53<00:26,  7.22it/s]
 67%|██████▋   | 387/576 [00:53<00:26,  7.23it/s]
 67%|██████▋   | 388/576 [00:53<00:25,  7.24it/s]
 68%|██████▊   | 389/576 [00:53<00:25,  7.26it/s]
 68%|██████▊   | 390/576 [00:54<00:25,  7.26it/s]
 68%|██████▊   | 391/576 [00:54<00:25,  7.30it/s]
 68%|██████▊   | 392/576 [00:54<00:25,  7.32it/s]
 68%|██████▊   | 393/576 [00:54<00:24,  7.36it/s]
 68%|██████▊   | 394/576 [00:54<00:24,  7.28it/s]
 69%|██████▊   | 395/576 [00:54<00:24,  7.35it/s]
 69%|██████▉   | 396/576 [00:54<00:24,  7.27it/s]
 69%|██████▉   | 397/576 [00:55<00:24,  7.25it/s]
 69%|██████▉   | 398/576 [00:55<00:24,  7.26it/s]
 69%|██████▉   | 399/576 [00:55<00:24,  7.24it/s]
 69%|██████▉   | 400/576 [00:55<00:24,  7.21it/s]
 70%|██████▉   | 401/576 [00:55<00:24,  7.17it/s]
 70%|██████▉   | 402/576 [00:55<00:24,  7.15it/s]
 70%|██████▉   | 403/576 [00:55<00:24,  7.16it/s]
 70%|███████   | 404/576 [00:56<00:23,  7.19it/s]
 70%|███████   | 405/576 [00:56<00:23,  7.21it/s]
 70%|███████   | 406/576 [00:56<00:23,  7.23it/s]
 71%|███████   | 407/576 [00:56<00:23,  7.24it/s]
 71%|███████   | 408/576 [00:56<00:23,  7.21it/s]
 71%|███████   | 409/576 [00:56<00:23,  7.21it/s]
 71%|███████   | 410/576 [00:56<00:23,  7.21it/s]
 71%|███████▏  | 411/576 [00:57<00:22,  7.24it/s]
 72%|███████▏  | 412/576 [00:57<00:22,  7.27it/s]
 72%|███████▏  | 413/576 [00:57<00:22,  7.29it/s]
 72%|███████▏  | 414/576 [00:57<00:22,  7.34it/s]
 72%|███████▏  | 415/576 [00:57<00:21,  7.34it/s]
 72%|███████▏  | 416/576 [00:57<00:21,  7.42it/s]
 72%|███████▏  | 417/576 [00:57<00:21,  7.36it/s]
 73%|███████▎  | 418/576 [00:57<00:21,  7.33it/s]
 73%|███████▎  | 419/576 [00:58<00:21,  7.30it/s]
 73%|███████▎  | 420/576 [00:58<00:21,  7.28it/s]
 73%|███████▎  | 421/576 [00:58<00:21,  7.27it/s]
 73%|███████▎  | 422/576 [00:58<00:21,  7.26it/s]
 73%|███████▎  | 423/576 [00:58<00:21,  7.22it/s]
 74%|███████▎  | 424/576 [00:58<00:21,  7.24it/s]
 74%|███████▍  | 425/576 [00:58<00:20,  7.25it/s]
 74%|███████▍  | 426/576 [00:59<00:20,  7.24it/s]
 74%|███████▍  | 427/576 [00:59<00:20,  7.24it/s]
 74%|███████▍  | 428/576 [00:59<00:20,  7.23it/s]
 74%|███████▍  | 429/576 [00:59<00:20,  7.22it/s]
 75%|███████▍  | 430/576 [00:59<00:20,  7.21it/s]
 75%|███████▍  | 431/576 [00:59<00:20,  7.21it/s]
 75%|███████▌  | 432/576 [00:59<00:19,  7.24it/s]
 75%|███████▌  | 433/576 [01:00<00:19,  7.27it/s]
 75%|███████▌  | 434/576 [01:00<00:19,  7.30it/s]
 76%|███████▌  | 435/576 [01:00<00:19,  7.32it/s]
 76%|███████▌  | 436/576 [01:00<00:19,  7.36it/s]
 76%|███████▌  | 437/576 [01:00<00:18,  7.40it/s]
 76%|███████▌  | 438/576 [01:00<00:18,  7.31it/s]
 76%|███████▌  | 439/576 [01:00<00:18,  7.28it/s]
 76%|███████▋  | 440/576 [01:00<00:18,  7.28it/s]
 77%|███████▋  | 441/576 [01:01<00:18,  7.26it/s]
 77%|███████▋  | 442/576 [01:01<00:18,  7.19it/s]
 77%|███████▋  | 443/576 [01:01<00:18,  7.22it/s]
 77%|███████▋  | 444/576 [01:01<00:18,  7.20it/s]
 77%|███████▋  | 445/576 [01:01<00:18,  7.22it/s]
 77%|███████▋  | 446/576 [01:01<00:18,  7.22it/s]
 78%|███████▊  | 447/576 [01:01<00:17,  7.24it/s]
 78%|███████▊  | 448/576 [01:02<00:17,  7.23it/s]
 78%|███████▊  | 449/576 [01:02<00:17,  7.21it/s]
 78%|███████▊  | 450/576 [01:02<00:17,  7.18it/s]
 78%|███████▊  | 451/576 [01:02<00:17,  7.16it/s]
 78%|███████▊  | 452/576 [01:02<00:17,  7.19it/s]
 79%|███████▊  | 453/576 [01:02<00:17,  7.21it/s]
 79%|███████▉  | 454/576 [01:02<00:16,  7.27it/s]
 79%|███████▉  | 455/576 [01:03<00:16,  7.30it/s]
 79%|███████▉  | 456/576 [01:03<00:16,  7.29it/s]
 79%|███████▉  | 457/576 [01:03<00:16,  7.29it/s]
 80%|███████▉  | 458/576 [01:03<00:16,  7.32it/s]
 80%|███████▉  | 459/576 [01:03<00:16,  7.25it/s]
 80%|███████▉  | 460/576 [01:03<00:16,  7.22it/s]
 80%|████████  | 461/576 [01:03<00:15,  7.19it/s]
 80%|████████  | 462/576 [01:04<00:15,  7.18it/s]
 80%|████████  | 463/576 [01:04<00:15,  7.20it/s]
 81%|████████  | 464/576 [01:04<00:15,  7.19it/s]
 81%|████████  | 465/576 [01:04<00:15,  7.21it/s]
 81%|████████  | 466/576 [01:04<00:15,  7.19it/s]
 81%|████████  | 467/576 [01:04<00:15,  7.22it/s]
 81%|████████▏ | 468/576 [01:04<00:14,  7.22it/s]
 81%|████████▏ | 469/576 [01:05<00:14,  7.17it/s]
 82%|████████▏ | 470/576 [01:05<00:14,  7.18it/s]
 82%|████████▏ | 471/576 [01:05<00:14,  7.19it/s]
 82%|████████▏ | 472/576 [01:05<00:14,  7.21it/s]
 82%|████████▏ | 473/576 [01:05<00:14,  7.22it/s]
 82%|████████▏ | 474/576 [01:05<00:14,  7.26it/s]
 82%|████████▏ | 475/576 [01:05<00:13,  7.29it/s]
 83%|████████▎ | 476/576 [01:05<00:13,  7.31it/s]
 83%|████████▎ | 477/576 [01:06<00:13,  7.33it/s]
 83%|████████▎ | 478/576 [01:06<00:13,  7.37it/s]
 83%|████████▎ | 479/576 [01:06<00:13,  7.33it/s]
 83%|████████▎ | 480/576 [01:06<00:13,  7.26it/s]
 84%|████████▎ | 481/576 [01:06<00:13,  7.23it/s]
 84%|████████▎ | 482/576 [01:06<00:12,  7.24it/s]
 84%|████████▍ | 483/576 [01:06<00:12,  7.22it/s]
 84%|████████▍ | 484/576 [01:07<00:12,  7.23it/s]
 84%|████████▍ | 485/576 [01:07<00:12,  7.22it/s]
 84%|████████▍ | 486/576 [01:07<00:12,  7.24it/s]
 85%|████████▍ | 487/576 [01:07<00:12,  7.24it/s]
 85%|████████▍ | 488/576 [01:07<00:12,  7.23it/s]
 85%|████████▍ | 489/576 [01:07<00:12,  7.25it/s]
 85%|████████▌ | 490/576 [01:07<00:11,  7.22it/s]
 85%|████████▌ | 491/576 [01:08<00:11,  7.22it/s]
 85%|████████▌ | 492/576 [01:08<00:11,  7.22it/s]
 86%|████████▌ | 493/576 [01:08<00:11,  7.22it/s]
 86%|████████▌ | 494/576 [01:08<00:11,  7.23it/s]
 86%|████████▌ | 495/576 [01:08<00:11,  7.24it/s]
 86%|████████▌ | 496/576 [01:08<00:10,  7.27it/s]
 86%|████████▋ | 497/576 [01:08<00:10,  7.31it/s]
 86%|████████▋ | 498/576 [01:08<00:10,  7.34it/s]
 87%|████████▋ | 499/576 [01:09<00:10,  7.35it/s]
 87%|████████▋ | 500/576 [01:09<00:10,  7.35it/s]
 87%|████████▋ | 501/576 [01:09<00:10,  7.31it/s]
 87%|████████▋ | 502/576 [01:09<00:10,  7.29it/s]
 87%|████████▋ | 503/576 [01:09<00:10,  7.26it/s]
 88%|████████▊ | 504/576 [01:09<00:09,  7.26it/s]
 88%|████████▊ | 505/576 [01:09<00:09,  7.24it/s]
 88%|████████▊ | 506/576 [01:10<00:09,  7.24it/s]
 88%|████████▊ | 507/576 [01:10<00:09,  7.23it/s]
 88%|████████▊ | 508/576 [01:10<00:09,  7.23it/s]
 88%|████████▊ | 509/576 [01:10<00:09,  7.22it/s]
 89%|████████▊ | 510/576 [01:10<00:09,  7.21it/s]
 89%|████████▊ | 511/576 [01:10<00:09,  7.22it/s]
 89%|████████▉ | 512/576 [01:10<00:08,  7.25it/s]
 89%|████████▉ | 513/576 [01:11<00:08,  7.23it/s]
 89%|████████▉ | 514/576 [01:11<00:08,  7.25it/s]
 89%|████████▉ | 515/576 [01:11<00:08,  7.24it/s]
 90%|████████▉ | 516/576 [01:11<00:08,  7.29it/s]
 90%|████████▉ | 517/576 [01:11<00:08,  7.26it/s]
 90%|████████▉ | 518/576 [01:11<00:07,  7.26it/s]
 90%|█████████ | 519/576 [01:11<00:07,  7.25it/s]
 90%|█████████ | 520/576 [01:12<00:07,  7.30it/s]
 90%|█████████ | 521/576 [01:12<00:07,  7.27it/s]
 91%|█████████ | 522/576 [01:12<00:07,  7.23it/s]
 91%|█████████ | 523/576 [01:12<00:07,  7.20it/s]
 91%|█████████ | 524/576 [01:12<00:07,  7.21it/s]
 91%|█████████ | 525/576 [01:12<00:07,  7.20it/s]
 91%|█████████▏| 526/576 [01:12<00:06,  7.23it/s]
 91%|█████████▏| 527/576 [01:12<00:06,  7.23it/s]
 92%|█████████▏| 528/576 [01:13<00:06,  7.25it/s]
 92%|█████████▏| 529/576 [01:13<00:06,  7.24it/s]
 92%|█████████▏| 530/576 [01:13<00:06,  7.11it/s]
 92%|█████████▏| 531/576 [01:13<00:06,  7.13it/s]
 92%|█████████▏| 532/576 [01:13<00:06,  7.14it/s]
 93%|█████████▎| 533/576 [01:13<00:06,  7.15it/s]
 93%|█████████▎| 534/576 [01:13<00:05,  7.16it/s]
 93%|█████████▎| 535/576 [01:14<00:05,  7.16it/s]
 93%|█████████▎| 536/576 [01:14<00:05,  7.19it/s]
 93%|█████████▎| 537/576 [01:14<00:05,  7.24it/s]
 93%|█████████▎| 538/576 [01:14<00:05,  7.27it/s]
 94%|█████████▎| 539/576 [01:14<00:05,  7.32it/s]
 94%|█████████▍| 540/576 [01:14<00:04,  7.29it/s]
 94%|█████████▍| 541/576 [01:14<00:04,  7.33it/s]
 94%|█████████▍| 542/576 [01:15<00:04,  7.26it/s]
 94%|█████████▍| 543/576 [01:15<00:04,  7.23it/s]
 94%|█████████▍| 544/576 [01:15<00:04,  7.22it/s]
 95%|█████████▍| 545/576 [01:15<00:04,  7.19it/s]
 95%|█████████▍| 546/576 [01:15<00:04,  7.20it/s]
 95%|█████████▍| 547/576 [01:15<00:04,  7.22it/s]
 95%|█████████▌| 548/576 [01:15<00:03,  7.21it/s]
 95%|█████████▌| 549/576 [01:16<00:04,  6.42it/s]
 95%|█████████▌| 550/576 [01:16<00:03,  6.63it/s]
 96%|█████████▌| 551/576 [01:16<00:03,  6.81it/s]
 96%|█████████▌| 552/576 [01:16<00:03,  6.92it/s]
 96%|█████████▌| 553/576 [01:16<00:03,  7.00it/s]
 96%|█████████▌| 554/576 [01:16<00:03,  7.07it/s]
 96%|█████████▋| 555/576 [01:16<00:02,  7.13it/s]
 97%|█████████▋| 556/576 [01:17<00:02,  7.17it/s]
 97%|█████████▋| 557/576 [01:17<00:02,  7.25it/s]
 97%|█████████▋| 558/576 [01:17<00:02,  7.28it/s]
 97%|█████████▋| 559/576 [01:17<00:02,  7.32it/s]
 97%|█████████▋| 560/576 [01:17<00:02,  7.32it/s]
 97%|█████████▋| 561/576 [01:17<00:02,  7.38it/s]
 98%|█████████▊| 562/576 [01:17<00:01,  7.36it/s]
 98%|█████████▊| 563/576 [01:18<00:01,  7.31it/s]
 98%|█████████▊| 564/576 [01:18<00:01,  7.30it/s]
 98%|█████████▊| 565/576 [01:18<00:01,  7.28it/s]
 98%|█████████▊| 566/576 [01:18<00:01,  7.27it/s]
 98%|█████████▊| 567/576 [01:18<00:01,  7.24it/s]
 99%|█████████▊| 568/576 [01:18<00:01,  7.18it/s]
 99%|█████████▉| 569/576 [01:18<00:00,  7.19it/s]
 99%|█████████▉| 570/576 [01:18<00:00,  7.19it/s]
 99%|█████████▉| 571/576 [01:19<00:00,  7.18it/s]
 99%|█████████▉| 572/576 [01:19<00:00,  7.18it/s]
 99%|█████████▉| 573/576 [01:19<00:00,  7.21it/s]
100%|█████████▉| 574/576 [01:19<00:00,  7.18it/s]
100%|█████████▉| 575/576 [01:19<00:00,  7.19it/s]
100%|██████████| 576/576 [01:19<00:00,  7.20it/s]
100%|██████████| 576/576 [01:19<00:00,  7.22it/s]

  0%|          | 0/576 [00:00<?, ?it/s]
  0%|          | 1/576 [00:00<03:54,  2.46it/s]
  0%|          | 2/576 [00:00<03:54,  2.45it/s]
  1%|          | 3/576 [00:01<03:55,  2.43it/s]
  1%|          | 4/576 [00:01<03:55,  2.43it/s]
  1%|          | 5/576 [00:02<03:54,  2.43it/s]
  1%|          | 6/576 [00:02<03:54,  2.43it/s]
  1%|          | 7/576 [00:02<03:54,  2.43it/s]
  1%|▏         | 8/576 [00:03<03:53,  2.43it/s]
  2%|▏         | 9/576 [00:03<03:52,  2.44it/s]
  2%|▏         | 10/576 [00:04<03:52,  2.44it/s]
  2%|▏         | 11/576 [00:04<03:52,  2.43it/s]
  2%|▏         | 12/576 [00:04<03:53,  2.42it/s]
  2%|▏         | 13/576 [00:05<03:52,  2.42it/s]
  2%|▏         | 14/576 [00:05<03:51,  2.42it/s]
  3%|▎         | 15/576 [00:06<03:51,  2.42it/s]
  3%|▎         | 16/576 [00:06<03:49,  2.44it/s]
  3%|▎         | 17/576 [00:06<03:50,  2.43it/s]
  3%|▎         | 18/576 [00:07<03:49,  2.43it/s]
  3%|▎         | 19/576 [00:07<03:48,  2.44it/s]
  3%|▎         | 20/576 [00:08<03:47,  2.44it/s]
  4%|▎         | 21/576 [00:08<03:48,  2.43it/s]
  4%|▍         | 22/576 [00:09<03:47,  2.43it/s]
  4%|▍         | 23/576 [00:09<03:47,  2.43it/s]
  4%|▍         | 24/576 [00:09<03:46,  2.43it/s]
  4%|▍         | 25/576 [00:10<03:46,  2.43it/s]
  5%|▍         | 26/576 [00:10<03:46,  2.43it/s]
  5%|▍         | 27/576 [00:11<03:45,  2.43it/s]
  5%|▍         | 28/576 [00:11<03:45,  2.43it/s]
  5%|▌         | 29/576 [00:11<03:44,  2.43it/s]
  5%|▌         | 30/576 [00:12<03:44,  2.44it/s]
  5%|▌         | 31/576 [00:12<03:43,  2.44it/s]
  6%|▌         | 32/576 [00:13<03:42,  2.44it/s]
  6%|▌         | 33/576 [00:13<04:22,  2.07it/s]
  6%|▌         | 34/576 [00:14<04:09,  2.17it/s]
  6%|▌         | 35/576 [00:14<04:01,  2.24it/s]
  6%|▋         | 36/576 [00:15<03:54,  2.30it/s]
  6%|▋         | 37/576 [00:15<03:48,  2.36it/s]
  7%|▋         | 38/576 [00:15<03:46,  2.38it/s]
  7%|▋         | 39/576 [00:16<03:44,  2.39it/s]
  7%|▋         | 40/576 [00:16<03:42,  2.41it/s]
  7%|▋         | 41/576 [00:17<03:41,  2.42it/s]
  7%|▋         | 42/576 [00:17<03:40,  2.42it/s]
  7%|▋         | 43/576 [00:17<03:41,  2.41it/s]
  8%|▊         | 44/576 [00:18<03:39,  2.43it/s]
  8%|▊         | 45/576 [00:18<03:39,  2.42it/s]
  8%|▊         | 46/576 [00:19<03:39,  2.42it/s]
  8%|▊         | 47/576 [00:19<03:39,  2.40it/s]
  8%|▊         | 48/576 [00:19<03:39,  2.41it/s]
  9%|▊         | 49/576 [00:20<03:38,  2.41it/s]
  9%|▊         | 50/576 [00:20<03:37,  2.42it/s]
  9%|▉         | 51/576 [00:21<03:35,  2.44it/s]
  9%|▉         | 52/576 [00:21<03:34,  2.44it/s]
  9%|▉         | 53/576 [00:22<03:35,  2.43it/s]
  9%|▉         | 54/576 [00:22<03:35,  2.42it/s]
 10%|▉         | 55/576 [00:22<03:34,  2.42it/s]
 10%|▉         | 56/576 [00:23<03:34,  2.42it/s]
 10%|▉         | 57/576 [00:23<03:33,  2.43it/s]
 10%|█         | 58/576 [00:24<03:31,  2.45it/s]
 10%|█         | 59/576 [00:24<03:30,  2.45it/s]
 10%|█         | 60/576 [00:24<03:31,  2.44it/s]
 11%|█         | 61/576 [00:25<03:31,  2.44it/s]
 11%|█         | 62/576 [00:25<03:30,  2.44it/s]
 11%|█         | 63/576 [00:26<03:30,  2.44it/s]
 11%|█         | 64/576 [00:26<03:37,  2.35it/s]
 11%|█▏        | 65/576 [00:26<03:33,  2.39it/s]
 11%|█▏        | 66/576 [00:27<03:32,  2.40it/s]
 12%|█▏        | 67/576 [00:27<03:31,  2.40it/s]
 12%|█▏        | 68/576 [00:28<03:31,  2.40it/s]
 12%|█▏        | 69/576 [00:28<03:29,  2.42it/s]
 12%|█▏        | 70/576 [00:29<03:29,  2.42it/s]
 12%|█▏        | 71/576 [00:29<03:27,  2.43it/s]
 12%|█▎        | 72/576 [00:29<03:27,  2.43it/s]
 13%|█▎        | 73/576 [00:30<03:27,  2.43it/s]
 13%|█▎        | 74/576 [00:30<03:26,  2.43it/s]
 13%|█▎        | 75/576 [00:31<03:26,  2.43it/s]
 13%|█▎        | 76/576 [00:31<03:26,  2.43it/s]
 13%|█▎        | 77/576 [00:31<03:25,  2.43it/s]
 14%|█▎        | 78/576 [00:32<03:24,  2.43it/s]
 14%|█▎        | 79/576 [00:32<03:23,  2.44it/s]
 14%|█▍        | 80/576 [00:33<03:23,  2.44it/s]
 14%|█▍        | 81/576 [00:33<03:23,  2.43it/s]
 14%|█▍        | 82/576 [00:33<03:23,  2.43it/s]
 14%|█▍        | 83/576 [00:34<03:23,  2.42it/s]
 15%|█▍        | 84/576 [00:34<03:23,  2.42it/s]
 15%|█▍        | 85/576 [00:35<03:22,  2.43it/s]
 15%|█▍        | 86/576 [00:35<03:21,  2.43it/s]
 15%|█▌        | 87/576 [00:36<03:21,  2.43it/s]
 15%|█▌        | 88/576 [00:36<03:21,  2.43it/s]
 15%|█▌        | 89/576 [00:36<03:20,  2.43it/s]
 16%|█▌        | 90/576 [00:37<03:19,  2.44it/s]
 16%|█▌        | 91/576 [00:37<03:19,  2.43it/s]
 16%|█▌        | 92/576 [00:38<03:18,  2.44it/s]
 16%|█▌        | 93/576 [00:38<03:16,  2.45it/s]
 16%|█▋        | 94/576 [00:38<03:16,  2.45it/s]
 16%|█▋        | 95/576 [00:39<03:16,  2.45it/s]
 17%|█▋        | 96/576 [00:39<03:16,  2.44it/s]
 17%|█▋        | 97/576 [00:40<03:15,  2.44it/s]
 17%|█▋        | 98/576 [00:40<03:15,  2.44it/s]
 17%|█▋        | 99/576 [00:40<03:15,  2.44it/s]
 17%|█▋        | 100/576 [00:41<03:14,  2.44it/s]
 18%|█▊        | 101/576 [00:41<03:15,  2.43it/s]
 18%|█▊        | 102/576 [00:42<03:15,  2.43it/s]
 18%|█▊        | 103/576 [00:42<03:15,  2.42it/s]
 18%|█▊        | 104/576 [00:43<03:15,  2.42it/s]
 18%|█▊        | 105/576 [00:43<03:14,  2.42it/s]
 18%|█▊        | 106/576 [00:43<03:13,  2.43it/s]
 19%|█▊        | 107/576 [00:44<03:11,  2.45it/s]
 19%|█▉        | 108/576 [00:44<03:10,  2.45it/s]
 19%|█▉        | 109/576 [00:45<03:10,  2.45it/s]
 19%|█▉        | 110/576 [00:45<03:11,  2.43it/s]
 19%|█▉        | 111/576 [00:45<03:12,  2.42it/s]
 19%|█▉        | 112/576 [00:46<03:11,  2.43it/s]
 20%|█▉        | 113/576 [00:46<03:10,  2.42it/s]
 20%|█▉        | 114/576 [00:47<03:09,  2.44it/s]
 20%|█▉        | 115/576 [00:47<03:09,  2.44it/s]
 20%|██        | 116/576 [00:47<03:08,  2.44it/s]
 20%|██        | 117/576 [00:48<03:09,  2.43it/s]
 20%|██        | 118/576 [00:48<03:08,  2.43it/s]
 21%|██        | 119/576 [00:49<03:07,  2.43it/s]
 21%|██        | 120/576 [00:49<03:07,  2.44it/s]
 21%|██        | 121/576 [00:50<03:06,  2.44it/s]
 21%|██        | 122/576 [00:50<03:06,  2.44it/s]
 21%|██▏       | 123/576 [00:50<03:05,  2.44it/s]
 22%|██▏       | 124/576 [00:51<03:04,  2.45it/s]
 22%|██▏       | 125/576 [00:51<03:04,  2.44it/s]
 22%|██▏       | 126/576 [00:52<03:07,  2.40it/s]
 22%|██▏       | 127/576 [00:52<03:06,  2.41it/s]
 22%|██▏       | 128/576 [00:52<03:05,  2.42it/s]
 22%|██▏       | 129/576 [00:53<03:04,  2.43it/s]
 23%|██▎       | 130/576 [00:53<03:03,  2.43it/s]
 23%|██▎       | 131/576 [00:54<03:03,  2.42it/s]
 23%|██▎       | 132/576 [00:54<03:02,  2.43it/s]
 23%|██▎       | 133/576 [00:54<03:02,  2.43it/s]
 23%|██▎       | 134/576 [00:55<03:02,  2.42it/s]
 23%|██▎       | 135/576 [00:55<03:01,  2.43it/s]
 24%|██▎       | 136/576 [00:56<03:06,  2.36it/s]
 24%|██▍       | 137/576 [00:56<03:04,  2.38it/s]
 24%|██▍       | 138/576 [00:57<03:03,  2.39it/s]
 24%|██▍       | 139/576 [00:57<03:01,  2.40it/s]
 24%|██▍       | 140/576 [00:57<03:00,  2.41it/s]
 24%|██▍       | 141/576 [00:58<03:00,  2.41it/s]
 25%|██▍       | 142/576 [00:58<02:58,  2.43it/s]
 25%|██▍       | 143/576 [00:59<02:57,  2.44it/s]
 25%|██▌       | 144/576 [00:59<02:57,  2.44it/s]
 25%|██▌       | 145/576 [00:59<02:57,  2.43it/s]
 25%|██▌       | 146/576 [01:00<02:57,  2.42it/s]
 26%|██▌       | 147/576 [01:00<02:57,  2.42it/s]
 26%|██▌       | 148/576 [01:01<02:56,  2.42it/s]
 26%|██▌       | 149/576 [01:01<02:54,  2.44it/s]
 26%|██▌       | 150/576 [01:01<02:54,  2.45it/s]
 26%|██▌       | 151/576 [01:02<02:53,  2.44it/s]
 26%|██▋       | 152/576 [01:02<02:54,  2.43it/s]
 27%|██▋       | 153/576 [01:03<02:54,  2.43it/s]
 27%|██▋       | 154/576 [01:03<02:53,  2.43it/s]
 27%|██▋       | 155/576 [01:04<02:54,  2.41it/s]
 27%|██▋       | 156/576 [01:04<02:53,  2.43it/s]
 27%|██▋       | 157/576 [01:04<02:54,  2.40it/s]
 27%|██▋       | 158/576 [01:05<02:53,  2.41it/s]
 28%|██▊       | 159/576 [01:05<02:52,  2.42it/s]
 28%|██▊       | 160/576 [01:06<02:52,  2.41it/s]
 28%|██▊       | 161/576 [01:06<02:51,  2.42it/s]
 28%|██▊       | 162/576 [01:06<02:51,  2.41it/s]
 28%|██▊       | 163/576 [01:07<02:49,  2.44it/s]
 28%|██▊       | 164/576 [01:07<02:48,  2.45it/s]
 29%|██▊       | 165/576 [01:08<02:48,  2.44it/s]
 29%|██▉       | 166/576 [01:08<02:47,  2.44it/s]
 29%|██▉       | 167/576 [01:08<02:47,  2.44it/s]
 29%|██▉       | 168/576 [01:09<02:47,  2.44it/s]
 29%|██▉       | 169/576 [01:09<02:46,  2.44it/s]
 30%|██▉       | 170/576 [01:10<02:47,  2.43it/s]
 30%|██▉       | 171/576 [01:10<02:45,  2.45it/s]
 30%|██▉       | 172/576 [01:11<02:45,  2.44it/s]
 30%|███       | 173/576 [01:11<02:45,  2.44it/s]
 30%|███       | 174/576 [01:11<02:44,  2.44it/s]
 30%|███       | 175/576 [01:12<02:45,  2.43it/s]
 31%|███       | 176/576 [01:12<02:44,  2.42it/s]
 31%|███       | 177/576 [01:13<02:44,  2.42it/s]
 31%|███       | 178/576 [01:13<02:42,  2.44it/s]
 31%|███       | 179/576 [01:13<02:42,  2.45it/s]
 31%|███▏      | 180/576 [01:14<02:42,  2.44it/s]
 31%|███▏      | 181/576 [01:14<02:42,  2.44it/s]
 32%|███▏      | 182/576 [01:15<02:43,  2.41it/s]
 32%|███▏      | 183/576 [01:15<02:43,  2.40it/s]
 32%|███▏      | 184/576 [01:15<02:42,  2.41it/s]
 32%|███▏      | 185/576 [01:16<02:41,  2.42it/s]
 32%|███▏      | 186/576 [01:16<02:40,  2.43it/s]
 32%|███▏      | 187/576 [01:17<02:40,  2.42it/s]
 33%|███▎      | 188/576 [01:17<02:40,  2.42it/s]
 33%|███▎      | 189/576 [01:18<02:39,  2.42it/s]
 33%|███▎      | 190/576 [01:18<02:40,  2.41it/s]
 33%|███▎      | 191/576 [01:18<02:39,  2.42it/s]
 33%|███▎      | 192/576 [01:19<02:38,  2.43it/s]
 34%|███▎      | 193/576 [01:19<02:37,  2.43it/s]
 34%|███▎      | 194/576 [01:20<02:36,  2.43it/s]
 34%|███▍      | 195/576 [01:20<02:36,  2.43it/s]
 34%|███▍      | 196/576 [01:20<02:36,  2.42it/s]
 34%|███▍      | 197/576 [01:21<02:36,  2.42it/s]
 34%|███▍      | 198/576 [01:21<02:36,  2.42it/s]
 35%|███▍      | 199/576 [01:22<02:35,  2.42it/s]
 35%|███▍      | 200/576 [01:22<02:34,  2.43it/s]
 35%|███▍      | 201/576 [01:23<02:34,  2.43it/s]
 35%|███▌      | 202/576 [01:23<02:33,  2.43it/s]
 35%|███▌      | 203/576 [01:23<02:33,  2.43it/s]
 35%|███▌      | 204/576 [01:24<02:33,  2.43it/s]
 36%|███▌      | 205/576 [01:24<02:32,  2.43it/s]
 36%|███▌      | 206/576 [01:25<02:31,  2.45it/s]
 36%|███▌      | 207/576 [01:25<02:31,  2.44it/s]
 36%|███▌      | 208/576 [01:25<02:30,  2.44it/s]
 36%|███▋      | 209/576 [01:26<02:37,  2.34it/s]
 36%|███▋      | 210/576 [01:26<02:35,  2.36it/s]
 37%|███▋      | 211/576 [01:27<02:33,  2.38it/s]
 37%|███▋      | 212/576 [01:27<02:31,  2.40it/s]
 37%|███▋      | 213/576 [01:27<02:30,  2.41it/s]
 37%|███▋      | 214/576 [01:28<02:30,  2.41it/s]
 37%|███▋      | 215/576 [01:28<02:29,  2.41it/s]
 38%|███▊      | 216/576 [01:29<02:29,  2.41it/s]
 38%|███▊      | 217/576 [01:29<02:28,  2.42it/s]
 38%|███▊      | 218/576 [01:30<02:27,  2.42it/s]
 38%|███▊      | 219/576 [01:30<02:26,  2.44it/s]
 38%|███▊      | 220/576 [01:30<02:26,  2.43it/s]
 38%|███▊      | 221/576 [01:31<02:26,  2.42it/s]
 39%|███▊      | 222/576 [01:31<02:26,  2.41it/s]
 39%|███▊      | 223/576 [01:32<02:26,  2.41it/s]
 39%|███▉      | 224/576 [01:32<02:25,  2.41it/s]
 39%|███▉      | 225/576 [01:32<02:25,  2.41it/s]
 39%|███▉      | 226/576 [01:33<02:23,  2.43it/s]
 39%|███▉      | 227/576 [01:33<02:22,  2.45it/s]
 40%|███▉      | 228/576 [01:34<02:22,  2.45it/s]
 40%|███▉      | 229/576 [01:34<02:22,  2.44it/s]
 40%|███▉      | 230/576 [01:34<02:21,  2.44it/s]
 40%|████      | 231/576 [01:35<02:22,  2.43it/s]
 40%|████      | 232/576 [01:35<02:21,  2.42it/s]
 40%|████      | 233/576 [01:36<02:20,  2.43it/s]
 41%|████      | 234/576 [01:36<02:20,  2.44it/s]
 41%|████      | 235/576 [01:37<02:20,  2.44it/s]
 41%|████      | 236/576 [01:37<02:19,  2.43it/s]
 41%|████      | 237/576 [01:37<02:19,  2.43it/s]
 41%|████▏     | 238/576 [01:38<02:18,  2.43it/s]
 41%|████▏     | 239/576 [01:38<02:19,  2.41it/s]
 42%|████▏     | 240/576 [01:39<02:19,  2.40it/s]
 42%|████▏     | 241/576 [01:39<02:17,  2.43it/s]
 42%|████▏     | 242/576 [01:39<02:17,  2.42it/s]
 42%|████▏     | 243/576 [01:40<02:17,  2.43it/s]
 42%|████▏     | 244/576 [01:40<02:16,  2.43it/s]
 43%|████▎     | 245/576 [01:41<02:16,  2.43it/s]
 43%|████▎     | 246/576 [01:41<02:16,  2.42it/s]
 43%|████▎     | 247/576 [01:42<02:16,  2.41it/s]
 43%|████▎     | 248/576 [01:42<02:14,  2.44it/s]
 43%|████▎     | 249/576 [01:42<02:14,  2.44it/s]
 43%|████▎     | 250/576 [01:43<02:13,  2.44it/s]
 44%|████▎     | 251/576 [01:43<02:13,  2.43it/s]
 44%|████▍     | 252/576 [01:44<02:13,  2.42it/s]
 44%|████▍     | 253/576 [01:44<02:13,  2.42it/s]
 44%|████▍     | 254/576 [01:44<02:13,  2.42it/s]
 44%|████▍     | 255/576 [01:45<02:12,  2.43it/s]
 44%|████▍     | 256/576 [01:45<02:11,  2.43it/s]
 45%|████▍     | 257/576 [01:46<02:12,  2.40it/s]
 45%|████▍     | 258/576 [01:46<02:12,  2.40it/s]
 45%|████▍     | 259/576 [01:46<02:12,  2.39it/s]
 45%|████▌     | 260/576 [01:47<02:11,  2.40it/s]
 45%|████▌     | 261/576 [01:47<02:10,  2.41it/s]
 45%|████▌     | 262/576 [01:48<02:09,  2.43it/s]
 46%|████▌     | 263/576 [01:48<02:09,  2.42it/s]
 46%|████▌     | 264/576 [01:49<02:09,  2.41it/s]
 46%|████▌     | 265/576 [01:49<02:08,  2.41it/s]
 46%|████▌     | 266/576 [01:49<02:08,  2.41it/s]
 46%|████▋     | 267/576 [01:50<02:08,  2.41it/s]
 47%|████▋     | 268/576 [01:50<02:08,  2.40it/s]
 47%|████▋     | 269/576 [01:51<02:07,  2.40it/s]
 47%|████▋     | 270/576 [01:51<02:08,  2.39it/s]
 47%|████▋     | 271/576 [01:51<02:08,  2.37it/s]
 47%|████▋     | 272/576 [01:52<02:07,  2.38it/s]
 47%|████▋     | 273/576 [01:52<02:07,  2.38it/s]
 48%|████▊     | 274/576 [01:53<02:06,  2.38it/s]
 48%|████▊     | 275/576 [01:53<02:04,  2.41it/s]
 48%|████▊     | 276/576 [01:54<02:04,  2.42it/s]
 48%|████▊     | 277/576 [01:54<02:03,  2.42it/s]
 48%|████▊     | 278/576 [01:54<02:03,  2.42it/s]
 48%|████▊     | 279/576 [01:55<02:02,  2.42it/s]
 49%|████▊     | 280/576 [01:55<02:02,  2.41it/s]
 49%|████▉     | 281/576 [01:56<02:02,  2.42it/s]
 49%|████▉     | 282/576 [01:56<02:05,  2.34it/s]
 49%|████▉     | 283/576 [01:56<02:02,  2.38it/s]
 49%|████▉     | 284/576 [01:57<02:01,  2.40it/s]
 49%|████▉     | 285/576 [01:57<02:00,  2.41it/s]
 50%|████▉     | 286/576 [01:58<02:00,  2.42it/s]
 50%|████▉     | 287/576 [01:58<01:59,  2.42it/s]
 50%|█████     | 288/576 [01:59<01:58,  2.43it/s]
 50%|█████     | 289/576 [01:59<01:57,  2.44it/s]
 50%|█████     | 290/576 [01:59<01:56,  2.45it/s]
 51%|█████     | 291/576 [02:00<01:56,  2.45it/s]
 51%|█████     | 292/576 [02:00<01:56,  2.44it/s]
 51%|█████     | 293/576 [02:01<01:56,  2.43it/s]
 51%|█████     | 294/576 [02:01<01:56,  2.42it/s]
 51%|█████     | 295/576 [02:01<01:56,  2.42it/s]
 51%|█████▏    | 296/576 [02:02<01:55,  2.43it/s]
 52%|█████▏    | 297/576 [02:02<01:54,  2.43it/s]
 52%|█████▏    | 298/576 [02:03<01:54,  2.43it/s]
 52%|█████▏    | 299/576 [02:03<01:54,  2.42it/s]
 52%|█████▏    | 300/576 [02:03<01:53,  2.42it/s]
 52%|█████▏    | 301/576 [02:04<01:53,  2.42it/s]
 52%|█████▏    | 302/576 [02:04<01:53,  2.41it/s]
 53%|█████▎    | 303/576 [02:05<01:53,  2.41it/s]
 53%|█████▎    | 304/576 [02:05<01:52,  2.41it/s]
 53%|█████▎    | 305/576 [02:06<01:52,  2.42it/s]
 53%|█████▎    | 306/576 [02:06<01:51,  2.42it/s]
 53%|█████▎    | 307/576 [02:06<01:51,  2.41it/s]
 53%|█████▎    | 308/576 [02:07<01:51,  2.41it/s]
 54%|█████▎    | 309/576 [02:07<01:50,  2.41it/s]
 54%|█████▍    | 310/576 [02:08<01:49,  2.43it/s]
 54%|█████▍    | 311/576 [02:08<01:48,  2.44it/s]
 54%|█████▍    | 312/576 [02:08<01:49,  2.42it/s]
 54%|█████▍    | 313/576 [02:09<01:48,  2.41it/s]
 55%|█████▍    | 314/576 [02:09<01:48,  2.41it/s]
 55%|█████▍    | 315/576 [02:10<01:48,  2.41it/s]
 55%|█████▍    | 316/576 [02:10<01:48,  2.41it/s]
 55%|█████▌    | 317/576 [02:10<01:47,  2.42it/s]
 55%|█████▌    | 318/576 [02:11<01:46,  2.43it/s]
 55%|█████▌    | 319/576 [02:11<01:45,  2.43it/s]
 56%|█████▌    | 320/576 [02:12<01:45,  2.43it/s]
 56%|█████▌    | 321/576 [02:12<01:44,  2.43it/s]
 56%|█████▌    | 322/576 [02:13<01:44,  2.44it/s]
 56%|█████▌    | 323/576 [02:13<01:43,  2.44it/s]
 56%|█████▋    | 324/576 [02:13<01:44,  2.42it/s]
 56%|█████▋    | 325/576 [02:14<01:42,  2.44it/s]
 57%|█████▋    | 326/576 [02:14<01:42,  2.44it/s]
 57%|█████▋    | 327/576 [02:15<01:42,  2.44it/s]
 57%|█████▋    | 328/576 [02:15<01:41,  2.44it/s]
 57%|█████▋    | 329/576 [02:15<01:41,  2.43it/s]
 57%|█████▋    | 330/576 [02:16<01:41,  2.43it/s]
 57%|█████▋    | 331/576 [02:16<01:41,  2.42it/s]
 58%|█████▊    | 332/576 [02:17<01:40,  2.44it/s]
 58%|█████▊    | 333/576 [02:17<01:39,  2.43it/s]
 58%|█████▊    | 334/576 [02:17<01:39,  2.42it/s]
 58%|█████▊    | 335/576 [02:18<01:39,  2.42it/s]
 58%|█████▊    | 336/576 [02:18<01:39,  2.42it/s]
 59%|█████▊    | 337/576 [02:19<01:39,  2.41it/s]
 59%|█████▊    | 338/576 [02:19<01:38,  2.42it/s]
 59%|█████▉    | 339/576 [02:20<01:37,  2.44it/s]
 59%|█████▉    | 340/576 [02:20<01:36,  2.44it/s]
 59%|█████▉    | 341/576 [02:20<01:36,  2.43it/s]
 59%|█████▉    | 342/576 [02:21<01:36,  2.42it/s]
 60%|█████▉    | 343/576 [02:21<01:36,  2.41it/s]
 60%|█████▉    | 344/576 [02:22<01:36,  2.40it/s]
 60%|█████▉    | 345/576 [02:22<01:36,  2.40it/s]
 60%|██████    | 346/576 [02:22<01:35,  2.42it/s]
 60%|██████    | 347/576 [02:23<01:34,  2.41it/s]
 60%|██████    | 348/576 [02:23<01:34,  2.42it/s]
 61%|██████    | 349/576 [02:24<01:33,  2.43it/s]
 61%|██████    | 350/576 [02:24<01:33,  2.43it/s]
 61%|██████    | 351/576 [02:25<01:32,  2.42it/s]
 61%|██████    | 352/576 [02:25<01:32,  2.42it/s]
 61%|██████▏   | 353/576 [02:25<01:31,  2.43it/s]
 61%|██████▏   | 354/576 [02:26<01:35,  2.32it/s]
 62%|██████▏   | 355/576 [02:26<01:34,  2.34it/s]
 62%|██████▏   | 356/576 [02:27<01:32,  2.37it/s]
 62%|██████▏   | 357/576 [02:27<01:31,  2.38it/s]
 62%|██████▏   | 358/576 [02:27<01:31,  2.39it/s]
 62%|██████▏   | 359/576 [02:28<01:30,  2.39it/s]
 62%|██████▎   | 360/576 [02:28<01:30,  2.40it/s]
 63%|██████▎   | 361/576 [02:29<01:29,  2.40it/s]
 63%|██████▎   | 362/576 [02:29<01:29,  2.40it/s]
 63%|██████▎   | 363/576 [02:30<01:28,  2.41it/s]
 63%|██████▎   | 364/576 [02:30<01:27,  2.41it/s]
 63%|██████▎   | 365/576 [02:30<01:27,  2.41it/s]
 64%|██████▎   | 366/576 [02:31<01:26,  2.41it/s]
 64%|██████▎   | 367/576 [02:31<01:26,  2.41it/s]
 64%|██████▍   | 368/576 [02:32<01:26,  2.41it/s]
 64%|██████▍   | 369/576 [02:32<01:26,  2.39it/s]
 64%|██████▍   | 370/576 [02:32<01:26,  2.39it/s]
 64%|██████▍   | 371/576 [02:33<01:25,  2.39it/s]
 65%|██████▍   | 372/576 [02:33<01:25,  2.39it/s]
 65%|██████▍   | 373/576 [02:34<01:23,  2.42it/s]
 65%|██████▍   | 374/576 [02:34<01:22,  2.44it/s]
 65%|██████▌   | 375/576 [02:35<01:22,  2.43it/s]
 65%|██████▌   | 376/576 [02:35<01:22,  2.43it/s]
 65%|██████▌   | 377/576 [02:35<01:21,  2.43it/s]
 66%|██████▌   | 378/576 [02:36<01:21,  2.42it/s]
 66%|██████▌   | 379/576 [02:36<01:21,  2.41it/s]
 66%|██████▌   | 380/576 [02:37<01:21,  2.42it/s]
 66%|██████▌   | 381/576 [02:37<01:20,  2.43it/s]
 66%|██████▋   | 382/576 [02:37<01:20,  2.42it/s]
 66%|██████▋   | 383/576 [02:38<01:20,  2.41it/s]
 67%|██████▋   | 384/576 [02:38<01:19,  2.41it/s]
 67%|██████▋   | 385/576 [02:39<01:19,  2.42it/s]
 67%|██████▋   | 386/576 [02:39<01:18,  2.42it/s]
 67%|██████▋   | 387/576 [02:39<01:17,  2.43it/s]
 67%|██████▋   | 388/576 [02:40<01:17,  2.44it/s]
 68%|██████▊   | 389/576 [02:40<01:17,  2.42it/s]
 68%|██████▊   | 390/576 [02:41<01:16,  2.42it/s]
 68%|██████▊   | 391/576 [02:41<01:16,  2.42it/s]
 68%|██████▊   | 392/576 [02:42<01:16,  2.42it/s]
 68%|██████▊   | 393/576 [02:42<01:15,  2.41it/s]
 68%|██████▊   | 394/576 [02:42<01:15,  2.41it/s]
 69%|██████▊   | 395/576 [02:43<01:14,  2.42it/s]
 69%|██████▉   | 396/576 [02:43<01:14,  2.42it/s]
 69%|██████▉   | 397/576 [02:44<01:14,  2.40it/s]
 69%|██████▉   | 398/576 [02:44<01:14,  2.40it/s]
 69%|██████▉   | 399/576 [02:44<01:14,  2.39it/s]
 69%|██████▉   | 400/576 [02:45<01:13,  2.40it/s]
 70%|██████▉   | 401/576 [02:45<01:12,  2.42it/s]
 70%|██████▉   | 402/576 [02:46<01:11,  2.45it/s]
 70%|██████▉   | 403/576 [02:46<01:11,  2.43it/s]
 70%|███████   | 404/576 [02:47<01:11,  2.41it/s]
 70%|███████   | 405/576 [02:47<01:10,  2.42it/s]
 70%|███████   | 406/576 [02:47<01:10,  2.42it/s]
 71%|███████   | 407/576 [02:48<01:09,  2.43it/s]
 71%|███████   | 408/576 [02:48<01:09,  2.43it/s]
 71%|███████   | 409/576 [02:49<01:08,  2.44it/s]
 71%|███████   | 410/576 [02:49<01:08,  2.44it/s]
 71%|███████▏  | 411/576 [02:49<01:07,  2.43it/s]
 72%|███████▏  | 412/576 [02:50<01:07,  2.43it/s]
 72%|███████▏  | 413/576 [02:50<01:07,  2.43it/s]
 72%|███████▏  | 414/576 [02:51<01:06,  2.43it/s]
 72%|███████▏  | 415/576 [02:51<01:06,  2.44it/s]
 72%|███████▏  | 416/576 [02:51<01:05,  2.45it/s]
 72%|███████▏  | 417/576 [02:52<01:05,  2.44it/s]
 73%|███████▎  | 418/576 [02:52<01:04,  2.44it/s]
 73%|███████▎  | 419/576 [02:53<01:04,  2.44it/s]
 73%|███████▎  | 420/576 [02:53<01:04,  2.43it/s]
 73%|███████▎  | 421/576 [02:54<01:03,  2.42it/s]
 73%|███████▎  | 422/576 [02:54<01:03,  2.42it/s]
 73%|███████▎  | 423/576 [02:54<01:02,  2.44it/s]
 74%|███████▎  | 424/576 [02:55<01:02,  2.44it/s]
 74%|███████▍  | 425/576 [02:55<01:02,  2.43it/s]
 74%|███████▍  | 426/576 [02:56<01:01,  2.42it/s]
 74%|███████▍  | 427/576 [02:56<01:04,  2.31it/s]
 74%|███████▍  | 428/576 [02:56<01:03,  2.32it/s]
 74%|███████▍  | 429/576 [02:57<01:02,  2.35it/s]
 75%|███████▍  | 430/576 [02:57<01:01,  2.38it/s]
 75%|███████▍  | 431/576 [02:58<01:00,  2.40it/s]
 75%|███████▌  | 432/576 [02:58<00:59,  2.41it/s]
 75%|███████▌  | 433/576 [02:59<00:59,  2.42it/s]
 75%|███████▌  | 434/576 [02:59<00:58,  2.41it/s]
 76%|███████▌  | 435/576 [02:59<00:58,  2.41it/s]
 76%|███████▌  | 436/576 [03:00<00:57,  2.43it/s]
 76%|███████▌  | 437/576 [03:00<00:57,  2.43it/s]
 76%|███████▌  | 438/576 [03:01<00:57,  2.41it/s]
 76%|███████▌  | 439/576 [03:01<00:56,  2.41it/s]
 76%|███████▋  | 440/576 [03:01<00:56,  2.41it/s]
 77%|███████▋  | 441/576 [03:02<00:55,  2.42it/s]
 77%|███████▋  | 442/576 [03:02<00:55,  2.41it/s]
 77%|███████▋  | 443/576 [03:03<00:55,  2.42it/s]
 77%|███████▋  | 444/576 [03:03<00:54,  2.44it/s]
 77%|███████▋  | 445/576 [03:03<00:53,  2.43it/s]
 77%|███████▋  | 446/576 [03:04<00:53,  2.43it/s]
 78%|███████▊  | 447/576 [03:04<00:53,  2.41it/s]
 78%|███████▊  | 448/576 [03:05<00:52,  2.42it/s]
 78%|███████▊  | 449/576 [03:05<00:52,  2.41it/s]
 78%|███████▊  | 450/576 [03:06<00:52,  2.42it/s]
 78%|███████▊  | 451/576 [03:06<00:51,  2.44it/s]
 78%|███████▊  | 452/576 [03:06<00:51,  2.43it/s]
 79%|███████▊  | 453/576 [03:07<00:51,  2.41it/s]
 79%|███████▉  | 454/576 [03:07<00:50,  2.40it/s]
 79%|███████▉  | 455/576 [03:08<00:50,  2.41it/s]
 79%|███████▉  | 456/576 [03:08<00:50,  2.40it/s]
 79%|███████▉  | 457/576 [03:08<00:49,  2.42it/s]
 80%|███████▉  | 458/576 [03:09<00:48,  2.43it/s]
 80%|███████▉  | 459/576 [03:09<00:48,  2.43it/s]
 80%|███████▉  | 460/576 [03:10<00:47,  2.42it/s]
 80%|████████  | 461/576 [03:10<00:47,  2.41it/s]
 80%|████████  | 462/576 [03:11<00:47,  2.39it/s]
 80%|████████  | 463/576 [03:11<00:47,  2.37it/s]
 81%|████████  | 464/576 [03:11<00:46,  2.40it/s]
 81%|████████  | 465/576 [03:12<00:45,  2.42it/s]
 81%|████████  | 466/576 [03:12<00:45,  2.42it/s]
 81%|████████  | 467/576 [03:13<00:44,  2.42it/s]
 81%|████████▏ | 468/576 [03:13<00:44,  2.42it/s]
 81%|████████▏ | 469/576 [03:13<00:44,  2.41it/s]
 82%|████████▏ | 470/576 [03:14<00:43,  2.41it/s]
 82%|████████▏ | 471/576 [03:14<00:43,  2.42it/s]
 82%|████████▏ | 472/576 [03:15<00:42,  2.42it/s]
 82%|████████▏ | 473/576 [03:15<00:42,  2.41it/s]
 82%|████████▏ | 474/576 [03:15<00:42,  2.41it/s]
 82%|████████▏ | 475/576 [03:16<00:41,  2.41it/s]
 83%|████████▎ | 476/576 [03:16<00:41,  2.41it/s]
 83%|████████▎ | 477/576 [03:17<00:40,  2.42it/s]
 83%|████████▎ | 478/576 [03:17<00:40,  2.42it/s]
 83%|████████▎ | 479/576 [03:18<00:39,  2.43it/s]
 83%|████████▎ | 480/576 [03:18<00:39,  2.42it/s]
 84%|████████▎ | 481/576 [03:18<00:39,  2.42it/s]
 84%|████████▎ | 482/576 [03:19<00:39,  2.40it/s]
 84%|████████▍ | 483/576 [03:19<00:38,  2.40it/s]
 84%|████████▍ | 484/576 [03:20<00:38,  2.40it/s]
 84%|████████▍ | 485/576 [03:20<00:37,  2.42it/s]
 84%|████████▍ | 486/576 [03:20<00:37,  2.42it/s]
 85%|████████▍ | 487/576 [03:21<00:36,  2.42it/s]
 85%|████████▍ | 488/576 [03:21<00:36,  2.41it/s]
 85%|████████▍ | 489/576 [03:22<00:36,  2.40it/s]
 85%|████████▌ | 490/576 [03:22<00:35,  2.41it/s]
 85%|████████▌ | 491/576 [03:23<00:35,  2.42it/s]
 85%|████████▌ | 492/576 [03:23<00:34,  2.43it/s]
 86%|████████▌ | 493/576 [03:23<00:33,  2.45it/s]
 86%|████████▌ | 494/576 [03:24<00:33,  2.44it/s]
 86%|████████▌ | 495/576 [03:24<00:33,  2.44it/s]
 86%|████████▌ | 496/576 [03:25<00:33,  2.42it/s]
 86%|████████▋ | 497/576 [03:25<00:32,  2.41it/s]
 86%|████████▋ | 498/576 [03:25<00:32,  2.41it/s]
 87%|████████▋ | 499/576 [03:26<00:33,  2.33it/s]
 87%|████████▋ | 500/576 [03:26<00:31,  2.38it/s]
 87%|████████▋ | 501/576 [03:27<00:31,  2.38it/s]
 87%|████████▋ | 502/576 [03:27<00:30,  2.39it/s]
 87%|████████▋ | 503/576 [03:28<00:30,  2.40it/s]
 88%|████████▊ | 504/576 [03:28<00:29,  2.40it/s]
 88%|████████▊ | 505/576 [03:28<00:29,  2.38it/s]
 88%|████████▊ | 506/576 [03:29<00:29,  2.40it/s]
 88%|████████▊ | 507/576 [03:29<00:28,  2.41it/s]
 88%|████████▊ | 508/576 [03:30<00:28,  2.41it/s]
 88%|████████▊ | 509/576 [03:30<00:27,  2.42it/s]
 89%|████████▊ | 510/576 [03:30<00:27,  2.41it/s]
 89%|████████▊ | 511/576 [03:31<00:27,  2.39it/s]
 89%|████████▉ | 512/576 [03:31<00:26,  2.40it/s]
 89%|████████▉ | 513/576 [03:32<00:25,  2.43it/s]
 89%|████████▉ | 514/576 [03:32<00:25,  2.43it/s]
 89%|████████▉ | 515/576 [03:32<00:25,  2.43it/s]
 90%|████████▉ | 516/576 [03:33<00:24,  2.43it/s]
 90%|████████▉ | 517/576 [03:33<00:24,  2.43it/s]
 90%|████████▉ | 518/576 [03:34<00:23,  2.42it/s]
 90%|█████████ | 519/576 [03:34<00:23,  2.43it/s]
 90%|█████████ | 520/576 [03:35<00:22,  2.44it/s]
 90%|█████████ | 521/576 [03:35<00:22,  2.45it/s]
 91%|█████████ | 522/576 [03:35<00:22,  2.44it/s]
 91%|█████████ | 523/576 [03:36<00:21,  2.44it/s]
 91%|█████████ | 524/576 [03:36<00:21,  2.43it/s]
 91%|█████████ | 525/576 [03:37<00:20,  2.43it/s]
 91%|█████████▏| 526/576 [03:37<00:20,  2.42it/s]
 91%|█████████▏| 527/576 [03:37<00:20,  2.44it/s]
 92%|█████████▏| 528/576 [03:38<00:19,  2.43it/s]
 92%|█████████▏| 529/576 [03:38<00:19,  2.43it/s]
 92%|█████████▏| 530/576 [03:39<00:18,  2.43it/s]
 92%|█████████▏| 531/576 [03:39<00:18,  2.43it/s]
 92%|█████████▏| 532/576 [03:39<00:18,  2.43it/s]
 93%|█████████▎| 533/576 [03:40<00:17,  2.43it/s]
 93%|█████████▎| 534/576 [03:40<00:17,  2.43it/s]
 93%|█████████▎| 535/576 [03:41<00:16,  2.44it/s]
 93%|█████████▎| 536/576 [03:41<00:16,  2.44it/s]
 93%|█████████▎| 537/576 [03:42<00:16,  2.41it/s]
 93%|█████████▎| 538/576 [03:42<00:15,  2.40it/s]
 94%|█████████▎| 539/576 [03:42<00:15,  2.39it/s]
 94%|█████████▍| 540/576 [03:43<00:15,  2.39it/s]
 94%|█████████▍| 541/576 [03:43<00:14,  2.39it/s]
 94%|█████████▍| 542/576 [03:44<00:14,  2.41it/s]
 94%|█████████▍| 543/576 [03:44<00:13,  2.41it/s]
 94%|█████████▍| 544/576 [03:44<00:13,  2.41it/s]
 95%|█████████▍| 545/576 [03:45<00:12,  2.41it/s]
 95%|█████████▍| 546/576 [03:45<00:12,  2.42it/s]
 95%|█████████▍| 547/576 [03:46<00:12,  2.42it/s]
 95%|█████████▌| 548/576 [03:46<00:11,  2.42it/s]
 95%|█████████▌| 549/576 [03:47<00:11,  2.43it/s]
 95%|█████████▌| 550/576 [03:47<00:10,  2.42it/s]
 96%|█████████▌| 551/576 [03:47<00:10,  2.41it/s]
 96%|█████████▌| 552/576 [03:48<00:09,  2.40it/s]
 96%|█████████▌| 553/576 [03:48<00:09,  2.41it/s]
 96%|█████████▌| 554/576 [03:49<00:09,  2.41it/s]
 96%|█████████▋| 555/576 [03:49<00:08,  2.42it/s]
 97%|█████████▋| 556/576 [03:49<00:08,  2.44it/s]
 97%|█████████▋| 557/576 [03:50<00:07,  2.43it/s]
 97%|█████████▋| 558/576 [03:50<00:07,  2.42it/s]
 97%|█████████▋| 559/576 [03:51<00:07,  2.40it/s]
 97%|█████████▋| 560/576 [03:51<00:06,  2.40it/s]
 97%|█████████▋| 561/576 [03:52<00:06,  2.38it/s]
 98%|█████████▊| 562/576 [03:52<00:05,  2.39it/s]
 98%|█████████▊| 563/576 [03:52<00:05,  2.40it/s]
 98%|█████████▊| 564/576 [03:53<00:04,  2.41it/s]
 98%|█████████▊| 565/576 [03:53<00:04,  2.42it/s]
 98%|█████████▊| 566/576 [03:54<00:04,  2.42it/s]
 98%|█████████▊| 567/576 [03:54<00:03,  2.43it/s]
 99%|█████████▊| 568/576 [03:54<00:03,  2.43it/s]
 99%|█████████▉| 569/576 [03:55<00:02,  2.45it/s]
 99%|█████████▉| 570/576 [03:55<00:02,  2.44it/s]
 99%|█████████▉| 571/576 [03:56<00:02,  2.43it/s]
 99%|█████████▉| 572/576 [03:56<00:01,  2.34it/s]
 99%|█████████▉| 573/576 [03:57<00:01,  2.36it/s]
100%|█████████▉| 574/576 [03:57<00:00,  2.39it/s]
100%|█████████▉| 575/576 [03:57<00:00,  2.39it/s]
100%|██████████| 576/576 [03:58<00:00,  2.40it/s]
100%|██████████| 576/576 [03:58<00:00,  2.42it/s]
    sub_label      obj_label             masked_sentences  uuid relation  sub_position                                            def_sap                                            def_dap                                            lsp_sap                                            lsp_dap                                     anchor_lsp_sap                                  obj_mask_sentence                            obj_mask_sentence_score                                   obj_mask_def_sap                             obj_mask_def_sap_score                                   obj_mask_lsp_sap                             obj_mask_lsp_sap_score                             subj_anchors                                 subj_anchors_score                  masked_sentences_with_subj_anchor                           def_dap_with_subj_anchor                           lsp_dap_with_subj_anchor                     subj_anchors_combined                              obj_mask_sentence_dap  \
0      graver  [tool, tools]      [A graver is a [MASK].]     1      IsA             2    [A graver is a [MASK]., A graver is an [MASK].]  [A graver or [Z] is a [MASK]., A graver or [Z]...  [[MASK] such as graver., [MASK], including gra...  [[MASK] such as graver and [Z]., [MASK], inclu...  [such as graver and [MASK]., such as graver or...  [digger, shovel, tool, grave, coffin, person, ...  {'digger': 0.040751419961452484, 'shovel': 0.0...  [object, undertaker, oven, digger, shovel, ani...  {'object': 0.09570128470659256, 'undertaker': ...  [tool, stories, poems, things, books, digger, ...  {'tool': 0.21104076504707336, 'stories': 0.139...  [shovel, digger, deeper, grave, hammer]  {'shovel': 0.05705932136625051, 'digger': 0.05...  [A graver is a [MASK]., A graver or shovel is ...  [A graver or shovel is a [MASK]., A graver or ...  [[MASK] such as graver and shovel., [MASK] suc...  graver shovel digger deeper grave hammer  [tool, person, miner, coffin, building, worker...   
1  smallmouth         [fish]  [A smallmouth is a [MASK].]     2      IsA             2  [A smallmouth is a [MASK]., A smallmouth is an...  [A smallmouth or [Z] is a [MASK]., A smallmout...  [[MASK] such as smallmouth., [MASK], including...  [[MASK] such as smallmouth and [Z]., [MASK], i...  [such as smallmouth and [MASK]., such as small...  [fish, catfish, salmon, shark, trout, swimmer,...  {'fish': 0.7577883005142212, 'catfish': 0.1664...  [eel, fish, otter, catfish, alligator, estuary...  {'eel': 0.4893859028816223, 'fish': 0.39916982...  [catfish, fish, bass, fishes, species, things,...  {'catfish': 0.18986024670302867, 'fish': 0.177...      [bass, catfish, carp, cisco, trout]  {'bass': 0.20395475981587713, 'catfish': 0.147...  [A smallmouth is a [MASK]., A smallmouth or ba...  [A smallmouth or bass is a [MASK]., A smallmou...  [[MASK] such as smallmouth and bass., [MASK] s...  smallmouth bass catfish carp cisco trout  [fish, river, steamboat, salmon, species, shar...   
2     pelican  [bird, birds]     [A pelican is a [MASK].]     3      IsA             2  [A pelican is a [MASK]., A pelican is an [MASK].]  [A pelican or [Z] is a [MASK]., A pelican or [...  [[MASK] such as pelican., [MASK], including pe...  [[MASK] such as pelican and [Z]., [MASK], incl...  [such as pelican and [MASK]., such as pelican ...  [bird, parrot, penguin, dolphin, fish, dog, pi...  {'bird': 0.4259684085845947, 'parrot': 0.09353...  [animal, bird, parrot, penguin, dolphin, ancho...  {'animal': 0.687469482421875, 'bird': 0.425968...  [stories, animal, bird, dolphin, poems, dolphi...  {'stories': 0.29853492975234985, 'animal': 0.1...      [dolphin, whale, bird, heron, duck]  {'dolphin': 0.08797509264614847, 'whale': 0.05...  [A pelican is a [MASK]., A pelican or dolphin ...  [A pelican or dolphin is a [MASK]., A pelican ...  [[MASK] such as pelican and dolphin., [MASK] s...     pelican dolphin whale bird heron duck  [parrot, fish, shark, boat, mammal, penguin, s...   
3   sapsucker  [bird, birds]   [A sapsucker is a [MASK].]     4      IsA             2  [A sapsucker is a [MASK]., A sapsucker is an [...  [A sapsucker or [Z] is a [MASK]., A sapsucker ...  [[MASK] such as sapsucker., [MASK], including ...  [[MASK] such as sapsucker and [Z]., [MASK], in...  [such as sapsucker and [MASK]., such as sapsuc...  [snake, worm, spider, bug, lizard, predator, t...  {'snake': 0.09990766644477844, 'worm': 0.06063...  [insect, animal, snake, worm, spider, bug, liz...  {'insect': 0.42818304896354675, 'animal': 0.33...  [artists, stories, lizard, works, insect, snak...  {'artists': 0.1365813910961151, 'stories': 0.1...     [snake, vampire, rat, demon, insect]  {'snake': 0.03969348152168095, 'vampire': 0.03...  [A sapsucker is a [MASK]., A sapsucker or snak...  [A sapsucker or snake is a [MASK]., A sapsucke...  [[MASK] such as sapsucker and snake., [MASK] s...  sapsucker snake vampire rat demon insect  [plant, mammal, pest, monster, lizard, bug, sc...   
4        mako         [fish]        [A mako is a [MASK].]     5      IsA             2        [A mako is a [MASK]., A mako is an [MASK].]  [A mako or [Z] is a [MASK]., A mako or [Z] is ...  [[MASK] such as mako., [MASK], including mako....  [[MASK] such as mako and [Z]., [MASK], includi...  [such as mako and [MASK]., such as mako or [MA...  [fish, canoe, drum, dog, boat, drummer, bird, ...  {'fish': 0.03543541207909584, 'canoe': 0.02775...  [animal, elephant, object, fish, instrument, c...  {'animal': 0.23357057571411133, 'elephant': 0....  [stories, poems, fish, yes, artists, things, j...  {'stories': 0.4759981036186218, 'poems': 0.168...          [human, dog, bird, man, animal]  {'human': 0.183084174990654, 'dog': 0.06033814...  [A mako is a [MASK]., A mako or human is a [MA...  [A mako or human is a [MASK]., A mako or dog i...  [[MASK] such as mako and human., [MASK] such a...            mako human dog bird man animal  [person, woman, male, creature, canoe, fish, p...   

                         obj_mask_sentence_dap_score                                   obj_mask_def_dap                             obj_mask_def_dap_score                                   obj_mask_lsp_dap                             obj_mask_lsp_dap_score  
0  {'tool': 0.20545231997966767, 'person': 0.0706...  [tool, oven, implement, axe, object, individua...  {'tool': 0.2478301003575325, 'oven': 0.2421458...  [tools, terms, tool, things, words, implement,...  {'tools': 0.30043301619166, 'terms': 0.1620520...  
1  {'fish': 0.6784223020076752, 'river': 0.059787...  [example, fish, exception, animal, river, stea...  {'example': 0.5576224774122238, 'fish': 0.4215...  [fish, species, fishing, breeds, birds, lakes,...  {'fish': 0.3783005023996035, 'species': 0.2760...  
2  {'parrot': 0.048912343103438616, 'fish': 0.034...  [animal, example, fish, parrot, shark, boat, m...  {'animal': 0.610285684466362, 'example': 0.291...  [birds, animal, species, animals, whales, duck...  {'birds': 0.27849851983288926, 'animal': 0.209...  
3  {'plant': 0.13074636459350586, 'mammal': 0.123...  [animal, plant, pest, mammal, lizard, monster,...  {'animal': 0.579847252368927, 'plant': 0.13074...  [yeah, snakes, yes, reptiles, demons, creature...  {'yeah': 0.22453271597623825, 'snakes': 0.2156...  
4  {'person': 0.0970850504624347, 'woman': 0.0611...  [person, individual, woman, male, parrot, crea...  {'person': 0.11425588671118021, 'individual': ...  [creature, animals, stories, dogs, humans, art...  {'creature': 0.19091087533161044, 'animals': 0...  
---------------------------------------- obj_label evaluation ----------------------------------------
      mask_type   p@1   p@5  p@10   mrr relation  anchor_wordnet_avg_path  anchor_wordnet_coverage  mask_type_id
0      sentence  27.6  54.2  63.2  39.0      IsA                    10.16                    0.822             1
3  sentence_dap  25.9  43.4  53.1  34.2      IsA                    10.16                    0.822             2
1       def_sap  13.5  41.0  50.9  24.7      IsA                    10.16                    0.822             3
4       def_dap  12.5  33.3  41.1  21.7      IsA                    10.16                    0.822             4
2       lsp_sap  20.5  41.5  52.8  29.7      IsA                    10.16                    0.822             5
5       lsp_dap  25.9  44.1  51.4  33.3      IsA                    10.16                    0.822             6
save log/bert-large-uncased/lm_diagnostic_extended/sgpl/df_all_use_global_dap_True_anchor_type_Coordinate_remove_Y_PUNC_FULL_concate_or_single_max_anchor_num_5_anchor_scorer_probAvg_wnp_False_cpt_True.LM_DIAGNOSTIC_EXTENDED.tsv
save 
log/bert-large-uncased/lm_diagnostic_extended/sgpl/exp_data_results_anchor_type_Coordinate_remove_Y_PUNC_FULL_concate_or_single_max_anchor_num_5_anchor_scorer_probAvg_wnp_False_cpt_True.LM_DIAGNOSTIC_EXTENDED.csv
