debug: False
---------------------------------------- config ----------------------------------------
{'debug': False, 'test_relations': ['IsA'], 'save_all_data': True, 'top_k': 10, 'data_dir': 'data/coordinate/BLESS/', 'mask_string_mapping': {'bert-large-uncased': '[MASK]'}, 'use_dap_global': True, 'return_probs': True, 'anchor_scorer_list': ['probAvg'], 'scorer_target_1_prompt': 'probSum', 'scorer_target_N_prompts': 'probAvg', 'use_original_prompt': True, 'original_prompt_source': 'masked_sentence', 'incorporate_operations': ['concate_or_single'], 'filter_anchors_flag': True, 'filter_objects_flag': True, 'cpt_only': False, 'anchor_types': ['Coordinate_remove_Y_PUNC_FULL'], 'add_cpt_score': False, 'constrain_targets': False, 'add_wordnet_path_score': True, 'anchor_probe': 'plural_probe', 'anchor_col': 'subj_anchors', 'anchor_col_sg': 'subj_anchors_sg', 'anchor_col_pl': 'subj_anchors_pl', 'filter_objects_with_input': True, 'sub_col': 'sub_label', 'sub_col_sg': 'sub_label_sg', 'sub_col_pl': 'sub_label_pl', 'top_k_anchors': 5, 'max_anchor_num_list': [10], 'max_anchor_num': 10}
---------------------------------------- config ----------------------------------------
Some weights of the model checkpoint at bert-large-uncased were not used when initializing BertForMaskedLM: ['cls.seq_relationship.bias', 'cls.seq_relationship.weight']
- This IS expected if you are initializing BertForMaskedLM from the checkpoint of a model trained on another task or with another architecture (e.g. initializing a BertForSequenceClassification model from a BertForPreTraining model).
- This IS NOT expected if you are initializing BertForMaskedLM from the checkpoint of a model that you expect to be exactly identical (initializing a BertForSequenceClassification model from a BertForSequenceClassification model).
Some weights of the model checkpoint at bert-large-uncased were not used when initializing BertForMaskedLM: ['cls.seq_relationship.bias', 'cls.seq_relationship.weight']
- This IS expected if you are initializing BertForMaskedLM from the checkpoint of a model trained on another task or with another architecture (e.g. initializing a BertForSequenceClassification model from a BertForPreTraining model).
- This IS NOT expected if you are initializing BertForMaskedLM from the checkpoint of a model that you expect to be exactly identical (initializing a BertForSequenceClassification model from a BertForSequenceClassification model).
---------------------------------------- bert-large-uncased-anchor_type: Coordinate_remove_Y_PUNC_FULL-scorer_anchor:probAvg-op:concate_or_single ----------------------------------------
{
    "IsA": {
        "relation": "IsA",
        "def_sap": [
            "A [X] is a [MASK].",
            "A [X] is an [MASK].",
            "An [X] is a [MASK].",
            "An [X] is an [MASK]."
        ],
        "def_dap": [
            "A [X] or [Z] is a [MASK].",
            "A [X] or [Z] is an [MASK].",
            "An [X] or [Z] is a [MASK].",
            "An [X] or [Z] is an [MASK]."
        ],
        "lsp_sap": [
            "[MASK] such as [X].",
            "[MASK], including [X].",
            "[MASK], especially [X].",
            "[X] or other [MASK].",
            "[X] and other [MASK].",
            "such [MASK] as [X]."
        ],
        "lsp_dap": [
            "[MASK] such as [X] and [Z].",
            "[MASK], including [X] and [Z].",
            "[MASK], especially [X] and [Z].",
            "[X], [Z] and other [MASK].",
            "[X], [Z] or other [MASK].",
            "such [MASK] as [X] and [Z]."
        ],
        "use_dap": true,
        "anchor_target": "[X]",
        "anchor_lsp_sap": [
            "such as [X] and [MASK].",
            "such as [X] or [MASK].",
            "such as [X], [MASK],",
            "including [X] and [MASK].",
            "including [X] or [MASK].",
            "including [X], [MASK],",
            "especially [X] and [MASK].",
            "especially [X] or [MASK].",
            "especially [X], [MASK],",
            "[X], [MASK] or other",
            "[X], [MASK] and other"
        ]
    }
}
Processing IsA ... data/coordinate/BLESS//IsA.jsonl
#Test_instances: 200
	 step1: get anchors (fill and filter)
/home/chunhua/.local/lib/python3.8/site-packages/transformers/pipelines/base.py:1043: UserWarning: You seem to be using the pipelines sequentially on GPU. In order to maximize efficiency please use a dataset
  warnings.warn(
--- def_sap
--- lsp_sap
relation: IsA 	 use_dap: True
	 step2: insert anchors
sub_col sub_label
	 step3: fill mask in dap anchors

  0%|          | 0/200 [00:00<?, ?it/s]/home/chunhua/.local/lib/python3.8/site-packages/transformers/pipelines/base.py:1043: UserWarning: You seem to be using the pipelines sequentially on GPU. In order to maximize efficiency please use a dataset
  warnings.warn(

  0%|          | 1/200 [00:00<00:26,  7.42it/s]
  1%|          | 2/200 [00:00<00:26,  7.55it/s]
  2%|▏         | 3/200 [00:00<00:25,  7.59it/s]
  2%|▏         | 4/200 [00:00<00:25,  7.62it/s]
  2%|▎         | 5/200 [00:00<00:25,  7.60it/s]
  3%|▎         | 6/200 [00:00<00:25,  7.57it/s]
  4%|▎         | 7/200 [00:00<00:25,  7.58it/s]
  4%|▍         | 8/200 [00:01<00:25,  7.60it/s]
  4%|▍         | 9/200 [00:01<00:25,  7.62it/s]
  5%|▌         | 10/200 [00:01<00:24,  7.63it/s]
  6%|▌         | 11/200 [00:01<00:24,  7.63it/s]
  6%|▌         | 12/200 [00:01<00:24,  7.63it/s]
  6%|▋         | 13/200 [00:01<00:24,  7.63it/s]
  7%|▋         | 14/200 [00:01<00:24,  7.62it/s]
  8%|▊         | 15/200 [00:01<00:24,  7.62it/s]
  8%|▊         | 16/200 [00:02<00:24,  7.61it/s]
  8%|▊         | 17/200 [00:02<00:24,  7.59it/s]
  9%|▉         | 18/200 [00:02<00:23,  7.61it/s]
 10%|▉         | 19/200 [00:02<00:23,  7.62it/s]
 10%|█         | 20/200 [00:02<00:23,  7.61it/s]
 10%|█         | 21/200 [00:02<00:23,  7.61it/s]
 11%|█         | 22/200 [00:02<00:23,  7.61it/s]
 12%|█▏        | 23/200 [00:03<00:23,  7.61it/s]
 12%|█▏        | 24/200 [00:03<00:23,  7.59it/s]
 12%|█▎        | 25/200 [00:03<00:22,  7.61it/s]
 13%|█▎        | 26/200 [00:03<00:22,  7.61it/s]
 14%|█▎        | 27/200 [00:03<00:22,  7.61it/s]
 14%|█▍        | 28/200 [00:03<00:22,  7.62it/s]
 14%|█▍        | 29/200 [00:03<00:22,  7.63it/s]
 15%|█▌        | 30/200 [00:03<00:22,  7.63it/s]
 16%|█▌        | 31/200 [00:04<00:22,  7.61it/s]
 16%|█▌        | 32/200 [00:04<00:22,  7.62it/s]
 16%|█▋        | 33/200 [00:04<00:21,  7.64it/s]
 17%|█▋        | 34/200 [00:04<00:21,  7.65it/s]
 18%|█▊        | 35/200 [00:04<00:21,  7.64it/s]
 18%|█▊        | 36/200 [00:04<00:21,  7.64it/s]
 18%|█▊        | 37/200 [00:04<00:21,  7.62it/s]
 19%|█▉        | 38/200 [00:04<00:21,  7.62it/s]
 20%|█▉        | 39/200 [00:05<00:21,  7.59it/s]
 20%|██        | 40/200 [00:05<00:21,  7.56it/s]
 20%|██        | 41/200 [00:05<00:20,  7.58it/s]
 21%|██        | 42/200 [00:05<00:20,  7.59it/s]
 22%|██▏       | 43/200 [00:05<00:20,  7.59it/s]
 22%|██▏       | 44/200 [00:05<00:20,  7.61it/s]
 22%|██▎       | 45/200 [00:05<00:20,  7.61it/s]
 23%|██▎       | 46/200 [00:06<00:20,  7.63it/s]
 24%|██▎       | 47/200 [00:06<00:20,  7.60it/s]
 24%|██▍       | 48/200 [00:06<00:19,  7.61it/s]
 24%|██▍       | 49/200 [00:06<00:19,  7.61it/s]
 25%|██▌       | 50/200 [00:06<00:19,  7.60it/s]
 26%|██▌       | 51/200 [00:06<00:19,  7.62it/s]
 26%|██▌       | 52/200 [00:06<00:19,  7.63it/s]
 26%|██▋       | 53/200 [00:06<00:19,  7.61it/s]
 27%|██▋       | 54/200 [00:07<00:19,  7.62it/s]
 28%|██▊       | 55/200 [00:07<00:18,  7.63it/s]
 28%|██▊       | 56/200 [00:07<00:18,  7.60it/s]
 28%|██▊       | 57/200 [00:07<00:18,  7.61it/s]
 29%|██▉       | 58/200 [00:07<00:18,  7.59it/s]
 30%|██▉       | 59/200 [00:07<00:18,  7.59it/s]
 30%|███       | 60/200 [00:07<00:18,  7.60it/s]
 30%|███       | 61/200 [00:08<00:18,  7.59it/s]
 31%|███       | 62/200 [00:08<00:18,  7.61it/s]
 32%|███▏      | 63/200 [00:08<00:18,  7.59it/s]
 32%|███▏      | 64/200 [00:08<00:17,  7.60it/s]
 32%|███▎      | 65/200 [00:08<00:17,  7.62it/s]
 33%|███▎      | 66/200 [00:08<00:17,  7.63it/s]
 34%|███▎      | 67/200 [00:08<00:17,  7.63it/s]
 34%|███▍      | 68/200 [00:08<00:17,  7.62it/s]
 34%|███▍      | 69/200 [00:09<00:17,  7.63it/s]
 35%|███▌      | 70/200 [00:09<00:17,  7.64it/s]
 36%|███▌      | 71/200 [00:09<00:16,  7.65it/s]
 36%|███▌      | 72/200 [00:09<00:16,  7.65it/s]
 36%|███▋      | 73/200 [00:09<00:16,  7.60it/s]
 37%|███▋      | 74/200 [00:09<00:16,  7.62it/s]
 38%|███▊      | 75/200 [00:09<00:16,  7.63it/s]
 38%|███▊      | 76/200 [00:09<00:16,  7.63it/s]
 38%|███▊      | 77/200 [00:10<00:16,  7.62it/s]
 39%|███▉      | 78/200 [00:10<00:16,  7.62it/s]
 40%|███▉      | 79/200 [00:10<00:15,  7.64it/s]
 40%|████      | 80/200 [00:10<00:15,  7.65it/s]
 40%|████      | 81/200 [00:10<00:15,  7.64it/s]
 41%|████      | 82/200 [00:10<00:15,  7.65it/s]
 42%|████▏     | 83/200 [00:10<00:15,  7.61it/s]
 42%|████▏     | 84/200 [00:11<00:15,  7.63it/s]
 42%|████▎     | 85/200 [00:11<00:15,  7.64it/s]
 43%|████▎     | 86/200 [00:11<00:14,  7.65it/s]
 44%|████▎     | 87/200 [00:11<00:14,  7.61it/s]
 44%|████▍     | 88/200 [00:11<00:14,  7.63it/s]
 44%|████▍     | 89/200 [00:11<00:14,  7.65it/s]
 45%|████▌     | 90/200 [00:11<00:14,  7.66it/s]
 46%|████▌     | 91/200 [00:11<00:14,  7.62it/s]
 46%|████▌     | 92/200 [00:12<00:14,  7.60it/s]
 46%|████▋     | 93/200 [00:12<00:14,  7.62it/s]
 47%|████▋     | 94/200 [00:12<00:13,  7.64it/s]
 48%|████▊     | 95/200 [00:12<00:13,  7.65it/s]
 48%|████▊     | 96/200 [00:12<00:13,  7.66it/s]
 48%|████▊     | 97/200 [00:12<00:13,  7.66it/s]
 49%|████▉     | 98/200 [00:12<00:13,  7.65it/s]
 50%|████▉     | 99/200 [00:12<00:13,  7.64it/s]
 50%|█████     | 100/200 [00:13<00:13,  7.65it/s]
 50%|█████     | 101/200 [00:13<00:12,  7.63it/s]
 51%|█████     | 102/200 [00:13<00:12,  7.64it/s]
 52%|█████▏    | 103/200 [00:13<00:12,  7.65it/s]
 52%|█████▏    | 104/200 [00:13<00:12,  7.65it/s]
 52%|█████▎    | 105/200 [00:13<00:12,  7.66it/s]
 53%|█████▎    | 106/200 [00:13<00:12,  7.65it/s]
 54%|█████▎    | 107/200 [00:14<00:12,  7.65it/s]
 54%|█████▍    | 108/200 [00:14<00:12,  7.66it/s]
 55%|█████▍    | 109/200 [00:14<00:11,  7.67it/s]
 55%|█████▌    | 110/200 [00:14<00:11,  7.67it/s]
 56%|█████▌    | 111/200 [00:14<00:11,  7.63it/s]
 56%|█████▌    | 112/200 [00:14<00:11,  7.63it/s]
 56%|█████▋    | 113/200 [00:14<00:11,  7.64it/s]
 57%|█████▋    | 114/200 [00:14<00:11,  7.63it/s]
 57%|█████▊    | 115/200 [00:15<00:11,  7.64it/s]
 58%|█████▊    | 116/200 [00:15<00:11,  7.62it/s]
 58%|█████▊    | 117/200 [00:15<00:10,  7.63it/s]
 59%|█████▉    | 118/200 [00:15<00:10,  7.64it/s]
 60%|█████▉    | 119/200 [00:15<00:10,  7.65it/s]
 60%|██████    | 120/200 [00:15<00:10,  7.66it/s]
 60%|██████    | 121/200 [00:15<00:10,  7.61it/s]
 61%|██████    | 122/200 [00:16<00:10,  7.62it/s]
 62%|██████▏   | 123/200 [00:16<00:10,  7.64it/s]
 62%|██████▏   | 124/200 [00:16<00:09,  7.65it/s]
 62%|██████▎   | 125/200 [00:16<00:09,  7.65it/s]
 63%|██████▎   | 126/200 [00:16<00:09,  7.64it/s]
 64%|██████▎   | 127/200 [00:16<00:09,  7.63it/s]
 64%|██████▍   | 128/200 [00:16<00:09,  7.64it/s]
 64%|██████▍   | 129/200 [00:16<00:09,  7.63it/s]
 65%|██████▌   | 130/200 [00:17<00:09,  7.61it/s]
 66%|██████▌   | 131/200 [00:17<00:09,  7.63it/s]
 66%|██████▌   | 132/200 [00:17<00:08,  7.64it/s]
 66%|██████▋   | 133/200 [00:17<00:08,  7.66it/s]
 67%|██████▋   | 134/200 [00:17<00:08,  7.67it/s]
 68%|██████▊   | 135/200 [00:17<00:08,  7.67it/s]
 68%|██████▊   | 136/200 [00:17<00:08,  7.65it/s]
 68%|██████▊   | 137/200 [00:17<00:08,  7.64it/s]
 69%|██████▉   | 138/200 [00:18<00:08,  7.65it/s]
 70%|██████▉   | 139/200 [00:18<00:07,  7.64it/s]
 70%|███████   | 140/200 [00:18<00:07,  7.63it/s]
 70%|███████   | 141/200 [00:18<00:07,  7.61it/s]
 71%|███████   | 142/200 [00:18<00:07,  7.63it/s]
 72%|███████▏  | 143/200 [00:18<00:07,  7.65it/s]
 72%|███████▏  | 144/200 [00:18<00:07,  7.60it/s]
 72%|███████▎  | 145/200 [00:19<00:07,  7.62it/s]
 73%|███████▎  | 146/200 [00:19<00:07,  7.64it/s]
 74%|███████▎  | 147/200 [00:19<00:06,  7.65it/s]
 74%|███████▍  | 148/200 [00:19<00:06,  7.66it/s]
 74%|███████▍  | 149/200 [00:19<00:06,  7.66it/s]
 75%|███████▌  | 150/200 [00:19<00:06,  7.66it/s]
 76%|███████▌  | 151/200 [00:19<00:06,  7.67it/s]
 76%|███████▌  | 152/200 [00:19<00:06,  7.66it/s]
 76%|███████▋  | 153/200 [00:20<00:06,  7.66it/s]
 77%|███████▋  | 154/200 [00:20<00:06,  7.66it/s]
 78%|███████▊  | 155/200 [00:20<00:05,  7.65it/s]
 78%|███████▊  | 156/200 [00:20<00:05,  7.62it/s]
 78%|███████▊  | 157/200 [00:20<00:05,  7.60it/s]
 79%|███████▉  | 158/200 [00:20<00:05,  7.61it/s]
 80%|███████▉  | 159/200 [00:20<00:05,  7.63it/s]
 80%|████████  | 160/200 [00:20<00:05,  7.63it/s]
 80%|████████  | 161/200 [00:21<00:05,  7.63it/s]
 81%|████████  | 162/200 [00:21<00:05,  7.56it/s]
 82%|████████▏ | 163/200 [00:21<00:04,  7.59it/s]
 82%|████████▏ | 164/200 [00:21<00:04,  7.62it/s]
 82%|████████▎ | 165/200 [00:21<00:04,  7.63it/s]
 83%|████████▎ | 166/200 [00:21<00:04,  7.64it/s]
 84%|████████▎ | 167/200 [00:21<00:04,  7.60it/s]
 84%|████████▍ | 168/200 [00:22<00:04,  7.62it/s]
 84%|████████▍ | 169/200 [00:22<00:04,  7.63it/s]
 85%|████████▌ | 170/200 [00:22<00:03,  7.64it/s]
 86%|████████▌ | 171/200 [00:22<00:03,  7.65it/s]
 86%|████████▌ | 172/200 [00:22<00:03,  7.66it/s]
 86%|████████▋ | 173/200 [00:22<00:03,  7.66it/s]
 87%|████████▋ | 174/200 [00:22<00:03,  7.67it/s]
 88%|████████▊ | 175/200 [00:22<00:03,  7.66it/s]
 88%|████████▊ | 176/200 [00:23<00:03,  7.65it/s]
 88%|████████▊ | 177/200 [00:23<00:03,  7.66it/s]
 89%|████████▉ | 178/200 [00:23<00:02,  7.66it/s]
 90%|████████▉ | 179/200 [00:23<00:02,  7.67it/s]
 90%|█████████ | 180/200 [00:23<00:02,  7.65it/s]
 90%|█████████ | 181/200 [00:23<00:02,  7.66it/s]
 91%|█████████ | 182/200 [00:23<00:02,  7.63it/s]
 92%|█████████▏| 183/200 [00:23<00:02,  7.63it/s]
 92%|█████████▏| 184/200 [00:24<00:02,  7.64it/s]
 92%|█████████▎| 185/200 [00:24<00:01,  7.65it/s]
 93%|█████████▎| 186/200 [00:24<00:01,  7.63it/s]
 94%|█████████▎| 187/200 [00:24<00:01,  7.64it/s]
 94%|█████████▍| 188/200 [00:24<00:01,  7.65it/s]
 94%|█████████▍| 189/200 [00:24<00:01,  7.65it/s]
 95%|█████████▌| 190/200 [00:24<00:01,  7.65it/s]
 96%|█████████▌| 191/200 [00:25<00:01,  7.65it/s]
 96%|█████████▌| 192/200 [00:25<00:01,  7.64it/s]
 96%|█████████▋| 193/200 [00:25<00:00,  7.64it/s]
 97%|█████████▋| 194/200 [00:25<00:00,  7.10it/s]
 98%|█████████▊| 195/200 [00:25<00:00,  7.26it/s]
 98%|█████████▊| 196/200 [00:25<00:00,  7.37it/s]
 98%|█████████▊| 197/200 [00:25<00:00,  7.45it/s]
 99%|█████████▉| 198/200 [00:25<00:00,  7.48it/s]
100%|█████████▉| 199/200 [00:26<00:00,  7.48it/s]
100%|██████████| 200/200 [00:26<00:00,  7.53it/s]
100%|██████████| 200/200 [00:26<00:00,  7.62it/s]

  0%|          | 0/200 [00:00<?, ?it/s]
  0%|          | 1/200 [00:00<00:24,  8.25it/s]
  1%|          | 2/200 [00:00<00:24,  8.22it/s]
  2%|▏         | 3/200 [00:00<00:23,  8.25it/s]
  2%|▏         | 4/200 [00:00<00:23,  8.27it/s]
  2%|▎         | 5/200 [00:00<00:23,  8.28it/s]
  3%|▎         | 6/200 [00:00<00:23,  8.28it/s]
  4%|▎         | 7/200 [00:00<00:23,  8.29it/s]
  4%|▍         | 8/200 [00:00<00:23,  8.29it/s]
  4%|▍         | 9/200 [00:01<00:23,  8.29it/s]
  5%|▌         | 10/200 [00:01<00:22,  8.30it/s]
  6%|▌         | 11/200 [00:01<00:22,  8.30it/s]
  6%|▌         | 12/200 [00:01<00:22,  8.30it/s]
  6%|▋         | 13/200 [00:01<00:22,  8.30it/s]
  7%|▋         | 14/200 [00:01<00:22,  8.26it/s]
  8%|▊         | 15/200 [00:01<00:22,  8.27it/s]
  8%|▊         | 16/200 [00:01<00:22,  8.27it/s]
  8%|▊         | 17/200 [00:02<00:22,  8.28it/s]
  9%|▉         | 18/200 [00:02<00:21,  8.29it/s]
 10%|▉         | 19/200 [00:02<00:21,  8.29it/s]
 10%|█         | 20/200 [00:02<00:21,  8.26it/s]
 10%|█         | 21/200 [00:02<00:21,  8.27it/s]
 11%|█         | 22/200 [00:02<00:21,  8.27it/s]
 12%|█▏        | 23/200 [00:02<00:21,  8.28it/s]
 12%|█▏        | 24/200 [00:02<00:21,  8.26it/s]
 12%|█▎        | 25/200 [00:03<00:21,  8.27it/s]
 13%|█▎        | 26/200 [00:03<00:21,  8.28it/s]
 14%|█▎        | 27/200 [00:03<00:20,  8.29it/s]
 14%|█▍        | 28/200 [00:03<00:20,  8.29it/s]
 14%|█▍        | 29/200 [00:03<00:20,  8.29it/s]
 15%|█▌        | 30/200 [00:03<00:20,  8.29it/s]
 16%|█▌        | 31/200 [00:03<00:20,  8.28it/s]
 16%|█▌        | 32/200 [00:03<00:20,  8.28it/s]
 16%|█▋        | 33/200 [00:03<00:20,  8.28it/s]
 17%|█▋        | 34/200 [00:04<00:20,  8.28it/s]
 18%|█▊        | 35/200 [00:04<00:19,  8.29it/s]
 18%|█▊        | 36/200 [00:04<00:19,  8.29it/s]
 18%|█▊        | 37/200 [00:04<00:19,  8.28it/s]
 19%|█▉        | 38/200 [00:04<00:19,  8.28it/s]
 20%|█▉        | 39/200 [00:04<00:19,  8.27it/s]
 20%|██        | 40/200 [00:04<00:19,  8.14it/s]
 20%|██        | 41/200 [00:04<00:19,  8.19it/s]
 21%|██        | 42/200 [00:05<00:19,  8.22it/s]
 22%|██▏       | 43/200 [00:05<00:19,  8.22it/s]
 22%|██▏       | 44/200 [00:05<00:18,  8.24it/s]
 22%|██▎       | 45/200 [00:05<00:18,  8.26it/s]
 23%|██▎       | 46/200 [00:05<00:18,  8.25it/s]
 24%|██▎       | 47/200 [00:05<00:18,  8.24it/s]
 24%|██▍       | 48/200 [00:05<00:18,  8.26it/s]
 24%|██▍       | 49/200 [00:05<00:18,  8.28it/s]
 25%|██▌       | 50/200 [00:06<00:18,  8.27it/s]
 26%|██▌       | 51/200 [00:06<00:18,  8.27it/s]
 26%|██▌       | 52/200 [00:06<00:17,  8.28it/s]
 26%|██▋       | 53/200 [00:06<00:17,  8.29it/s]
 27%|██▋       | 54/200 [00:06<00:17,  8.29it/s]
 28%|██▊       | 55/200 [00:06<00:17,  8.28it/s]
 28%|██▊       | 56/200 [00:06<00:17,  8.28it/s]
 28%|██▊       | 57/200 [00:06<00:17,  8.29it/s]
 29%|██▉       | 58/200 [00:07<00:17,  8.28it/s]
 30%|██▉       | 59/200 [00:07<00:17,  8.29it/s]
 30%|███       | 60/200 [00:07<00:16,  8.30it/s]
 30%|███       | 61/200 [00:07<00:16,  8.30it/s]
 31%|███       | 62/200 [00:07<00:16,  8.30it/s]
 32%|███▏      | 63/200 [00:07<00:16,  8.29it/s]
 32%|███▏      | 64/200 [00:07<00:16,  8.29it/s]
 32%|███▎      | 65/200 [00:07<00:16,  8.30it/s]
 33%|███▎      | 66/200 [00:07<00:16,  8.28it/s]
 34%|███▎      | 67/200 [00:08<00:16,  8.27it/s]
 34%|███▍      | 68/200 [00:08<00:15,  8.28it/s]
 34%|███▍      | 69/200 [00:08<00:15,  8.29it/s]
 35%|███▌      | 70/200 [00:08<00:15,  8.29it/s]
 36%|███▌      | 71/200 [00:08<00:15,  8.29it/s]
 36%|███▌      | 72/200 [00:08<00:15,  8.14it/s]
 36%|███▋      | 73/200 [00:08<00:15,  8.19it/s]
 37%|███▋      | 74/200 [00:08<00:15,  8.21it/s]
 38%|███▊      | 75/200 [00:09<00:15,  8.24it/s]
 38%|███▊      | 76/200 [00:09<00:15,  8.26it/s]
 38%|███▊      | 77/200 [00:09<00:14,  8.27it/s]
 39%|███▉      | 78/200 [00:09<00:14,  8.23it/s]
 40%|███▉      | 79/200 [00:09<00:14,  8.25it/s]
 40%|████      | 80/200 [00:09<00:14,  8.26it/s]
 40%|████      | 81/200 [00:09<00:14,  8.27it/s]
 41%|████      | 82/200 [00:09<00:14,  8.28it/s]
 42%|████▏     | 83/200 [00:10<00:14,  8.27it/s]
 42%|████▏     | 84/200 [00:10<00:14,  8.28it/s]
 42%|████▎     | 85/200 [00:10<00:13,  8.28it/s]
 43%|████▎     | 86/200 [00:10<00:13,  8.28it/s]
 44%|████▎     | 87/200 [00:10<00:13,  8.26it/s]
 44%|████▍     | 88/200 [00:10<00:13,  8.26it/s]
 44%|████▍     | 89/200 [00:10<00:13,  8.26it/s]
 45%|████▌     | 90/200 [00:10<00:13,  8.27it/s]
 46%|████▌     | 91/200 [00:11<00:13,  8.27it/s]
 46%|████▌     | 92/200 [00:11<00:13,  8.25it/s]
 46%|████▋     | 93/200 [00:11<00:12,  8.26it/s]
 47%|████▋     | 94/200 [00:11<00:12,  8.27it/s]
 48%|████▊     | 95/200 [00:11<00:12,  8.27it/s]
 48%|████▊     | 96/200 [00:11<00:12,  8.28it/s]
 48%|████▊     | 97/200 [00:11<00:12,  8.28it/s]
 49%|████▉     | 98/200 [00:11<00:12,  8.26it/s]
 50%|████▉     | 99/200 [00:11<00:12,  8.27it/s]
 50%|█████     | 100/200 [00:12<00:12,  8.28it/s]
 50%|█████     | 101/200 [00:12<00:11,  8.29it/s]
 51%|█████     | 102/200 [00:12<00:11,  8.30it/s]
 52%|█████▏    | 103/200 [00:12<00:11,  8.30it/s]
 52%|█████▏    | 104/200 [00:12<00:11,  8.30it/s]
 52%|█████▎    | 105/200 [00:12<00:11,  8.29it/s]
 53%|█████▎    | 106/200 [00:12<00:11,  8.30it/s]
 54%|█████▎    | 107/200 [00:12<00:11,  8.30it/s]
 54%|█████▍    | 108/200 [00:13<00:11,  8.30it/s]
 55%|█████▍    | 109/200 [00:13<00:10,  8.30it/s]
 55%|█████▌    | 110/200 [00:13<00:10,  8.29it/s]
 56%|█████▌    | 111/200 [00:13<00:10,  8.27it/s]
 56%|█████▌    | 112/200 [00:13<00:10,  8.28it/s]
 56%|█████▋    | 113/200 [00:13<00:10,  8.28it/s]
 57%|█████▋    | 114/200 [00:13<00:10,  8.29it/s]
 57%|█████▊    | 115/200 [00:13<00:10,  8.29it/s]
 58%|█████▊    | 116/200 [00:14<00:10,  8.22it/s]
 58%|█████▊    | 117/200 [00:14<00:10,  8.25it/s]
 59%|█████▉    | 118/200 [00:14<00:09,  8.26it/s]
 60%|█████▉    | 119/200 [00:14<00:09,  8.27it/s]
 60%|██████    | 120/200 [00:14<00:09,  8.28it/s]
 60%|██████    | 121/200 [00:14<00:09,  8.28it/s]
 61%|██████    | 122/200 [00:14<00:09,  8.28it/s]
 62%|██████▏   | 123/200 [00:14<00:09,  8.29it/s]
 62%|██████▏   | 124/200 [00:14<00:09,  8.29it/s]
 62%|██████▎   | 125/200 [00:15<00:09,  8.30it/s]
 63%|██████▎   | 126/200 [00:15<00:08,  8.27it/s]
 64%|██████▎   | 127/200 [00:15<00:08,  8.28it/s]
 64%|██████▍   | 128/200 [00:15<00:08,  8.29it/s]
 64%|██████▍   | 129/200 [00:15<00:08,  8.29it/s]
 65%|██████▌   | 130/200 [00:15<00:08,  8.28it/s]
 66%|██████▌   | 131/200 [00:15<00:08,  8.29it/s]
 66%|██████▌   | 132/200 [00:15<00:08,  8.27it/s]
 66%|██████▋   | 133/200 [00:16<00:08,  8.28it/s]
 67%|██████▋   | 134/200 [00:16<00:07,  8.29it/s]
 68%|██████▊   | 135/200 [00:16<00:07,  8.29it/s]
 68%|██████▊   | 136/200 [00:16<00:07,  8.26it/s]
 68%|██████▊   | 137/200 [00:16<00:07,  8.27it/s]
 69%|██████▉   | 138/200 [00:16<00:07,  8.28it/s]
 70%|██████▉   | 139/200 [00:16<00:07,  8.26it/s]
 70%|███████   | 140/200 [00:16<00:07,  8.27it/s]
 70%|███████   | 141/200 [00:17<00:07,  8.28it/s]
 71%|███████   | 142/200 [00:17<00:06,  8.29it/s]
 72%|███████▏  | 143/200 [00:17<00:06,  8.30it/s]
 72%|███████▏  | 144/200 [00:17<00:06,  8.29it/s]
 72%|███████▎  | 145/200 [00:17<00:06,  8.30it/s]
 73%|███████▎  | 146/200 [00:17<00:06,  8.30it/s]
 74%|███████▎  | 147/200 [00:17<00:06,  8.30it/s]
 74%|███████▍  | 148/200 [00:17<00:06,  8.30it/s]
 74%|███████▍  | 149/200 [00:18<00:06,  8.30it/s]
 75%|███████▌  | 150/200 [00:18<00:06,  8.30it/s]
 76%|███████▌  | 151/200 [00:18<00:05,  8.30it/s]
 76%|███████▌  | 152/200 [00:18<00:05,  8.30it/s]
 76%|███████▋  | 153/200 [00:18<00:05,  8.30it/s]
 77%|███████▋  | 154/200 [00:18<00:05,  8.28it/s]
 78%|███████▊  | 155/200 [00:18<00:05,  8.27it/s]
 78%|███████▊  | 156/200 [00:18<00:05,  8.27it/s]
 78%|███████▊  | 157/200 [00:18<00:05,  8.27it/s]
 79%|███████▉  | 158/200 [00:19<00:05,  8.28it/s]
 80%|███████▉  | 159/200 [00:19<00:04,  8.28it/s]
 80%|████████  | 160/200 [00:19<00:04,  8.28it/s]
 80%|████████  | 161/200 [00:19<00:04,  8.25it/s]
 81%|████████  | 162/200 [00:19<00:04,  8.27it/s]
 82%|████████▏ | 163/200 [00:19<00:04,  8.28it/s]
 82%|████████▏ | 164/200 [00:19<00:04,  8.29it/s]
 82%|████████▎ | 165/200 [00:19<00:04,  8.28it/s]
 83%|████████▎ | 166/200 [00:20<00:04,  8.29it/s]
 84%|████████▎ | 167/200 [00:20<00:03,  8.27it/s]
 84%|████████▍ | 168/200 [00:20<00:03,  8.28it/s]
 84%|████████▍ | 169/200 [00:20<00:03,  8.29it/s]
 85%|████████▌ | 170/200 [00:20<00:03,  8.29it/s]
 86%|████████▌ | 171/200 [00:20<00:03,  8.28it/s]
 86%|████████▌ | 172/200 [00:20<00:03,  8.29it/s]
 86%|████████▋ | 173/200 [00:20<00:03,  8.29it/s]
 87%|████████▋ | 174/200 [00:21<00:03,  8.29it/s]
 88%|████████▊ | 175/200 [00:21<00:03,  8.29it/s]
 88%|████████▊ | 176/200 [00:21<00:02,  8.27it/s]
 88%|████████▊ | 177/200 [00:21<00:02,  8.28it/s]
 89%|████████▉ | 178/200 [00:21<00:02,  8.28it/s]
 90%|████████▉ | 179/200 [00:21<00:02,  8.28it/s]
 90%|█████████ | 180/200 [00:21<00:02,  8.26it/s]
 90%|█████████ | 181/200 [00:21<00:02,  8.24it/s]
 91%|█████████ | 182/200 [00:21<00:02,  8.26it/s]
 92%|█████████▏| 183/200 [00:22<00:02,  8.27it/s]
 92%|█████████▏| 184/200 [00:22<00:01,  8.28it/s]
 92%|█████████▎| 185/200 [00:22<00:01,  8.29it/s]
 93%|█████████▎| 186/200 [00:22<00:01,  8.26it/s]
 94%|█████████▎| 187/200 [00:22<00:01,  8.28it/s]
 94%|█████████▍| 188/200 [00:22<00:01,  8.28it/s]
 94%|█████████▍| 189/200 [00:22<00:01,  8.29it/s]
 95%|█████████▌| 190/200 [00:22<00:01,  8.29it/s]
 96%|█████████▌| 191/200 [00:23<00:01,  8.30it/s]
 96%|█████████▌| 192/200 [00:23<00:00,  8.30it/s]
 96%|█████████▋| 193/200 [00:23<00:00,  8.30it/s]
 97%|█████████▋| 194/200 [00:23<00:00,  8.27it/s]
 98%|█████████▊| 195/200 [00:23<00:00,  8.28it/s]
 98%|█████████▊| 196/200 [00:23<00:00,  8.28it/s]
 98%|█████████▊| 197/200 [00:23<00:00,  8.26it/s]
 99%|█████████▉| 198/200 [00:23<00:00,  8.26it/s]
100%|█████████▉| 199/200 [00:24<00:00,  8.25it/s]
100%|██████████| 200/200 [00:24<00:00,  8.27it/s]
100%|██████████| 200/200 [00:24<00:00,  8.28it/s]

  0%|          | 0/200 [00:00<?, ?it/s]
  0%|          | 1/200 [00:00<01:11,  2.78it/s]
  1%|          | 2/200 [00:00<01:11,  2.76it/s]
  2%|▏         | 3/200 [00:01<01:11,  2.76it/s]
  2%|▏         | 4/200 [00:01<01:10,  2.77it/s]
  2%|▎         | 5/200 [00:01<01:10,  2.77it/s]
  3%|▎         | 6/200 [00:02<01:10,  2.76it/s]
  4%|▎         | 7/200 [00:02<01:09,  2.76it/s]
  4%|▍         | 8/200 [00:02<01:09,  2.77it/s]
  4%|▍         | 9/200 [00:03<01:08,  2.77it/s]
  5%|▌         | 10/200 [00:03<01:08,  2.77it/s]
  6%|▌         | 11/200 [00:03<01:08,  2.77it/s]
  6%|▌         | 12/200 [00:04<01:07,  2.77it/s]
  6%|▋         | 13/200 [00:04<01:07,  2.77it/s]
  7%|▋         | 14/200 [00:05<01:08,  2.71it/s]
  8%|▊         | 15/200 [00:05<01:07,  2.73it/s]
  8%|▊         | 16/200 [00:05<01:07,  2.73it/s]
  8%|▊         | 17/200 [00:06<01:06,  2.74it/s]
  9%|▉         | 18/200 [00:06<01:06,  2.75it/s]
 10%|▉         | 19/200 [00:06<01:05,  2.76it/s]
 10%|█         | 20/200 [00:07<01:05,  2.75it/s]
 10%|█         | 21/200 [00:07<01:04,  2.76it/s]
 11%|█         | 22/200 [00:07<01:04,  2.76it/s]
 12%|█▏        | 23/200 [00:08<01:03,  2.77it/s]
 12%|█▏        | 24/200 [00:08<01:03,  2.75it/s]
 12%|█▎        | 25/200 [00:09<01:03,  2.76it/s]
 13%|█▎        | 26/200 [00:09<01:02,  2.76it/s]
 14%|█▎        | 27/200 [00:09<01:02,  2.77it/s]
 14%|█▍        | 28/200 [00:10<01:02,  2.76it/s]
 14%|█▍        | 29/200 [00:10<01:01,  2.76it/s]
 15%|█▌        | 30/200 [00:10<01:01,  2.77it/s]
 16%|█▌        | 31/200 [00:11<01:01,  2.77it/s]
 16%|█▌        | 32/200 [00:11<01:00,  2.77it/s]
 16%|█▋        | 33/200 [00:11<01:00,  2.77it/s]
 17%|█▋        | 34/200 [00:12<00:59,  2.77it/s]
 18%|█▊        | 35/200 [00:12<00:59,  2.76it/s]
 18%|█▊        | 36/200 [00:13<00:59,  2.76it/s]
 18%|█▊        | 37/200 [00:13<00:59,  2.76it/s]
 19%|█▉        | 38/200 [00:13<00:58,  2.76it/s]
 20%|█▉        | 39/200 [00:14<00:58,  2.75it/s]
 20%|██        | 40/200 [00:14<00:58,  2.75it/s]
 20%|██        | 41/200 [00:14<00:57,  2.76it/s]
 21%|██        | 42/200 [00:15<00:57,  2.75it/s]
 22%|██▏       | 43/200 [00:15<00:57,  2.75it/s]
 22%|██▏       | 44/200 [00:15<00:57,  2.73it/s]
 22%|██▎       | 45/200 [00:16<00:56,  2.73it/s]
 23%|██▎       | 46/200 [00:16<00:56,  2.72it/s]
 24%|██▎       | 47/200 [00:17<00:55,  2.73it/s]
 24%|██▍       | 48/200 [00:17<00:55,  2.73it/s]
 24%|██▍       | 49/200 [00:17<00:55,  2.74it/s]
 25%|██▌       | 50/200 [00:18<00:54,  2.74it/s]
 26%|██▌       | 51/200 [00:18<00:54,  2.75it/s]
 26%|██▌       | 52/200 [00:18<00:53,  2.76it/s]
 26%|██▋       | 53/200 [00:19<00:53,  2.76it/s]
 27%|██▋       | 54/200 [00:19<00:52,  2.76it/s]
 28%|██▊       | 55/200 [00:19<00:52,  2.77it/s]
 28%|██▊       | 56/200 [00:20<00:52,  2.76it/s]
 28%|██▊       | 57/200 [00:20<00:51,  2.76it/s]
 29%|██▉       | 58/200 [00:21<00:51,  2.75it/s]
 30%|██▉       | 59/200 [00:21<00:51,  2.75it/s]
 30%|███       | 60/200 [00:21<00:50,  2.76it/s]
 30%|███       | 61/200 [00:22<00:50,  2.76it/s]
 31%|███       | 62/200 [00:22<00:50,  2.76it/s]
 32%|███▏      | 63/200 [00:22<00:49,  2.75it/s]
 32%|███▏      | 64/200 [00:23<00:49,  2.76it/s]
 32%|███▎      | 65/200 [00:23<00:49,  2.74it/s]
 33%|███▎      | 66/200 [00:23<00:48,  2.75it/s]
 34%|███▎      | 67/200 [00:24<00:48,  2.75it/s]
 34%|███▍      | 68/200 [00:24<00:47,  2.75it/s]
 34%|███▍      | 69/200 [00:25<00:47,  2.76it/s]
 35%|███▌      | 70/200 [00:25<00:47,  2.77it/s]
 36%|███▌      | 71/200 [00:25<00:46,  2.76it/s]
 36%|███▌      | 72/200 [00:26<00:46,  2.77it/s]
 36%|███▋      | 73/200 [00:26<00:45,  2.77it/s]
 37%|███▋      | 74/200 [00:26<00:45,  2.77it/s]
 38%|███▊      | 75/200 [00:27<00:45,  2.77it/s]
 38%|███▊      | 76/200 [00:27<00:44,  2.77it/s]
 38%|███▊      | 77/200 [00:27<00:44,  2.77it/s]
 39%|███▉      | 78/200 [00:28<00:44,  2.77it/s]
 40%|███▉      | 79/200 [00:28<00:43,  2.76it/s]
 40%|████      | 80/200 [00:29<00:43,  2.76it/s]
 40%|████      | 81/200 [00:29<00:43,  2.77it/s]
 41%|████      | 82/200 [00:29<00:42,  2.77it/s]
 42%|████▏     | 83/200 [00:30<00:42,  2.76it/s]
 42%|████▏     | 84/200 [00:30<00:42,  2.76it/s]
 42%|████▎     | 85/200 [00:30<00:41,  2.76it/s]
 43%|████▎     | 86/200 [00:31<00:41,  2.76it/s]
 44%|████▎     | 87/200 [00:31<00:41,  2.75it/s]
 44%|████▍     | 88/200 [00:31<00:40,  2.76it/s]
 44%|████▍     | 89/200 [00:32<00:40,  2.76it/s]
 45%|████▌     | 90/200 [00:32<00:39,  2.76it/s]
 46%|████▌     | 91/200 [00:33<00:39,  2.76it/s]
 46%|████▌     | 92/200 [00:33<00:39,  2.75it/s]
 46%|████▋     | 93/200 [00:33<00:38,  2.76it/s]
 47%|████▋     | 94/200 [00:34<00:38,  2.76it/s]
 48%|████▊     | 95/200 [00:34<00:37,  2.77it/s]
 48%|████▊     | 96/200 [00:34<00:37,  2.76it/s]
 48%|████▊     | 97/200 [00:35<00:37,  2.72it/s]
 49%|████▉     | 98/200 [00:35<00:37,  2.73it/s]
 50%|████▉     | 99/200 [00:35<00:36,  2.74it/s]
 50%|█████     | 100/200 [00:36<00:36,  2.75it/s]
 50%|█████     | 101/200 [00:36<00:36,  2.74it/s]
 51%|█████     | 102/200 [00:37<00:35,  2.75it/s]
 52%|█████▏    | 103/200 [00:37<00:35,  2.76it/s]
 52%|█████▏    | 104/200 [00:37<00:34,  2.76it/s]
 52%|█████▎    | 105/200 [00:38<00:34,  2.77it/s]
 53%|█████▎    | 106/200 [00:38<00:33,  2.77it/s]
 54%|█████▎    | 107/200 [00:38<00:33,  2.77it/s]
 54%|█████▍    | 108/200 [00:39<00:33,  2.77it/s]
 55%|█████▍    | 109/200 [00:39<00:32,  2.77it/s]
 55%|█████▌    | 110/200 [00:39<00:32,  2.77it/s]
 56%|█████▌    | 111/200 [00:40<00:32,  2.76it/s]
 56%|█████▌    | 112/200 [00:40<00:31,  2.76it/s]
 56%|█████▋    | 113/200 [00:40<00:31,  2.76it/s]
 57%|█████▋    | 114/200 [00:41<00:31,  2.76it/s]
 57%|█████▊    | 115/200 [00:41<00:30,  2.75it/s]
 58%|█████▊    | 116/200 [00:42<00:30,  2.75it/s]
 58%|█████▊    | 117/200 [00:42<00:30,  2.74it/s]
 59%|█████▉    | 118/200 [00:42<00:29,  2.75it/s]
 60%|█████▉    | 119/200 [00:43<00:29,  2.76it/s]
 60%|██████    | 120/200 [00:43<00:28,  2.76it/s]
 60%|██████    | 121/200 [00:43<00:28,  2.75it/s]
 61%|██████    | 122/200 [00:44<00:28,  2.76it/s]
 62%|██████▏   | 123/200 [00:44<00:27,  2.76it/s]
 62%|██████▏   | 124/200 [00:44<00:27,  2.76it/s]
 62%|██████▎   | 125/200 [00:45<00:27,  2.76it/s]
 63%|██████▎   | 126/200 [00:45<00:26,  2.74it/s]
 64%|██████▎   | 127/200 [00:46<00:26,  2.75it/s]
 64%|██████▍   | 128/200 [00:46<00:26,  2.74it/s]
 64%|██████▍   | 129/200 [00:46<00:25,  2.75it/s]
 65%|██████▌   | 130/200 [00:47<00:25,  2.73it/s]
 66%|██████▌   | 131/200 [00:47<00:25,  2.74it/s]
 66%|██████▌   | 132/200 [00:47<00:24,  2.75it/s]
 66%|██████▋   | 133/200 [00:48<00:24,  2.76it/s]
 67%|██████▋   | 134/200 [00:48<00:23,  2.76it/s]
 68%|██████▊   | 135/200 [00:48<00:23,  2.77it/s]
 68%|██████▊   | 136/200 [00:49<00:23,  2.76it/s]
 68%|██████▊   | 137/200 [00:49<00:22,  2.76it/s]
 69%|██████▉   | 138/200 [00:50<00:22,  2.76it/s]
 70%|██████▉   | 139/200 [00:50<00:22,  2.75it/s]
 70%|███████   | 140/200 [00:50<00:21,  2.76it/s]
 70%|███████   | 141/200 [00:51<00:21,  2.76it/s]
 71%|███████   | 142/200 [00:51<00:20,  2.77it/s]
 72%|███████▏  | 143/200 [00:51<00:20,  2.77it/s]
 72%|███████▏  | 144/200 [00:52<00:20,  2.76it/s]
 72%|███████▎  | 145/200 [00:52<00:19,  2.76it/s]
 73%|███████▎  | 146/200 [00:52<00:19,  2.76it/s]
 74%|███████▎  | 147/200 [00:53<00:19,  2.77it/s]
 74%|███████▍  | 148/200 [00:53<00:18,  2.76it/s]
 74%|███████▍  | 149/200 [00:54<00:18,  2.77it/s]
 75%|███████▌  | 150/200 [00:54<00:18,  2.77it/s]
 76%|███████▌  | 151/200 [00:54<00:17,  2.77it/s]
 76%|███████▌  | 152/200 [00:55<00:17,  2.76it/s]
 76%|███████▋  | 153/200 [00:55<00:17,  2.76it/s]
 77%|███████▋  | 154/200 [00:55<00:16,  2.76it/s]
 78%|███████▊  | 155/200 [00:56<00:16,  2.75it/s]
 78%|███████▊  | 156/200 [00:56<00:16,  2.74it/s]
 78%|███████▊  | 157/200 [00:56<00:15,  2.74it/s]
 79%|███████▉  | 158/200 [00:57<00:15,  2.75it/s]
 80%|███████▉  | 159/200 [00:57<00:14,  2.75it/s]
 80%|████████  | 160/200 [00:58<00:14,  2.76it/s]
 80%|████████  | 161/200 [00:58<00:14,  2.76it/s]
 81%|████████  | 162/200 [00:58<00:13,  2.76it/s]
 82%|████████▏ | 163/200 [00:59<00:13,  2.76it/s]
 82%|████████▏ | 164/200 [00:59<00:13,  2.76it/s]
 82%|████████▎ | 165/200 [00:59<00:12,  2.76it/s]
 83%|████████▎ | 166/200 [01:00<00:12,  2.77it/s]
 84%|████████▎ | 167/200 [01:00<00:11,  2.75it/s]
 84%|████████▍ | 168/200 [01:00<00:11,  2.75it/s]
 84%|████████▍ | 169/200 [01:01<00:11,  2.76it/s]
 85%|████████▌ | 170/200 [01:01<00:10,  2.76it/s]
 86%|████████▌ | 171/200 [01:02<00:10,  2.76it/s]
 86%|████████▌ | 172/200 [01:02<00:10,  2.76it/s]
 86%|████████▋ | 173/200 [01:02<00:09,  2.76it/s]
 87%|████████▋ | 174/200 [01:03<00:09,  2.76it/s]
 88%|████████▊ | 175/200 [01:03<00:09,  2.76it/s]
 88%|████████▊ | 176/200 [01:03<00:08,  2.76it/s]
 88%|████████▊ | 177/200 [01:04<00:08,  2.76it/s]
 89%|████████▉ | 178/200 [01:04<00:08,  2.75it/s]
 90%|████████▉ | 179/200 [01:04<00:07,  2.68it/s]
 90%|█████████ | 180/200 [01:05<00:07,  2.70it/s]
 90%|█████████ | 181/200 [01:05<00:06,  2.72it/s]
 91%|█████████ | 182/200 [01:06<00:06,  2.72it/s]
 92%|█████████▏| 183/200 [01:06<00:06,  2.74it/s]
 92%|█████████▏| 184/200 [01:06<00:05,  2.75it/s]
 92%|█████████▎| 185/200 [01:07<00:05,  2.75it/s]
 93%|█████████▎| 186/200 [01:07<00:05,  2.75it/s]
 94%|█████████▎| 187/200 [01:07<00:04,  2.76it/s]
 94%|█████████▍| 188/200 [01:08<00:04,  2.76it/s]
 94%|█████████▍| 189/200 [01:08<00:03,  2.76it/s]
 95%|█████████▌| 190/200 [01:08<00:03,  2.77it/s]
 96%|█████████▌| 191/200 [01:09<00:03,  2.77it/s]
 96%|█████████▌| 192/200 [01:09<00:02,  2.77it/s]
 96%|█████████▋| 193/200 [01:10<00:02,  2.77it/s]
 97%|█████████▋| 194/200 [01:10<00:02,  2.77it/s]
 98%|█████████▊| 195/200 [01:10<00:01,  2.77it/s]
 98%|█████████▊| 196/200 [01:11<00:01,  2.77it/s]
 98%|█████████▊| 197/200 [01:11<00:01,  2.76it/s]
 99%|█████████▉| 198/200 [01:11<00:00,  2.76it/s]
100%|█████████▉| 199/200 [01:12<00:00,  2.76it/s]
100%|██████████| 200/200 [01:12<00:00,  2.76it/s]
100%|██████████| 200/200 [01:12<00:00,  2.76it/s]
    sub_label                                          obj_label    relation         masked_sentences sub_label_pl                                         sub_sister  sub_position sub_label_sg                                            def_sap                                            def_dap                                            lsp_sap                                            lsp_dap                                     anchor_lsp_sap                                  obj_mask_sentence                            obj_mask_sentence_score                                   obj_mask_def_sap                             obj_mask_def_sap_score                                   obj_mask_lsp_sap                             obj_mask_lsp_sap_score                        subj_sgpl                                       subj_anchors                                 subj_anchors_score                                subj_anchors_sg                                    subj_anchors_pl  \
0      acacia  [birch, cedar, cypress, elm, oak, pine, poplar...  Coordinate     [acacia and [MASK].]       acacia  [birch, cedar, cypress, elm, oak, pine, poplar...             0      acacium  [An acacium is a [MASK]., An acacium is an [MA...  [An acacium or [Z] is a [MASK]., An acacium or...  [[MASK] such as acacia., [MASK], including aca...  [[MASK] such as acacia and [Z]., [MASK], inclu...  [such as acacia and [MASK]., such as acacia or...  [eucalyptus, palm, palms, bamboo, cedar, oak, ...  {'eucalyptus': 0.18076050281524658, 'palm': 0....  [asteroid, organ, organism, orchid, bacterium,...  {'asteroid': 0.16110844910144806, 'organ': 0.1...  [trees, plants, species, shrubs, things, grass...  {'trees': 0.3817206795016925, 'plants': 0.1795...            acacia acacium acacia  [eucalyptus, palm, beech, oak, palms, birch, w...  {'eucalyptus': 0.5571126037023284, 'palm': 0.3...           [eucalyptu, palm, beech, oak, birch]        [eucalyptus, palms, beeches, oaks, birches]   
1  alligators     [crocodile, frog, lizard, snake, toad, turtle]  Coordinate  [alligator and [MASK].]   alligators     [crocodile, frog, lizard, snake, toad, turtle]             0    alligator  [An alligator is a [MASK]., An alligator is an...  [An alligator or [Z] is a [MASK]., An alligato...  [[MASK] such as alligators., [MASK], including...  [[MASK] such as alligators and [Z]., [MASK], i...  [such as alligators and [MASK]., such as allig...  [alligator, fish, crocodile, shark, frog, turt...  {'alligator': 0.04840024933218956, 'fish': 0.0...  [animal, alligator, fish, monster, snake, croc...  {'animal': 0.35219907760620117, 'alligator': 0...  [reptiles, things, snakes, animals, creatures,...  {'reptiles': 0.45938984490931034, 'things': 0....  alligators alligator alligators  [alligator, snakes, crocodile, lizards, turtle...  {'alligator': 1.0509644899178634, 'snakes': 0....  [alligator, snake, crocodile, lizard, turtle]  [alligators, snakes, crocodiles, lizards, turt...   
2  ambulances  [battleship, bicycle, bike, bomber, bus, car, ...  Coordinate  [ambulance and [MASK].]   ambulances  [battleship, bicycle, bike, bomber, bus, car, ...             0    ambulance  [An ambulance is a [MASK]., An ambulance is an...  [An ambulance or [Z] is a [MASK]., An ambulanc...  [[MASK] such as ambulances., [MASK], including...  [[MASK] such as ambulances and [Z]., [MASK], i...  [such as ambulances and [MASK]., such as ambul...  [fire, rescue, police, ambulance, recovery, re...  {'fire': 0.310608834028244, 'rescue': 0.253190...  [ambulance, emergency, accident, car, helicopt...  {'ambulance': 0.2564025754109025, 'emergency':...  [things, vehicles, ambulance, services, police...  {'things': 0.33095417730510235, 'vehicles': 0....  ambulances ambulance ambulances  [ambulance, buses, taxis, police, trucks, vans...  {'ambulance': 1.0189370978623629, 'buses': 0.4...          [ambulance, bus, taxi, police, truck]         [ambulances, buses, taxis, police, trucks]   
3        ants  [bee, beetle, butterfly, cockroach, cricket, d...  Coordinate        [ant and [MASK].]         ants  [bee, beetle, butterfly, cockroach, cricket, d...             0          ant        [An ant is a [MASK]., An ant is an [MASK].]  [An ant or [Z] is a [MASK]., An ant or [Z] is ...  [[MASK] such as ants., [MASK], including ants....  [[MASK] such as ants and [Z]., [MASK], includi...  [such as ants and [MASK]., such as ants or [MA...  [bee, fly, bite, butterfly, honey, wasp, beetl...  {'bee': 0.3025893270969391, 'fly': 0.075812287...  [insect, animal, ant, bug, species, organism, ...  {'insect': 0.3211294710636139, 'animal': 0.225...  [insects, things, animals, mammals, people, in...  {'insects': 0.4983338552216689, 'things': 0.21...                    ants ant ants  [ant, bees, wasps, beetles, bugs, flies, horne...  {'ant': 1.0551158376038074, 'bees': 0.80058454...                  [ant, bee, wasp, beetle, bug]                 [ants, bees, wasps, beetles, bugs]   
4      apples  [apricot, banana, cherry, coconut, cranberry, ...  Coordinate      [apple and [MASK].]       apples  [apricot, banana, cherry, coconut, cranberry, ...             0        apple    [An apple is a [MASK]., An apple is an [MASK].]  [An apple or [Z] is a [MASK]., An apple or [Z]...  [[MASK] such as apples., [MASK], including app...  [[MASK] such as apples and [Z]., [MASK], inclu...  [such as apples and [MASK]., such as apples or...  [pear, apple, company, co, palm, dell, amazon,...  {'pear': 0.2689051032066345, 'apple': 0.137568...  [apple, tree, fruit, pear, nut, vegetable, per...  {'apple': 0.4679407370276749, 'tree': 0.152786...  [fruits, fruit, things, vegetables, apple, nut...  {'fruits': 0.3824947439134121, 'fruit': 0.2358...              apples apple apples  [apple, grapes, pear, bananas, dates, berries,...  {'apple': 1.0401534259319305, 'grapes': 0.4794...             [apple, grape, pear, banana, date]            [apples, grapes, pears, bananas, dates]   

             subj_anchors_combined                  masked_sentences_with_subj_anchor                           def_dap_with_subj_anchor                           lsp_dap_with_subj_anchor                              obj_mask_sentence_dap                        obj_mask_sentence_dap_score                                   obj_mask_def_dap                             obj_mask_def_dap_score                                   obj_mask_lsp_dap                             obj_mask_lsp_dap_score  
0            acacia acacium acacia  [acacia and [MASK]., acacia or eucalyptus  and...  [An acacium or eucalyptu is a [MASK]., An acac...  [[MASK] such as acacia and eucalyptus., [MASK]...  [ebony, ash, beech, oak, palms, trees, eucalyp...  {'ebony': 0.19936242699623108, 'ash': 0.107234...  [oak, tree, object, plant, palm, orchid, umbre...  {'oak': 0.5082228286191821, 'tree': 0.43562953...  [trees, plants, woodland, palms, shrubs, speci...  {'trees': 0.6740986982981364, 'plants': 0.0968...  
1  alligators alligator alligators  [alligator and [MASK]., alligator  or alligato...  [An alligator or alligator is a [MASK]., An al...  [[MASK] such as alligators and alligators., [M...  [wolves, game, snakes, chips, lizards, rays, a...  {'wolves': 0.3281930685043335, 'game': 0.31586...  [animal, fish, predator, mammal, lizard, croco...  {'animal': 0.8214590191841126, 'fish': 0.17564...  [reptiles, animals, snakes, things, species, c...  {'reptiles': 0.5528228256851435, 'animals': 0....  
2  ambulances ambulance ambulances  [ambulance and [MASK]., ambulance  or ambulanc...  [An ambulance or ambulance is a [MASK]., An am...  [[MASK] such as ambulances and ambulances., [M...  [fire, buses, trucks, helicopters, rescue, pla...  {'fire': 0.35703508121271926, 'buses': 0.17474...  [vehicle, example, exception, response, taxi, ...  {'vehicle': 0.5152647703886032, 'example': 0.1...  [vehicles, things, transport, transportation, ...  {'vehicles': 0.43491556035975615, 'things': 0....  
3                    ants ant ants  [ant and [MASK]., ant  or ant and [MASK]., ant...  [An ant or ant is a [MASK]., An ant or bee is ...  [[MASK] such as ants and ants., [MASK] such as...  [bee, bees, fungus, flies, wasps, adults, moth...  {'bee': 0.17723510414361954, 'bees': 0.1734753...  [insect, animal, bug, pest, species, wasp, bee...  {'insect': 0.36883224197663367, 'animal': 0.23...  [insects, things, animals, invertebrates, bees...  {'insects': 0.6561825462927421, 'things': 0.14...  
4              apples apple apples  [apple and [MASK]., apple  or apple and [MASK]...  [An apple or apple is a [MASK]., An apple or g...  [[MASK] such as apples and apples., [MASK] suc...  [pear, nuts, dates, fruit, fruits, fig, nut, c...  {'pear': 0.17787584041555723, 'nuts': 0.167466...  [fruit, date, month, example, year, tree, vege...  {'fruit': 0.5626042312011122, 'date': 0.370663...  [fruits, fruit, things, dates, vegetables, ite...  {'fruits': 0.49165945953379075, 'fruit': 0.255...  
---------------------------------------- anchor evaluation ----------------------------------------
0    subj_anchors    13.0    IsA    24.8    10.4    4.57    0.995
---  --------------  ------  -----  ------  ------  ------  -------
      mask_type  p@10 relation  mAP@10  recall@10  anchor_wordnet_avg_path  anchor_wordnet_coverage
0  subj_anchors  13.0      IsA    24.8       10.4                     4.57                    0.995
---------------------------------------- obj_label evaluation ----------------------------------------
begin{tabular}{rlrrrrlrrr}
hline
    	 mask_type   	   p@1 	   p@5 	   p@10 	   mrr 	 relation   	   anchor_wordnet_avg_path 	   anchor_wordnet_coverage 	   mask_type_id 
hline
  1 	 def_sap     	    11 	  67   	   80.5 	  31.3 	 IsA        	                      4.57 	                     0.995 	              1 
  2 	 lsp_sap     	     0 	   3.5 	   12   	   2.1 	 IsA        	                      4.57 	                     0.995 	              3 
  4 	 def_dap     	     8 	  64.5 	   85   	  31.6 	 IsA        	                      4.57 	                     0.995 	              2 
  5 	 lsp_dap     	     0 	   7.5 	   18.5 	   3.5 	 IsA        	                      4.57 	                     0.995 	              4 
hline
end{tabular}
save 
log/bert-large-uncased/coordinate/BLESS/df_all_use_global_dap_True_anchor_type_Coordinate_remove_Y_PUNC_FULL_concate_or_single_max_anchor_num_10_anchor_scorer_probAvg_filter_obj_True_filter_objects_with_input_True_wnp_True_cpt_False.COORDINATE.tsv

save 
log/bert-large-uncased/coordinate/BLESS/exp_data_results_anchor_type_Coordinate_remove_Y_PUNC_FULL_concate_or_single_max_anchor_num_10_anchor_scorer_probAvg_filter_obj_True_filter_objects_with_input_True_wnp_True_cpt_False.COORDINATE.csv
