debug: False
---------------------------------------- config ----------------------------------------
{'debug': False, 'test_relations': ['IsA'], 'save_all_data': True, 'top_k': 10, 'data_dir': 'data/lm_diagnostic_extended/plural/', 'mask_string_mapping': {'bert-large-uncased': '[MASK]'}, 'use_dap_global': True, 'max_anchor_num': 3, 'return_probs': True, 'anchor_scorer_list': ['probAvg'], 'scorer_target_1_prompt': 'probSum', 'scorer_target_N_prompts': 'probAvg', 'use_original_prompt': True, 'original_prompt_source': 'masked_sentence', 'incorporate_operations': ['concate_or_single'], 'filter_anchors_flag': True, 'filter_objects_flag': True, 'cpt_only': False, 'max_anchor_num_list': [5], 'anchor_types': ['Coordinate_remove_Y_PUNC_FULL'], 'add_cpt_score': False, 'constrain_targets': True, 'add_wordnet_path_score': True}
---------------------------------------- config ----------------------------------------
Some weights of the model checkpoint at bert-large-uncased were not used when initializing BertForMaskedLM: ['cls.seq_relationship.weight', 'cls.seq_relationship.bias']
- This IS expected if you are initializing BertForMaskedLM from the checkpoint of a model trained on another task or with another architecture (e.g. initializing a BertForSequenceClassification model from a BertForPreTraining model).
- This IS NOT expected if you are initializing BertForMaskedLM from the checkpoint of a model that you expect to be exactly identical (initializing a BertForSequenceClassification model from a BertForSequenceClassification model).
Some weights of the model checkpoint at bert-large-uncased were not used when initializing BertForMaskedLM: ['cls.seq_relationship.weight', 'cls.seq_relationship.bias']
- This IS expected if you are initializing BertForMaskedLM from the checkpoint of a model trained on another task or with another architecture (e.g. initializing a BertForSequenceClassification model from a BertForPreTraining model).
- This IS NOT expected if you are initializing BertForMaskedLM from the checkpoint of a model that you expect to be exactly identical (initializing a BertForSequenceClassification model from a BertForSequenceClassification model).
---------------------------------------- bert-large-uncased-anchor_type: Coordinate_remove_Y_PUNC_FULL-scorer_anchor:probAvg-op:concate_or_single ----------------------------------------
{
    "IsA": {
        "relation": "IsA",
        "def_sap": [
            "A [X] is a [MASK].",
            "A [X] is an [MASK].",
            "An [X] is a [MASK].",
            "An [X] is an [MASK]."
        ],
        "def_dap": [
            "A [X] or [Z] is a [MASK].",
            "A [X] or [Z] is an [MASK].",
            "An [X] or [Z] is a [MASK].",
            "An [X] or [Z] is an [MASK]."
        ],
        "lsp_sap": [
            "[MASK] such as [X].",
            "[MASK], including [X].",
            "[MASK], especially [X].",
            "[X] or other [MASK].",
            "[X] and other [MASK].",
            "such [MASK] as [X]."
        ],
        "lsp_dap": [
            "[MASK] such as [X] and [Z].",
            "[MASK], including [X] and [Z].",
            "[MASK], especially [X] and [Z].",
            "[X], [Z] and other [MASK].",
            "[X], [Z] or other [MASK].",
            "such [MASK] as [X] and [Z]."
        ],
        "use_dap": true,
        "anchor_target": "[X]",
        "anchor_lsp_sap": [
            "such as [X] and [MASK].",
            "such as [X] or [MASK].",
            "such as [X], [MASK],",
            "including [X] and [MASK].",
            "including [X] or [MASK].",
            "including [X], [MASK],",
            "especially [X] and [MASK].",
            "especially [X] or [MASK].",
            "especially [X], [MASK],",
            "[X], [MASK] or other",
            "[X], [MASK] and other"
        ]
    }
}
Processing IsA ... data/lm_diagnostic_extended/plural//IsA.jsonl
#Test_instances: 576
	 step1: get anchors (fill and filter)
/home/chunhua/.local/lib/python3.8/site-packages/transformers/pipelines/base.py:1043: UserWarning: You seem to be using the pipelines sequentially on GPU. In order to maximize efficiency please use a dataset
  warnings.warn(
--- def_sap
--- lsp_sap
relation: IsA 	 use_dap: True
	 step2: insert anchors
	 step3: fill mask in dap anchors

  0%|          | 0/576 [00:00<?, ?it/s]/home/chunhua/.local/lib/python3.8/site-packages/transformers/pipelines/base.py:1043: UserWarning: You seem to be using the pipelines sequentially on GPU. In order to maximize efficiency please use a dataset
  warnings.warn(

  0%|          | 2/576 [00:00<00:51, 11.05it/s]
  1%|          | 4/576 [00:00<00:52, 10.89it/s]
  1%|          | 6/576 [00:00<00:51, 11.02it/s]
  1%|▏         | 8/576 [00:00<00:51, 11.02it/s]
  2%|▏         | 10/576 [00:00<00:51, 11.03it/s]
  2%|▏         | 12/576 [00:01<00:50, 11.12it/s]
  2%|▏         | 14/576 [00:01<00:50, 11.16it/s]
  3%|▎         | 16/576 [00:01<00:50, 11.17it/s]
  3%|▎         | 18/576 [00:01<00:49, 11.21it/s]
  3%|▎         | 20/576 [00:01<00:49, 11.26it/s]
  4%|▍         | 22/576 [00:01<00:49, 11.23it/s]
  4%|▍         | 24/576 [00:02<00:49, 11.23it/s]
  5%|▍         | 26/576 [00:02<00:49, 11.22it/s]
  5%|▍         | 28/576 [00:02<00:48, 11.22it/s]
  5%|▌         | 30/576 [00:02<00:48, 11.25it/s]
  6%|▌         | 32/576 [00:02<00:48, 11.23it/s]
  6%|▌         | 34/576 [00:03<00:48, 11.23it/s]
  6%|▋         | 36/576 [00:03<00:48, 11.23it/s]
  7%|▋         | 38/576 [00:03<00:47, 11.27it/s]
  7%|▋         | 40/576 [00:03<00:47, 11.17it/s]
  7%|▋         | 42/576 [00:03<00:48, 11.08it/s]
  8%|▊         | 44/576 [00:03<00:48, 11.01it/s]
  8%|▊         | 46/576 [00:04<00:47, 11.07it/s]
  8%|▊         | 48/576 [00:04<00:47, 11.10it/s]
  9%|▊         | 50/576 [00:04<00:47, 11.13it/s]
  9%|▉         | 52/576 [00:04<00:46, 11.15it/s]
  9%|▉         | 54/576 [00:04<00:46, 11.15it/s]
 10%|▉         | 56/576 [00:05<00:46, 11.17it/s]
 10%|█         | 58/576 [00:05<00:46, 11.18it/s]
 10%|█         | 60/576 [00:05<00:46, 11.21it/s]
 11%|█         | 62/576 [00:05<00:45, 11.21it/s]
 11%|█         | 64/576 [00:05<00:45, 11.33it/s]
 11%|█▏        | 66/576 [00:05<00:42, 11.96it/s]
 12%|█▏        | 68/576 [00:06<00:40, 12.47it/s]
 12%|█▏        | 70/576 [00:06<00:39, 12.87it/s]
 12%|█▎        | 72/576 [00:06<00:38, 13.20it/s]
 13%|█▎        | 74/576 [00:06<00:37, 13.42it/s]
 13%|█▎        | 76/576 [00:06<00:36, 13.54it/s]
 14%|█▎        | 78/576 [00:06<00:36, 13.70it/s]
 14%|█▍        | 80/576 [00:06<00:36, 13.68it/s]
 14%|█▍        | 82/576 [00:07<00:36, 13.70it/s]
 15%|█▍        | 84/576 [00:07<00:35, 13.74it/s]
 15%|█▍        | 86/576 [00:07<00:35, 13.80it/s]
 15%|█▌        | 88/576 [00:07<00:35, 13.80it/s]
 16%|█▌        | 90/576 [00:07<00:35, 13.84it/s]
 16%|█▌        | 92/576 [00:07<00:34, 13.90it/s]
 16%|█▋        | 94/576 [00:07<00:34, 13.85it/s]
 17%|█▋        | 96/576 [00:08<00:34, 13.86it/s]
 17%|█▋        | 98/576 [00:08<00:34, 13.87it/s]
 17%|█▋        | 100/576 [00:08<00:34, 13.89it/s]
 18%|█▊        | 102/576 [00:08<00:34, 13.86it/s]
 18%|█▊        | 104/576 [00:08<00:34, 13.80it/s]
 18%|█▊        | 106/576 [00:08<00:33, 13.83it/s]
 19%|█▉        | 108/576 [00:08<00:33, 13.81it/s]
 19%|█▉        | 110/576 [00:09<00:33, 13.82it/s]
 19%|█▉        | 112/576 [00:09<00:33, 13.85it/s]
 20%|█▉        | 114/576 [00:09<00:33, 13.90it/s]
 20%|██        | 116/576 [00:09<00:33, 13.80it/s]
 20%|██        | 118/576 [00:09<00:33, 13.79it/s]
 21%|██        | 120/576 [00:09<00:32, 13.84it/s]
 21%|██        | 122/576 [00:09<00:32, 13.77it/s]
 22%|██▏       | 124/576 [00:10<00:32, 13.79it/s]
 22%|██▏       | 126/576 [00:10<00:32, 13.80it/s]
 22%|██▏       | 128/576 [00:10<00:32, 13.85it/s]
 23%|██▎       | 130/576 [00:10<00:32, 13.87it/s]
 23%|██▎       | 132/576 [00:10<00:32, 13.87it/s]
 23%|██▎       | 134/576 [00:10<00:31, 13.86it/s]
 24%|██▎       | 136/576 [00:10<00:31, 13.81it/s]
 24%|██▍       | 138/576 [00:11<00:31, 13.74it/s]
 24%|██▍       | 140/576 [00:11<00:31, 13.83it/s]
 25%|██▍       | 142/576 [00:11<00:31, 13.80it/s]
 25%|██▌       | 144/576 [00:11<00:31, 13.81it/s]
 25%|██▌       | 146/576 [00:11<00:31, 13.84it/s]
 26%|██▌       | 148/576 [00:11<00:30, 13.84it/s]
 26%|██▌       | 150/576 [00:11<00:30, 13.80it/s]
 26%|██▋       | 152/576 [00:12<00:30, 13.83it/s]
 27%|██▋       | 154/576 [00:12<00:30, 13.85it/s]
 27%|██▋       | 156/576 [00:12<00:30, 13.90it/s]
 27%|██▋       | 158/576 [00:12<00:30, 13.90it/s]
 28%|██▊       | 160/576 [00:12<00:29, 13.88it/s]
 28%|██▊       | 162/576 [00:12<00:29, 13.92it/s]
 28%|██▊       | 164/576 [00:12<00:29, 13.88it/s]
 29%|██▉       | 166/576 [00:13<00:29, 13.85it/s]
 29%|██▉       | 168/576 [00:13<00:29, 13.87it/s]
 30%|██▉       | 170/576 [00:13<00:29, 13.89it/s]
 30%|██▉       | 172/576 [00:13<00:29, 13.89it/s]
 30%|███       | 174/576 [00:13<00:28, 13.90it/s]
 31%|███       | 176/576 [00:13<00:28, 13.90it/s]
 31%|███       | 178/576 [00:13<00:28, 13.81it/s]
 31%|███▏      | 180/576 [00:14<00:28, 13.87it/s]
 32%|███▏      | 182/576 [00:14<00:28, 13.88it/s]
 32%|███▏      | 184/576 [00:14<00:28, 13.85it/s]
 32%|███▏      | 186/576 [00:14<00:28, 13.85it/s]
 33%|███▎      | 188/576 [00:14<00:28, 13.80it/s]
 33%|███▎      | 190/576 [00:14<00:28, 13.63it/s]
 33%|███▎      | 192/576 [00:14<00:28, 13.56it/s]
 34%|███▎      | 194/576 [00:15<00:27, 13.64it/s]
 34%|███▍      | 196/576 [00:15<00:27, 13.71it/s]
 34%|███▍      | 198/576 [00:15<00:27, 13.78it/s]
 35%|███▍      | 200/576 [00:15<00:27, 13.71it/s]
 35%|███▌      | 202/576 [00:15<00:27, 13.78it/s]
 35%|███▌      | 204/576 [00:15<00:26, 13.79it/s]
 36%|███▌      | 206/576 [00:15<00:26, 13.73it/s]
 36%|███▌      | 208/576 [00:16<00:26, 13.77it/s]
 36%|███▋      | 210/576 [00:16<00:26, 13.72it/s]
 37%|███▋      | 212/576 [00:16<00:26, 13.66it/s]
 37%|███▋      | 214/576 [00:16<00:26, 13.71it/s]
 38%|███▊      | 216/576 [00:16<00:26, 13.77it/s]
 38%|███▊      | 218/576 [00:16<00:25, 13.78it/s]
 38%|███▊      | 220/576 [00:17<00:25, 13.81it/s]
 39%|███▊      | 222/576 [00:17<00:25, 13.83it/s]
 39%|███▉      | 224/576 [00:17<00:25, 13.82it/s]
 39%|███▉      | 226/576 [00:17<00:25, 13.51it/s]
 40%|███▉      | 228/576 [00:17<00:25, 13.64it/s]
 40%|███▉      | 230/576 [00:17<00:25, 13.71it/s]
 40%|████      | 232/576 [00:17<00:25, 13.61it/s]
 41%|████      | 234/576 [00:18<00:24, 13.69it/s]
 41%|████      | 236/576 [00:18<00:24, 13.75it/s]
 41%|████▏     | 238/576 [00:18<00:24, 13.77it/s]
 42%|████▏     | 240/576 [00:18<00:24, 13.80it/s]
 42%|████▏     | 242/576 [00:18<00:24, 13.78it/s]
 42%|████▏     | 244/576 [00:18<00:23, 13.85it/s]
 43%|████▎     | 246/576 [00:18<00:23, 13.78it/s]
 43%|████▎     | 248/576 [00:19<00:23, 13.71it/s]
 43%|████▎     | 250/576 [00:19<00:23, 13.80it/s]
 44%|████▍     | 252/576 [00:19<00:23, 13.81it/s]
 44%|████▍     | 254/576 [00:19<00:23, 13.78it/s]
 44%|████▍     | 256/576 [00:19<00:23, 13.76it/s]
 45%|████▍     | 258/576 [00:19<00:23, 13.75it/s]
 45%|████▌     | 260/576 [00:19<00:23, 13.73it/s]
 45%|████▌     | 262/576 [00:20<00:22, 13.79it/s]
 46%|████▌     | 264/576 [00:20<00:22, 13.73it/s]
 46%|████▌     | 266/576 [00:20<00:22, 13.75it/s]
 47%|████▋     | 268/576 [00:20<00:22, 13.79it/s]
 47%|████▋     | 270/576 [00:20<00:22, 13.74it/s]
 47%|████▋     | 272/576 [00:20<00:22, 13.81it/s]
 48%|████▊     | 274/576 [00:20<00:21, 13.79it/s]
 48%|████▊     | 276/576 [00:21<00:21, 13.83it/s]
 48%|████▊     | 278/576 [00:21<00:21, 13.84it/s]
 49%|████▊     | 280/576 [00:21<00:21, 13.86it/s]
 49%|████▉     | 282/576 [00:21<00:21, 13.58it/s]
 49%|████▉     | 284/576 [00:21<00:21, 13.67it/s]
 50%|████▉     | 286/576 [00:21<00:21, 13.51it/s]
 50%|█████     | 288/576 [00:21<00:21, 13.58it/s]
 50%|█████     | 290/576 [00:22<00:20, 13.68it/s]
 51%|█████     | 292/576 [00:22<00:20, 13.77it/s]
 51%|█████     | 294/576 [00:22<00:20, 13.81it/s]
 51%|█████▏    | 296/576 [00:22<00:20, 13.83it/s]
 52%|█████▏    | 298/576 [00:22<00:20, 13.89it/s]
 52%|█████▏    | 300/576 [00:22<00:19, 13.85it/s]
 52%|█████▏    | 302/576 [00:22<00:19, 13.79it/s]
 53%|█████▎    | 304/576 [00:23<00:19, 13.77it/s]
 53%|█████▎    | 306/576 [00:23<00:19, 13.84it/s]
 53%|█████▎    | 308/576 [00:23<00:19, 13.85it/s]
 54%|█████▍    | 310/576 [00:23<00:19, 13.89it/s]
 54%|█████▍    | 312/576 [00:23<00:19, 13.85it/s]
 55%|█████▍    | 314/576 [00:23<00:19, 13.78it/s]
 55%|█████▍    | 316/576 [00:23<00:18, 13.75it/s]
 55%|█████▌    | 318/576 [00:24<00:18, 13.79it/s]
 56%|█████▌    | 320/576 [00:24<00:18, 13.84it/s]
 56%|█████▌    | 322/576 [00:24<00:18, 13.91it/s]
 56%|█████▋    | 324/576 [00:24<00:18, 13.82it/s]
 57%|█████▋    | 326/576 [00:24<00:18, 13.23it/s]
 57%|█████▋    | 328/576 [00:25<00:23, 10.63it/s]
 57%|█████▋    | 330/576 [00:25<00:26,  9.19it/s]
 58%|█████▊    | 332/576 [00:25<00:29,  8.37it/s]
 58%|█████▊    | 333/576 [00:25<00:30,  8.08it/s]
 58%|█████▊    | 334/576 [00:25<00:31,  7.79it/s]
 58%|█████▊    | 335/576 [00:26<00:31,  7.55it/s]
 58%|█████▊    | 336/576 [00:26<00:32,  7.41it/s]
 59%|█████▊    | 337/576 [00:26<00:32,  7.26it/s]
 59%|█████▊    | 338/576 [00:26<00:33,  7.15it/s]
 59%|█████▉    | 339/576 [00:26<00:33,  7.07it/s]
 59%|█████▉    | 340/576 [00:26<00:33,  7.01it/s]
 59%|█████▉    | 341/576 [00:26<00:33,  6.94it/s]
 59%|█████▉    | 342/576 [00:27<00:33,  6.88it/s]
 60%|█████▉    | 344/576 [00:27<00:25,  8.95it/s]
 60%|██████    | 346/576 [00:27<00:22, 10.37it/s]
 60%|██████    | 348/576 [00:27<00:19, 11.44it/s]
 61%|██████    | 350/576 [00:27<00:18, 12.18it/s]
 61%|██████    | 352/576 [00:27<00:17, 12.68it/s]
 61%|██████▏   | 354/576 [00:27<00:17, 12.97it/s]
 62%|██████▏   | 356/576 [00:28<00:16, 13.20it/s]
 62%|██████▏   | 358/576 [00:28<00:16, 13.38it/s]
 62%|██████▎   | 360/576 [00:28<00:15, 13.55it/s]
 63%|██████▎   | 362/576 [00:28<00:15, 13.66it/s]
 63%|██████▎   | 364/576 [00:28<00:15, 13.73it/s]
 64%|██████▎   | 366/576 [00:28<00:15, 13.74it/s]
 64%|██████▍   | 368/576 [00:28<00:15, 13.67it/s]
 64%|██████▍   | 370/576 [00:29<00:15, 13.68it/s]
 65%|██████▍   | 372/576 [00:29<00:14, 13.74it/s]
 65%|██████▍   | 374/576 [00:29<00:14, 13.75it/s]
 65%|██████▌   | 376/576 [00:29<00:14, 13.75it/s]
 66%|██████▌   | 378/576 [00:29<00:14, 13.71it/s]
 66%|██████▌   | 380/576 [00:29<00:14, 13.76it/s]
 66%|██████▋   | 382/576 [00:29<00:14, 13.71it/s]
 67%|██████▋   | 384/576 [00:30<00:13, 13.74it/s]
 67%|██████▋   | 386/576 [00:30<00:13, 13.81it/s]
 67%|██████▋   | 388/576 [00:30<00:13, 13.75it/s]
 68%|██████▊   | 390/576 [00:30<00:13, 13.75it/s]
 68%|██████▊   | 392/576 [00:30<00:13, 13.73it/s]
 68%|██████▊   | 394/576 [00:30<00:13, 13.71it/s]
 69%|██████▉   | 396/576 [00:30<00:13, 13.68it/s]
 69%|██████▉   | 398/576 [00:31<00:12, 13.72it/s]
 69%|██████▉   | 400/576 [00:31<00:12, 13.79it/s]
 70%|██████▉   | 402/576 [00:31<00:12, 13.81it/s]
 70%|███████   | 404/576 [00:31<00:12, 13.80it/s]
 70%|███████   | 406/576 [00:31<00:12, 13.81it/s]
 71%|███████   | 408/576 [00:31<00:12, 13.86it/s]
 71%|███████   | 410/576 [00:31<00:12, 13.81it/s]
 72%|███████▏  | 412/576 [00:32<00:11, 13.81it/s]
 72%|███████▏  | 414/576 [00:32<00:11, 13.85it/s]
 72%|███████▏  | 416/576 [00:32<00:11, 13.89it/s]
 73%|███████▎  | 418/576 [00:32<00:11, 13.91it/s]
 73%|███████▎  | 420/576 [00:32<00:11, 13.91it/s]
 73%|███████▎  | 422/576 [00:32<00:11, 13.85it/s]
 74%|███████▎  | 424/576 [00:32<00:11, 13.76it/s]
 74%|███████▍  | 426/576 [00:33<00:10, 13.76it/s]
 74%|███████▍  | 428/576 [00:33<00:10, 13.79it/s]
 75%|███████▍  | 430/576 [00:33<00:10, 13.81it/s]
 75%|███████▌  | 432/576 [00:33<00:10, 13.82it/s]
 75%|███████▌  | 434/576 [00:33<00:10, 13.83it/s]
 76%|███████▌  | 436/576 [00:33<00:10, 13.85it/s]
 76%|███████▌  | 438/576 [00:33<00:10, 13.80it/s]
 76%|███████▋  | 440/576 [00:34<00:09, 13.84it/s]
 77%|███████▋  | 442/576 [00:34<00:09, 13.91it/s]
 77%|███████▋  | 444/576 [00:34<00:09, 13.95it/s]
 77%|███████▋  | 446/576 [00:34<00:09, 13.98it/s]
 78%|███████▊  | 448/576 [00:34<00:09, 14.00it/s]
 78%|███████▊  | 450/576 [00:34<00:08, 14.06it/s]
 78%|███████▊  | 452/576 [00:34<00:08, 14.03it/s]
 79%|███████▉  | 454/576 [00:35<00:08, 14.07it/s]
 79%|███████▉  | 456/576 [00:35<00:08, 14.05it/s]
 80%|███████▉  | 458/576 [00:35<00:08, 14.12it/s]
 80%|███████▉  | 460/576 [00:35<00:08, 14.12it/s]
 80%|████████  | 462/576 [00:35<00:08, 14.10it/s]
 81%|████████  | 464/576 [00:35<00:07, 14.09it/s]
 81%|████████  | 466/576 [00:35<00:07, 13.99it/s]
 81%|████████▏ | 468/576 [00:36<00:07, 14.03it/s]
 82%|████████▏ | 470/576 [00:36<00:07, 14.10it/s]
 82%|████████▏ | 472/576 [00:36<00:07, 14.09it/s]
 82%|████████▏ | 474/576 [00:36<00:07, 14.09it/s]
 83%|████████▎ | 476/576 [00:36<00:07, 14.07it/s]
 83%|████████▎ | 478/576 [00:36<00:06, 14.09it/s]
 83%|████████▎ | 480/576 [00:36<00:06, 14.01it/s]
 84%|████████▎ | 482/576 [00:37<00:06, 14.04it/s]
 84%|████████▍ | 484/576 [00:37<00:06, 14.08it/s]
 84%|████████▍ | 486/576 [00:37<00:06, 14.08it/s]
 85%|████████▍ | 488/576 [00:37<00:06, 14.06it/s]
 85%|████████▌ | 490/576 [00:37<00:06, 14.08it/s]
 85%|████████▌ | 492/576 [00:37<00:05, 14.03it/s]
 86%|████████▌ | 494/576 [00:37<00:05, 13.90it/s]
 86%|████████▌ | 496/576 [00:38<00:05, 13.94it/s]
 86%|████████▋ | 498/576 [00:38<00:05, 14.03it/s]
 87%|████████▋ | 500/576 [00:38<00:05, 14.09it/s]
 87%|████████▋ | 502/576 [00:38<00:05, 14.08it/s]
 88%|████████▊ | 504/576 [00:38<00:05, 14.10it/s]
 88%|████████▊ | 506/576 [00:38<00:04, 14.09it/s]
 88%|████████▊ | 508/576 [00:38<00:04, 13.95it/s]
 89%|████████▊ | 510/576 [00:39<00:04, 13.93it/s]
 89%|████████▉ | 512/576 [00:39<00:04, 13.95it/s]
 89%|████████▉ | 514/576 [00:39<00:04, 14.02it/s]
 90%|████████▉ | 516/576 [00:39<00:04, 14.07it/s]
 90%|████████▉ | 518/576 [00:39<00:04, 14.07it/s]
 90%|█████████ | 520/576 [00:39<00:03, 14.09it/s]
 91%|█████████ | 522/576 [00:39<00:03, 14.02it/s]
 91%|█████████ | 524/576 [00:40<00:03, 14.04it/s]
 91%|█████████▏| 526/576 [00:40<00:03, 14.09it/s]
 92%|█████████▏| 528/576 [00:40<00:03, 14.11it/s]
 92%|█████████▏| 530/576 [00:40<00:03, 14.13it/s]
 92%|█████████▏| 532/576 [00:40<00:03, 14.14it/s]
 93%|█████████▎| 534/576 [00:40<00:02, 14.11it/s]
 93%|█████████▎| 536/576 [00:40<00:02, 14.09it/s]
 93%|█████████▎| 538/576 [00:41<00:02, 14.10it/s]
 94%|█████████▍| 540/576 [00:41<00:02, 14.09it/s]
 94%|█████████▍| 542/576 [00:41<00:02, 14.08it/s]
 94%|█████████▍| 544/576 [00:41<00:02, 14.06it/s]
 95%|█████████▍| 546/576 [00:41<00:02, 14.05it/s]
 95%|█████████▌| 548/576 [00:41<00:01, 14.06it/s]
 95%|█████████▌| 550/576 [00:41<00:01, 13.96it/s]
 96%|█████████▌| 552/576 [00:42<00:01, 13.99it/s]
 96%|█████████▌| 554/576 [00:42<00:01, 14.06it/s]
 97%|█████████▋| 556/576 [00:42<00:01, 14.07it/s]
 97%|█████████▋| 558/576 [00:42<00:01, 14.09it/s]
 97%|█████████▋| 560/576 [00:42<00:01, 14.09it/s]
 98%|█████████▊| 562/576 [00:42<00:00, 14.07it/s]
 98%|█████████▊| 564/576 [00:42<00:00, 13.93it/s]
 98%|█████████▊| 566/576 [00:43<00:00, 14.02it/s]
 99%|█████████▊| 568/576 [00:43<00:00, 14.00it/s]
 99%|█████████▉| 570/576 [00:43<00:00, 14.01it/s]
 99%|█████████▉| 572/576 [00:43<00:00, 13.98it/s]
100%|█████████▉| 574/576 [00:43<00:00, 13.99it/s]
100%|██████████| 576/576 [00:43<00:00, 14.07it/s]
100%|██████████| 576/576 [00:43<00:00, 13.15it/s]

  0%|          | 0/576 [00:00<?, ?it/s]
  0%|          | 1/576 [00:00<02:24,  3.99it/s]
  0%|          | 2/576 [00:00<02:21,  4.07it/s]
  1%|          | 3/576 [00:00<02:18,  4.13it/s]
  1%|          | 4/576 [00:00<02:17,  4.17it/s]
  1%|          | 5/576 [00:01<02:18,  4.12it/s]
  1%|          | 6/576 [00:01<02:17,  4.13it/s]
  1%|          | 7/576 [00:01<02:17,  4.15it/s]
  1%|▏         | 8/576 [00:01<02:16,  4.17it/s]
  2%|▏         | 9/576 [00:02<02:16,  4.15it/s]
  2%|▏         | 10/576 [00:02<02:16,  4.16it/s]
  2%|▏         | 11/576 [00:02<02:15,  4.16it/s]
  2%|▏         | 12/576 [00:02<02:15,  4.17it/s]
  2%|▏         | 13/576 [00:03<02:15,  4.15it/s]
  2%|▏         | 14/576 [00:03<02:16,  4.13it/s]
  3%|▎         | 15/576 [00:03<02:15,  4.13it/s]
  3%|▎         | 16/576 [00:03<02:15,  4.13it/s]
  3%|▎         | 17/576 [00:04<02:16,  4.11it/s]
  3%|▎         | 18/576 [00:04<02:16,  4.10it/s]
  3%|▎         | 19/576 [00:04<02:15,  4.10it/s]
  3%|▎         | 20/576 [00:04<02:15,  4.10it/s]
  4%|▎         | 21/576 [00:05<02:15,  4.10it/s]
  4%|▍         | 22/576 [00:05<02:15,  4.09it/s]
  4%|▍         | 23/576 [00:05<02:15,  4.09it/s]
  4%|▍         | 24/576 [00:05<02:15,  4.08it/s]
  4%|▍         | 25/576 [00:06<02:15,  4.07it/s]
  5%|▍         | 26/576 [00:06<02:14,  4.09it/s]
  5%|▍         | 27/576 [00:06<02:13,  4.10it/s]
  5%|▍         | 28/576 [00:06<02:13,  4.10it/s]
  5%|▌         | 29/576 [00:07<02:13,  4.11it/s]
  5%|▌         | 30/576 [00:07<02:12,  4.11it/s]
  5%|▌         | 31/576 [00:07<02:12,  4.11it/s]
  6%|▌         | 32/576 [00:07<02:12,  4.11it/s]
  6%|▌         | 33/576 [00:08<02:12,  4.11it/s]
  6%|▌         | 34/576 [00:08<02:12,  4.10it/s]
  6%|▌         | 35/576 [00:08<02:11,  4.10it/s]
  6%|▋         | 36/576 [00:08<02:11,  4.10it/s]
  6%|▋         | 37/576 [00:08<02:11,  4.10it/s]
  7%|▋         | 38/576 [00:09<02:11,  4.10it/s]
  7%|▋         | 39/576 [00:09<02:11,  4.09it/s]
  7%|▋         | 40/576 [00:09<02:10,  4.10it/s]
  7%|▋         | 41/576 [00:09<02:10,  4.11it/s]
  7%|▋         | 42/576 [00:10<02:10,  4.10it/s]
  7%|▋         | 43/576 [00:10<02:09,  4.11it/s]
  8%|▊         | 44/576 [00:10<02:09,  4.12it/s]
  8%|▊         | 45/576 [00:10<02:12,  4.00it/s]
  8%|▊         | 46/576 [00:11<02:11,  4.02it/s]
  8%|▊         | 47/576 [00:11<02:10,  4.04it/s]
  8%|▊         | 48/576 [00:11<02:09,  4.07it/s]
  9%|▊         | 49/576 [00:11<02:08,  4.09it/s]
  9%|▊         | 50/576 [00:12<02:08,  4.09it/s]
  9%|▉         | 51/576 [00:12<02:07,  4.10it/s]
  9%|▉         | 52/576 [00:12<02:07,  4.11it/s]
  9%|▉         | 53/576 [00:12<02:07,  4.11it/s]
  9%|▉         | 54/576 [00:13<02:07,  4.11it/s]
 10%|▉         | 55/576 [00:13<02:06,  4.10it/s]
 10%|▉         | 56/576 [00:13<02:06,  4.10it/s]
 10%|▉         | 57/576 [00:13<02:06,  4.10it/s]
 10%|█         | 58/576 [00:14<02:06,  4.10it/s]
 10%|█         | 59/576 [00:14<02:06,  4.09it/s]
 10%|█         | 60/576 [00:14<02:06,  4.09it/s]
 11%|█         | 61/576 [00:14<02:05,  4.10it/s]
 11%|█         | 62/576 [00:15<02:05,  4.09it/s]
 11%|█         | 63/576 [00:15<02:05,  4.08it/s]
 11%|█         | 64/576 [00:15<02:05,  4.07it/s]
 11%|█▏        | 65/576 [00:15<02:05,  4.06it/s]
 11%|█▏        | 66/576 [00:16<02:05,  4.07it/s]
 12%|█▏        | 67/576 [00:16<02:04,  4.09it/s]
 12%|█▏        | 68/576 [00:16<02:03,  4.10it/s]
 12%|█▏        | 69/576 [00:16<02:03,  4.09it/s]
 12%|█▏        | 70/576 [00:17<02:04,  4.08it/s]
 12%|█▏        | 71/576 [00:17<02:03,  4.09it/s]
 12%|█▎        | 72/576 [00:17<02:03,  4.09it/s]
 13%|█▎        | 73/576 [00:17<02:02,  4.09it/s]
 13%|█▎        | 74/576 [00:18<02:02,  4.09it/s]
 13%|█▎        | 75/576 [00:18<02:02,  4.10it/s]
 13%|█▎        | 76/576 [00:18<02:01,  4.10it/s]
 13%|█▎        | 77/576 [00:18<02:01,  4.10it/s]
 14%|█▎        | 78/576 [00:19<02:01,  4.11it/s]
 14%|█▎        | 79/576 [00:19<02:01,  4.10it/s]
 14%|█▍        | 80/576 [00:19<02:00,  4.10it/s]
 14%|█▍        | 81/576 [00:19<02:00,  4.11it/s]
 14%|█▍        | 82/576 [00:19<02:00,  4.11it/s]
 14%|█▍        | 83/576 [00:20<02:00,  4.11it/s]
 15%|█▍        | 84/576 [00:20<01:59,  4.11it/s]
 15%|█▍        | 85/576 [00:20<01:59,  4.12it/s]
 15%|█▍        | 86/576 [00:20<01:59,  4.11it/s]
 15%|█▌        | 87/576 [00:21<01:59,  4.10it/s]
 15%|█▌        | 88/576 [00:21<01:58,  4.10it/s]
 15%|█▌        | 89/576 [00:21<01:58,  4.10it/s]
 16%|█▌        | 90/576 [00:21<01:58,  4.11it/s]
 16%|█▌        | 91/576 [00:22<01:58,  4.10it/s]
 16%|█▌        | 92/576 [00:22<01:57,  4.11it/s]
 16%|█▌        | 93/576 [00:22<01:57,  4.11it/s]
 16%|█▋        | 94/576 [00:22<01:57,  4.11it/s]
 16%|█▋        | 95/576 [00:23<01:57,  4.10it/s]
 17%|█▋        | 96/576 [00:23<01:56,  4.11it/s]
 17%|█▋        | 97/576 [00:23<01:57,  4.09it/s]
 17%|█▋        | 98/576 [00:23<01:56,  4.10it/s]
 17%|█▋        | 99/576 [00:24<01:56,  4.08it/s]
 17%|█▋        | 100/576 [00:24<01:56,  4.07it/s]
 18%|█▊        | 101/576 [00:24<01:57,  4.04it/s]
 18%|█▊        | 102/576 [00:24<01:57,  4.04it/s]
 18%|█▊        | 103/576 [00:25<01:56,  4.05it/s]
 18%|█▊        | 104/576 [00:25<01:56,  4.07it/s]
 18%|█▊        | 105/576 [00:25<01:55,  4.07it/s]
 18%|█▊        | 106/576 [00:25<01:55,  4.05it/s]
 19%|█▊        | 107/576 [00:26<01:55,  4.05it/s]
 19%|█▉        | 108/576 [00:26<01:55,  4.06it/s]
 19%|█▉        | 109/576 [00:26<01:54,  4.06it/s]
 19%|█▉        | 110/576 [00:26<01:54,  4.08it/s]
 19%|█▉        | 111/576 [00:27<01:53,  4.08it/s]
 19%|█▉        | 112/576 [00:27<01:53,  4.10it/s]
 20%|█▉        | 113/576 [00:27<01:53,  4.06it/s]
 20%|█▉        | 114/576 [00:27<01:53,  4.06it/s]
 20%|█▉        | 115/576 [00:28<01:53,  4.05it/s]
 20%|██        | 116/576 [00:28<01:54,  4.02it/s]
 20%|██        | 117/576 [00:28<01:53,  4.03it/s]
 20%|██        | 118/576 [00:28<01:53,  4.05it/s]
 21%|██        | 119/576 [00:29<01:52,  4.08it/s]
 21%|██        | 120/576 [00:29<01:51,  4.09it/s]
 21%|██        | 121/576 [00:29<01:50,  4.10it/s]
 21%|██        | 122/576 [00:29<01:50,  4.11it/s]
 21%|██▏       | 123/576 [00:30<01:50,  4.10it/s]
 22%|██▏       | 124/576 [00:30<01:50,  4.09it/s]
 22%|██▏       | 125/576 [00:30<01:50,  4.09it/s]
 22%|██▏       | 126/576 [00:30<01:49,  4.10it/s]
 22%|██▏       | 127/576 [00:31<01:49,  4.10it/s]
 22%|██▏       | 128/576 [00:31<01:49,  4.08it/s]
 22%|██▏       | 129/576 [00:31<01:49,  4.09it/s]
 23%|██▎       | 130/576 [00:31<01:48,  4.10it/s]
 23%|██▎       | 131/576 [00:31<01:48,  4.11it/s]
 23%|██▎       | 132/576 [00:32<01:48,  4.08it/s]
 23%|██▎       | 133/576 [00:32<01:49,  4.06it/s]
 23%|██▎       | 134/576 [00:32<01:48,  4.06it/s]
 23%|██▎       | 135/576 [00:32<01:48,  4.06it/s]
 24%|██▎       | 136/576 [00:33<01:48,  4.06it/s]
 24%|██▍       | 137/576 [00:33<01:47,  4.07it/s]
 24%|██▍       | 138/576 [00:33<01:47,  4.08it/s]
 24%|██▍       | 139/576 [00:33<01:46,  4.09it/s]
 24%|██▍       | 140/576 [00:34<01:46,  4.09it/s]
 24%|██▍       | 141/576 [00:34<01:46,  4.10it/s]
 25%|██▍       | 142/576 [00:34<01:45,  4.09it/s]
 25%|██▍       | 143/576 [00:34<01:45,  4.11it/s]
 25%|██▌       | 144/576 [00:35<01:45,  4.11it/s]
 25%|██▌       | 145/576 [00:35<01:45,  4.10it/s]
 25%|██▌       | 146/576 [00:35<01:45,  4.09it/s]
 26%|██▌       | 147/576 [00:35<01:44,  4.09it/s]
 26%|██▌       | 148/576 [00:36<01:44,  4.10it/s]
 26%|██▌       | 149/576 [00:36<01:44,  4.10it/s]
 26%|██▌       | 150/576 [00:36<01:44,  4.08it/s]
 26%|██▌       | 151/576 [00:36<01:44,  4.08it/s]
 26%|██▋       | 152/576 [00:37<01:44,  4.06it/s]
 27%|██▋       | 153/576 [00:37<01:44,  4.06it/s]
 27%|██▋       | 154/576 [00:37<01:43,  4.08it/s]
 27%|██▋       | 155/576 [00:37<01:43,  4.07it/s]
 27%|██▋       | 156/576 [00:38<01:44,  4.03it/s]
 27%|██▋       | 157/576 [00:38<01:43,  4.05it/s]
 27%|██▋       | 158/576 [00:38<01:42,  4.07it/s]
 28%|██▊       | 159/576 [00:38<01:42,  4.07it/s]
 28%|██▊       | 160/576 [00:39<01:42,  4.08it/s]
 28%|██▊       | 161/576 [00:39<01:41,  4.09it/s]
 28%|██▊       | 162/576 [00:39<01:40,  4.10it/s]
 28%|██▊       | 163/576 [00:39<01:40,  4.09it/s]
 28%|██▊       | 164/576 [00:40<01:40,  4.10it/s]
 29%|██▊       | 165/576 [00:40<01:40,  4.10it/s]
 29%|██▉       | 166/576 [00:40<01:39,  4.11it/s]
 29%|██▉       | 167/576 [00:40<01:39,  4.09it/s]
 29%|██▉       | 168/576 [00:41<01:43,  3.94it/s]
 29%|██▉       | 169/576 [00:41<01:42,  3.99it/s]
 30%|██▉       | 170/576 [00:41<01:40,  4.03it/s]
 30%|██▉       | 171/576 [00:41<01:40,  4.05it/s]
 30%|██▉       | 172/576 [00:42<01:39,  4.06it/s]
 30%|███       | 173/576 [00:42<01:38,  4.07it/s]
 30%|███       | 174/576 [00:42<01:39,  4.02it/s]
 30%|███       | 175/576 [00:42<01:39,  4.03it/s]
 31%|███       | 176/576 [00:43<01:38,  4.04it/s]
 31%|███       | 177/576 [00:43<01:38,  4.06it/s]
 31%|███       | 178/576 [00:43<01:37,  4.08it/s]
 31%|███       | 179/576 [00:43<01:37,  4.09it/s]
 31%|███▏      | 180/576 [00:44<01:37,  4.06it/s]
 31%|███▏      | 181/576 [00:44<01:37,  4.07it/s]
 32%|███▏      | 182/576 [00:44<01:36,  4.08it/s]
 32%|███▏      | 183/576 [00:44<01:36,  4.08it/s]
 32%|███▏      | 184/576 [00:45<01:36,  4.07it/s]
 32%|███▏      | 185/576 [00:45<01:36,  4.05it/s]
 32%|███▏      | 186/576 [00:45<01:36,  4.04it/s]
 32%|███▏      | 187/576 [00:45<01:36,  4.03it/s]
 33%|███▎      | 188/576 [00:46<01:36,  4.03it/s]
 33%|███▎      | 189/576 [00:46<01:36,  4.03it/s]
 33%|███▎      | 190/576 [00:46<01:36,  4.00it/s]
 33%|███▎      | 191/576 [00:46<01:35,  4.03it/s]
 33%|███▎      | 192/576 [00:47<01:36,  4.00it/s]
 34%|███▎      | 193/576 [00:47<01:35,  4.01it/s]
 34%|███▎      | 194/576 [00:47<01:34,  4.03it/s]
 34%|███▍      | 195/576 [00:47<01:34,  4.02it/s]
 34%|███▍      | 196/576 [00:48<01:34,  4.02it/s]
 34%|███▍      | 197/576 [00:48<01:34,  4.03it/s]
 34%|███▍      | 198/576 [00:48<01:34,  4.01it/s]
 35%|███▍      | 199/576 [00:48<01:34,  3.99it/s]
 35%|███▍      | 200/576 [00:49<01:33,  4.01it/s]
 35%|███▍      | 201/576 [00:49<01:34,  3.99it/s]
 35%|███▌      | 202/576 [00:49<01:33,  3.99it/s]
 35%|███▌      | 203/576 [00:49<01:32,  4.03it/s]
 35%|███▌      | 204/576 [00:49<01:31,  4.06it/s]
 36%|███▌      | 205/576 [00:50<01:30,  4.09it/s]
 36%|███▌      | 206/576 [00:50<01:29,  4.13it/s]
 36%|███▌      | 207/576 [00:50<01:29,  4.15it/s]
 36%|███▌      | 208/576 [00:50<01:28,  4.15it/s]
 36%|███▋      | 209/576 [00:51<01:28,  4.15it/s]
 36%|███▋      | 210/576 [00:51<01:28,  4.15it/s]
 37%|███▋      | 211/576 [00:51<01:27,  4.15it/s]
 37%|███▋      | 212/576 [00:51<01:27,  4.16it/s]
 37%|███▋      | 213/576 [00:52<01:27,  4.14it/s]
 37%|███▋      | 214/576 [00:52<01:27,  4.12it/s]
 37%|███▋      | 215/576 [00:52<01:28,  4.09it/s]
 38%|███▊      | 216/576 [00:52<01:27,  4.11it/s]
 38%|███▊      | 217/576 [00:53<01:27,  4.12it/s]
 38%|███▊      | 218/576 [00:53<01:26,  4.12it/s]
 38%|███▊      | 219/576 [00:53<01:26,  4.13it/s]
 38%|███▊      | 220/576 [00:53<01:25,  4.14it/s]
 38%|███▊      | 221/576 [00:54<01:25,  4.15it/s]
 39%|███▊      | 222/576 [00:54<01:25,  4.15it/s]
 39%|███▊      | 223/576 [00:54<01:24,  4.16it/s]
 39%|███▉      | 224/576 [00:54<01:24,  4.17it/s]
 39%|███▉      | 225/576 [00:55<01:23,  4.18it/s]
 39%|███▉      | 226/576 [00:55<01:24,  4.16it/s]
 39%|███▉      | 227/576 [00:55<01:23,  4.16it/s]
 40%|███▉      | 228/576 [00:55<01:24,  4.09it/s]
 40%|███▉      | 229/576 [00:56<01:24,  4.13it/s]
 40%|███▉      | 230/576 [00:56<01:24,  4.08it/s]
 40%|████      | 231/576 [00:56<01:24,  4.08it/s]
 40%|████      | 232/576 [00:56<01:24,  4.09it/s]
 40%|████      | 233/576 [00:57<01:24,  4.08it/s]
 41%|████      | 234/576 [00:57<01:24,  4.07it/s]
 41%|████      | 235/576 [00:57<01:23,  4.09it/s]
 41%|████      | 236/576 [00:57<01:23,  4.09it/s]
 41%|████      | 237/576 [00:58<01:23,  4.04it/s]
 41%|████▏     | 238/576 [00:58<01:23,  4.07it/s]
 41%|████▏     | 239/576 [00:58<01:22,  4.09it/s]
 42%|████▏     | 240/576 [00:58<01:21,  4.13it/s]
 42%|████▏     | 241/576 [00:58<01:20,  4.15it/s]
 42%|████▏     | 242/576 [00:59<01:20,  4.15it/s]
 42%|████▏     | 243/576 [00:59<01:20,  4.16it/s]
 42%|████▏     | 244/576 [00:59<01:19,  4.17it/s]
 43%|████▎     | 245/576 [00:59<01:19,  4.17it/s]
 43%|████▎     | 246/576 [01:00<01:19,  4.16it/s]
 43%|████▎     | 247/576 [01:00<01:19,  4.16it/s]
 43%|████▎     | 248/576 [01:00<01:18,  4.15it/s]
 43%|████▎     | 249/576 [01:00<01:18,  4.15it/s]
 43%|████▎     | 250/576 [01:01<01:18,  4.14it/s]
 44%|████▎     | 251/576 [01:01<01:18,  4.15it/s]
 44%|████▍     | 252/576 [01:01<01:18,  4.15it/s]
 44%|████▍     | 253/576 [01:01<01:17,  4.17it/s]
 44%|████▍     | 254/576 [01:02<01:17,  4.17it/s]
 44%|████▍     | 255/576 [01:02<01:16,  4.17it/s]
 44%|████▍     | 256/576 [01:02<01:16,  4.17it/s]
 45%|████▍     | 257/576 [01:02<01:16,  4.15it/s]
 45%|████▍     | 258/576 [01:03<01:16,  4.15it/s]
 45%|████▍     | 259/576 [01:03<01:16,  4.14it/s]
 45%|████▌     | 260/576 [01:03<01:16,  4.14it/s]
 45%|████▌     | 261/576 [01:03<01:16,  4.12it/s]
 45%|████▌     | 262/576 [01:04<01:16,  4.10it/s]
 46%|████▌     | 263/576 [01:04<01:16,  4.07it/s]
 46%|████▌     | 264/576 [01:04<01:16,  4.07it/s]
 46%|████▌     | 265/576 [01:04<01:16,  4.06it/s]
 46%|████▌     | 266/576 [01:05<01:16,  4.05it/s]
 46%|████▋     | 267/576 [01:05<01:16,  4.06it/s]
 47%|████▋     | 268/576 [01:05<01:15,  4.08it/s]
 47%|████▋     | 269/576 [01:05<01:15,  4.08it/s]
 47%|████▋     | 270/576 [01:05<01:14,  4.09it/s]
 47%|████▋     | 271/576 [01:06<01:14,  4.10it/s]
 47%|████▋     | 272/576 [01:06<01:14,  4.09it/s]
 47%|████▋     | 273/576 [01:06<01:13,  4.10it/s]
 48%|████▊     | 274/576 [01:06<01:13,  4.10it/s]
 48%|████▊     | 275/576 [01:07<01:13,  4.10it/s]
 48%|████▊     | 276/576 [01:07<01:13,  4.11it/s]
 48%|████▊     | 277/576 [01:07<01:12,  4.11it/s]
 48%|████▊     | 278/576 [01:07<01:13,  4.06it/s]
 48%|████▊     | 279/576 [01:08<01:12,  4.07it/s]
 49%|████▊     | 280/576 [01:08<01:12,  4.08it/s]
 49%|████▉     | 281/576 [01:08<01:12,  4.10it/s]
 49%|████▉     | 282/576 [01:08<01:11,  4.10it/s]
 49%|████▉     | 283/576 [01:09<01:11,  4.09it/s]
 49%|████▉     | 284/576 [01:09<01:11,  4.10it/s]
 49%|████▉     | 285/576 [01:09<01:10,  4.11it/s]
 50%|████▉     | 286/576 [01:09<01:10,  4.12it/s]
 50%|████▉     | 287/576 [01:10<01:10,  4.11it/s]
 50%|█████     | 288/576 [01:10<01:10,  4.10it/s]
 50%|█████     | 289/576 [01:10<01:09,  4.10it/s]
 50%|█████     | 290/576 [01:10<01:12,  3.92it/s]
 51%|█████     | 291/576 [01:11<01:12,  3.92it/s]
 51%|█████     | 292/576 [01:11<01:11,  3.95it/s]
 51%|█████     | 293/576 [01:11<01:11,  3.98it/s]
 51%|█████     | 294/576 [01:11<01:10,  4.00it/s]
 51%|█████     | 295/576 [01:12<01:10,  4.00it/s]
 51%|█████▏    | 296/576 [01:12<01:10,  3.98it/s]
 52%|█████▏    | 297/576 [01:12<01:09,  3.99it/s]
 52%|█████▏    | 298/576 [01:12<01:09,  3.99it/s]
 52%|█████▏    | 299/576 [01:13<01:09,  4.00it/s]
 52%|█████▏    | 300/576 [01:13<01:09,  3.99it/s]
 52%|█████▏    | 301/576 [01:13<01:08,  4.03it/s]
 52%|█████▏    | 302/576 [01:13<01:07,  4.05it/s]
 53%|█████▎    | 303/576 [01:14<01:07,  4.07it/s]
 53%|█████▎    | 304/576 [01:14<01:06,  4.07it/s]
 53%|█████▎    | 305/576 [01:14<01:06,  4.08it/s]
 53%|█████▎    | 306/576 [01:14<01:06,  4.08it/s]
 53%|█████▎    | 307/576 [01:15<01:05,  4.09it/s]
 53%|█████▎    | 308/576 [01:15<01:05,  4.10it/s]
 54%|█████▎    | 309/576 [01:15<01:05,  4.10it/s]
 54%|█████▍    | 310/576 [01:15<01:05,  4.08it/s]
 54%|█████▍    | 311/576 [01:16<01:05,  4.07it/s]
 54%|█████▍    | 312/576 [01:16<01:04,  4.07it/s]
 54%|█████▍    | 313/576 [01:16<01:05,  4.03it/s]
 55%|█████▍    | 314/576 [01:16<01:05,  4.02it/s]
 55%|█████▍    | 315/576 [01:17<01:05,  4.00it/s]
 55%|█████▍    | 316/576 [01:17<01:04,  4.02it/s]
 55%|█████▌    | 317/576 [01:17<01:04,  4.02it/s]
 55%|█████▌    | 318/576 [01:17<01:03,  4.04it/s]
 55%|█████▌    | 319/576 [01:18<01:03,  4.02it/s]
 56%|█████▌    | 320/576 [01:18<01:03,  4.04it/s]
 56%|█████▌    | 321/576 [01:18<01:02,  4.07it/s]
 56%|█████▌    | 322/576 [01:18<01:02,  4.07it/s]
 56%|█████▌    | 323/576 [01:19<01:01,  4.08it/s]
 56%|█████▋    | 324/576 [01:19<01:01,  4.09it/s]
 56%|█████▋    | 325/576 [01:19<01:01,  4.10it/s]
 57%|█████▋    | 326/576 [01:19<01:00,  4.11it/s]
 57%|█████▋    | 327/576 [01:20<01:00,  4.09it/s]
 57%|█████▋    | 328/576 [01:20<01:00,  4.08it/s]
 57%|█████▋    | 329/576 [01:20<01:00,  4.09it/s]
 57%|█████▋    | 330/576 [01:20<00:59,  4.11it/s]
 57%|█████▋    | 331/576 [01:21<00:59,  4.10it/s]
 58%|█████▊    | 332/576 [01:21<00:59,  4.10it/s]
 58%|█████▊    | 333/576 [01:21<00:59,  4.10it/s]
 58%|█████▊    | 334/576 [01:21<00:58,  4.11it/s]
 58%|█████▊    | 335/576 [01:21<00:58,  4.12it/s]
 58%|█████▊    | 336/576 [01:22<00:58,  4.12it/s]
 59%|█████▊    | 337/576 [01:22<00:57,  4.12it/s]
 59%|█████▊    | 338/576 [01:22<00:57,  4.13it/s]
 59%|█████▉    | 339/576 [01:22<00:57,  4.13it/s]
 59%|█████▉    | 340/576 [01:23<00:57,  4.12it/s]
 59%|█████▉    | 341/576 [01:23<00:57,  4.12it/s]
 59%|█████▉    | 342/576 [01:23<00:56,  4.12it/s]
 60%|█████▉    | 343/576 [01:23<00:56,  4.11it/s]
 60%|█████▉    | 344/576 [01:24<00:56,  4.10it/s]
 60%|█████▉    | 345/576 [01:24<00:56,  4.11it/s]
 60%|██████    | 346/576 [01:24<00:55,  4.11it/s]
 60%|██████    | 347/576 [01:24<00:55,  4.11it/s]
 60%|██████    | 348/576 [01:25<00:55,  4.10it/s]
 61%|██████    | 349/576 [01:25<00:55,  4.10it/s]
 61%|██████    | 350/576 [01:25<00:54,  4.11it/s]
 61%|██████    | 351/576 [01:25<00:54,  4.12it/s]
 61%|██████    | 352/576 [01:26<00:54,  4.11it/s]
 61%|██████▏   | 353/576 [01:26<00:54,  4.12it/s]
 61%|██████▏   | 354/576 [01:26<00:53,  4.13it/s]
 62%|██████▏   | 355/576 [01:26<00:53,  4.13it/s]
 62%|██████▏   | 356/576 [01:27<00:53,  4.13it/s]
 62%|██████▏   | 357/576 [01:27<00:53,  4.13it/s]
 62%|██████▏   | 358/576 [01:27<00:52,  4.13it/s]
 62%|██████▏   | 359/576 [01:27<00:52,  4.11it/s]
 62%|██████▎   | 360/576 [01:28<00:52,  4.10it/s]
 63%|██████▎   | 361/576 [01:28<00:53,  4.04it/s]
 63%|██████▎   | 362/576 [01:28<00:52,  4.07it/s]
 63%|██████▎   | 363/576 [01:28<00:52,  4.09it/s]
 63%|██████▎   | 364/576 [01:29<00:51,  4.09it/s]
 63%|██████▎   | 365/576 [01:29<00:51,  4.09it/s]
 64%|██████▎   | 366/576 [01:29<00:51,  4.10it/s]
 64%|██████▎   | 367/576 [01:29<00:50,  4.11it/s]
 64%|██████▍   | 368/576 [01:30<00:50,  4.12it/s]
 64%|██████▍   | 369/576 [01:30<00:50,  4.11it/s]
 64%|██████▍   | 370/576 [01:30<00:50,  4.11it/s]
 64%|██████▍   | 371/576 [01:30<00:49,  4.12it/s]
 65%|██████▍   | 372/576 [01:30<00:49,  4.09it/s]
 65%|██████▍   | 373/576 [01:31<00:49,  4.10it/s]
 65%|██████▍   | 374/576 [01:31<00:49,  4.10it/s]
 65%|██████▌   | 375/576 [01:31<00:48,  4.11it/s]
 65%|██████▌   | 376/576 [01:31<00:48,  4.09it/s]
 65%|██████▌   | 377/576 [01:32<00:48,  4.09it/s]
 66%|██████▌   | 378/576 [01:32<00:48,  4.09it/s]
 66%|██████▌   | 379/576 [01:32<00:48,  4.10it/s]
 66%|██████▌   | 380/576 [01:32<00:47,  4.10it/s]
 66%|██████▌   | 381/576 [01:33<00:47,  4.10it/s]
 66%|██████▋   | 382/576 [01:33<00:47,  4.10it/s]
 66%|██████▋   | 383/576 [01:33<00:47,  4.10it/s]
 67%|██████▋   | 384/576 [01:33<00:46,  4.09it/s]
 67%|██████▋   | 385/576 [01:34<00:46,  4.06it/s]
 67%|██████▋   | 386/576 [01:34<00:46,  4.08it/s]
 67%|██████▋   | 387/576 [01:34<00:46,  4.08it/s]
 67%|██████▋   | 388/576 [01:34<00:45,  4.10it/s]
 68%|██████▊   | 389/576 [01:35<00:45,  4.10it/s]
 68%|██████▊   | 390/576 [01:35<00:45,  4.11it/s]
 68%|██████▊   | 391/576 [01:35<00:45,  4.11it/s]
 68%|██████▊   | 392/576 [01:35<00:44,  4.12it/s]
 68%|██████▊   | 393/576 [01:36<00:44,  4.11it/s]
 68%|██████▊   | 394/576 [01:36<00:44,  4.12it/s]
 69%|██████▊   | 395/576 [01:36<00:43,  4.12it/s]
 69%|██████▉   | 396/576 [01:36<00:43,  4.11it/s]
 69%|██████▉   | 397/576 [01:37<00:43,  4.11it/s]
 69%|██████▉   | 398/576 [01:37<00:43,  4.11it/s]
 69%|██████▉   | 399/576 [01:37<00:43,  4.11it/s]
 69%|██████▉   | 400/576 [01:37<00:42,  4.10it/s]
 70%|██████▉   | 401/576 [01:38<00:42,  4.07it/s]
 70%|██████▉   | 402/576 [01:38<00:42,  4.09it/s]
 70%|██████▉   | 403/576 [01:38<00:42,  4.10it/s]
 70%|███████   | 404/576 [01:38<00:41,  4.11it/s]
 70%|███████   | 405/576 [01:39<00:41,  4.09it/s]
 70%|███████   | 406/576 [01:39<00:41,  4.09it/s]
 71%|███████   | 407/576 [01:39<00:41,  4.09it/s]
 71%|███████   | 408/576 [01:39<00:41,  4.04it/s]
 71%|███████   | 409/576 [01:40<00:41,  4.04it/s]
 71%|███████   | 410/576 [01:40<00:41,  4.03it/s]
 71%|███████▏  | 411/576 [01:40<00:40,  4.04it/s]
 72%|███████▏  | 412/576 [01:40<00:40,  4.05it/s]
 72%|███████▏  | 413/576 [01:41<00:41,  3.91it/s]
 72%|███████▏  | 414/576 [01:41<00:40,  3.96it/s]
 72%|███████▏  | 415/576 [01:41<00:40,  4.00it/s]
 72%|███████▏  | 416/576 [01:41<00:39,  4.03it/s]
 72%|███████▏  | 417/576 [01:42<00:39,  4.04it/s]
 73%|███████▎  | 418/576 [01:42<00:39,  4.05it/s]
 73%|███████▎  | 419/576 [01:42<00:38,  4.06it/s]
 73%|███████▎  | 420/576 [01:42<00:38,  4.07it/s]
 73%|███████▎  | 421/576 [01:43<00:37,  4.08it/s]
 73%|███████▎  | 422/576 [01:43<00:37,  4.09it/s]
 73%|███████▎  | 423/576 [01:43<00:37,  4.09it/s]
 74%|███████▎  | 424/576 [01:43<00:37,  4.08it/s]
 74%|███████▍  | 425/576 [01:43<00:37,  4.08it/s]
 74%|███████▍  | 426/576 [01:44<00:36,  4.06it/s]
 74%|███████▍  | 427/576 [01:44<00:36,  4.03it/s]
 74%|███████▍  | 428/576 [01:44<00:36,  4.04it/s]
 74%|███████▍  | 429/576 [01:44<00:36,  4.06it/s]
 75%|███████▍  | 430/576 [01:45<00:35,  4.07it/s]
 75%|███████▍  | 431/576 [01:45<00:35,  4.08it/s]
 75%|███████▌  | 432/576 [01:45<00:35,  4.10it/s]
 75%|███████▌  | 433/576 [01:45<00:35,  4.06it/s]
 75%|███████▌  | 434/576 [01:46<00:34,  4.06it/s]
 76%|███████▌  | 435/576 [01:46<00:34,  4.07it/s]
 76%|███████▌  | 436/576 [01:46<00:34,  4.08it/s]
 76%|███████▌  | 437/576 [01:46<00:34,  4.09it/s]
 76%|███████▌  | 438/576 [01:47<00:33,  4.07it/s]
 76%|███████▌  | 439/576 [01:47<00:33,  4.08it/s]
 76%|███████▋  | 440/576 [01:47<00:33,  4.09it/s]
 77%|███████▋  | 441/576 [01:47<00:32,  4.10it/s]
 77%|███████▋  | 442/576 [01:48<00:32,  4.10it/s]
 77%|███████▋  | 443/576 [01:48<00:32,  4.10it/s]
 77%|███████▋  | 444/576 [01:48<00:32,  4.11it/s]
 77%|███████▋  | 445/576 [01:48<00:31,  4.11it/s]
 77%|███████▋  | 446/576 [01:49<00:31,  4.12it/s]
 78%|███████▊  | 447/576 [01:49<00:31,  4.13it/s]
 78%|███████▊  | 448/576 [01:49<00:30,  4.16it/s]
 78%|███████▊  | 449/576 [01:49<00:30,  4.15it/s]
 78%|███████▊  | 450/576 [01:50<00:30,  4.14it/s]
 78%|███████▊  | 451/576 [01:50<00:30,  4.13it/s]
 78%|███████▊  | 452/576 [01:50<00:30,  4.13it/s]
 79%|███████▊  | 453/576 [01:50<00:29,  4.12it/s]
 79%|███████▉  | 454/576 [01:51<00:29,  4.11it/s]
 79%|███████▉  | 455/576 [01:51<00:29,  4.08it/s]
 79%|███████▉  | 456/576 [01:51<00:29,  4.12it/s]
 79%|███████▉  | 457/576 [01:51<00:29,  4.08it/s]
 80%|███████▉  | 458/576 [01:52<00:28,  4.08it/s]
 80%|███████▉  | 459/576 [01:52<00:28,  4.11it/s]
 80%|███████▉  | 460/576 [01:52<00:28,  4.14it/s]
 80%|████████  | 461/576 [01:52<00:27,  4.15it/s]
 80%|████████  | 462/576 [01:53<00:27,  4.17it/s]
 80%|████████  | 463/576 [01:53<00:27,  4.17it/s]
 81%|████████  | 464/576 [01:53<00:26,  4.18it/s]
 81%|████████  | 465/576 [01:53<00:26,  4.19it/s]
 81%|████████  | 466/576 [01:53<00:26,  4.19it/s]
 81%|████████  | 467/576 [01:54<00:26,  4.16it/s]
 81%|████████▏ | 468/576 [01:54<00:25,  4.17it/s]
 81%|████████▏ | 469/576 [01:54<00:25,  4.17it/s]
 82%|████████▏ | 470/576 [01:54<00:25,  4.15it/s]
 82%|████████▏ | 471/576 [01:55<00:25,  4.13it/s]
 82%|████████▏ | 472/576 [01:55<00:25,  4.13it/s]
 82%|████████▏ | 473/576 [01:55<00:24,  4.13it/s]
 82%|████████▏ | 474/576 [01:55<00:24,  4.14it/s]
 82%|████████▏ | 475/576 [01:56<00:24,  4.08it/s]
 83%|████████▎ | 476/576 [01:56<00:24,  4.10it/s]
 83%|████████▎ | 477/576 [01:56<00:24,  4.12it/s]
 83%|████████▎ | 478/576 [01:56<00:23,  4.15it/s]
 83%|████████▎ | 479/576 [01:57<00:23,  4.17it/s]
 83%|████████▎ | 480/576 [01:57<00:23,  4.16it/s]
 84%|████████▎ | 481/576 [01:57<00:22,  4.18it/s]
 84%|████████▎ | 482/576 [01:57<00:22,  4.18it/s]
 84%|████████▍ | 483/576 [01:58<00:22,  4.17it/s]
 84%|████████▍ | 484/576 [01:58<00:21,  4.19it/s]
 84%|████████▍ | 485/576 [01:58<00:21,  4.19it/s]
 84%|████████▍ | 486/576 [01:58<00:21,  4.18it/s]
 85%|████████▍ | 487/576 [01:59<00:21,  4.19it/s]
 85%|████████▍ | 488/576 [01:59<00:21,  4.19it/s]
 85%|████████▍ | 489/576 [01:59<00:20,  4.20it/s]
 85%|████████▌ | 490/576 [01:59<00:20,  4.21it/s]
 85%|████████▌ | 491/576 [01:59<00:20,  4.19it/s]
 85%|████████▌ | 492/576 [02:00<00:20,  4.18it/s]
 86%|████████▌ | 493/576 [02:00<00:19,  4.19it/s]
 86%|████████▌ | 494/576 [02:00<00:19,  4.18it/s]
 86%|████████▌ | 495/576 [02:00<00:19,  4.18it/s]
 86%|████████▌ | 496/576 [02:01<00:19,  4.17it/s]
 86%|████████▋ | 497/576 [02:01<00:18,  4.19it/s]
 86%|████████▋ | 498/576 [02:01<00:18,  4.20it/s]
 87%|████████▋ | 499/576 [02:01<00:18,  4.17it/s]
 87%|████████▋ | 500/576 [02:02<00:18,  4.13it/s]
 87%|████████▋ | 501/576 [02:02<00:18,  4.12it/s]
 87%|████████▋ | 502/576 [02:02<00:17,  4.13it/s]
 87%|████████▋ | 503/576 [02:02<00:17,  4.12it/s]
 88%|████████▊ | 504/576 [02:03<00:17,  4.11it/s]
 88%|████████▊ | 505/576 [02:03<00:17,  4.12it/s]
 88%|████████▊ | 506/576 [02:03<00:17,  4.10it/s]
 88%|████████▊ | 507/576 [02:03<00:16,  4.10it/s]
 88%|████████▊ | 508/576 [02:04<00:16,  4.08it/s]
 88%|████████▊ | 509/576 [02:04<00:16,  4.08it/s]
 89%|████████▊ | 510/576 [02:04<00:16,  4.09it/s]
 89%|████████▊ | 511/576 [02:04<00:15,  4.10it/s]
 89%|████████▉ | 512/576 [02:05<00:15,  4.09it/s]
 89%|████████▉ | 513/576 [02:05<00:15,  4.09it/s]
 89%|████████▉ | 514/576 [02:05<00:15,  4.10it/s]
 89%|████████▉ | 515/576 [02:05<00:14,  4.10it/s]
 90%|████████▉ | 516/576 [02:06<00:14,  4.11it/s]
 90%|████████▉ | 517/576 [02:06<00:14,  4.10it/s]
 90%|████████▉ | 518/576 [02:06<00:14,  4.11it/s]
 90%|█████████ | 519/576 [02:06<00:13,  4.10it/s]
 90%|█████████ | 520/576 [02:07<00:13,  4.08it/s]
 90%|█████████ | 521/576 [02:07<00:13,  4.07it/s]
 91%|█████████ | 522/576 [02:07<00:13,  4.08it/s]
 91%|█████████ | 523/576 [02:07<00:12,  4.10it/s]
 91%|█████████ | 524/576 [02:07<00:12,  4.11it/s]
 91%|█████████ | 525/576 [02:08<00:12,  4.10it/s]
 91%|█████████▏| 526/576 [02:08<00:12,  4.11it/s]
 91%|█████████▏| 527/576 [02:08<00:11,  4.12it/s]
 92%|█████████▏| 528/576 [02:08<00:11,  4.12it/s]
 92%|█████████▏| 529/576 [02:09<00:11,  4.11it/s]
 92%|█████████▏| 530/576 [02:09<00:11,  4.11it/s]
 92%|█████████▏| 531/576 [02:09<00:10,  4.12it/s]
 92%|█████████▏| 532/576 [02:09<00:10,  4.06it/s]
 93%|█████████▎| 533/576 [02:10<00:10,  4.06it/s]
 93%|█████████▎| 534/576 [02:10<00:10,  4.05it/s]
 93%|█████████▎| 535/576 [02:10<00:10,  4.04it/s]
 93%|█████████▎| 536/576 [02:10<00:10,  3.87it/s]
 93%|█████████▎| 537/576 [02:11<00:09,  3.90it/s]
 93%|█████████▎| 538/576 [02:11<00:09,  3.95it/s]
 94%|█████████▎| 539/576 [02:11<00:09,  4.01it/s]
 94%|█████████▍| 540/576 [02:11<00:08,  4.04it/s]
 94%|█████████▍| 541/576 [02:12<00:08,  4.05it/s]
 94%|█████████▍| 542/576 [02:12<00:08,  4.08it/s]
 94%|█████████▍| 543/576 [02:12<00:08,  4.09it/s]
 94%|█████████▍| 544/576 [02:12<00:07,  4.09it/s]
 95%|█████████▍| 545/576 [02:13<00:07,  4.10it/s]
 95%|█████████▍| 546/576 [02:13<00:07,  4.10it/s]
 95%|█████████▍| 547/576 [02:13<00:07,  4.11it/s]
 95%|█████████▌| 548/576 [02:13<00:06,  4.12it/s]
 95%|█████████▌| 549/576 [02:14<00:06,  4.11it/s]
 95%|█████████▌| 550/576 [02:14<00:06,  4.12it/s]
 96%|█████████▌| 551/576 [02:14<00:06,  4.13it/s]
 96%|█████████▌| 552/576 [02:14<00:05,  4.13it/s]
 96%|█████████▌| 553/576 [02:15<00:05,  4.12it/s]
 96%|█████████▌| 554/576 [02:15<00:05,  4.11it/s]
 96%|█████████▋| 555/576 [02:15<00:05,  4.11it/s]
 97%|█████████▋| 556/576 [02:15<00:04,  4.10it/s]
 97%|█████████▋| 557/576 [02:16<00:04,  4.10it/s]
 97%|█████████▋| 558/576 [02:16<00:04,  4.10it/s]
 97%|█████████▋| 559/576 [02:16<00:04,  4.09it/s]
 97%|█████████▋| 560/576 [02:16<00:03,  4.04it/s]
 97%|█████████▋| 561/576 [02:17<00:03,  4.06it/s]
 98%|█████████▊| 562/576 [02:17<00:03,  4.04it/s]
 98%|█████████▊| 563/576 [02:17<00:03,  4.03it/s]
 98%|█████████▊| 564/576 [02:17<00:02,  4.04it/s]
 98%|█████████▊| 565/576 [02:18<00:02,  4.03it/s]
 98%|█████████▊| 566/576 [02:18<00:02,  4.03it/s]
 98%|█████████▊| 567/576 [02:18<00:02,  4.05it/s]
 99%|█████████▊| 568/576 [02:18<00:01,  4.07it/s]
 99%|█████████▉| 569/576 [02:19<00:01,  4.07it/s]
 99%|█████████▉| 570/576 [02:19<00:01,  4.07it/s]
 99%|█████████▉| 571/576 [02:19<00:01,  4.08it/s]
 99%|█████████▉| 572/576 [02:19<00:00,  4.09it/s]
 99%|█████████▉| 573/576 [02:20<00:00,  4.10it/s]
100%|█████████▉| 574/576 [02:20<00:00,  4.10it/s]
100%|█████████▉| 575/576 [02:20<00:00,  4.10it/s]
100%|██████████| 576/576 [02:20<00:00,  4.11it/s]
100%|██████████| 576/576 [02:20<00:00,  4.09it/s]

  0%|          | 0/576 [00:00<?, ?it/s]
  0%|          | 1/576 [00:00<03:31,  2.72it/s]
  0%|          | 2/576 [00:00<03:35,  2.67it/s]
  1%|          | 3/576 [00:01<03:32,  2.70it/s]
  1%|          | 4/576 [00:01<03:30,  2.72it/s]
  1%|          | 5/576 [00:01<03:29,  2.72it/s]
  1%|          | 6/576 [00:02<03:29,  2.73it/s]
  1%|          | 7/576 [00:02<03:28,  2.72it/s]
  1%|▏         | 8/576 [00:02<03:28,  2.73it/s]
  2%|▏         | 9/576 [00:03<03:28,  2.72it/s]
  2%|▏         | 10/576 [00:03<03:27,  2.73it/s]
  2%|▏         | 11/576 [00:04<03:27,  2.72it/s]
  2%|▏         | 12/576 [00:04<03:27,  2.72it/s]
  2%|▏         | 13/576 [00:04<03:26,  2.72it/s]
  2%|▏         | 14/576 [00:05<03:25,  2.74it/s]
  3%|▎         | 15/576 [00:05<03:25,  2.73it/s]
  3%|▎         | 16/576 [00:05<03:25,  2.73it/s]
  3%|▎         | 17/576 [00:06<03:23,  2.74it/s]
  3%|▎         | 18/576 [00:06<03:23,  2.74it/s]
  3%|▎         | 19/576 [00:06<03:22,  2.75it/s]
  3%|▎         | 20/576 [00:07<03:22,  2.74it/s]
  4%|▎         | 21/576 [00:07<03:24,  2.71it/s]
  4%|▍         | 22/576 [00:08<03:23,  2.73it/s]
  4%|▍         | 23/576 [00:08<03:22,  2.73it/s]
  4%|▍         | 24/576 [00:08<03:21,  2.74it/s]
  4%|▍         | 25/576 [00:09<03:20,  2.75it/s]
  5%|▍         | 26/576 [00:09<03:20,  2.75it/s]
  5%|▍         | 27/576 [00:09<03:19,  2.75it/s]
  5%|▍         | 28/576 [00:10<03:19,  2.75it/s]
  5%|▌         | 29/576 [00:10<03:18,  2.75it/s]
  5%|▌         | 30/576 [00:10<03:19,  2.74it/s]
  5%|▌         | 31/576 [00:11<03:18,  2.74it/s]
  6%|▌         | 32/576 [00:11<03:18,  2.73it/s]
  6%|▌         | 33/576 [00:12<03:18,  2.74it/s]
  6%|▌         | 34/576 [00:12<03:18,  2.73it/s]
  6%|▌         | 35/576 [00:12<03:18,  2.73it/s]
  6%|▋         | 36/576 [00:13<03:18,  2.73it/s]
  6%|▋         | 37/576 [00:13<03:18,  2.72it/s]
  7%|▋         | 38/576 [00:13<03:17,  2.72it/s]
  7%|▋         | 39/576 [00:14<03:19,  2.69it/s]
  7%|▋         | 40/576 [00:14<03:19,  2.69it/s]
  7%|▋         | 41/576 [00:15<03:19,  2.69it/s]
  7%|▋         | 42/576 [00:15<03:17,  2.70it/s]
  7%|▋         | 43/576 [00:15<03:18,  2.69it/s]
  8%|▊         | 44/576 [00:16<03:17,  2.69it/s]
  8%|▊         | 45/576 [00:16<03:18,  2.67it/s]
  8%|▊         | 46/576 [00:16<03:16,  2.70it/s]
  8%|▊         | 47/576 [00:17<03:17,  2.68it/s]
  8%|▊         | 48/576 [00:17<03:16,  2.68it/s]
  9%|▊         | 49/576 [00:18<03:16,  2.69it/s]
  9%|▊         | 50/576 [00:18<03:15,  2.68it/s]
  9%|▉         | 51/576 [00:18<03:15,  2.69it/s]
  9%|▉         | 52/576 [00:19<03:16,  2.67it/s]
  9%|▉         | 53/576 [00:19<03:15,  2.68it/s]
  9%|▉         | 54/576 [00:19<03:14,  2.69it/s]
 10%|▉         | 55/576 [00:20<03:19,  2.61it/s]
 10%|▉         | 56/576 [00:20<03:16,  2.64it/s]
 10%|▉         | 57/576 [00:21<03:13,  2.68it/s]
 10%|█         | 58/576 [00:21<03:12,  2.69it/s]
 10%|█         | 59/576 [00:21<03:10,  2.71it/s]
 10%|█         | 60/576 [00:22<03:09,  2.73it/s]
 11%|█         | 61/576 [00:22<03:08,  2.74it/s]
 11%|█         | 62/576 [00:22<03:07,  2.74it/s]
 11%|█         | 63/576 [00:23<03:06,  2.75it/s]
 11%|█         | 64/576 [00:23<03:06,  2.75it/s]
 11%|█▏        | 65/576 [00:23<03:05,  2.75it/s]
 11%|█▏        | 66/576 [00:24<03:05,  2.75it/s]
 12%|█▏        | 67/576 [00:24<03:05,  2.75it/s]
 12%|█▏        | 68/576 [00:25<03:05,  2.74it/s]
 12%|█▏        | 69/576 [00:25<03:04,  2.74it/s]
 12%|█▏        | 70/576 [00:25<03:04,  2.75it/s]
 12%|█▏        | 71/576 [00:26<03:03,  2.76it/s]
 12%|█▎        | 72/576 [00:26<03:03,  2.75it/s]
 13%|█▎        | 73/576 [00:26<03:03,  2.74it/s]
 13%|█▎        | 74/576 [00:27<03:02,  2.74it/s]
 13%|█▎        | 75/576 [00:27<03:03,  2.73it/s]
 13%|█▎        | 76/576 [00:27<03:02,  2.75it/s]
 13%|█▎        | 77/576 [00:28<03:00,  2.76it/s]
 14%|█▎        | 78/576 [00:28<02:59,  2.77it/s]
 14%|█▎        | 79/576 [00:29<02:59,  2.78it/s]
 14%|█▍        | 80/576 [00:29<02:58,  2.78it/s]
 14%|█▍        | 81/576 [00:29<02:57,  2.78it/s]
 14%|█▍        | 82/576 [00:30<02:57,  2.78it/s]
 14%|█▍        | 83/576 [00:30<02:57,  2.77it/s]
 15%|█▍        | 84/576 [00:30<02:57,  2.77it/s]
 15%|█▍        | 85/576 [00:31<02:56,  2.78it/s]
 15%|█▍        | 86/576 [00:31<02:56,  2.78it/s]
 15%|█▌        | 87/576 [00:31<02:55,  2.78it/s]
 15%|█▌        | 88/576 [00:32<02:56,  2.76it/s]
 15%|█▌        | 89/576 [00:32<02:56,  2.76it/s]
 16%|█▌        | 90/576 [00:32<02:56,  2.75it/s]
 16%|█▌        | 91/576 [00:33<02:57,  2.73it/s]
 16%|█▌        | 92/576 [00:33<02:56,  2.74it/s]
 16%|█▌        | 93/576 [00:34<02:55,  2.75it/s]
 16%|█▋        | 94/576 [00:34<02:54,  2.76it/s]
 16%|█▋        | 95/576 [00:34<02:53,  2.78it/s]
 17%|█▋        | 96/576 [00:35<02:52,  2.78it/s]
 17%|█▋        | 97/576 [00:35<02:52,  2.78it/s]
 17%|█▋        | 98/576 [00:35<02:51,  2.78it/s]
 17%|█▋        | 99/576 [00:36<02:51,  2.78it/s]
 17%|█▋        | 100/576 [00:36<02:50,  2.79it/s]
 18%|█▊        | 101/576 [00:36<02:51,  2.77it/s]
 18%|█▊        | 102/576 [00:37<02:51,  2.77it/s]
 18%|█▊        | 103/576 [00:37<02:50,  2.78it/s]
 18%|█▊        | 104/576 [00:38<02:49,  2.79it/s]
 18%|█▊        | 105/576 [00:38<02:49,  2.78it/s]
 18%|█▊        | 106/576 [00:38<02:48,  2.78it/s]
 19%|█▊        | 107/576 [00:39<02:47,  2.79it/s]
 19%|█▉        | 108/576 [00:39<02:47,  2.80it/s]
 19%|█▉        | 109/576 [00:39<02:48,  2.77it/s]
 19%|█▉        | 110/576 [00:40<02:47,  2.78it/s]
 19%|█▉        | 111/576 [00:40<02:48,  2.76it/s]
 19%|█▉        | 112/576 [00:40<02:48,  2.76it/s]
 20%|█▉        | 113/576 [00:41<02:47,  2.76it/s]
 20%|█▉        | 114/576 [00:41<02:47,  2.75it/s]
 20%|█▉        | 115/576 [00:42<02:47,  2.75it/s]
 20%|██        | 116/576 [00:42<02:47,  2.74it/s]
 20%|██        | 117/576 [00:42<02:47,  2.75it/s]
 20%|██        | 118/576 [00:43<02:47,  2.74it/s]
 21%|██        | 119/576 [00:43<02:47,  2.74it/s]
 21%|██        | 120/576 [00:43<02:47,  2.73it/s]
 21%|██        | 121/576 [00:44<02:46,  2.74it/s]
 21%|██        | 122/576 [00:44<02:45,  2.74it/s]
 21%|██▏       | 123/576 [00:44<02:45,  2.74it/s]
 22%|██▏       | 124/576 [00:45<02:44,  2.75it/s]
 22%|██▏       | 125/576 [00:45<02:43,  2.75it/s]
 22%|██▏       | 126/576 [00:46<02:43,  2.75it/s]
 22%|██▏       | 127/576 [00:46<02:43,  2.74it/s]
 22%|██▏       | 128/576 [00:46<02:43,  2.74it/s]
 22%|██▏       | 129/576 [00:47<02:43,  2.74it/s]
 23%|██▎       | 130/576 [00:47<02:43,  2.73it/s]
 23%|██▎       | 131/576 [00:47<02:42,  2.74it/s]
 23%|██▎       | 132/576 [00:48<02:41,  2.74it/s]
 23%|██▎       | 133/576 [00:48<02:41,  2.75it/s]
 23%|██▎       | 134/576 [00:48<02:40,  2.75it/s]
 23%|██▎       | 135/576 [00:49<02:41,  2.73it/s]
 24%|██▎       | 136/576 [00:49<02:40,  2.74it/s]
 24%|██▍       | 137/576 [00:50<02:41,  2.72it/s]
 24%|██▍       | 138/576 [00:50<02:44,  2.66it/s]
 24%|██▍       | 139/576 [00:50<02:42,  2.69it/s]
 24%|██▍       | 140/576 [00:51<02:40,  2.71it/s]
 24%|██▍       | 141/576 [00:51<02:39,  2.72it/s]
 25%|██▍       | 142/576 [00:51<02:38,  2.73it/s]
 25%|██▍       | 143/576 [00:52<02:38,  2.73it/s]
 25%|██▌       | 144/576 [00:52<02:38,  2.72it/s]
 25%|██▌       | 145/576 [00:52<02:37,  2.74it/s]
 25%|██▌       | 146/576 [00:53<02:36,  2.74it/s]
 26%|██▌       | 147/576 [00:53<02:36,  2.74it/s]
 26%|██▌       | 148/576 [00:54<02:36,  2.74it/s]
 26%|██▌       | 149/576 [00:54<02:36,  2.73it/s]
 26%|██▌       | 150/576 [00:54<02:35,  2.73it/s]
 26%|██▌       | 151/576 [00:55<02:35,  2.73it/s]
 26%|██▋       | 152/576 [00:55<02:35,  2.72it/s]
 27%|██▋       | 153/576 [00:55<02:34,  2.74it/s]
 27%|██▋       | 154/576 [00:56<02:34,  2.73it/s]
 27%|██▋       | 155/576 [00:56<02:33,  2.74it/s]
 27%|██▋       | 156/576 [00:57<02:32,  2.75it/s]
 27%|██▋       | 157/576 [00:57<02:33,  2.74it/s]
 27%|██▋       | 158/576 [00:57<02:33,  2.73it/s]
 28%|██▊       | 159/576 [00:58<02:32,  2.74it/s]
 28%|██▊       | 160/576 [00:58<02:32,  2.73it/s]
 28%|██▊       | 161/576 [00:58<02:31,  2.75it/s]
 28%|██▊       | 162/576 [00:59<02:31,  2.74it/s]
 28%|██▊       | 163/576 [00:59<02:30,  2.74it/s]
 28%|██▊       | 164/576 [00:59<02:31,  2.73it/s]
 29%|██▊       | 165/576 [01:00<02:31,  2.71it/s]
 29%|██▉       | 166/576 [01:00<02:32,  2.69it/s]
 29%|██▉       | 167/576 [01:01<02:33,  2.67it/s]
 29%|██▉       | 168/576 [01:01<02:35,  2.63it/s]
 29%|██▉       | 169/576 [01:01<02:34,  2.63it/s]
 30%|██▉       | 170/576 [01:02<02:34,  2.63it/s]
 30%|██▉       | 171/576 [01:02<02:33,  2.64it/s]
 30%|██▉       | 172/576 [01:02<02:32,  2.65it/s]
 30%|███       | 173/576 [01:03<02:31,  2.66it/s]
 30%|███       | 174/576 [01:03<02:30,  2.66it/s]
 30%|███       | 175/576 [01:04<02:29,  2.68it/s]
 31%|███       | 176/576 [01:04<02:28,  2.70it/s]
 31%|███       | 177/576 [01:04<02:28,  2.70it/s]
 31%|███       | 178/576 [01:05<02:28,  2.69it/s]
 31%|███       | 179/576 [01:05<02:27,  2.69it/s]
 31%|███▏      | 180/576 [01:05<02:28,  2.67it/s]
 31%|███▏      | 181/576 [01:06<02:27,  2.67it/s]
 32%|███▏      | 182/576 [01:06<02:27,  2.67it/s]
 32%|███▏      | 183/576 [01:07<02:27,  2.67it/s]
 32%|███▏      | 184/576 [01:07<02:27,  2.67it/s]
 32%|███▏      | 185/576 [01:07<02:25,  2.68it/s]
 32%|███▏      | 186/576 [01:08<02:25,  2.69it/s]
 32%|███▏      | 187/576 [01:08<02:24,  2.69it/s]
 33%|███▎      | 188/576 [01:08<02:23,  2.70it/s]
 33%|███▎      | 189/576 [01:09<02:23,  2.70it/s]
 33%|███▎      | 190/576 [01:09<02:22,  2.70it/s]
 33%|███▎      | 191/576 [01:10<02:22,  2.70it/s]
 33%|███▎      | 192/576 [01:10<02:23,  2.68it/s]
 34%|███▎      | 193/576 [01:10<02:23,  2.67it/s]
 34%|███▎      | 194/576 [01:11<02:22,  2.68it/s]
 34%|███▍      | 195/576 [01:11<02:21,  2.69it/s]
 34%|███▍      | 196/576 [01:11<02:20,  2.70it/s]
 34%|███▍      | 197/576 [01:12<02:19,  2.71it/s]
 34%|███▍      | 198/576 [01:12<02:19,  2.72it/s]
 35%|███▍      | 199/576 [01:13<02:18,  2.72it/s]
 35%|███▍      | 200/576 [01:13<02:28,  2.54it/s]
 35%|███▍      | 201/576 [01:14<03:06,  2.01it/s]
 35%|███▌      | 202/576 [01:14<03:16,  1.90it/s]
 35%|███▌      | 203/576 [01:15<02:58,  2.09it/s]
 35%|███▌      | 204/576 [01:15<02:45,  2.25it/s]
 36%|███▌      | 205/576 [01:15<02:36,  2.37it/s]
 36%|███▌      | 206/576 [01:16<02:29,  2.48it/s]
 36%|███▌      | 207/576 [01:16<02:25,  2.54it/s]
 36%|███▌      | 208/576 [01:16<02:21,  2.60it/s]
 36%|███▋      | 209/576 [01:17<02:19,  2.63it/s]
 36%|███▋      | 210/576 [01:17<02:19,  2.63it/s]
 37%|███▋      | 211/576 [01:18<02:17,  2.66it/s]
 37%|███▋      | 212/576 [01:18<02:16,  2.66it/s]
 37%|███▋      | 213/576 [01:18<02:15,  2.68it/s]
 37%|███▋      | 214/576 [01:19<02:14,  2.69it/s]
 37%|███▋      | 215/576 [01:19<02:14,  2.68it/s]
 38%|███▊      | 216/576 [01:19<02:14,  2.67it/s]
 38%|███▊      | 217/576 [01:20<02:17,  2.60it/s]
 38%|███▊      | 218/576 [01:20<02:16,  2.63it/s]
 38%|███▊      | 219/576 [01:21<02:14,  2.66it/s]
 38%|███▊      | 220/576 [01:21<02:13,  2.67it/s]
 38%|███▊      | 221/576 [01:21<02:12,  2.68it/s]
 39%|███▊      | 222/576 [01:22<02:11,  2.69it/s]
 39%|███▊      | 223/576 [01:22<02:10,  2.69it/s]
 39%|███▉      | 224/576 [01:22<02:10,  2.69it/s]
 39%|███▉      | 225/576 [01:23<02:09,  2.70it/s]
 39%|███▉      | 226/576 [01:23<02:09,  2.70it/s]
 39%|███▉      | 227/576 [01:24<02:08,  2.71it/s]
 40%|███▉      | 228/576 [01:24<02:08,  2.72it/s]
 40%|███▉      | 229/576 [01:24<02:07,  2.71it/s]
 40%|███▉      | 230/576 [01:25<02:07,  2.72it/s]
 40%|████      | 231/576 [01:25<02:07,  2.70it/s]
 40%|████      | 232/576 [01:25<02:07,  2.69it/s]
 40%|████      | 233/576 [01:26<02:07,  2.68it/s]
 41%|████      | 234/576 [01:26<02:08,  2.67it/s]
 41%|████      | 235/576 [01:27<02:09,  2.64it/s]
 41%|████      | 236/576 [01:27<02:08,  2.65it/s]
 41%|████      | 237/576 [01:27<02:07,  2.66it/s]
 41%|████▏     | 238/576 [01:28<02:05,  2.69it/s]
 41%|████▏     | 239/576 [01:28<02:05,  2.68it/s]
 42%|████▏     | 240/576 [01:28<02:05,  2.68it/s]
 42%|████▏     | 241/576 [01:29<02:04,  2.69it/s]
 42%|████▏     | 242/576 [01:29<02:04,  2.68it/s]
 42%|████▏     | 243/576 [01:30<02:04,  2.68it/s]
 42%|████▏     | 244/576 [01:30<02:04,  2.68it/s]
 43%|████▎     | 245/576 [01:30<02:03,  2.68it/s]
 43%|████▎     | 246/576 [01:31<02:02,  2.68it/s]
 43%|████▎     | 247/576 [01:31<02:02,  2.69it/s]
 43%|████▎     | 248/576 [01:31<02:01,  2.69it/s]
 43%|████▎     | 249/576 [01:32<02:01,  2.70it/s]
 43%|████▎     | 250/576 [01:32<02:01,  2.68it/s]
 44%|████▎     | 251/576 [01:33<02:01,  2.67it/s]
 44%|████▍     | 252/576 [01:33<02:01,  2.68it/s]
 44%|████▍     | 253/576 [01:33<01:59,  2.70it/s]
 44%|████▍     | 254/576 [01:34<01:59,  2.70it/s]
 44%|████▍     | 255/576 [01:34<01:59,  2.69it/s]
 44%|████▍     | 256/576 [01:34<01:58,  2.69it/s]
 45%|████▍     | 257/576 [01:35<01:57,  2.70it/s]
 45%|████▍     | 258/576 [01:35<01:57,  2.71it/s]
 45%|████▍     | 259/576 [01:35<01:56,  2.73it/s]
 45%|████▌     | 260/576 [01:36<01:55,  2.73it/s]
 45%|████▌     | 261/576 [01:36<01:54,  2.75it/s]
 45%|████▌     | 262/576 [01:37<01:53,  2.77it/s]
 46%|████▌     | 263/576 [01:37<01:53,  2.76it/s]
 46%|████▌     | 264/576 [01:37<01:52,  2.76it/s]
 46%|████▌     | 265/576 [01:38<01:52,  2.77it/s]
 46%|████▌     | 266/576 [01:38<01:51,  2.77it/s]
 46%|████▋     | 267/576 [01:38<01:51,  2.78it/s]
 47%|████▋     | 268/576 [01:39<01:50,  2.78it/s]
 47%|████▋     | 269/576 [01:39<01:50,  2.77it/s]
 47%|████▋     | 270/576 [01:39<01:50,  2.76it/s]
 47%|████▋     | 271/576 [01:40<01:55,  2.64it/s]
 47%|████▋     | 272/576 [01:40<01:55,  2.63it/s]
 47%|████▋     | 273/576 [01:41<01:55,  2.62it/s]
 48%|████▊     | 274/576 [01:41<01:57,  2.57it/s]
 48%|████▊     | 275/576 [01:41<01:57,  2.56it/s]
 48%|████▊     | 276/576 [01:42<01:55,  2.60it/s]
 48%|████▊     | 277/576 [01:42<01:53,  2.64it/s]
 48%|████▊     | 278/576 [01:43<01:51,  2.68it/s]
 48%|████▊     | 279/576 [01:43<01:50,  2.69it/s]
 49%|████▊     | 280/576 [01:43<01:49,  2.71it/s]
 49%|████▉     | 281/576 [01:44<01:48,  2.71it/s]
 49%|████▉     | 282/576 [01:44<01:47,  2.72it/s]
 49%|████▉     | 283/576 [01:44<01:47,  2.72it/s]
 49%|████▉     | 284/576 [01:45<01:47,  2.71it/s]
 49%|████▉     | 285/576 [01:45<01:47,  2.70it/s]
 50%|████▉     | 286/576 [01:45<01:47,  2.71it/s]
 50%|████▉     | 287/576 [01:46<01:46,  2.72it/s]
 50%|█████     | 288/576 [01:46<01:45,  2.73it/s]
 50%|█████     | 289/576 [01:47<01:44,  2.74it/s]
 50%|█████     | 290/576 [01:47<01:44,  2.73it/s]
 51%|█████     | 291/576 [01:47<01:44,  2.72it/s]
 51%|█████     | 292/576 [01:48<01:45,  2.69it/s]
 51%|█████     | 293/576 [01:48<01:45,  2.69it/s]
 51%|█████     | 294/576 [01:48<01:44,  2.70it/s]
 51%|█████     | 295/576 [01:49<01:44,  2.70it/s]
 51%|█████▏    | 296/576 [01:49<01:43,  2.72it/s]
 52%|█████▏    | 297/576 [01:50<01:42,  2.73it/s]
 52%|█████▏    | 298/576 [01:50<01:44,  2.67it/s]
 52%|█████▏    | 299/576 [01:50<01:43,  2.68it/s]
 52%|█████▏    | 300/576 [01:51<01:42,  2.69it/s]
 52%|█████▏    | 301/576 [01:51<01:41,  2.71it/s]
 52%|█████▏    | 302/576 [01:51<01:41,  2.71it/s]
 53%|█████▎    | 303/576 [01:52<01:40,  2.72it/s]
 53%|█████▎    | 304/576 [01:52<01:40,  2.72it/s]
 53%|█████▎    | 305/576 [01:52<01:39,  2.73it/s]
 53%|█████▎    | 306/576 [01:53<01:38,  2.74it/s]
 53%|█████▎    | 307/576 [01:53<01:38,  2.74it/s]
 53%|█████▎    | 308/576 [01:54<01:37,  2.74it/s]
 54%|█████▎    | 309/576 [01:54<01:37,  2.74it/s]
 54%|█████▍    | 310/576 [01:54<01:36,  2.74it/s]
 54%|█████▍    | 311/576 [01:55<01:36,  2.74it/s]
 54%|█████▍    | 312/576 [01:55<01:36,  2.73it/s]
 54%|█████▍    | 313/576 [01:55<01:36,  2.73it/s]
 55%|█████▍    | 314/576 [01:56<01:35,  2.73it/s]
 55%|█████▍    | 315/576 [01:56<01:35,  2.73it/s]
 55%|█████▍    | 316/576 [01:56<01:35,  2.73it/s]
 55%|█████▌    | 317/576 [01:57<01:34,  2.73it/s]
 55%|█████▌    | 318/576 [01:57<01:34,  2.73it/s]
 55%|█████▌    | 319/576 [01:58<01:34,  2.73it/s]
 56%|█████▌    | 320/576 [01:58<01:34,  2.72it/s]
 56%|█████▌    | 321/576 [01:58<01:33,  2.73it/s]
 56%|█████▌    | 322/576 [01:59<01:32,  2.74it/s]
 56%|█████▌    | 323/576 [01:59<01:32,  2.73it/s]
 56%|█████▋    | 324/576 [01:59<01:32,  2.73it/s]
 56%|█████▋    | 325/576 [02:00<01:31,  2.74it/s]
 57%|█████▋    | 326/576 [02:00<01:31,  2.73it/s]
 57%|█████▋    | 327/576 [02:01<01:30,  2.74it/s]
 57%|█████▋    | 328/576 [02:01<01:30,  2.74it/s]
 57%|█████▋    | 329/576 [02:01<01:30,  2.74it/s]
 57%|█████▋    | 330/576 [02:02<01:29,  2.75it/s]
 57%|█████▋    | 331/576 [02:02<01:29,  2.75it/s]
 58%|█████▊    | 332/576 [02:02<01:29,  2.74it/s]
 58%|█████▊    | 333/576 [02:03<01:28,  2.75it/s]
 58%|█████▊    | 334/576 [02:03<01:28,  2.74it/s]
 58%|█████▊    | 335/576 [02:03<01:28,  2.74it/s]
 58%|█████▊    | 336/576 [02:04<01:27,  2.75it/s]
 59%|█████▊    | 337/576 [02:04<01:27,  2.73it/s]
 59%|█████▊    | 338/576 [02:05<01:27,  2.73it/s]
 59%|█████▉    | 339/576 [02:05<01:26,  2.73it/s]
 59%|█████▉    | 340/576 [02:05<01:26,  2.72it/s]
 59%|█████▉    | 341/576 [02:06<01:26,  2.71it/s]
 59%|█████▉    | 342/576 [02:06<01:26,  2.72it/s]
 60%|█████▉    | 343/576 [02:06<01:25,  2.73it/s]
 60%|█████▉    | 344/576 [02:07<01:24,  2.74it/s]
 60%|█████▉    | 345/576 [02:07<01:24,  2.73it/s]
 60%|██████    | 346/576 [02:07<01:24,  2.73it/s]
 60%|██████    | 347/576 [02:08<01:23,  2.74it/s]
 60%|██████    | 348/576 [02:08<01:23,  2.74it/s]
 61%|██████    | 349/576 [02:09<01:22,  2.74it/s]
 61%|██████    | 350/576 [02:09<01:23,  2.71it/s]
 61%|██████    | 351/576 [02:09<01:23,  2.70it/s]
 61%|██████    | 352/576 [02:10<01:22,  2.72it/s]
 61%|██████▏   | 353/576 [02:10<01:22,  2.72it/s]
 61%|██████▏   | 354/576 [02:10<01:21,  2.72it/s]
 62%|██████▏   | 355/576 [02:11<01:21,  2.72it/s]
 62%|██████▏   | 356/576 [02:11<01:21,  2.72it/s]
 62%|██████▏   | 357/576 [02:12<01:20,  2.72it/s]
 62%|██████▏   | 358/576 [02:12<01:20,  2.72it/s]
 62%|██████▏   | 359/576 [02:12<01:19,  2.73it/s]
 62%|██████▎   | 360/576 [02:13<01:18,  2.74it/s]
 63%|██████▎   | 361/576 [02:13<01:18,  2.73it/s]
 63%|██████▎   | 362/576 [02:13<01:18,  2.74it/s]
 63%|██████▎   | 363/576 [02:14<01:17,  2.74it/s]
 63%|██████▎   | 364/576 [02:14<01:17,  2.74it/s]
 63%|██████▎   | 365/576 [02:14<01:16,  2.75it/s]
 64%|██████▎   | 366/576 [02:15<01:16,  2.74it/s]
 64%|██████▎   | 367/576 [02:15<01:16,  2.73it/s]
 64%|██████▍   | 368/576 [02:16<01:16,  2.74it/s]
 64%|██████▍   | 369/576 [02:16<01:15,  2.74it/s]
 64%|██████▍   | 370/576 [02:16<01:15,  2.74it/s]
 64%|██████▍   | 371/576 [02:17<01:14,  2.74it/s]
 65%|██████▍   | 372/576 [02:17<01:14,  2.73it/s]
 65%|██████▍   | 373/576 [02:17<01:14,  2.73it/s]
 65%|██████▍   | 374/576 [02:18<01:13,  2.73it/s]
 65%|██████▌   | 375/576 [02:18<01:13,  2.73it/s]
 65%|██████▌   | 376/576 [02:18<01:13,  2.74it/s]
 65%|██████▌   | 377/576 [02:19<01:12,  2.73it/s]
 66%|██████▌   | 378/576 [02:19<01:12,  2.73it/s]
 66%|██████▌   | 379/576 [02:20<01:12,  2.73it/s]
 66%|██████▌   | 380/576 [02:20<01:13,  2.67it/s]
 66%|██████▌   | 381/576 [02:20<01:12,  2.69it/s]
 66%|██████▋   | 382/576 [02:21<01:11,  2.71it/s]
 66%|██████▋   | 383/576 [02:21<01:11,  2.71it/s]
 67%|██████▋   | 384/576 [02:21<01:10,  2.71it/s]
 67%|██████▋   | 385/576 [02:22<01:10,  2.71it/s]
 67%|██████▋   | 386/576 [02:22<01:09,  2.72it/s]
 67%|██████▋   | 387/576 [02:23<01:09,  2.73it/s]
 67%|██████▋   | 388/576 [02:23<01:08,  2.74it/s]
 68%|██████▊   | 389/576 [02:23<01:08,  2.73it/s]
 68%|██████▊   | 390/576 [02:24<01:08,  2.74it/s]
 68%|██████▊   | 391/576 [02:24<01:07,  2.73it/s]
 68%|██████▊   | 392/576 [02:24<01:07,  2.72it/s]
 68%|██████▊   | 393/576 [02:25<01:07,  2.71it/s]
 68%|██████▊   | 394/576 [02:25<01:07,  2.71it/s]
 69%|██████▊   | 395/576 [02:25<01:07,  2.70it/s]
 69%|██████▉   | 396/576 [02:26<01:06,  2.70it/s]
 69%|██████▉   | 397/576 [02:26<01:06,  2.71it/s]
 69%|██████▉   | 398/576 [02:27<01:05,  2.71it/s]
 69%|██████▉   | 399/576 [02:27<01:05,  2.72it/s]
 69%|██████▉   | 400/576 [02:27<01:04,  2.72it/s]
 70%|██████▉   | 401/576 [02:28<01:04,  2.73it/s]
 70%|██████▉   | 402/576 [02:28<01:03,  2.73it/s]
 70%|██████▉   | 403/576 [02:28<01:03,  2.74it/s]
 70%|███████   | 404/576 [02:29<01:02,  2.75it/s]
 70%|███████   | 405/576 [02:29<01:01,  2.76it/s]
 70%|███████   | 406/576 [02:29<01:01,  2.77it/s]
 71%|███████   | 407/576 [02:30<01:00,  2.78it/s]
 71%|███████   | 408/576 [02:30<01:00,  2.78it/s]
 71%|███████   | 409/576 [02:31<01:00,  2.78it/s]
 71%|███████   | 410/576 [02:31<00:59,  2.78it/s]
 71%|███████▏  | 411/576 [02:31<00:59,  2.77it/s]
 72%|███████▏  | 412/576 [02:32<00:59,  2.78it/s]
 72%|███████▏  | 413/576 [02:32<00:58,  2.77it/s]
 72%|███████▏  | 414/576 [02:32<00:58,  2.78it/s]
 72%|███████▏  | 415/576 [02:33<00:57,  2.79it/s]
 72%|███████▏  | 416/576 [02:33<00:57,  2.78it/s]
 72%|███████▏  | 417/576 [02:33<00:56,  2.79it/s]
 73%|███████▎  | 418/576 [02:34<00:56,  2.80it/s]
 73%|███████▎  | 419/576 [02:34<00:56,  2.80it/s]
 73%|███████▎  | 420/576 [02:34<00:55,  2.79it/s]
 73%|███████▎  | 421/576 [02:35<00:55,  2.79it/s]
 73%|███████▎  | 422/576 [02:35<00:55,  2.78it/s]
 73%|███████▎  | 423/576 [02:36<00:55,  2.78it/s]
 74%|███████▎  | 424/576 [02:36<00:54,  2.78it/s]
 74%|███████▍  | 425/576 [02:36<00:54,  2.78it/s]
 74%|███████▍  | 426/576 [02:37<00:53,  2.79it/s]
 74%|███████▍  | 427/576 [02:37<00:53,  2.80it/s]
 74%|███████▍  | 428/576 [02:37<00:53,  2.79it/s]
 74%|███████▍  | 429/576 [02:38<00:52,  2.80it/s]
 75%|███████▍  | 430/576 [02:38<00:52,  2.79it/s]
 75%|███████▍  | 431/576 [02:38<00:51,  2.80it/s]
 75%|███████▌  | 432/576 [02:39<00:51,  2.80it/s]
 75%|███████▌  | 433/576 [02:39<00:51,  2.79it/s]
 75%|███████▌  | 434/576 [02:40<00:51,  2.78it/s]
 76%|███████▌  | 435/576 [02:40<00:50,  2.79it/s]
 76%|███████▌  | 436/576 [02:40<00:50,  2.80it/s]
 76%|███████▌  | 437/576 [02:41<00:49,  2.80it/s]
 76%|███████▌  | 438/576 [02:41<00:49,  2.78it/s]
 76%|███████▌  | 439/576 [02:41<00:49,  2.77it/s]
 76%|███████▋  | 440/576 [02:42<00:49,  2.76it/s]
 77%|███████▋  | 441/576 [02:42<00:49,  2.74it/s]
 77%|███████▋  | 442/576 [02:42<00:49,  2.73it/s]
 77%|███████▋  | 443/576 [02:43<00:48,  2.73it/s]
 77%|███████▋  | 444/576 [02:43<00:48,  2.73it/s]
 77%|███████▋  | 445/576 [02:44<00:48,  2.72it/s]
 77%|███████▋  | 446/576 [02:44<00:47,  2.72it/s]
 78%|███████▊  | 447/576 [02:44<00:47,  2.70it/s]
 78%|███████▊  | 448/576 [02:45<00:47,  2.70it/s]
 78%|███████▊  | 449/576 [02:45<00:46,  2.71it/s]
 78%|███████▊  | 450/576 [02:45<00:46,  2.72it/s]
 78%|███████▊  | 451/576 [02:46<00:45,  2.73it/s]
 78%|███████▊  | 452/576 [02:46<00:45,  2.73it/s]
 79%|███████▊  | 453/576 [02:46<00:44,  2.74it/s]
 79%|███████▉  | 454/576 [02:47<00:44,  2.73it/s]
 79%|███████▉  | 455/576 [02:47<00:44,  2.72it/s]
 79%|███████▉  | 456/576 [02:48<00:44,  2.73it/s]
 79%|███████▉  | 457/576 [02:48<00:43,  2.73it/s]
 80%|███████▉  | 458/576 [02:48<00:43,  2.73it/s]
 80%|███████▉  | 459/576 [02:49<00:42,  2.73it/s]
 80%|███████▉  | 460/576 [02:49<00:42,  2.72it/s]
 80%|████████  | 461/576 [02:49<00:42,  2.72it/s]
 80%|████████  | 462/576 [02:50<00:48,  2.37it/s]
 80%|████████  | 463/576 [02:51<00:58,  1.94it/s]
 81%|████████  | 464/576 [02:51<01:05,  1.72it/s]
 81%|████████  | 465/576 [02:52<01:09,  1.59it/s]
 81%|████████  | 466/576 [02:53<01:12,  1.52it/s]
 81%|████████  | 467/576 [02:54<01:14,  1.47it/s]
 81%|████████▏ | 468/576 [02:54<01:15,  1.43it/s]
 81%|████████▏ | 469/576 [02:55<01:16,  1.41it/s]
 82%|████████▏ | 470/576 [02:56<01:16,  1.39it/s]
 82%|████████▏ | 471/576 [02:57<01:15,  1.38it/s]
 82%|████████▏ | 472/576 [02:57<01:15,  1.38it/s]
 82%|████████▏ | 473/576 [02:58<01:15,  1.36it/s]
 82%|████████▏ | 474/576 [02:59<01:15,  1.36it/s]
 82%|████████▏ | 475/576 [03:00<01:14,  1.36it/s]
 83%|████████▎ | 476/576 [03:00<01:13,  1.36it/s]
 83%|████████▎ | 477/576 [03:01<01:13,  1.35it/s]
 83%|████████▎ | 478/576 [03:02<01:12,  1.35it/s]
 83%|████████▎ | 479/576 [03:02<01:12,  1.35it/s]
 83%|████████▎ | 480/576 [03:03<01:04,  1.49it/s]
 84%|████████▎ | 481/576 [03:03<00:56,  1.68it/s]
 84%|████████▎ | 482/576 [03:04<00:49,  1.90it/s]
 84%|████████▍ | 483/576 [03:04<00:44,  2.09it/s]
 84%|████████▍ | 484/576 [03:05<00:40,  2.24it/s]
 84%|████████▍ | 485/576 [03:05<00:38,  2.36it/s]
 84%|████████▍ | 486/576 [03:05<00:36,  2.46it/s]
 85%|████████▍ | 487/576 [03:06<00:35,  2.53it/s]
 85%|████████▍ | 488/576 [03:06<00:34,  2.58it/s]
 85%|████████▍ | 489/576 [03:06<00:33,  2.63it/s]
 85%|████████▌ | 490/576 [03:07<00:32,  2.66it/s]
 85%|████████▌ | 491/576 [03:07<00:31,  2.69it/s]
 85%|████████▌ | 492/576 [03:07<00:31,  2.70it/s]
 86%|████████▌ | 493/576 [03:08<00:30,  2.71it/s]
 86%|████████▌ | 494/576 [03:08<00:30,  2.71it/s]
 86%|████████▌ | 495/576 [03:09<00:29,  2.73it/s]
 86%|████████▌ | 496/576 [03:09<00:29,  2.72it/s]
 86%|████████▋ | 497/576 [03:09<00:29,  2.71it/s]
 86%|████████▋ | 498/576 [03:10<00:28,  2.73it/s]
 87%|████████▋ | 499/576 [03:10<00:28,  2.73it/s]
 87%|████████▋ | 500/576 [03:10<00:27,  2.73it/s]
 87%|████████▋ | 501/576 [03:11<00:27,  2.71it/s]
 87%|████████▋ | 502/576 [03:11<00:27,  2.70it/s]
 87%|████████▋ | 503/576 [03:12<00:26,  2.72it/s]
 88%|████████▊ | 504/576 [03:12<00:26,  2.72it/s]
 88%|████████▊ | 505/576 [03:12<00:26,  2.72it/s]
 88%|████████▊ | 506/576 [03:13<00:25,  2.73it/s]
 88%|████████▊ | 507/576 [03:13<00:25,  2.73it/s]
 88%|████████▊ | 508/576 [03:13<00:24,  2.73it/s]
 88%|████████▊ | 509/576 [03:14<00:24,  2.74it/s]
 89%|████████▊ | 510/576 [03:14<00:24,  2.73it/s]
 89%|████████▊ | 511/576 [03:14<00:23,  2.72it/s]
 89%|████████▉ | 512/576 [03:15<00:23,  2.73it/s]
 89%|████████▉ | 513/576 [03:15<00:23,  2.73it/s]
 89%|████████▉ | 514/576 [03:16<00:22,  2.73it/s]
 89%|████████▉ | 515/576 [03:16<00:22,  2.73it/s]
 90%|████████▉ | 516/576 [03:16<00:21,  2.75it/s]
 90%|████████▉ | 517/576 [03:17<00:21,  2.75it/s]
 90%|████████▉ | 518/576 [03:17<00:21,  2.73it/s]
 90%|█████████ | 519/576 [03:17<00:20,  2.72it/s]
 90%|█████████ | 520/576 [03:18<00:20,  2.71it/s]
 90%|█████████ | 521/576 [03:18<00:20,  2.71it/s]
 91%|█████████ | 522/576 [03:18<00:19,  2.73it/s]
 91%|█████████ | 523/576 [03:19<00:19,  2.73it/s]
 91%|█████████ | 524/576 [03:19<00:19,  2.73it/s]
 91%|█████████ | 525/576 [03:20<00:18,  2.74it/s]
 91%|█████████▏| 526/576 [03:20<00:18,  2.67it/s]
 91%|█████████▏| 527/576 [03:20<00:18,  2.67it/s]
 92%|█████████▏| 528/576 [03:21<00:17,  2.68it/s]
 92%|█████████▏| 529/576 [03:21<00:17,  2.69it/s]
 92%|█████████▏| 530/576 [03:21<00:16,  2.71it/s]
 92%|█████████▏| 531/576 [03:22<00:16,  2.71it/s]
 92%|█████████▏| 532/576 [03:22<00:16,  2.72it/s]
 93%|█████████▎| 533/576 [03:23<00:15,  2.73it/s]
 93%|█████████▎| 534/576 [03:23<00:15,  2.73it/s]
 93%|█████████▎| 535/576 [03:23<00:15,  2.73it/s]
 93%|█████████▎| 536/576 [03:24<00:14,  2.74it/s]
 93%|█████████▎| 537/576 [03:24<00:14,  2.74it/s]
 93%|█████████▎| 538/576 [03:24<00:13,  2.73it/s]
 94%|█████████▎| 539/576 [03:25<00:13,  2.73it/s]
 94%|█████████▍| 540/576 [03:25<00:13,  2.72it/s]
 94%|█████████▍| 541/576 [03:25<00:12,  2.70it/s]
 94%|█████████▍| 542/576 [03:26<00:12,  2.70it/s]
 94%|█████████▍| 543/576 [03:26<00:12,  2.70it/s]
 94%|█████████▍| 544/576 [03:27<00:11,  2.71it/s]
 95%|█████████▍| 545/576 [03:27<00:11,  2.70it/s]
 95%|█████████▍| 546/576 [03:27<00:10,  2.73it/s]
 95%|█████████▍| 547/576 [03:28<00:10,  2.76it/s]
 95%|█████████▌| 548/576 [03:28<00:10,  2.76it/s]
 95%|█████████▌| 549/576 [03:28<00:09,  2.77it/s]
 95%|█████████▌| 550/576 [03:29<00:09,  2.77it/s]
 96%|█████████▌| 551/576 [03:29<00:09,  2.74it/s]
 96%|█████████▌| 552/576 [03:29<00:08,  2.74it/s]
 96%|█████████▌| 553/576 [03:30<00:08,  2.74it/s]
 96%|█████████▌| 554/576 [03:30<00:07,  2.76it/s]
 96%|█████████▋| 555/576 [03:31<00:07,  2.77it/s]
 97%|█████████▋| 556/576 [03:31<00:07,  2.77it/s]
 97%|█████████▋| 557/576 [03:31<00:06,  2.77it/s]
 97%|█████████▋| 558/576 [03:32<00:06,  2.76it/s]
 97%|█████████▋| 559/576 [03:32<00:06,  2.75it/s]
 97%|█████████▋| 560/576 [03:32<00:05,  2.76it/s]
 97%|█████████▋| 561/576 [03:33<00:05,  2.77it/s]
 98%|█████████▊| 562/576 [03:33<00:05,  2.77it/s]
 98%|█████████▊| 563/576 [03:33<00:04,  2.78it/s]
 98%|█████████▊| 564/576 [03:34<00:04,  2.79it/s]
 98%|█████████▊| 565/576 [03:34<00:03,  2.78it/s]
 98%|█████████▊| 566/576 [03:35<00:03,  2.79it/s]
 98%|█████████▊| 567/576 [03:35<00:03,  2.78it/s]
 99%|█████████▊| 568/576 [03:35<00:02,  2.78it/s]
 99%|█████████▉| 569/576 [03:36<00:02,  2.79it/s]
 99%|█████████▉| 570/576 [03:36<00:02,  2.79it/s]
 99%|█████████▉| 571/576 [03:36<00:01,  2.80it/s]
 99%|█████████▉| 572/576 [03:37<00:01,  2.79it/s]
 99%|█████████▉| 573/576 [03:37<00:01,  2.76it/s]
100%|█████████▉| 574/576 [03:37<00:00,  2.77it/s]
100%|█████████▉| 575/576 [03:38<00:00,  2.78it/s]
100%|██████████| 576/576 [03:38<00:00,  2.77it/s]
100%|██████████| 576/576 [03:38<00:00,  2.63it/s]
            masked_sentences obj_label    sub_label relation  uuid  sub_position                                            def_sap                                            def_dap                                            lsp_sap                                            lsp_dap                                     anchor_lsp_sap                                  obj_mask_sentence                            obj_mask_sentence_score                                   obj_mask_def_sap                             obj_mask_def_sap_score                                   obj_mask_lsp_sap                             obj_mask_lsp_sap_score                                 subj_anchors                                 subj_anchors_score                  masked_sentences_with_subj_anchor                           def_dap_with_subj_anchor                           lsp_dap_with_subj_anchor                             subj_anchors_combined                              obj_mask_sentence_dap  \
0      [gravers are [MASK].]   [tools]      gravers      IsA     1             0  [A gravers is a [MASK]., A gravers is an [MASK...  [A gravers or [Z] is a [MASK]., A gravers or [...  [[MASK] such as gravers., [MASK], including gr...  [[MASK] such as gravers and [Z]., [MASK], incl...  [such as gravers and [MASK]., such as gravers ...  [tools, birds, flowers, trees, vehicles, fish,...  {'tools': 0.0003198589838575572, 'birds': 0.00...  [fish, tools, vegetables, birds, flowers, inse...  {'fish': 0.001764175667631207, 'tools': 1.5120...  [tools, vehicles, buildings, birds, trees, ins...  {'tools': 0.018772159267731087, 'vehicles': 0....  [markers, tombs, graves, bodies, murderers]  {'markers': 0.17831640566388765, 'tombs': 0.16...  [gravers are [MASK]., gravers or markers are [...  [A gravers or markers is a [MASK]., A gravers ...  [[MASK] such as gravers and markers., [MASK] s...     gravers markers tombs graves bodies murderers  [tools, trees, vehicles, birds, buildings, flo...   
1  [smallmouths are [MASK].]    [fish]  smallmouths      IsA     2             0  [A smallmouths is a [MASK]., A smallmouths is ...  [A smallmouths or [Z] is a [MASK]., A smallmou...  [[MASK] such as smallmouths., [MASK], includin...  [[MASK] such as smallmouths and [Z]., [MASK], ...  [such as smallmouths and [MASK]., such as smal...  [fish, birds, trees, insects, tools, vehicles,...  {'fish': 2.7090822186437435e-05, 'birds': 1.27...  [fish, insects, birds, vegetables, trees, flow...  {'fish': 0.10547992575448006, 'insects': 3.941...  [fish, birds, insects, trees, tools, vehicles,...  {'fish': 0.3825688896079858, 'birds': 0.002865...           [catfish, carp, bass, pike, perch]  {'catfish': 0.8201920868772449, 'carp': 0.2299...  [smallmouths are [MASK]., smallmouths or catfi...  [A smallmouths or catfish is a [MASK]., A smal...  [[MASK] such as smallmouths and catfish., [MAS...          smallmouths catfish carp bass pike perch  [fish, birds, tools, vehicles, insects, trees,...   
2     [pelicans are [MASK].]   [birds]     pelicans      IsA     3             0  [A pelicans is a [MASK]., A pelicans is an [MA...  [A pelicans or [Z] is a [MASK]., A pelicans or...  [[MASK] such as pelicans., [MASK], including p...  [[MASK] such as pelicans and [Z]., [MASK], inc...  [such as pelicans and [MASK]., such as pelican...  [birds, fish, trees, insects, flowers, tools, ...  {'birds': 0.001405937597155571, 'fish': 0.0002...  [fish, birds, insects, vehicles, flowers, tree...  {'fish': 0.03015681920805946, 'birds': 0.00015...  [birds, fish, insects, vehicles, trees, flower...  {'birds': 0.45262210816144943, 'fish': 0.02959...  [dolphins, penguins, ducks, cranes, eagles]  {'dolphins': 0.2766755797437854, 'penguins': 0...  [pelicans are [MASK]., pelicans or dolphins ar...  [A pelicans or dolphins is a [MASK]., A pelica...  [[MASK] such as pelicans and dolphins., [MASK]...    pelicans dolphins penguins ducks cranes eagles  [birds, fish, insects, trees, flowers, vehicle...   
3   [sapsuckers are [MASK].]   [birds]   sapsuckers      IsA     4             0  [A sapsuckers is a [MASK]., A sapsuckers is an...  [A sapsuckers or [Z] is a [MASK]., A sapsucker...  [[MASK] such as sapsuckers., [MASK], including...  [[MASK] such as sapsuckers and [Z]., [MASK], i...  [such as sapsuckers and [MASK]., such as sapsu...  [birds, insects, fish, trees, tools, flowers, ...  {'birds': 0.0008124621817842126, 'insects': 0....  [fish, insects, birds, vegetables, flowers, tr...  {'fish': 0.014650183005869621, 'insects': 0.00...  [insects, birds, fish, trees, tools, vehicles,...  {'insects': 0.08345542910198371, 'birds': 0.00...  [snakes, spiders, frogs, monsters, lizards]  {'snakes': 0.36424588378180156, 'spiders': 0.1...  [sapsuckers are [MASK]., sapsuckers or snakes ...  [A sapsuckers or snakes is a [MASK]., A sapsuc...  [[MASK] such as sapsuckers and snakes., [MASK]...  sapsuckers snakes spiders frogs monsters lizards  [birds, insects, fish, trees, tools, flowers, ...   
4       [makoes are [MASK].]    [fish]       makoes      IsA     5             0  [A makoes is a [MASK]., A makoes is an [MASK]....  [A makoes or [Z] is a [MASK]., A makoes or [Z]...  [[MASK] such as makoes., [MASK], including mak...  [[MASK] such as makoes and [Z]., [MASK], inclu...  [such as makoes and [MASK]., such as makoes or...  [fish, birds, trees, flowers, vegetables, inse...  {'fish': 0.0006891118246130645, 'birds': 0.000...  [fish, insects, vegetables, birds, flowers, tr...  {'fish': 0.00390499652348808, 'insects': 9.130...  [fish, birds, trees, tools, insects, flowers, ...  {'fish': 0.008973632143655172, 'birds': 0.0082...           [human, tribe, slaves, man, peter]  {'human': 0.13746631145477295, 'tribe': 0.0411...  [makoes are [MASK]., makoes or human are [MASK...  [A makoes or human is a [MASK]., A makoes or t...  [[MASK] such as makoes and human., [MASK] such...               makoes human tribe slaves man peter  [birds, fish, trees, vegetables, flowers, inse...   

                         obj_mask_sentence_dap_score                                   obj_mask_def_dap                             obj_mask_def_dap_score                                   obj_mask_lsp_dap                             obj_mask_lsp_dap_score  
0  {'tools': 0.00017001546984829474, 'trees': 0.0...  [fish, tools, buildings, vehicles, insects, bi...  {'fish': 0.0002141845353126115, 'tools': 2.294...  [tools, buildings, vehicles, trees, flowers, b...  {'tools': 0.010019106502613794, 'buildings': 0...  
1  {'fish': 4.019045718450798e-05, 'birds': 3.988...  [fish, insects, birds, tools, vegetables, tree...  {'fish': 0.26192682742002943, 'insects': 2.667...  [fish, insects, birds, tools, vegetables, tree...  {'fish': 0.4821478396654129, 'insects': 0.0005...  
2  {'birds': 0.00043608416793479893, 'fish': 0.00...  [fish, birds, insects, flowers, vegetables, ve...  {'fish': 0.03141332002724084, 'birds': 0.00051...  [birds, fish, insects, trees, vehicles, flower...  {'birds': 0.6422835577279329, 'fish': 0.014297...  
3  {'birds': 0.00018984572670888156, 'insects': 0...  [fish, insects, birds, vegetables, flowers, ve...  {'fish': 0.0033017247073985345, 'insects': 0.0...  [insects, birds, fish, vehicles, trees, vegeta...  {'insects': 0.11918734302744269, 'birds': 0.00...  
4  {'birds': 0.0005031603268434992, 'fish': 0.000...  [fish, insects, birds, vegetables, tools, flow...  {'fish': 0.002564862241824528, 'insects': 5.20...  [birds, fish, trees, insects, buildings, tools...  {'birds': 0.0029406462799670408, 'fish': 0.001...  
---------------------------------------- obj_label evaluation ----------------------------------------
begin{tabular}{rlrrrrlrrr}
hline
    	 mask_type    	   p@1 	   p@5 	   p@10 	   mrr 	 relation   	   anchor_wordnet_avg_path 	   anchor_wordnet_coverage 	   mask_type_id 
hline
  0 	 sentence     	  59   	  94.4 	  100   	  73.3 	 IsA        	                      7.22 	                     0.981 	              1 
  1 	 def_sap      	  25.2 	  87.8 	  100   	  53.4 	 IsA        	                      7.22 	                     0.981 	              3 
  2 	 lsp_sap      	  68.8 	  95.3 	  100   	  79.3 	 IsA        	                      7.22 	                     0.981 	              5 
  3 	 sentence_dap 	  69.6 	  93.8 	   97.7 	  79.2 	 IsA        	                      7.22 	                     0.981 	              2 
  4 	 def_dap      	  50.3 	  91.5 	   97.7 	  68.7 	 IsA        	                      7.22 	                     0.981 	              4 
  5 	 lsp_dap      	  73.6 	  93.8 	   97.7 	  81.8 	 IsA        	                      7.22 	                     0.981 	              6 
hline
end{tabular}
save log/bert-large-uncased/lm_diagnostic_extended/plural/df_all_use_global_dap_True_anchor_type_Coordinate_remove_Y_PUNC_FULL_concate_or_single_max_anchor_num_5_anchor_scorer_probAvg_filter_obj_True_wnp_True_cpt_False.LM_DIAGNOSTIC_EXTENDED.tsv
save 
log/bert-large-uncased/lm_diagnostic_extended/plural/exp_data_results_anchor_type_Coordinate_remove_Y_PUNC_FULL_concate_or_single_max_anchor_num_5_anchor_scorer_probAvg_filter_obj_True_wnp_True_cpt_False.LM_DIAGNOSTIC_EXTENDED.csv
