Some weights of the model checkpoint at bert-large-uncased were not used when initializing BertForMaskedLM: ['cls.seq_relationship.bias', 'cls.seq_relationship.weight']
- This IS expected if you are initializing BertForMaskedLM from the checkpoint of a model trained on another task or with another architecture (e.g. initializing a BertForSequenceClassification model from a BertForPreTraining model).
- This IS NOT expected if you are initializing BertForMaskedLM from the checkpoint of a model that you expect to be exactly identical (initializing a BertForSequenceClassification model from a BertForSequenceClassification model).
Some weights of the model checkpoint at bert-large-uncased were not used when initializing BertForMaskedLM: ['cls.seq_relationship.bias', 'cls.seq_relationship.weight']
- This IS expected if you are initializing BertForMaskedLM from the checkpoint of a model trained on another task or with another architecture (e.g. initializing a BertForSequenceClassification model from a BertForPreTraining model).
- This IS NOT expected if you are initializing BertForMaskedLM from the checkpoint of a model that you expect to be exactly identical (initializing a BertForSequenceClassification model from a BertForSequenceClassification model).
Debug: False
#Test_instances: 1337
/home/chunhua/.local/lib/python3.8/site-packages/transformers/pipelines/base.py:1043: UserWarning: You seem to be using the pipelines sequentially on GPU. In order to maximize efficiency please use a dataset
  warnings.warn(
---------------------------------------- obj_label evaluation ----------------------------------------
   P@K  Singular  Plural  Paired Accuracy  Paried Consistency
0    1      14.3     0.2              0.1                85.6
1   10      31.4     3.4              1.9                69.0
Save log/bert-large-uncased/BLESS/consistency/IsA.def_sap.csv

#Test_instances: 1337
/home/chunhua/.local/lib/python3.8/site-packages/transformers/pipelines/base.py:1043: UserWarning: You seem to be using the pipelines sequentially on GPU. In order to maximize efficiency please use a dataset
  warnings.warn(
---------------------------------------- obj_label evaluation ----------------------------------------
   P@K  Singular  Plural  Paired Accuracy  Paried Consistency
0    1      16.4     0.1              0.0                83.5
1   10      35.4     1.4              0.2                63.6
Save log/bert-large-uncased/BLESS/consistency/IsA.def_dap.csv

#Test_instances: 1337
/home/chunhua/.local/lib/python3.8/site-packages/transformers/pipelines/base.py:1043: UserWarning: You seem to be using the pipelines sequentially on GPU. In order to maximize efficiency please use a dataset
  warnings.warn(
---------------------------------------- obj_label evaluation ----------------------------------------
   P@K  Singular  Plural  Paired Accuracy  Paried Consistency
0    1      11.7    12.6              9.5                94.6
1   10      43.3    41.6             37.5                90.2
Save log/bert-large-uncased/BLESS/consistency/IsA.lsp_sap.csv

#Test_instances: 1337
/home/chunhua/.local/lib/python3.8/site-packages/transformers/pipelines/base.py:1043: UserWarning: You seem to be using the pipelines sequentially on GPU. In order to maximize efficiency please use a dataset
  warnings.warn(
---------------------------------------- obj_label evaluation ----------------------------------------
   P@K  Singular  Plural  Paired Accuracy  Paried Consistency
0    1      13.2    13.4             11.8                97.0
1   10      41.5    38.3             35.8                91.7
Save log/bert-large-uncased/BLESS/consistency/IsA.lsp_dap.csv

