debug: False
---------------------------------------- config ----------------------------------------
{'debug': False, 'test_relations': ['IsA'], 'save_all_data': True, 'top_k': 10, 'data_dir': 'data/hypernymsuite/BLESS/', 'mask_string_mapping': {'bert-large-uncased': '[MASK]'}, 'use_dap_global': True, 'return_probs': True, 'anchor_scorer_list': ['probAvg'], 'scorer_target_1_prompt': 'probSum', 'scorer_target_N_prompts': 'probAvg', 'use_original_prompt': True, 'original_prompt_source': 'masked_sentence', 'incorporate_operations': ['concate_or_single'], 'filter_anchors_flag': True, 'filter_objects_flag': True, 'cpt_only': False, 'anchor_types': ['Coordinate_remove_Y_PUNC_FULL'], 'add_cpt_score': False, 'constrain_targets': False, 'add_wordnet_path_score': False, 'anchor_probe': 'plural_probe', 'anchor_col': 'subj_anchors', 'anchor_col_sg': 'subj_anchors_sg', 'anchor_col_pl': 'subj_anchors_pl', 'filter_objects_with_input': True, 'sub_col': 'sub_label', 'sub_col_sg': 'sub_label_sg', 'sub_col_pl': 'sub_label_pl', 'top_k_anchors': 5, 'max_anchor_num_list': [10], 'max_anchor_num': 10, 'sub_col_sgpl': 'sub_label_sgpl', 'filter_objects_with_anchors': True}
---------------------------------------- config ----------------------------------------
Some weights of the model checkpoint at bert-large-uncased were not used when initializing BertForMaskedLM: ['cls.seq_relationship.weight', 'cls.seq_relationship.bias']
- This IS expected if you are initializing BertForMaskedLM from the checkpoint of a model trained on another task or with another architecture (e.g. initializing a BertForSequenceClassification model from a BertForPreTraining model).
- This IS NOT expected if you are initializing BertForMaskedLM from the checkpoint of a model that you expect to be exactly identical (initializing a BertForSequenceClassification model from a BertForSequenceClassification model).
Some weights of the model checkpoint at bert-large-uncased were not used when initializing BertForMaskedLM: ['cls.seq_relationship.weight', 'cls.seq_relationship.bias']
- This IS expected if you are initializing BertForMaskedLM from the checkpoint of a model trained on another task or with another architecture (e.g. initializing a BertForSequenceClassification model from a BertForPreTraining model).
- This IS NOT expected if you are initializing BertForMaskedLM from the checkpoint of a model that you expect to be exactly identical (initializing a BertForSequenceClassification model from a BertForSequenceClassification model).
---------------------------------------- bert-large-uncased-anchor_type: Coordinate_remove_Y_PUNC_FULL-scorer_anchor:probAvg-op:concate_or_single ----------------------------------------
{
    "IsA": {
        "relation": "IsA",
        "def_sap": [
            "A [X] is a [MASK].",
            "A [X] is an [MASK].",
            "An [X] is a [MASK].",
            "An [X] is an [MASK]."
        ],
        "def_dap": [
            "A [X] or [Z] is a [MASK].",
            "A [X] or [Z] is an [MASK].",
            "An [X] or [Z] is a [MASK].",
            "An [X] or [Z] is an [MASK]."
        ],
        "lsp_sap": [
            "[MASK] such as [X].",
            "[MASK], including [X].",
            "[MASK], especially [X].",
            "[X] or other [MASK].",
            "[X] and other [MASK].",
            "such [MASK] as [X]."
        ],
        "lsp_dap": [
            "[MASK] such as [X] and [Z].",
            "[MASK], including [X] and [Z].",
            "[MASK], especially [X] and [Z].",
            "[X], [Z] and other [MASK].",
            "[X], [Z] or other [MASK].",
            "such [MASK] as [X] and [Z]."
        ],
        "use_dap": true,
        "anchor_target": "[X]",
        "anchor_lsp_sap": [
            "such as [X] and [MASK].",
            "such as [X] or [MASK].",
            "such as [X], [MASK],",
            "including [X] and [MASK].",
            "including [X] or [MASK].",
            "including [X], [MASK],",
            "especially [X] and [MASK].",
            "especially [X] or [MASK].",
            "especially [X], [MASK],",
            "[X], [MASK] or other",
            "[X], [MASK] and other"
        ]
    }
}
Processing IsA ... data/hypernymsuite/BLESS//IsA.jsonl
#Test_instances: 200
	 step1: get anchors (fill and filter)
/home/chunhua/.local/lib/python3.8/site-packages/transformers/pipelines/base.py:1043: UserWarning: You seem to be using the pipelines sequentially on GPU. In order to maximize efficiency please use a dataset
  warnings.warn(
--- def_sap
--- lsp_sap
relation: IsA 	 use_dap: True
	 step2: insert anchors
sub_col sub_label
	 step3: fill mask in dap anchors

  0%|          | 0/200 [00:00<?, ?it/s]/home/chunhua/.local/lib/python3.8/site-packages/transformers/pipelines/base.py:1043: UserWarning: You seem to be using the pipelines sequentially on GPU. In order to maximize efficiency please use a dataset
  warnings.warn(

  0%|          | 1/200 [00:00<00:59,  3.34it/s]
  1%|          | 2/200 [00:00<00:59,  3.35it/s]
  2%|▏         | 3/200 [00:00<00:59,  3.33it/s]
  2%|▏         | 4/200 [00:01<00:58,  3.32it/s]
  2%|▎         | 5/200 [00:01<00:58,  3.33it/s]
  3%|▎         | 6/200 [00:01<00:59,  3.27it/s]
  4%|▎         | 7/200 [00:02<00:58,  3.30it/s]
  4%|▍         | 8/200 [00:02<00:57,  3.32it/s]
  4%|▍         | 9/200 [00:02<00:57,  3.33it/s]
  5%|▌         | 10/200 [00:03<00:57,  3.32it/s]
  6%|▌         | 11/200 [00:03<00:56,  3.34it/s]
  6%|▌         | 12/200 [00:03<00:55,  3.37it/s]
  6%|▋         | 13/200 [00:03<00:55,  3.38it/s]
  7%|▋         | 14/200 [00:04<00:54,  3.40it/s]
  8%|▊         | 15/200 [00:04<00:54,  3.41it/s]
  8%|▊         | 16/200 [00:04<00:54,  3.40it/s]
  8%|▊         | 17/200 [00:05<00:53,  3.42it/s]
  9%|▉         | 18/200 [00:05<00:53,  3.39it/s]
 10%|▉         | 19/200 [00:05<00:53,  3.38it/s]
 10%|█         | 20/200 [00:05<00:52,  3.41it/s]
 10%|█         | 21/200 [00:06<00:52,  3.41it/s]
 11%|█         | 22/200 [00:06<00:51,  3.43it/s]
 12%|█▏        | 23/200 [00:06<00:52,  3.40it/s]
 12%|█▏        | 24/200 [00:07<00:51,  3.40it/s]
 12%|█▎        | 25/200 [00:07<00:51,  3.39it/s]
 13%|█▎        | 26/200 [00:07<00:51,  3.39it/s]
 14%|█▎        | 27/200 [00:08<00:50,  3.40it/s]
 14%|█▍        | 28/200 [00:08<00:50,  3.38it/s]
 14%|█▍        | 29/200 [00:08<00:50,  3.38it/s]
 15%|█▌        | 30/200 [00:08<00:49,  3.43it/s]
 16%|█▌        | 31/200 [00:09<00:48,  3.47it/s]
 16%|█▌        | 32/200 [00:09<00:48,  3.45it/s]
 16%|█▋        | 33/200 [00:09<00:48,  3.47it/s]
 17%|█▋        | 34/200 [00:10<00:48,  3.44it/s]
 18%|█▊        | 35/200 [00:10<00:48,  3.43it/s]
 18%|█▊        | 36/200 [00:10<00:47,  3.44it/s]
 18%|█▊        | 37/200 [00:10<00:47,  3.40it/s]
 19%|█▉        | 38/200 [00:11<00:47,  3.41it/s]
 20%|█▉        | 39/200 [00:11<00:47,  3.39it/s]
 20%|██        | 40/200 [00:11<00:47,  3.39it/s]
 20%|██        | 41/200 [00:12<00:46,  3.39it/s]
 21%|██        | 42/200 [00:12<00:46,  3.38it/s]
 22%|██▏       | 43/200 [00:12<00:46,  3.38it/s]
 22%|██▏       | 44/200 [00:12<00:46,  3.38it/s]
 22%|██▎       | 45/200 [00:13<00:45,  3.38it/s]
 23%|██▎       | 46/200 [00:13<00:45,  3.38it/s]
 24%|██▎       | 47/200 [00:13<00:45,  3.37it/s]
 24%|██▍       | 48/200 [00:14<00:44,  3.38it/s]
 24%|██▍       | 49/200 [00:14<00:44,  3.36it/s]
 25%|██▌       | 50/200 [00:14<00:44,  3.35it/s]
 26%|██▌       | 51/200 [00:15<00:44,  3.37it/s]
 26%|██▌       | 52/200 [00:15<00:44,  3.36it/s]
 26%|██▋       | 53/200 [00:15<00:43,  3.36it/s]
 27%|██▋       | 54/200 [00:15<00:43,  3.38it/s]
 28%|██▊       | 55/200 [00:16<00:42,  3.39it/s]
 28%|██▊       | 56/200 [00:16<00:42,  3.37it/s]
 28%|██▊       | 57/200 [00:16<00:42,  3.37it/s]
 29%|██▉       | 58/200 [00:17<00:42,  3.37it/s]
 30%|██▉       | 59/200 [00:17<00:41,  3.36it/s]
 30%|███       | 60/200 [00:17<00:41,  3.40it/s]
 30%|███       | 61/200 [00:18<00:40,  3.42it/s]
 31%|███       | 62/200 [00:18<00:40,  3.41it/s]
 32%|███▏      | 63/200 [00:18<00:40,  3.41it/s]
 32%|███▏      | 64/200 [00:18<00:39,  3.42it/s]
 32%|███▎      | 65/200 [00:19<00:39,  3.41it/s]
 33%|███▎      | 66/200 [00:19<00:39,  3.42it/s]
 34%|███▎      | 67/200 [00:19<00:40,  3.26it/s]
 34%|███▍      | 68/200 [00:20<00:40,  3.29it/s]
 34%|███▍      | 69/200 [00:20<00:39,  3.33it/s]
 35%|███▌      | 70/200 [00:20<00:38,  3.35it/s]
 36%|███▌      | 71/200 [00:21<00:38,  3.38it/s]
 36%|███▌      | 72/200 [00:21<00:37,  3.37it/s]
 36%|███▋      | 73/200 [00:21<00:37,  3.37it/s]
 37%|███▋      | 74/200 [00:21<00:37,  3.37it/s]
 38%|███▊      | 75/200 [00:22<00:36,  3.38it/s]
 38%|███▊      | 76/200 [00:22<00:36,  3.40it/s]
 38%|███▊      | 77/200 [00:22<00:36,  3.40it/s]
 39%|███▉      | 78/200 [00:23<00:36,  3.38it/s]
 40%|███▉      | 79/200 [00:23<00:35,  3.38it/s]
 40%|████      | 80/200 [00:23<00:35,  3.42it/s]
 40%|████      | 81/200 [00:23<00:34,  3.46it/s]
 41%|████      | 82/200 [00:24<00:34,  3.43it/s]
 42%|████▏     | 83/200 [00:24<00:34,  3.43it/s]
 42%|████▏     | 84/200 [00:24<00:33,  3.42it/s]
 42%|████▎     | 85/200 [00:25<00:33,  3.41it/s]
 43%|████▎     | 86/200 [00:25<00:33,  3.42it/s]
 44%|████▎     | 87/200 [00:25<00:33,  3.41it/s]
 44%|████▍     | 88/200 [00:25<00:32,  3.42it/s]
 44%|████▍     | 89/200 [00:26<00:32,  3.40it/s]
 45%|████▌     | 90/200 [00:26<00:32,  3.41it/s]
 46%|████▌     | 91/200 [00:26<00:32,  3.39it/s]
 46%|████▌     | 92/200 [00:27<00:31,  3.38it/s]
 46%|████▋     | 93/200 [00:27<00:31,  3.39it/s]
 47%|████▋     | 94/200 [00:27<00:31,  3.39it/s]
 48%|████▊     | 95/200 [00:28<00:31,  3.38it/s]
 48%|████▊     | 96/200 [00:28<00:30,  3.39it/s]
 48%|████▊     | 97/200 [00:28<00:30,  3.38it/s]
 49%|████▉     | 98/200 [00:28<00:30,  3.36it/s]
 50%|████▉     | 99/200 [00:29<00:30,  3.35it/s]
 50%|█████     | 100/200 [00:29<00:30,  3.33it/s]
 50%|█████     | 101/200 [00:29<00:29,  3.36it/s]
 51%|█████     | 102/200 [00:30<00:29,  3.35it/s]
 52%|█████▏    | 103/200 [00:30<00:28,  3.36it/s]
 52%|█████▏    | 104/200 [00:30<00:28,  3.36it/s]
 52%|█████▎    | 105/200 [00:31<00:28,  3.35it/s]
 53%|█████▎    | 106/200 [00:31<00:28,  3.35it/s]
 54%|█████▎    | 107/200 [00:31<00:27,  3.34it/s]
 54%|█████▍    | 108/200 [00:31<00:27,  3.35it/s]
 55%|█████▍    | 109/200 [00:32<00:27,  3.36it/s]
 55%|█████▌    | 110/200 [00:32<00:26,  3.35it/s]
 56%|█████▌    | 111/200 [00:32<00:26,  3.36it/s]
 56%|█████▌    | 112/200 [00:33<00:26,  3.33it/s]
 56%|█████▋    | 113/200 [00:33<00:26,  3.34it/s]
 57%|█████▋    | 114/200 [00:33<00:25,  3.35it/s]
 57%|█████▊    | 115/200 [00:34<00:25,  3.40it/s]
 58%|█████▊    | 116/200 [00:34<00:24,  3.38it/s]
 58%|█████▊    | 117/200 [00:34<00:24,  3.37it/s]
 59%|█████▉    | 118/200 [00:34<00:24,  3.36it/s]
 60%|█████▉    | 119/200 [00:35<00:24,  3.33it/s]
 60%|██████    | 120/200 [00:35<00:23,  3.35it/s]
 60%|██████    | 121/200 [00:35<00:23,  3.34it/s]
 61%|██████    | 122/200 [00:36<00:23,  3.35it/s]
 62%|██████▏   | 123/200 [00:36<00:22,  3.40it/s]
 62%|██████▏   | 124/200 [00:36<00:22,  3.43it/s]
 62%|██████▎   | 125/200 [00:36<00:22,  3.40it/s]
 63%|██████▎   | 126/200 [00:37<00:21,  3.39it/s]
 64%|██████▎   | 127/200 [00:37<00:21,  3.37it/s]
 64%|██████▍   | 128/200 [00:37<00:21,  3.35it/s]
 64%|██████▍   | 129/200 [00:38<00:21,  3.37it/s]
 65%|██████▌   | 130/200 [00:38<00:20,  3.38it/s]
 66%|██████▌   | 131/200 [00:38<00:20,  3.37it/s]
 66%|██████▌   | 132/200 [00:39<00:20,  3.37it/s]
 66%|██████▋   | 133/200 [00:39<00:19,  3.38it/s]
 67%|██████▋   | 134/200 [00:39<00:19,  3.37it/s]
 68%|██████▊   | 135/200 [00:39<00:19,  3.38it/s]
 68%|██████▊   | 136/200 [00:40<00:18,  3.39it/s]
 68%|██████▊   | 137/200 [00:40<00:18,  3.36it/s]
 69%|██████▉   | 138/200 [00:40<00:18,  3.37it/s]
 70%|██████▉   | 139/200 [00:41<00:18,  3.36it/s]
 70%|███████   | 140/200 [00:41<00:17,  3.35it/s]
 70%|███████   | 141/200 [00:41<00:17,  3.31it/s]
 71%|███████   | 142/200 [00:42<00:17,  3.31it/s]
 72%|███████▏  | 143/200 [00:42<00:17,  3.32it/s]
 72%|███████▏  | 144/200 [00:42<00:17,  3.26it/s]
 72%|███████▎  | 145/200 [00:42<00:16,  3.29it/s]
 73%|███████▎  | 146/200 [00:43<00:16,  3.32it/s]
 74%|███████▎  | 147/200 [00:43<00:15,  3.33it/s]
 74%|███████▍  | 148/200 [00:43<00:15,  3.35it/s]
 74%|███████▍  | 149/200 [00:44<00:15,  3.35it/s]
 75%|███████▌  | 150/200 [00:44<00:14,  3.35it/s]
 76%|███████▌  | 151/200 [00:44<00:14,  3.39it/s]
 76%|███████▌  | 152/200 [00:45<00:14,  3.39it/s]
 76%|███████▋  | 153/200 [00:45<00:14,  3.32it/s]
 77%|███████▋  | 154/200 [00:45<00:13,  3.36it/s]
 78%|███████▊  | 155/200 [00:45<00:13,  3.37it/s]
 78%|███████▊  | 156/200 [00:46<00:13,  3.38it/s]
 78%|███████▊  | 157/200 [00:46<00:12,  3.38it/s]
 79%|███████▉  | 158/200 [00:46<00:12,  3.40it/s]
 80%|███████▉  | 159/200 [00:47<00:12,  3.42it/s]
 80%|████████  | 160/200 [00:47<00:11,  3.41it/s]
 80%|████████  | 161/200 [00:47<00:11,  3.39it/s]
 81%|████████  | 162/200 [00:47<00:11,  3.37it/s]
 82%|████████▏ | 163/200 [00:48<00:10,  3.37it/s]
 82%|████████▏ | 164/200 [00:48<00:10,  3.35it/s]
 82%|████████▎ | 165/200 [00:48<00:10,  3.36it/s]
 83%|████████▎ | 166/200 [00:49<00:10,  3.37it/s]
 84%|████████▎ | 167/200 [00:49<00:09,  3.36it/s]
 84%|████████▍ | 168/200 [00:49<00:09,  3.37it/s]
 84%|████████▍ | 169/200 [00:50<00:09,  3.43it/s]
 85%|████████▌ | 170/200 [00:50<00:08,  3.45it/s]
 86%|████████▌ | 171/200 [00:50<00:08,  3.43it/s]
 86%|████████▌ | 172/200 [00:50<00:08,  3.43it/s]
 86%|████████▋ | 173/200 [00:51<00:07,  3.42it/s]
 87%|████████▋ | 174/200 [00:51<00:07,  3.40it/s]
 88%|████████▊ | 175/200 [00:51<00:07,  3.42it/s]
 88%|████████▊ | 176/200 [00:52<00:07,  3.42it/s]
 88%|████████▊ | 177/200 [00:52<00:06,  3.40it/s]
 89%|████████▉ | 178/200 [00:52<00:06,  3.40it/s]
 90%|████████▉ | 179/200 [00:52<00:06,  3.41it/s]
 90%|█████████ | 180/200 [00:53<00:05,  3.41it/s]
 90%|█████████ | 181/200 [00:53<00:05,  3.39it/s]
 91%|█████████ | 182/200 [00:53<00:05,  3.39it/s]
 92%|█████████▏| 183/200 [00:54<00:04,  3.42it/s]
 92%|█████████▏| 184/200 [00:54<00:04,  3.39it/s]
 92%|█████████▎| 185/200 [00:54<00:04,  3.25it/s]
 93%|█████████▎| 186/200 [00:55<00:04,  3.26it/s]
 94%|█████████▎| 187/200 [00:55<00:03,  3.28it/s]
 94%|█████████▍| 188/200 [00:55<00:03,  3.30it/s]
 94%|█████████▍| 189/200 [00:55<00:03,  3.33it/s]
 95%|█████████▌| 190/200 [00:56<00:03,  3.29it/s]
 96%|█████████▌| 191/200 [00:56<00:02,  3.30it/s]
 96%|█████████▌| 192/200 [00:56<00:02,  3.33it/s]
 96%|█████████▋| 193/200 [00:57<00:02,  3.26it/s]
 97%|█████████▋| 194/200 [00:57<00:02,  2.66it/s]
 98%|█████████▊| 195/200 [00:58<00:01,  2.80it/s]
 98%|█████████▊| 196/200 [00:58<00:01,  2.95it/s]
 98%|█████████▊| 197/200 [00:58<00:00,  3.06it/s]
 99%|█████████▉| 198/200 [00:58<00:00,  3.14it/s]
100%|█████████▉| 199/200 [00:59<00:00,  3.19it/s]
100%|██████████| 200/200 [00:59<00:00,  3.24it/s]
100%|██████████| 200/200 [00:59<00:00,  3.36it/s]

  0%|          | 0/200 [00:00<?, ?it/s]
  0%|          | 1/200 [00:00<00:49,  4.00it/s]
  1%|          | 2/200 [00:00<00:52,  3.77it/s]
  2%|▏         | 3/200 [00:00<00:42,  4.60it/s]
  2%|▏         | 4/200 [00:00<00:35,  5.46it/s]
  2%|▎         | 5/200 [00:00<00:32,  6.00it/s]
  3%|▎         | 6/200 [00:01<00:30,  6.37it/s]
  4%|▎         | 7/200 [00:01<00:28,  6.70it/s]
  4%|▍         | 8/200 [00:01<00:27,  6.90it/s]
  4%|▍         | 9/200 [00:01<00:27,  7.00it/s]
  5%|▌         | 10/200 [00:01<00:26,  7.12it/s]
  6%|▌         | 11/200 [00:01<00:26,  7.12it/s]
  6%|▌         | 12/200 [00:01<00:26,  7.14it/s]
  6%|▋         | 13/200 [00:02<00:26,  7.17it/s]
  7%|▋         | 14/200 [00:02<00:26,  7.12it/s]
  8%|▊         | 15/200 [00:02<00:25,  7.20it/s]
  8%|▊         | 16/200 [00:02<00:25,  7.24it/s]
  8%|▊         | 17/200 [00:02<00:25,  7.24it/s]
  9%|▉         | 18/200 [00:02<00:25,  7.21it/s]
 10%|▉         | 19/200 [00:02<00:25,  7.20it/s]
 10%|█         | 20/200 [00:03<00:25,  7.18it/s]
 10%|█         | 21/200 [00:03<00:24,  7.25it/s]
 11%|█         | 22/200 [00:03<00:24,  7.39it/s]
 12%|█▏        | 23/200 [00:03<00:23,  7.53it/s]
 12%|█▏        | 24/200 [00:03<00:23,  7.59it/s]
 12%|█▎        | 25/200 [00:03<00:22,  7.61it/s]
 13%|█▎        | 26/200 [00:03<00:23,  7.56it/s]
 14%|█▎        | 27/200 [00:03<00:23,  7.46it/s]
 14%|█▍        | 28/200 [00:04<00:22,  7.50it/s]
 14%|█▍        | 29/200 [00:04<00:22,  7.45it/s]
 15%|█▌        | 30/200 [00:04<00:22,  7.40it/s]
 16%|█▌        | 31/200 [00:04<00:22,  7.43it/s]
 16%|█▌        | 32/200 [00:04<00:22,  7.40it/s]
 16%|█▋        | 33/200 [00:04<00:22,  7.36it/s]
 17%|█▋        | 34/200 [00:04<00:22,  7.34it/s]
 18%|█▊        | 35/200 [00:05<00:22,  7.36it/s]
 18%|█▊        | 36/200 [00:05<00:22,  7.31it/s]
 18%|█▊        | 37/200 [00:05<00:22,  7.34it/s]
 19%|█▉        | 38/200 [00:05<00:22,  7.36it/s]
 20%|█▉        | 39/200 [00:05<00:21,  7.32it/s]
 20%|██        | 40/200 [00:05<00:21,  7.32it/s]
 20%|██        | 41/200 [00:05<00:21,  7.32it/s]
 21%|██        | 42/200 [00:05<00:21,  7.37it/s]
 22%|██▏       | 43/200 [00:06<00:21,  7.33it/s]
 22%|██▏       | 44/200 [00:06<00:21,  7.37it/s]
 22%|██▎       | 45/200 [00:06<00:21,  7.35it/s]
 23%|██▎       | 46/200 [00:06<00:20,  7.42it/s]
 24%|██▎       | 47/200 [00:06<00:20,  7.39it/s]
 24%|██▍       | 48/200 [00:06<00:20,  7.40it/s]
 24%|██▍       | 49/200 [00:06<00:20,  7.43it/s]
 25%|██▌       | 50/200 [00:07<00:20,  7.46it/s]
 26%|██▌       | 51/200 [00:07<00:19,  7.56it/s]
 26%|██▌       | 52/200 [00:07<00:19,  7.57it/s]
 26%|██▋       | 53/200 [00:07<00:19,  7.44it/s]
 27%|██▋       | 54/200 [00:07<00:19,  7.46it/s]
 28%|██▊       | 55/200 [00:07<00:19,  7.53it/s]
 28%|██▊       | 56/200 [00:07<00:19,  7.56it/s]
 28%|██▊       | 57/200 [00:07<00:18,  7.60it/s]
 29%|██▉       | 58/200 [00:08<00:18,  7.56it/s]
 30%|██▉       | 59/200 [00:08<00:18,  7.54it/s]
 30%|███       | 60/200 [00:08<00:18,  7.48it/s]
 30%|███       | 61/200 [00:08<00:18,  7.46it/s]
 31%|███       | 62/200 [00:08<00:18,  7.39it/s]
 32%|███▏      | 63/200 [00:08<00:18,  7.35it/s]
 32%|███▏      | 64/200 [00:08<00:18,  7.29it/s]
 32%|███▎      | 65/200 [00:09<00:18,  7.28it/s]
 33%|███▎      | 66/200 [00:09<00:18,  7.28it/s]
 34%|███▎      | 67/200 [00:09<00:18,  7.28it/s]
 34%|███▍      | 68/200 [00:09<00:18,  7.30it/s]
 34%|███▍      | 69/200 [00:09<00:17,  7.34it/s]
 35%|███▌      | 70/200 [00:09<00:17,  7.30it/s]
 36%|███▌      | 71/200 [00:09<00:17,  7.29it/s]
 36%|███▌      | 72/200 [00:10<00:17,  7.31it/s]
 36%|███▋      | 73/200 [00:10<00:17,  7.26it/s]
 37%|███▋      | 74/200 [00:10<00:17,  7.31it/s]
 38%|███▊      | 75/200 [00:10<00:16,  7.36it/s]
 38%|███▊      | 76/200 [00:10<00:16,  7.32it/s]
 38%|███▊      | 77/200 [00:10<00:16,  7.35it/s]
 39%|███▉      | 78/200 [00:10<00:16,  7.35it/s]
 40%|███▉      | 79/200 [00:10<00:16,  7.32it/s]
 40%|████      | 80/200 [00:11<00:16,  7.34it/s]
 40%|████      | 81/200 [00:11<00:16,  7.38it/s]
 41%|████      | 82/200 [00:11<00:16,  7.36it/s]
 42%|████▏     | 83/200 [00:11<00:15,  7.33it/s]
 42%|████▏     | 84/200 [00:11<00:15,  7.31it/s]
 42%|████▎     | 85/200 [00:11<00:15,  7.32it/s]
 43%|████▎     | 86/200 [00:11<00:15,  7.31it/s]
 44%|████▎     | 87/200 [00:12<00:15,  7.29it/s]
 44%|████▍     | 88/200 [00:12<00:15,  7.37it/s]
 44%|████▍     | 89/200 [00:12<00:14,  7.41it/s]
 45%|████▌     | 90/200 [00:12<00:14,  7.48it/s]
 46%|████▌     | 91/200 [00:12<00:14,  7.52it/s]
 46%|████▌     | 92/200 [00:12<00:14,  7.43it/s]
 46%|████▋     | 93/200 [00:12<00:14,  7.16it/s]
 47%|████▋     | 94/200 [00:13<00:14,  7.21it/s]
 48%|████▊     | 95/200 [00:13<00:14,  7.10it/s]
 48%|████▊     | 96/200 [00:13<00:14,  7.16it/s]
 48%|████▊     | 97/200 [00:13<00:15,  6.49it/s]
 49%|████▉     | 98/200 [00:13<00:15,  6.67it/s]
 50%|████▉     | 99/200 [00:13<00:14,  6.83it/s]
 50%|█████     | 100/200 [00:13<00:14,  7.03it/s]
 50%|█████     | 101/200 [00:14<00:13,  7.13it/s]
 51%|█████     | 102/200 [00:14<00:13,  7.16it/s]
 52%|█████▏    | 103/200 [00:14<00:13,  7.21it/s]
 52%|█████▏    | 104/200 [00:14<00:13,  7.26it/s]
 52%|█████▎    | 105/200 [00:14<00:12,  7.36it/s]
 53%|█████▎    | 106/200 [00:14<00:12,  7.43it/s]
 54%|█████▎    | 107/200 [00:14<00:12,  7.43it/s]
 54%|█████▍    | 108/200 [00:15<00:12,  7.40it/s]
 55%|█████▍    | 109/200 [00:15<00:12,  7.36it/s]
 55%|█████▌    | 110/200 [00:15<00:12,  7.36it/s]
 56%|█████▌    | 111/200 [00:15<00:12,  7.34it/s]
 56%|█████▌    | 112/200 [00:15<00:12,  7.22it/s]
 56%|█████▋    | 113/200 [00:15<00:11,  7.28it/s]
 57%|█████▋    | 114/200 [00:15<00:11,  7.27it/s]
 57%|█████▊    | 115/200 [00:15<00:11,  7.25it/s]
 58%|█████▊    | 116/200 [00:16<00:11,  7.10it/s]
 58%|█████▊    | 117/200 [00:16<00:11,  7.16it/s]
 59%|█████▉    | 118/200 [00:16<00:11,  7.28it/s]
 60%|█████▉    | 119/200 [00:16<00:11,  7.32it/s]
 60%|██████    | 120/200 [00:16<00:10,  7.32it/s]
 60%|██████    | 121/200 [00:16<00:10,  7.33it/s]
 61%|██████    | 122/200 [00:16<00:10,  7.31it/s]
 62%|██████▏   | 123/200 [00:17<00:10,  7.34it/s]
 62%|██████▏   | 124/200 [00:17<00:10,  7.33it/s]
 62%|██████▎   | 125/200 [00:17<00:10,  7.40it/s]
 63%|██████▎   | 126/200 [00:17<00:09,  7.47it/s]
 64%|██████▎   | 127/200 [00:17<00:09,  7.58it/s]
 64%|██████▍   | 128/200 [00:17<00:09,  7.65it/s]
 64%|██████▍   | 129/200 [00:17<00:09,  7.63it/s]
 65%|██████▌   | 130/200 [00:17<00:09,  7.51it/s]
 66%|██████▌   | 131/200 [00:18<00:09,  7.49it/s]
 66%|██████▌   | 132/200 [00:18<00:09,  7.54it/s]
 66%|██████▋   | 133/200 [00:18<00:08,  7.45it/s]
 67%|██████▋   | 134/200 [00:18<00:08,  7.43it/s]
 68%|██████▊   | 135/200 [00:18<00:08,  7.25it/s]
 68%|██████▊   | 136/200 [00:18<00:08,  7.24it/s]
 68%|██████▊   | 137/200 [00:18<00:08,  7.31it/s]
 69%|██████▉   | 138/200 [00:19<00:08,  7.37it/s]
 70%|██████▉   | 139/200 [00:19<00:08,  7.32it/s]
 70%|███████   | 140/200 [00:19<00:08,  7.36it/s]
 70%|███████   | 141/200 [00:19<00:08,  7.14it/s]
 71%|███████   | 142/200 [00:19<00:08,  7.20it/s]
 72%|███████▏  | 143/200 [00:19<00:07,  7.23it/s]
 72%|███████▏  | 144/200 [00:19<00:07,  7.25it/s]
 72%|███████▎  | 145/200 [00:20<00:07,  7.32it/s]
 73%|███████▎  | 146/200 [00:20<00:07,  7.43it/s]
 74%|███████▎  | 147/200 [00:20<00:07,  6.79it/s]
 74%|███████▍  | 148/200 [00:20<00:07,  6.97it/s]
 74%|███████▍  | 149/200 [00:20<00:07,  7.11it/s]
 75%|███████▌  | 150/200 [00:20<00:06,  7.24it/s]
 76%|███████▌  | 151/200 [00:20<00:06,  7.26it/s]
 76%|███████▌  | 152/200 [00:21<00:06,  7.30it/s]
 76%|███████▋  | 153/200 [00:21<00:06,  7.32it/s]
 77%|███████▋  | 154/200 [00:21<00:06,  7.38it/s]
 78%|███████▊  | 155/200 [00:21<00:06,  7.44it/s]
 78%|███████▊  | 156/200 [00:21<00:05,  7.47it/s]
 78%|███████▊  | 157/200 [00:21<00:05,  7.44it/s]
 79%|███████▉  | 158/200 [00:21<00:05,  7.40it/s]
 80%|███████▉  | 159/200 [00:21<00:05,  7.37it/s]
 80%|████████  | 160/200 [00:22<00:05,  7.41it/s]
 80%|████████  | 161/200 [00:22<00:05,  7.41it/s]
 81%|████████  | 162/200 [00:22<00:05,  7.42it/s]
 82%|████████▏ | 163/200 [00:22<00:05,  7.31it/s]
 82%|████████▏ | 164/200 [00:22<00:04,  7.36it/s]
 82%|████████▎ | 165/200 [00:22<00:04,  7.35it/s]
 83%|████████▎ | 166/200 [00:22<00:04,  7.34it/s]
 84%|████████▎ | 167/200 [00:23<00:04,  7.26it/s]
 84%|████████▍ | 168/200 [00:23<00:04,  7.29it/s]
 84%|████████▍ | 169/200 [00:23<00:04,  7.29it/s]
 85%|████████▌ | 170/200 [00:23<00:04,  7.28it/s]
 86%|████████▌ | 171/200 [00:23<00:03,  7.32it/s]
 86%|████████▌ | 172/200 [00:23<00:03,  7.34it/s]
 86%|████████▋ | 173/200 [00:23<00:03,  7.30it/s]
 87%|████████▋ | 174/200 [00:24<00:03,  7.39it/s]
 88%|████████▊ | 175/200 [00:24<00:03,  7.37it/s]
 88%|████████▊ | 176/200 [00:24<00:03,  7.39it/s]
 88%|████████▊ | 177/200 [00:24<00:03,  7.44it/s]
 89%|████████▉ | 178/200 [00:24<00:02,  7.43it/s]
 90%|████████▉ | 179/200 [00:24<00:02,  7.42it/s]
 90%|█████████ | 180/200 [00:24<00:02,  7.42it/s]
 90%|█████████ | 181/200 [00:24<00:02,  7.41it/s]
 91%|█████████ | 182/200 [00:25<00:02,  7.39it/s]
 92%|█████████▏| 183/200 [00:25<00:02,  7.42it/s]
 92%|█████████▏| 184/200 [00:25<00:02,  7.48it/s]
 92%|█████████▎| 185/200 [00:25<00:02,  7.42it/s]
 93%|█████████▎| 186/200 [00:25<00:01,  7.41it/s]
 94%|█████████▎| 187/200 [00:25<00:01,  7.37it/s]
 94%|█████████▍| 188/200 [00:25<00:01,  7.38it/s]
 94%|█████████▍| 189/200 [00:26<00:01,  7.36it/s]
 95%|█████████▌| 190/200 [00:26<00:01,  7.41it/s]
 96%|█████████▌| 191/200 [00:26<00:01,  7.51it/s]
 96%|█████████▌| 192/200 [00:26<00:01,  7.56it/s]
 96%|█████████▋| 193/200 [00:26<00:00,  7.65it/s]
 97%|█████████▋| 194/200 [00:26<00:00,  7.62it/s]
 98%|█████████▊| 195/200 [00:26<00:00,  7.51it/s]
 98%|█████████▊| 196/200 [00:26<00:00,  7.49it/s]
 98%|█████████▊| 197/200 [00:27<00:00,  7.49it/s]
 99%|█████████▉| 198/200 [00:27<00:00,  7.51it/s]
100%|█████████▉| 199/200 [00:27<00:00,  7.50it/s]
100%|██████████| 200/200 [00:27<00:00,  7.56it/s]
100%|██████████| 200/200 [00:27<00:00,  7.28it/s]

  0%|          | 0/200 [00:00<?, ?it/s]
  0%|          | 1/200 [00:00<01:20,  2.46it/s]
  1%|          | 2/200 [00:00<01:20,  2.47it/s]
  2%|▏         | 3/200 [00:01<01:19,  2.48it/s]
  2%|▏         | 4/200 [00:01<01:17,  2.52it/s]
  2%|▎         | 5/200 [00:02<01:17,  2.50it/s]
  3%|▎         | 6/200 [00:02<01:18,  2.48it/s]
  4%|▎         | 7/200 [00:02<01:18,  2.47it/s]
  4%|▍         | 8/200 [00:03<01:17,  2.47it/s]
  4%|▍         | 9/200 [00:03<01:17,  2.47it/s]
  5%|▌         | 10/200 [00:04<01:16,  2.47it/s]
  6%|▌         | 11/200 [00:04<01:16,  2.49it/s]
  6%|▌         | 12/200 [00:04<01:15,  2.51it/s]
  6%|▋         | 13/200 [00:05<01:14,  2.50it/s]
  7%|▋         | 14/200 [00:05<01:14,  2.49it/s]
  8%|▊         | 15/200 [00:06<01:14,  2.49it/s]
  8%|▊         | 16/200 [00:06<01:13,  2.49it/s]
  8%|▊         | 17/200 [00:06<01:14,  2.47it/s]
  9%|▉         | 18/200 [00:07<01:13,  2.46it/s]
 10%|▉         | 19/200 [00:07<01:14,  2.44it/s]
 10%|█         | 20/200 [00:08<01:13,  2.45it/s]
 10%|█         | 21/200 [00:08<01:12,  2.46it/s]
 11%|█         | 22/200 [00:08<01:12,  2.47it/s]
 12%|█▏        | 23/200 [00:09<01:11,  2.47it/s]
 12%|█▏        | 24/200 [00:09<01:11,  2.46it/s]
 12%|█▎        | 25/200 [00:10<01:10,  2.47it/s]
 13%|█▎        | 26/200 [00:10<01:11,  2.45it/s]
 14%|█▎        | 27/200 [00:10<01:10,  2.46it/s]
 14%|█▍        | 28/200 [00:11<01:09,  2.46it/s]
 14%|█▍        | 29/200 [00:11<01:09,  2.47it/s]
 15%|█▌        | 30/200 [00:12<01:08,  2.48it/s]
 16%|█▌        | 31/200 [00:12<01:08,  2.47it/s]
 16%|█▌        | 32/200 [00:12<01:07,  2.47it/s]
 16%|█▋        | 33/200 [00:13<01:07,  2.47it/s]
 17%|█▋        | 34/200 [00:13<01:06,  2.49it/s]
 18%|█▊        | 35/200 [00:14<01:06,  2.49it/s]
 18%|█▊        | 36/200 [00:14<01:05,  2.50it/s]
 18%|█▊        | 37/200 [00:14<01:05,  2.48it/s]
 19%|█▉        | 38/200 [00:15<01:04,  2.50it/s]
 20%|█▉        | 39/200 [00:15<01:05,  2.46it/s]
 20%|██        | 40/200 [00:16<01:04,  2.48it/s]
 20%|██        | 41/200 [00:16<01:04,  2.48it/s]
 21%|██        | 42/200 [00:16<01:03,  2.47it/s]
 22%|██▏       | 43/200 [00:17<01:03,  2.46it/s]
 22%|██▏       | 44/200 [00:17<01:03,  2.46it/s]
 22%|██▎       | 45/200 [00:18<01:03,  2.46it/s]
 23%|██▎       | 46/200 [00:18<01:02,  2.45it/s]
 24%|██▎       | 47/200 [00:18<01:01,  2.47it/s]
 24%|██▍       | 48/200 [00:19<01:01,  2.48it/s]
 24%|██▍       | 49/200 [00:19<01:00,  2.49it/s]
 25%|██▌       | 50/200 [00:20<01:00,  2.48it/s]
 26%|██▌       | 51/200 [00:20<01:00,  2.48it/s]
 26%|██▌       | 52/200 [00:21<00:59,  2.48it/s]
 26%|██▋       | 53/200 [00:21<00:59,  2.47it/s]
 27%|██▋       | 54/200 [00:21<00:58,  2.49it/s]
 28%|██▊       | 55/200 [00:22<00:58,  2.50it/s]
 28%|██▊       | 56/200 [00:22<00:58,  2.48it/s]
 28%|██▊       | 57/200 [00:23<00:59,  2.40it/s]
 29%|██▉       | 58/200 [00:23<00:58,  2.41it/s]
 30%|██▉       | 59/200 [00:23<00:58,  2.43it/s]
 30%|███       | 60/200 [00:24<00:57,  2.43it/s]
 30%|███       | 61/200 [00:24<00:57,  2.40it/s]
 31%|███       | 62/200 [00:25<00:56,  2.43it/s]
 32%|███▏      | 63/200 [00:25<00:56,  2.43it/s]
 32%|███▏      | 64/200 [00:25<00:55,  2.45it/s]
 32%|███▎      | 65/200 [00:26<00:54,  2.46it/s]
 33%|███▎      | 66/200 [00:26<00:54,  2.47it/s]
 34%|███▎      | 67/200 [00:27<00:54,  2.46it/s]
 34%|███▍      | 68/200 [00:27<00:53,  2.47it/s]
 34%|███▍      | 69/200 [00:27<00:52,  2.49it/s]
 35%|███▌      | 70/200 [00:28<00:52,  2.50it/s]
 36%|███▌      | 71/200 [00:28<00:51,  2.50it/s]
 36%|███▌      | 72/200 [00:29<00:51,  2.50it/s]
 36%|███▋      | 73/200 [00:29<00:51,  2.48it/s]
 37%|███▋      | 74/200 [00:29<00:50,  2.48it/s]
 38%|███▊      | 75/200 [00:30<00:50,  2.48it/s]
 38%|███▊      | 76/200 [00:30<00:50,  2.48it/s]
 38%|███▊      | 77/200 [00:31<00:49,  2.48it/s]
 39%|███▉      | 78/200 [00:31<00:49,  2.46it/s]
 40%|███▉      | 79/200 [00:31<00:48,  2.47it/s]
 40%|████      | 80/200 [00:32<00:48,  2.47it/s]
 40%|████      | 81/200 [00:32<00:47,  2.48it/s]
 41%|████      | 82/200 [00:33<00:47,  2.50it/s]
 42%|████▏     | 83/200 [00:33<00:46,  2.49it/s]
 42%|████▏     | 84/200 [00:33<00:46,  2.49it/s]
 42%|████▎     | 85/200 [00:34<00:46,  2.49it/s]
 43%|████▎     | 86/200 [00:34<00:45,  2.50it/s]
 44%|████▎     | 87/200 [00:35<00:45,  2.50it/s]
 44%|████▍     | 88/200 [00:35<00:44,  2.49it/s]
 44%|████▍     | 89/200 [00:35<00:44,  2.49it/s]
 45%|████▌     | 90/200 [00:36<00:44,  2.49it/s]
 46%|████▌     | 91/200 [00:36<00:43,  2.49it/s]
 46%|████▌     | 92/200 [00:37<00:43,  2.48it/s]
 46%|████▋     | 93/200 [00:37<00:43,  2.48it/s]
 47%|████▋     | 94/200 [00:38<00:42,  2.48it/s]
 48%|████▊     | 95/200 [00:38<00:42,  2.46it/s]
 48%|████▊     | 96/200 [00:38<00:42,  2.46it/s]
 48%|████▊     | 97/200 [00:39<00:41,  2.46it/s]
 49%|████▉     | 98/200 [00:39<00:41,  2.47it/s]
 50%|████▉     | 99/200 [00:40<00:40,  2.48it/s]
 50%|█████     | 100/200 [00:40<00:40,  2.48it/s]
 50%|█████     | 101/200 [00:40<00:39,  2.48it/s]
 51%|█████     | 102/200 [00:41<00:39,  2.48it/s]
 52%|█████▏    | 103/200 [00:41<00:38,  2.49it/s]
 52%|█████▏    | 104/200 [00:42<00:38,  2.50it/s]
 52%|█████▎    | 105/200 [00:42<00:37,  2.51it/s]
 53%|█████▎    | 106/200 [00:42<00:37,  2.50it/s]
 54%|█████▎    | 107/200 [00:43<00:37,  2.50it/s]
 54%|█████▍    | 108/200 [00:43<00:36,  2.49it/s]
 55%|█████▍    | 109/200 [00:44<00:36,  2.52it/s]
 55%|█████▌    | 110/200 [00:44<00:35,  2.51it/s]
 56%|█████▌    | 111/200 [00:44<00:35,  2.50it/s]
 56%|█████▌    | 112/200 [00:45<00:35,  2.49it/s]
 56%|█████▋    | 113/200 [00:45<00:35,  2.48it/s]
 57%|█████▋    | 114/200 [00:46<00:34,  2.48it/s]
 57%|█████▊    | 115/200 [00:46<00:34,  2.47it/s]
 58%|█████▊    | 116/200 [00:46<00:34,  2.46it/s]
 58%|█████▊    | 117/200 [00:47<00:33,  2.49it/s]
 59%|█████▉    | 118/200 [00:47<00:32,  2.49it/s]
 60%|█████▉    | 119/200 [00:48<00:32,  2.49it/s]
 60%|██████    | 120/200 [00:48<00:32,  2.49it/s]
 60%|██████    | 121/200 [00:48<00:31,  2.47it/s]
 61%|██████    | 122/200 [00:49<00:31,  2.49it/s]
 62%|██████▏   | 123/200 [00:49<00:30,  2.49it/s]
 62%|██████▏   | 124/200 [00:50<00:30,  2.48it/s]
 62%|██████▎   | 125/200 [00:50<00:30,  2.49it/s]
 63%|██████▎   | 126/200 [00:50<00:29,  2.48it/s]
 64%|██████▎   | 127/200 [00:51<00:29,  2.49it/s]
 64%|██████▍   | 128/200 [00:51<00:28,  2.49it/s]
 64%|██████▍   | 129/200 [00:52<00:28,  2.49it/s]
 65%|██████▌   | 130/200 [00:52<00:28,  2.48it/s]
 66%|██████▌   | 131/200 [00:52<00:28,  2.39it/s]
 66%|██████▌   | 132/200 [00:53<00:28,  2.42it/s]
 66%|██████▋   | 133/200 [00:53<00:27,  2.44it/s]
 67%|██████▋   | 134/200 [00:54<00:26,  2.47it/s]
 68%|██████▊   | 135/200 [00:54<00:26,  2.48it/s]
 68%|██████▊   | 136/200 [00:54<00:25,  2.49it/s]
 68%|██████▊   | 137/200 [00:55<00:25,  2.50it/s]
 69%|██████▉   | 138/200 [00:55<00:24,  2.50it/s]
 70%|██████▉   | 139/200 [00:56<00:24,  2.50it/s]
 70%|███████   | 140/200 [00:56<00:23,  2.51it/s]
 70%|███████   | 141/200 [00:56<00:23,  2.51it/s]
 71%|███████   | 142/200 [00:57<00:22,  2.53it/s]
 72%|███████▏  | 143/200 [00:57<00:22,  2.52it/s]
 72%|███████▏  | 144/200 [00:58<00:22,  2.51it/s]
 72%|███████▎  | 145/200 [00:58<00:21,  2.50it/s]
 73%|███████▎  | 146/200 [00:58<00:21,  2.52it/s]
 74%|███████▎  | 147/200 [00:59<00:21,  2.51it/s]
 74%|███████▍  | 148/200 [00:59<00:20,  2.50it/s]
 74%|███████▍  | 149/200 [01:00<00:20,  2.50it/s]
 75%|███████▌  | 150/200 [01:00<00:20,  2.49it/s]
 76%|███████▌  | 151/200 [01:00<00:19,  2.48it/s]
 76%|███████▌  | 152/200 [01:01<00:19,  2.49it/s]
 76%|███████▋  | 153/200 [01:01<00:18,  2.47it/s]
 77%|███████▋  | 154/200 [01:02<00:18,  2.48it/s]
 78%|███████▊  | 155/200 [01:02<00:18,  2.48it/s]
 78%|███████▊  | 156/200 [01:02<00:17,  2.47it/s]
 78%|███████▊  | 157/200 [01:03<00:17,  2.47it/s]
 79%|███████▉  | 158/200 [01:03<00:16,  2.48it/s]
 80%|███████▉  | 159/200 [01:04<00:16,  2.51it/s]
 80%|████████  | 160/200 [01:04<00:15,  2.50it/s]
 80%|████████  | 161/200 [01:04<00:15,  2.49it/s]
 81%|████████  | 162/200 [01:05<00:15,  2.51it/s]
 82%|████████▏ | 163/200 [01:05<00:14,  2.49it/s]
 82%|████████▏ | 164/200 [01:06<00:14,  2.49it/s]
 82%|████████▎ | 165/200 [01:06<00:14,  2.49it/s]
 83%|████████▎ | 166/200 [01:06<00:13,  2.48it/s]
 84%|████████▎ | 167/200 [01:07<00:13,  2.47it/s]
 84%|████████▍ | 168/200 [01:07<00:12,  2.47it/s]
 84%|████████▍ | 169/200 [01:08<00:12,  2.46it/s]
 85%|████████▌ | 170/200 [01:08<00:12,  2.47it/s]
 86%|████████▌ | 171/200 [01:09<00:11,  2.44it/s]
 86%|████████▌ | 172/200 [01:09<00:11,  2.46it/s]
 86%|████████▋ | 173/200 [01:09<00:10,  2.47it/s]
 87%|████████▋ | 174/200 [01:10<00:10,  2.48it/s]
 88%|████████▊ | 175/200 [01:10<00:10,  2.47it/s]
 88%|████████▊ | 176/200 [01:11<00:09,  2.47it/s]
 88%|████████▊ | 177/200 [01:11<00:09,  2.49it/s]
 89%|████████▉ | 178/200 [01:11<00:08,  2.47it/s]
 90%|████████▉ | 179/200 [01:12<00:08,  2.48it/s]
 90%|█████████ | 180/200 [01:12<00:08,  2.47it/s]
 90%|█████████ | 181/200 [01:13<00:07,  2.49it/s]
 91%|█████████ | 182/200 [01:13<00:07,  2.49it/s]
 92%|█████████▏| 183/200 [01:13<00:06,  2.52it/s]
 92%|█████████▏| 184/200 [01:14<00:06,  2.51it/s]
 92%|█████████▎| 185/200 [01:14<00:05,  2.51it/s]
 93%|█████████▎| 186/200 [01:15<00:05,  2.48it/s]
 94%|█████████▎| 187/200 [01:15<00:05,  2.48it/s]
 94%|█████████▍| 188/200 [01:15<00:04,  2.47it/s]
 94%|█████████▍| 189/200 [01:16<00:04,  2.48it/s]
 95%|█████████▌| 190/200 [01:16<00:04,  2.48it/s]
 96%|█████████▌| 191/200 [01:17<00:03,  2.50it/s]
 96%|█████████▌| 192/200 [01:17<00:03,  2.53it/s]
 96%|█████████▋| 193/200 [01:17<00:02,  2.52it/s]
 97%|█████████▋| 194/200 [01:18<00:02,  2.51it/s]
 98%|█████████▊| 195/200 [01:18<00:01,  2.51it/s]
 98%|█████████▊| 196/200 [01:19<00:01,  2.50it/s]
 98%|█████████▊| 197/200 [01:19<00:01,  2.50it/s]
 99%|█████████▉| 198/200 [01:19<00:00,  2.48it/s]
100%|█████████▉| 199/200 [01:20<00:00,  2.49it/s]
100%|██████████| 200/200 [01:20<00:00,  2.50it/s]
100%|██████████| 200/200 [01:20<00:00,  2.48it/s]
    sub_label                                          obj_label                                   masked_sentences  sub_position sub_label_sg sub_label_pl                                            def_sap                                            def_dap                                            lsp_sap                                            lsp_dap                                     anchor_lsp_sap                   sub_label_sgpl                                  obj_mask_sentence                            obj_mask_sentence_score                                   obj_mask_def_sap                             obj_mask_def_sap_score                                   obj_mask_lsp_sap                             obj_mask_lsp_sap_score                                       subj_anchors                                 subj_anchors_score                       subj_anchors_sg                             subj_anchors_pl                              subj_anchors_combined  \
0     acacias                                      [plant, tree]  [An acacia is a [MASK]., An acacia is an [MASK].]             3       acacia      acacias  [An acacia is a [MASK]., An acacia is an [MASK].]  [An acacia or [Z] is a [MASK]., An acacia or [...  [[MASK] such as acacias., [MASK], including ac...  [[MASK] such as acacias and [Z]., [MASK], incl...  [such as acacias and [MASK]., such as acacias ...           acacias acacia acacias  [shrub, tree, plant, oak, vegetable, almond, o...  {'shrub': 0.42858341336250305, 'tree': 0.32668...  [shrub, tree, plant, oak, vegetable, almond, o...  {'shrub': 0.42858341336250305, 'tree': 0.32668...  [tree, plant, shrub, thing, specie, palm, frui...  {'trees': 0.43923665086428326, 'plants': 0.189...  [palms, eucalyptus, oaks, pines, cedar, trees,...  {'palms': 0.2581576034426689, 'eucalyptus': 0....  [palm, eucalyptus, oak, pine, cedar]  [palms, eucalyptuses, oaks, pines, cedars]  acacias acacia acacias palms eucalyptus oaks p...   
1  alligators  [vertebrate, chordate, beast, carnivore, repti...  [An alligator is a [MASK]., An alligator is an...             3    alligator   alligators  [An alligator is a [MASK]., An alligator is an...  [An alligator or [Z] is a [MASK]., An alligato...  [[MASK] such as alligators., [MASK], including...  [[MASK] such as alligators and [Z]., [MASK], i...  [such as alligators and [MASK]., such as allig...  alligators alligator alligators  [animal, fish, monster, snake, crocodile, turt...  {'animal': 0.35219907760620117, 'fish': 0.1211...  [animal, fish, monster, snake, crocodile, turt...  {'animal': 0.35219907760620117, 'fish': 0.1211...  [reptile, thing, animal, snake, creature, wild...  {'reptiles': 0.45938984490931034, 'things': 0....  [snakes, turtles, frogs, lizards, sharks, tige...  {'snakes': 0.33330246941609815, 'turtles': 0.1...  [snake, turtle, frog, lizard, shark]   [snakes, turtles, frogs, lizards, sharks]  alligators alligator alligators snakes turtles...   
2  ambulances  [conveyance, artefact, artifact, transport, ve...  [An ambulance is a [MASK]., An ambulance is an...             3    ambulance   ambulances  [An ambulance is a [MASK]., An ambulance is an...  [An ambulance or [Z] is a [MASK]., An ambulanc...  [[MASK] such as ambulances., [MASK], including...  [[MASK] such as ambulances and [Z]., [MASK], i...  [such as ambulances and [MASK]., such as ambul...  ambulances ambulance ambulances  [emergency, accident, car, helicopter, hospita...  {'emergency': 0.1300235539674759, 'accident': ...  [emergency, accident, car, helicopter, hospita...  {'emergency': 0.1300235539674759, 'accident': ...  [thing, vehicle, service, police, hospital, tr...  {'things': 0.33095417730510235, 'vehicles': 0....  [police, buses, helicopters, cars, ems, planes...  {'police': 0.28336215154691174, 'buses': 0.099...    [police, bus, helicopter, car, em]     [police, buses, helicopters, cars, ems]  ambulances ambulance ambulances police buses h...   
3        ants  [insect, arthropod, bug, creature, invertebrat...        [An ant is a [MASK]., An ant is an [MASK].]             3          ant         ants        [An ant is a [MASK]., An ant is an [MASK].]  [An ant or [Z] is a [MASK]., An ant or [Z] is ...  [[MASK] such as ants., [MASK], including ants....  [[MASK] such as ants and [Z]., [MASK], includi...  [such as ants and [MASK]., such as ants or [MA...                    ants ant ants  [animal, insect, bug, species, organism, pest,...  {'animal': 0.2258305698633194, 'insect': 0.166...  [animal, insect, bug, specie, organism, pest, ...  {'animal': 0.2258305698633194, 'insect': 0.166...  [insect, animal, thing, people, invertebrate, ...  {'insects': 0.4983338552216689, 'animals': 0.1...  [bees, beetles, wasps, yes, flies, hornets, sp...  {'bees': 0.4672512141141025, 'beetles': 0.1145...         [bee, beetle, wasp, yes, fly]        [bees, beetles, wasps, yeses, flies]  ants ant ants bees beetles wasps yes flies hor...   
4      apples                             [produce, fruit, food]    [An apple is a [MASK]., An apple is an [MASK].]             3        apple       apples    [An apple is a [MASK]., An apple is an [MASK].]  [An apple or [Z] is a [MASK]., An apple or [Z]...  [[MASK] such as apples., [MASK], including app...  [[MASK] such as apples and [Z]., [MASK], inclu...  [such as apples and [MASK]., such as apples or...              apples apple apples  [tree, fruit, pear, nut, vegetable, person, or...  {'tree': 0.1527864933013916, 'fruit': 0.047198...  [tree, fruit, pear, nut, vegetable, person, or...  {'tree': 0.1527864933013916, 'fruit': 0.047198...  [fruit, thing, vegetable, nuts, berry, orchard...  {'fruits': 0.3824947439134121, 'fruit': 0.2358...  [grapes, pear, nuts, vegetables, dates, banana...  {'grapes': 0.14616208760575813, 'pear': 0.1144...  [grape, pear, nuts, vegetable, date]    [grapes, pears, nuts, vegetables, dates]  apples apple apples grapes pear nuts vegetable...   

                   masked_sentences_with_subj_anchor                           def_dap_with_subj_anchor                           lsp_dap_with_subj_anchor                              obj_mask_sentence_dap                        obj_mask_sentence_dap_score                                   obj_mask_def_dap                             obj_mask_def_dap_score                                   obj_mask_lsp_dap                             obj_mask_lsp_dap_score  
0  [An acacia is a [MASK]., An acacia  or palms i...  [An acacia or palm is a [MASK]., An acacia or ...  [[MASK] such as acacias and palms., [MASK] suc...  [tree, shrub, example, fern, plant, grass, alt...  {'tree': 0.4111495981500907, 'shrub': 0.293288...  [tree, example, shrub, elm, alternative, excep...  {'tree': 0.6922731399536133, 'example': 0.2225...  [plant, vegetation, specie, woodland, forest, ...  {'plants': 0.1039210407262934, 'vegetation': 0...  
1  [An alligator is a [MASK]., An alligator  or s...  [An alligator or snake is a [MASK]., An alliga...  [[MASK] such as alligators and snakes., [MASK]...  [animal, example, answer, bird, predator, tige...  {'animal': 0.4649753025309606, 'example': 0.30...  [animal, predator, mammal, example, creature, ...  {'animal': 0.7910960793495179, 'predator': 0.2...  [reptile, animal, thing, creature, predator, s...  {'reptiles': 0.5529055991520484, 'animals': 0....  
2  [An ambulance is a [MASK]., An ambulance  or p...  [An ambulance or police is a [MASK]., An ambul...  [[MASK] such as ambulances and police., [MASK]...  [example, vehicle, exception, hospital, respon...  {'example': 0.3245548141950911, 'vehicle': 0.2...  [vehicle, example, response, exception, aircra...  {'vehicle': 0.4340295284986496, 'example': 0.1...  [thing, vehicle, service, transport, transport...  {'things': 0.39151899175097543, 'vehicles': 0....  
3  [An ant is a [MASK]., An ant  or bees is a [MA...  [An ant or bee is a [MASK]., An ant or beetle ...  [[MASK] such as ants and bees., [MASK] such as...  [animal, insect, species, answer, bug, example...  {'animal': 0.24625928869301622, 'insect': 0.23...  [insect, animal, bug, answer, pest, specie, pa...  {'insect': 0.26129212649539113, 'animal': 0.21...  [thing, animal, invertebrate, specie, creature...  {'things': 0.14285509253386408, 'animals': 0.0...  
4  [An apple is a [MASK]., An apple  or grapes is...  [An apple or grape is a [MASK]., An apple or p...  [[MASK] such as apples and grapes., [MASK] suc...  [fruit, example, potato, object, tree, edible,...  {'fruit': 0.48273640498518944, 'example': 0.11...  [fruit, month, example, year, integer, day, fo...  {'fruit': 0.5337163215503097, 'month': 0.09315...  [fruit, thing, agriculture, item, produce, foo...  {'fruits': 0.5104225796957811, 'things': 0.302...  
---------------------------------------- obj_label evaluation ----------------------------------------
begin{tabular}{rlrrrrrrrrrrlrrr}
hline
    	 mask_type   	   p@1 	   p@5 	   p@10 	   mAP@1 	   mAP@5 	   mAP@10 	   mrr 	   recall@1 	   recall@5 	   recall@10 	 relation   	   anchor_wordnet_avg_path 	   anchor_wordnet_coverage 	   mask_type_id 
hline
  1 	 def_sap     	  58   	  26.9 	   17.5 	    58   	    66.8 	     63   	  70.4 	        9.5 	       21.9 	        28.1 	 IsA        	                      6.48 	                     0.884 	              1 
  2 	 lsp_sap     	  72.5 	  35.9 	   24.9 	    72.5 	    74.4 	     65.6 	  82.6 	       13.4 	       29.5 	        40.2 	 IsA        	                      6.48 	                     0.884 	              3 
  4 	 def_dap     	  62   	  28.8 	   18.7 	    62   	    71.1 	     65.9 	  74.7 	       10.8 	       23.1 	        29.1 	 IsA        	                      6.48 	                     0.884 	              2 
  5 	 lsp_dap     	  48.5 	  29.7 	   21.6 	    48.5 	    61.6 	     54.5 	  67.2 	        8.6 	       24   	        34.8 	 IsA        	                      6.48 	                     0.884 	              4 
hline
end{tabular}
save log/bert-large-uncased/hypernymsuite/BLESS/df_all_use_global_dap_True_anchor_type_Coordinate_remove_Y_PUNC_FULL_concate_or_single_max_anchor_num_10_anchor_scorer_probAvg_filter_obj_True_filter_objects_with_input_True_wnp_False_cpt_False.HYPERNYMSUITE.tsv
save 
log/bert-large-uncased/hypernymsuite/BLESS/exp_data_results_anchor_type_Coordinate_remove_Y_PUNC_FULL_concate_or_single_max_anchor_num_10_anchor_scorer_probAvg_filter_obj_True_filter_objects_with_input_True_wnp_False_cpt_False.HYPERNYMSUITE.csv
