debug: False
---------------------------------------- config ----------------------------------------
{'debug': False, 'test_relations': ['IsA'], 'save_all_data': True, 'top_k': 10, 'data_dir': 'data/hypernymsuite/BLESS/', 'mask_string_mapping': {'bert-large-uncased': '[MASK]'}, 'use_dap_global': True, 'return_probs': True, 'anchor_scorer_list': ['probAvg'], 'scorer_target_1_prompt': 'probSum', 'scorer_target_N_prompts': 'probAvg', 'use_original_prompt': True, 'original_prompt_source': 'masked_sentence', 'incorporate_operations': ['concate_or_single'], 'filter_anchors_flag': True, 'filter_objects_flag': True, 'cpt_only': False, 'anchor_types': ['Coordinate_remove_Y_PUNC_FULL'], 'add_cpt_score': False, 'constrain_targets': False, 'add_wordnet_path_score': True, 'anchor_probe': 'plural_probe', 'anchor_col': 'subj_anchors', 'anchor_col_sg': 'subj_anchors_sg', 'anchor_col_pl': 'subj_anchors_pl', 'filter_objects_with_input': True, 'sub_col': 'sub_label', 'sub_col_sg': 'sub_label_sg', 'sub_col_pl': 'sub_label_pl', 'top_k_anchors': 5, 'max_anchor_num_list': [10], 'max_anchor_num': 10, 'sub_col_sgpl': 'sub_label_sgpl', 'filter_objects_with_anchors': False}
---------------------------------------- config ----------------------------------------
Some weights of the model checkpoint at bert-large-uncased were not used when initializing BertForMaskedLM: ['cls.seq_relationship.weight', 'cls.seq_relationship.bias']
- This IS expected if you are initializing BertForMaskedLM from the checkpoint of a model trained on another task or with another architecture (e.g. initializing a BertForSequenceClassification model from a BertForPreTraining model).
- This IS NOT expected if you are initializing BertForMaskedLM from the checkpoint of a model that you expect to be exactly identical (initializing a BertForSequenceClassification model from a BertForSequenceClassification model).
Some weights of the model checkpoint at bert-large-uncased were not used when initializing BertForMaskedLM: ['cls.seq_relationship.weight', 'cls.seq_relationship.bias']
- This IS expected if you are initializing BertForMaskedLM from the checkpoint of a model trained on another task or with another architecture (e.g. initializing a BertForSequenceClassification model from a BertForPreTraining model).
- This IS NOT expected if you are initializing BertForMaskedLM from the checkpoint of a model that you expect to be exactly identical (initializing a BertForSequenceClassification model from a BertForSequenceClassification model).
---------------------------------------- bert-large-uncased-anchor_type: Coordinate_remove_Y_PUNC_FULL-scorer_anchor:probAvg-op:concate_or_single ----------------------------------------
{
    "IsA": {
        "relation": "IsA",
        "def_sap": [
            "A [X] is a [MASK].",
            "A [X] is an [MASK].",
            "An [X] is a [MASK].",
            "An [X] is an [MASK]."
        ],
        "def_dap": [
            "A [X] or [Z] is a [MASK].",
            "A [X] or [Z] is an [MASK].",
            "An [X] or [Z] is a [MASK].",
            "An [X] or [Z] is an [MASK]."
        ],
        "lsp_sap": [
            "[MASK] such as [X].",
            "[MASK], including [X].",
            "[MASK], especially [X].",
            "[X] or other [MASK].",
            "[X] and other [MASK].",
            "such [MASK] as [X]."
        ],
        "lsp_dap": [
            "[MASK] such as [X] and [Z].",
            "[MASK], including [X] and [Z].",
            "[MASK], especially [X] and [Z].",
            "[X], [Z] and other [MASK].",
            "[X], [Z] or other [MASK].",
            "such [MASK] as [X] and [Z]."
        ],
        "use_dap": true,
        "anchor_target": "[X]",
        "anchor_lsp_sap": [
            "such as [X] and [MASK].",
            "such as [X] or [MASK].",
            "such as [X], [MASK],",
            "including [X] and [MASK].",
            "including [X] or [MASK].",
            "including [X], [MASK],",
            "especially [X] and [MASK].",
            "especially [X] or [MASK].",
            "especially [X], [MASK],",
            "[X], [MASK] or other",
            "[X], [MASK] and other"
        ]
    }
}
Processing IsA ... data/hypernymsuite/BLESS//IsA.jsonl
#Test_instances: 200
	 step1: get anchors (fill and filter)
/home/chunhua/.local/lib/python3.8/site-packages/transformers/pipelines/base.py:1043: UserWarning: You seem to be using the pipelines sequentially on GPU. In order to maximize efficiency please use a dataset
  warnings.warn(
--- def_sap
--- lsp_sap
relation: IsA 	 use_dap: True
	 step2: insert anchors
sub_col sub_label
	 step3: fill mask in dap anchors

  0%|          | 0/200 [00:00<?, ?it/s]/home/chunhua/.local/lib/python3.8/site-packages/transformers/pipelines/base.py:1043: UserWarning: You seem to be using the pipelines sequentially on GPU. In order to maximize efficiency please use a dataset
  warnings.warn(

  0%|          | 1/200 [00:00<00:53,  3.70it/s]
  1%|          | 2/200 [00:00<00:53,  3.73it/s]
  2%|▏         | 3/200 [00:00<00:52,  3.72it/s]
  2%|▏         | 4/200 [00:01<00:52,  3.73it/s]
  2%|▎         | 5/200 [00:01<00:52,  3.74it/s]
  3%|▎         | 6/200 [00:01<00:52,  3.73it/s]
  4%|▎         | 7/200 [00:01<00:52,  3.66it/s]
  4%|▍         | 8/200 [00:02<00:52,  3.69it/s]
  4%|▍         | 9/200 [00:02<00:51,  3.71it/s]
  5%|▌         | 10/200 [00:02<00:51,  3.71it/s]
  6%|▌         | 11/200 [00:02<00:50,  3.73it/s]
  6%|▌         | 12/200 [00:03<00:50,  3.73it/s]
  6%|▋         | 13/200 [00:03<00:50,  3.73it/s]
  7%|▋         | 14/200 [00:03<00:50,  3.72it/s]
  8%|▊         | 15/200 [00:04<00:49,  3.72it/s]
  8%|▊         | 16/200 [00:04<00:49,  3.72it/s]
  8%|▊         | 17/200 [00:04<00:49,  3.72it/s]
  9%|▉         | 18/200 [00:04<00:49,  3.70it/s]
 10%|▉         | 19/200 [00:05<00:48,  3.71it/s]
 10%|█         | 20/200 [00:05<00:48,  3.71it/s]
 10%|█         | 21/200 [00:05<00:48,  3.67it/s]
 11%|█         | 22/200 [00:05<00:48,  3.70it/s]
 12%|█▏        | 23/200 [00:06<00:47,  3.70it/s]
 12%|█▏        | 24/200 [00:06<00:47,  3.71it/s]
 12%|█▎        | 25/200 [00:06<00:47,  3.72it/s]
 13%|█▎        | 26/200 [00:07<00:46,  3.72it/s]
 14%|█▎        | 27/200 [00:07<00:46,  3.72it/s]
 14%|█▍        | 28/200 [00:07<00:46,  3.73it/s]
 14%|█▍        | 29/200 [00:07<00:45,  3.73it/s]
 15%|█▌        | 30/200 [00:08<00:45,  3.74it/s]
 16%|█▌        | 31/200 [00:08<00:45,  3.74it/s]
 16%|█▌        | 32/200 [00:08<00:44,  3.74it/s]
 16%|█▋        | 33/200 [00:08<00:44,  3.74it/s]
 17%|█▋        | 34/200 [00:09<00:44,  3.75it/s]
 18%|█▊        | 35/200 [00:09<00:44,  3.74it/s]
 18%|█▊        | 36/200 [00:09<00:43,  3.74it/s]
 18%|█▊        | 37/200 [00:09<00:43,  3.74it/s]
 19%|█▉        | 38/200 [00:10<00:43,  3.74it/s]
 20%|█▉        | 39/200 [00:10<00:43,  3.73it/s]
 20%|██        | 40/200 [00:10<00:42,  3.74it/s]
 20%|██        | 41/200 [00:11<00:42,  3.74it/s]
 21%|██        | 42/200 [00:11<00:42,  3.73it/s]
 22%|██▏       | 43/200 [00:11<00:42,  3.72it/s]
 22%|██▏       | 44/200 [00:11<00:41,  3.73it/s]
 22%|██▎       | 45/200 [00:12<00:41,  3.74it/s]
 23%|██▎       | 46/200 [00:12<00:41,  3.74it/s]
 24%|██▎       | 47/200 [00:12<00:41,  3.73it/s]
 24%|██▍       | 48/200 [00:12<00:40,  3.74it/s]
 24%|██▍       | 49/200 [00:13<00:40,  3.73it/s]
 25%|██▌       | 50/200 [00:13<00:40,  3.73it/s]
 26%|██▌       | 51/200 [00:13<00:39,  3.73it/s]
 26%|██▌       | 52/200 [00:13<00:39,  3.73it/s]
 26%|██▋       | 53/200 [00:14<00:39,  3.71it/s]
 27%|██▋       | 54/200 [00:14<00:39,  3.72it/s]
 28%|██▊       | 55/200 [00:14<00:38,  3.72it/s]
 28%|██▊       | 56/200 [00:15<00:38,  3.72it/s]
 28%|██▊       | 57/200 [00:15<00:38,  3.73it/s]
 29%|██▉       | 58/200 [00:15<00:38,  3.72it/s]
 30%|██▉       | 59/200 [00:15<00:38,  3.70it/s]
 30%|███       | 60/200 [00:16<00:37,  3.71it/s]
 30%|███       | 61/200 [00:16<00:37,  3.70it/s]
 31%|███       | 62/200 [00:16<00:37,  3.70it/s]
 32%|███▏      | 63/200 [00:16<00:36,  3.70it/s]
 32%|███▏      | 64/200 [00:17<00:36,  3.71it/s]
 32%|███▎      | 65/200 [00:17<00:36,  3.72it/s]
 33%|███▎      | 66/200 [00:17<00:35,  3.73it/s]
 34%|███▎      | 67/200 [00:17<00:35,  3.72it/s]
 34%|███▍      | 68/200 [00:18<00:35,  3.73it/s]
 34%|███▍      | 69/200 [00:18<00:35,  3.73it/s]
 35%|███▌      | 70/200 [00:18<00:34,  3.73it/s]
 36%|███▌      | 71/200 [00:19<00:34,  3.73it/s]
 36%|███▌      | 72/200 [00:19<00:34,  3.74it/s]
 36%|███▋      | 73/200 [00:19<00:34,  3.72it/s]
 37%|███▋      | 74/200 [00:19<00:33,  3.73it/s]
 38%|███▊      | 75/200 [00:20<00:33,  3.74it/s]
 38%|███▊      | 76/200 [00:20<00:33,  3.75it/s]
 38%|███▊      | 77/200 [00:20<00:33,  3.73it/s]
 39%|███▉      | 78/200 [00:20<00:32,  3.72it/s]
 40%|███▉      | 79/200 [00:21<00:32,  3.73it/s]
 40%|████      | 80/200 [00:21<00:32,  3.74it/s]
 40%|████      | 81/200 [00:21<00:31,  3.74it/s]
 41%|████      | 82/200 [00:22<00:31,  3.74it/s]
 42%|████▏     | 83/200 [00:22<00:31,  3.74it/s]
 42%|████▏     | 84/200 [00:22<00:30,  3.74it/s]
 42%|████▎     | 85/200 [00:22<00:30,  3.74it/s]
 43%|████▎     | 86/200 [00:23<00:30,  3.75it/s]
 44%|████▎     | 87/200 [00:23<00:30,  3.73it/s]
 44%|████▍     | 88/200 [00:23<00:29,  3.74it/s]
 44%|████▍     | 89/200 [00:23<00:29,  3.74it/s]
 45%|████▌     | 90/200 [00:24<00:29,  3.74it/s]
 46%|████▌     | 91/200 [00:24<00:29,  3.74it/s]
 46%|████▌     | 92/200 [00:24<00:28,  3.73it/s]
 46%|████▋     | 93/200 [00:24<00:28,  3.73it/s]
 47%|████▋     | 94/200 [00:25<00:28,  3.73it/s]
 48%|████▊     | 95/200 [00:25<00:28,  3.74it/s]
 48%|████▊     | 96/200 [00:25<00:28,  3.71it/s]
 48%|████▊     | 97/200 [00:26<00:27,  3.72it/s]
 49%|████▉     | 98/200 [00:26<00:27,  3.71it/s]
 50%|████▉     | 99/200 [00:26<00:27,  3.72it/s]
 50%|█████     | 100/200 [00:26<00:26,  3.72it/s]
 50%|█████     | 101/200 [00:27<00:26,  3.72it/s]
 51%|█████     | 102/200 [00:27<00:26,  3.73it/s]
 52%|█████▏    | 103/200 [00:27<00:26,  3.73it/s]
 52%|█████▏    | 104/200 [00:27<00:25,  3.73it/s]
 52%|█████▎    | 105/200 [00:28<00:25,  3.73it/s]
 53%|█████▎    | 106/200 [00:28<00:25,  3.73it/s]
 54%|█████▎    | 107/200 [00:28<00:24,  3.73it/s]
 54%|█████▍    | 108/200 [00:28<00:24,  3.73it/s]
 55%|█████▍    | 109/200 [00:29<00:24,  3.71it/s]
 55%|█████▌    | 110/200 [00:29<00:24,  3.72it/s]
 56%|█████▌    | 111/200 [00:29<00:23,  3.71it/s]
 56%|█████▌    | 112/200 [00:30<00:23,  3.71it/s]
 56%|█████▋    | 113/200 [00:30<00:23,  3.72it/s]
 57%|█████▋    | 114/200 [00:30<00:23,  3.72it/s]
 57%|█████▊    | 115/200 [00:30<00:22,  3.73it/s]
 58%|█████▊    | 116/200 [00:31<00:22,  3.72it/s]
 58%|█████▊    | 117/200 [00:31<00:22,  3.73it/s]
 59%|█████▉    | 118/200 [00:31<00:22,  3.72it/s]
 60%|█████▉    | 119/200 [00:31<00:22,  3.63it/s]
 60%|██████    | 120/200 [00:32<00:21,  3.66it/s]
 60%|██████    | 121/200 [00:32<00:21,  3.67it/s]
 61%|██████    | 122/200 [00:32<00:21,  3.69it/s]
 62%|██████▏   | 123/200 [00:33<00:20,  3.70it/s]
 62%|██████▏   | 124/200 [00:33<00:20,  3.71it/s]
 62%|██████▎   | 125/200 [00:33<00:20,  3.72it/s]
 63%|██████▎   | 126/200 [00:33<00:19,  3.71it/s]
 64%|██████▎   | 127/200 [00:34<00:19,  3.71it/s]
 64%|██████▍   | 128/200 [00:34<00:19,  3.71it/s]
 64%|██████▍   | 129/200 [00:34<00:19,  3.72it/s]
 65%|██████▌   | 130/200 [00:34<00:18,  3.72it/s]
 66%|██████▌   | 131/200 [00:35<00:18,  3.73it/s]
 66%|██████▌   | 132/200 [00:35<00:18,  3.74it/s]
 66%|██████▋   | 133/200 [00:35<00:17,  3.73it/s]
 67%|██████▋   | 134/200 [00:35<00:17,  3.73it/s]
 68%|██████▊   | 135/200 [00:36<00:17,  3.74it/s]
 68%|██████▊   | 136/200 [00:36<00:17,  3.72it/s]
 68%|██████▊   | 137/200 [00:36<00:16,  3.72it/s]
 69%|██████▉   | 138/200 [00:37<00:16,  3.73it/s]
 70%|██████▉   | 139/200 [00:37<00:16,  3.72it/s]
 70%|███████   | 140/200 [00:37<00:16,  3.71it/s]
 70%|███████   | 141/200 [00:37<00:15,  3.72it/s]
 71%|███████   | 142/200 [00:38<00:15,  3.73it/s]
 72%|███████▏  | 143/200 [00:38<00:15,  3.73it/s]
 72%|███████▏  | 144/200 [00:38<00:15,  3.72it/s]
 72%|███████▎  | 145/200 [00:38<00:14,  3.72it/s]
 73%|███████▎  | 146/200 [00:39<00:14,  3.73it/s]
 74%|███████▎  | 147/200 [00:39<00:14,  3.74it/s]
 74%|███████▍  | 148/200 [00:39<00:13,  3.73it/s]
 74%|███████▍  | 149/200 [00:40<00:13,  3.74it/s]
 75%|███████▌  | 150/200 [00:40<00:13,  3.74it/s]
 76%|███████▌  | 151/200 [00:40<00:13,  3.74it/s]
 76%|███████▌  | 152/200 [00:40<00:12,  3.74it/s]
 76%|███████▋  | 153/200 [00:41<00:12,  3.75it/s]
 77%|███████▋  | 154/200 [00:41<00:12,  3.74it/s]
 78%|███████▊  | 155/200 [00:41<00:12,  3.72it/s]
 78%|███████▊  | 156/200 [00:41<00:11,  3.72it/s]
 78%|███████▊  | 157/200 [00:42<00:11,  3.72it/s]
 79%|███████▉  | 158/200 [00:42<00:11,  3.73it/s]
 80%|███████▉  | 159/200 [00:42<00:10,  3.73it/s]
 80%|████████  | 160/200 [00:42<00:10,  3.74it/s]
 80%|████████  | 161/200 [00:43<00:10,  3.73it/s]
 81%|████████  | 162/200 [00:43<00:10,  3.74it/s]
 82%|████████▏ | 163/200 [00:43<00:09,  3.73it/s]
 82%|████████▏ | 164/200 [00:44<00:09,  3.73it/s]
 82%|████████▎ | 165/200 [00:44<00:09,  3.73it/s]
 83%|████████▎ | 166/200 [00:44<00:09,  3.74it/s]
 84%|████████▎ | 167/200 [00:44<00:08,  3.73it/s]
 84%|████████▍ | 168/200 [00:45<00:08,  3.74it/s]
 84%|████████▍ | 169/200 [00:45<00:08,  3.74it/s]
 85%|████████▌ | 170/200 [00:45<00:08,  3.74it/s]
 86%|████████▌ | 171/200 [00:45<00:07,  3.74it/s]
 86%|████████▌ | 172/200 [00:46<00:07,  3.73it/s]
 86%|████████▋ | 173/200 [00:46<00:07,  3.74it/s]
 87%|████████▋ | 174/200 [00:46<00:06,  3.73it/s]
 88%|████████▊ | 175/200 [00:46<00:06,  3.74it/s]
 88%|████████▊ | 176/200 [00:47<00:06,  3.74it/s]
 88%|████████▊ | 177/200 [00:47<00:06,  3.74it/s]
 89%|████████▉ | 178/200 [00:47<00:05,  3.74it/s]
 90%|████████▉ | 179/200 [00:48<00:05,  3.74it/s]
 90%|█████████ | 180/200 [00:48<00:05,  3.73it/s]
 90%|█████████ | 181/200 [00:48<00:05,  3.73it/s]
 91%|█████████ | 182/200 [00:48<00:04,  3.73it/s]
 92%|█████████▏| 183/200 [00:49<00:04,  3.73it/s]
 92%|█████████▏| 184/200 [00:49<00:04,  3.74it/s]
 92%|█████████▎| 185/200 [00:49<00:04,  3.73it/s]
 93%|█████████▎| 186/200 [00:49<00:03,  3.73it/s]
 94%|█████████▎| 187/200 [00:50<00:03,  3.73it/s]
 94%|█████████▍| 188/200 [00:50<00:03,  3.74it/s]
 94%|█████████▍| 189/200 [00:50<00:02,  3.74it/s]
 95%|█████████▌| 190/200 [00:50<00:02,  3.74it/s]
 96%|█████████▌| 191/200 [00:51<00:02,  3.74it/s]
 96%|█████████▌| 192/200 [00:51<00:02,  3.74it/s]
 96%|█████████▋| 193/200 [00:51<00:01,  3.74it/s]
 97%|█████████▋| 194/200 [00:52<00:01,  3.73it/s]
 98%|█████████▊| 195/200 [00:52<00:01,  3.73it/s]
 98%|█████████▊| 196/200 [00:52<00:01,  3.73it/s]
 98%|█████████▊| 197/200 [00:52<00:00,  3.74it/s]
 99%|█████████▉| 198/200 [00:53<00:00,  3.74it/s]
100%|█████████▉| 199/200 [00:53<00:00,  3.73it/s]
100%|██████████| 200/200 [00:53<00:00,  3.73it/s]
100%|██████████| 200/200 [00:53<00:00,  3.73it/s]

  0%|          | 0/200 [00:00<?, ?it/s]
  0%|          | 1/200 [00:00<00:24,  8.24it/s]
  1%|          | 2/200 [00:00<00:24,  8.23it/s]
  2%|▏         | 3/200 [00:00<00:23,  8.22it/s]
  2%|▏         | 4/200 [00:00<00:23,  8.23it/s]
  2%|▎         | 5/200 [00:00<00:23,  8.23it/s]
  3%|▎         | 6/200 [00:00<00:23,  8.21it/s]
  4%|▎         | 7/200 [00:00<00:23,  8.22it/s]
  4%|▍         | 8/200 [00:00<00:23,  8.22it/s]
  4%|▍         | 9/200 [00:01<00:23,  8.23it/s]
  5%|▌         | 10/200 [00:01<00:23,  8.17it/s]
  6%|▌         | 11/200 [00:01<00:23,  8.19it/s]
  6%|▌         | 12/200 [00:01<00:23,  8.13it/s]
  6%|▋         | 13/200 [00:01<00:22,  8.14it/s]
  7%|▋         | 14/200 [00:01<00:22,  8.13it/s]
  8%|▊         | 15/200 [00:01<00:22,  8.16it/s]
  8%|▊         | 16/200 [00:01<00:22,  8.08it/s]
  8%|▊         | 17/200 [00:02<00:22,  8.10it/s]
  9%|▉         | 18/200 [00:02<00:22,  8.12it/s]
 10%|▉         | 19/200 [00:02<00:22,  8.14it/s]
 10%|█         | 20/200 [00:02<00:22,  8.13it/s]
 10%|█         | 21/200 [00:02<00:21,  8.16it/s]
 11%|█         | 22/200 [00:02<00:21,  8.18it/s]
 12%|█▏        | 23/200 [00:02<00:21,  8.19it/s]
 12%|█▏        | 24/200 [00:02<00:21,  8.16it/s]
 12%|█▎        | 25/200 [00:03<00:21,  8.18it/s]
 13%|█▎        | 26/200 [00:03<00:21,  8.19it/s]
 14%|█▎        | 27/200 [00:03<00:21,  8.20it/s]
 14%|█▍        | 28/200 [00:03<00:20,  8.20it/s]
 14%|█▍        | 29/200 [00:03<00:20,  8.19it/s]
 15%|█▌        | 30/200 [00:03<00:20,  8.19it/s]
 16%|█▌        | 31/200 [00:03<00:20,  8.20it/s]
 16%|█▌        | 32/200 [00:03<00:20,  8.19it/s]
 16%|█▋        | 33/200 [00:04<00:20,  8.18it/s]
 17%|█▋        | 34/200 [00:04<00:20,  8.18it/s]
 18%|█▊        | 35/200 [00:04<00:20,  8.19it/s]
 18%|█▊        | 36/200 [00:04<00:19,  8.21it/s]
 18%|█▊        | 37/200 [00:04<00:19,  8.20it/s]
 19%|█▉        | 38/200 [00:04<00:19,  8.20it/s]
 20%|█▉        | 39/200 [00:04<00:19,  8.19it/s]
 20%|██        | 40/200 [00:04<00:19,  8.20it/s]
 20%|██        | 41/200 [00:05<00:19,  8.19it/s]
 21%|██        | 42/200 [00:05<00:19,  8.18it/s]
 22%|██▏       | 43/200 [00:05<00:19,  8.14it/s]
 22%|██▏       | 44/200 [00:05<00:19,  8.15it/s]
 22%|██▎       | 45/200 [00:05<00:18,  8.17it/s]
 23%|██▎       | 46/200 [00:05<00:18,  8.18it/s]
 24%|██▎       | 47/200 [00:05<00:18,  8.19it/s]
 24%|██▍       | 48/200 [00:05<00:18,  8.17it/s]
 24%|██▍       | 49/200 [00:05<00:18,  8.17it/s]
 25%|██▌       | 50/200 [00:06<00:18,  8.18it/s]
 26%|██▌       | 51/200 [00:06<00:18,  8.20it/s]
 26%|██▌       | 52/200 [00:06<00:18,  8.19it/s]
 26%|██▋       | 53/200 [00:06<00:17,  8.19it/s]
 27%|██▋       | 54/200 [00:06<00:17,  8.20it/s]
 28%|██▊       | 55/200 [00:06<00:17,  8.19it/s]
 28%|██▊       | 56/200 [00:06<00:17,  8.17it/s]
 28%|██▊       | 57/200 [00:06<00:17,  8.18it/s]
 29%|██▉       | 58/200 [00:07<00:17,  8.18it/s]
 30%|██▉       | 59/200 [00:07<00:17,  8.17it/s]
 30%|███       | 60/200 [00:07<00:17,  8.19it/s]
 30%|███       | 61/200 [00:07<00:16,  8.19it/s]
 31%|███       | 62/200 [00:07<00:16,  8.20it/s]
 32%|███▏      | 63/200 [00:07<00:16,  8.19it/s]
 32%|███▏      | 64/200 [00:07<00:16,  8.20it/s]
 32%|███▎      | 65/200 [00:07<00:16,  8.17it/s]
 33%|███▎      | 66/200 [00:08<00:17,  7.84it/s]
 34%|███▎      | 67/200 [00:08<00:16,  7.94it/s]
 34%|███▍      | 68/200 [00:08<00:16,  8.03it/s]
 34%|███▍      | 69/200 [00:08<00:16,  8.07it/s]
 35%|███▌      | 70/200 [00:08<00:16,  8.12it/s]
 36%|███▌      | 71/200 [00:08<00:15,  8.15it/s]
 36%|███▌      | 72/200 [00:08<00:15,  8.17it/s]
 36%|███▋      | 73/200 [00:08<00:15,  8.17it/s]
 37%|███▋      | 74/200 [00:09<00:15,  8.17it/s]
 38%|███▊      | 75/200 [00:09<00:15,  8.13it/s]
 38%|███▊      | 76/200 [00:09<00:15,  8.14it/s]
 38%|███▊      | 77/200 [00:09<00:15,  8.16it/s]
 39%|███▉      | 78/200 [00:09<00:14,  8.14it/s]
 40%|███▉      | 79/200 [00:09<00:14,  8.17it/s]
 40%|████      | 80/200 [00:09<00:14,  8.19it/s]
 40%|████      | 81/200 [00:09<00:14,  8.19it/s]
 41%|████      | 82/200 [00:10<00:14,  8.19it/s]
 42%|████▏     | 83/200 [00:10<00:14,  8.18it/s]
 42%|████▏     | 84/200 [00:10<00:14,  8.18it/s]
 42%|████▎     | 85/200 [00:10<00:14,  8.19it/s]
 43%|████▎     | 86/200 [00:10<00:13,  8.20it/s]
 44%|████▎     | 87/200 [00:10<00:13,  8.18it/s]
 44%|████▍     | 88/200 [00:10<00:13,  8.19it/s]
 44%|████▍     | 89/200 [00:10<00:13,  8.20it/s]
 45%|████▌     | 90/200 [00:11<00:13,  8.19it/s]
 46%|████▌     | 91/200 [00:11<00:13,  8.18it/s]
 46%|████▌     | 92/200 [00:11<00:13,  8.16it/s]
 46%|████▋     | 93/200 [00:11<00:13,  8.18it/s]
 47%|████▋     | 94/200 [00:11<00:12,  8.20it/s]
 48%|████▊     | 95/200 [00:11<00:12,  8.21it/s]
 48%|████▊     | 96/200 [00:11<00:12,  8.21it/s]
 48%|████▊     | 97/200 [00:11<00:12,  8.17it/s]
 49%|████▉     | 98/200 [00:11<00:12,  8.14it/s]
 50%|████▉     | 99/200 [00:12<00:12,  8.15it/s]
 50%|█████     | 100/200 [00:12<00:12,  8.16it/s]
 50%|█████     | 101/200 [00:12<00:12,  8.19it/s]
 51%|█████     | 102/200 [00:12<00:11,  8.18it/s]
 52%|█████▏    | 103/200 [00:12<00:11,  8.18it/s]
 52%|█████▏    | 104/200 [00:12<00:11,  8.19it/s]
 52%|█████▎    | 105/200 [00:12<00:11,  8.21it/s]
 53%|█████▎    | 106/200 [00:12<00:11,  8.19it/s]
 54%|█████▎    | 107/200 [00:13<00:11,  8.19it/s]
 54%|█████▍    | 108/200 [00:13<00:11,  8.19it/s]
 55%|█████▍    | 109/200 [00:13<00:11,  8.21it/s]
 55%|█████▌    | 110/200 [00:13<00:11,  8.16it/s]
 56%|█████▌    | 111/200 [00:13<00:10,  8.16it/s]
 56%|█████▌    | 112/200 [00:13<00:10,  8.18it/s]
 56%|█████▋    | 113/200 [00:13<00:10,  8.19it/s]
 57%|█████▋    | 114/200 [00:13<00:10,  8.17it/s]
 57%|█████▊    | 115/200 [00:14<00:10,  8.17it/s]
 58%|█████▊    | 116/200 [00:14<00:10,  8.16it/s]
 58%|█████▊    | 117/200 [00:14<00:10,  8.18it/s]
 59%|█████▉    | 118/200 [00:14<00:10,  8.19it/s]
 60%|█████▉    | 119/200 [00:14<00:09,  8.19it/s]
 60%|██████    | 120/200 [00:14<00:09,  8.20it/s]
 60%|██████    | 121/200 [00:14<00:09,  8.20it/s]
 61%|██████    | 122/200 [00:14<00:09,  8.19it/s]
 62%|██████▏   | 123/200 [00:15<00:09,  8.20it/s]
 62%|██████▏   | 124/200 [00:15<00:09,  8.20it/s]
 62%|██████▎   | 125/200 [00:15<00:09,  8.19it/s]
 63%|██████▎   | 126/200 [00:15<00:09,  8.16it/s]
 64%|██████▎   | 127/200 [00:15<00:08,  8.18it/s]
 64%|██████▍   | 128/200 [00:15<00:08,  8.20it/s]
 64%|██████▍   | 129/200 [00:15<00:08,  8.21it/s]
 65%|██████▌   | 130/200 [00:15<00:08,  8.20it/s]
 66%|██████▌   | 131/200 [00:16<00:08,  8.19it/s]
 66%|██████▌   | 132/200 [00:16<00:08,  8.20it/s]
 66%|██████▋   | 133/200 [00:16<00:08,  8.21it/s]
 67%|██████▋   | 134/200 [00:16<00:08,  8.16it/s]
 68%|██████▊   | 135/200 [00:16<00:07,  8.16it/s]
 68%|██████▊   | 136/200 [00:16<00:07,  8.15it/s]
 68%|██████▊   | 137/200 [00:16<00:07,  8.17it/s]
 69%|██████▉   | 138/200 [00:16<00:07,  8.18it/s]
 70%|██████▉   | 139/200 [00:17<00:07,  8.12it/s]
 70%|███████   | 140/200 [00:17<00:07,  8.14it/s]
 70%|███████   | 141/200 [00:17<00:07,  8.15it/s]
 71%|███████   | 142/200 [00:17<00:07,  8.17it/s]
 72%|███████▏  | 143/200 [00:17<00:06,  8.18it/s]
 72%|███████▏  | 144/200 [00:17<00:06,  8.18it/s]
 72%|███████▎  | 145/200 [00:17<00:06,  8.20it/s]
 73%|███████▎  | 146/200 [00:17<00:06,  8.21it/s]
 74%|███████▎  | 147/200 [00:17<00:06,  8.18it/s]
 74%|███████▍  | 148/200 [00:18<00:06,  8.20it/s]
 74%|███████▍  | 149/200 [00:18<00:06,  8.21it/s]
 75%|███████▌  | 150/200 [00:18<00:06,  8.21it/s]
 76%|███████▌  | 151/200 [00:18<00:05,  8.21it/s]
 76%|███████▌  | 152/200 [00:18<00:05,  8.22it/s]
 76%|███████▋  | 153/200 [00:18<00:05,  8.22it/s]
 77%|███████▋  | 154/200 [00:18<00:05,  8.22it/s]
 78%|███████▊  | 155/200 [00:18<00:05,  8.21it/s]
 78%|███████▊  | 156/200 [00:19<00:05,  8.19it/s]
 78%|███████▊  | 157/200 [00:19<00:05,  8.19it/s]
 79%|███████▉  | 158/200 [00:19<00:05,  8.20it/s]
 80%|███████▉  | 159/200 [00:19<00:04,  8.20it/s]
 80%|████████  | 160/200 [00:19<00:04,  8.21it/s]
 80%|████████  | 161/200 [00:19<00:04,  8.20it/s]
 81%|████████  | 162/200 [00:19<00:04,  8.18it/s]
 82%|████████▏ | 163/200 [00:19<00:04,  8.17it/s]
 82%|████████▏ | 164/200 [00:20<00:04,  8.20it/s]
 82%|████████▎ | 165/200 [00:20<00:04,  8.16it/s]
 83%|████████▎ | 166/200 [00:20<00:04,  8.12it/s]
 84%|████████▎ | 167/200 [00:20<00:04,  8.11it/s]
 84%|████████▍ | 168/200 [00:20<00:03,  8.15it/s]
 84%|████████▍ | 169/200 [00:20<00:03,  8.15it/s]
 85%|████████▌ | 170/200 [00:20<00:03,  8.17it/s]
 86%|████████▌ | 171/200 [00:20<00:03,  8.17it/s]
 86%|████████▌ | 172/200 [00:21<00:03,  8.18it/s]
 86%|████████▋ | 173/200 [00:21<00:03,  8.18it/s]
 87%|████████▋ | 174/200 [00:21<00:03,  8.18it/s]
 88%|████████▊ | 175/200 [00:21<00:03,  8.20it/s]
 88%|████████▊ | 176/200 [00:21<00:02,  8.21it/s]
 88%|████████▊ | 177/200 [00:21<00:02,  8.21it/s]
 89%|████████▉ | 178/200 [00:21<00:02,  8.20it/s]
 90%|████████▉ | 179/200 [00:21<00:02,  8.17it/s]
 90%|█████████ | 180/200 [00:22<00:02,  8.13it/s]
 90%|█████████ | 181/200 [00:22<00:02,  8.15it/s]
 91%|█████████ | 182/200 [00:22<00:02,  8.17it/s]
 92%|█████████▏| 183/200 [00:22<00:02,  8.19it/s]
 92%|█████████▏| 184/200 [00:22<00:01,  8.20it/s]
 92%|█████████▎| 185/200 [00:22<00:01,  8.21it/s]
 93%|█████████▎| 186/200 [00:22<00:01,  8.18it/s]
 94%|█████████▎| 187/200 [00:22<00:01,  8.20it/s]
 94%|█████████▍| 188/200 [00:22<00:01,  8.18it/s]
 94%|█████████▍| 189/200 [00:23<00:01,  8.18it/s]
 95%|█████████▌| 190/200 [00:23<00:01,  8.17it/s]
 96%|█████████▌| 191/200 [00:23<00:01,  8.16it/s]
 96%|█████████▌| 192/200 [00:23<00:00,  8.17it/s]
 96%|█████████▋| 193/200 [00:23<00:00,  8.18it/s]
 97%|█████████▋| 194/200 [00:23<00:00,  8.17it/s]
 98%|█████████▊| 195/200 [00:23<00:00,  8.18it/s]
 98%|█████████▊| 196/200 [00:23<00:00,  8.16it/s]
 98%|█████████▊| 197/200 [00:24<00:00,  8.20it/s]
 99%|█████████▉| 198/200 [00:24<00:00,  8.20it/s]
100%|█████████▉| 199/200 [00:24<00:00,  8.18it/s]
100%|██████████| 200/200 [00:24<00:00,  8.02it/s]
100%|██████████| 200/200 [00:24<00:00,  8.17it/s]

  0%|          | 0/200 [00:00<?, ?it/s]
  0%|          | 1/200 [00:00<01:12,  2.73it/s]
  1%|          | 2/200 [00:00<01:12,  2.73it/s]
  2%|▏         | 3/200 [00:01<01:12,  2.73it/s]
  2%|▏         | 4/200 [00:01<01:11,  2.74it/s]
  2%|▎         | 5/200 [00:01<01:11,  2.74it/s]
  3%|▎         | 6/200 [00:02<01:11,  2.73it/s]
  4%|▎         | 7/200 [00:02<01:10,  2.73it/s]
  4%|▍         | 8/200 [00:02<01:10,  2.74it/s]
  4%|▍         | 9/200 [00:03<01:09,  2.74it/s]
  5%|▌         | 10/200 [00:03<01:09,  2.74it/s]
  6%|▌         | 11/200 [00:04<01:09,  2.74it/s]
  6%|▌         | 12/200 [00:04<01:08,  2.74it/s]
  6%|▋         | 13/200 [00:04<01:08,  2.73it/s]
  7%|▋         | 14/200 [00:05<01:08,  2.73it/s]
  8%|▊         | 15/200 [00:05<01:07,  2.73it/s]
  8%|▊         | 16/200 [00:05<01:07,  2.72it/s]
  8%|▊         | 17/200 [00:06<01:07,  2.72it/s]
  9%|▉         | 18/200 [00:06<01:06,  2.73it/s]
 10%|▉         | 19/200 [00:06<01:06,  2.73it/s]
 10%|█         | 20/200 [00:07<01:06,  2.72it/s]
 10%|█         | 21/200 [00:07<01:05,  2.73it/s]
 11%|█         | 22/200 [00:08<01:05,  2.73it/s]
 12%|█▏        | 23/200 [00:08<01:04,  2.74it/s]
 12%|█▏        | 24/200 [00:08<01:04,  2.73it/s]
 12%|█▎        | 25/200 [00:09<01:04,  2.73it/s]
 13%|█▎        | 26/200 [00:09<01:03,  2.74it/s]
 14%|█▎        | 27/200 [00:09<01:03,  2.74it/s]
 14%|█▍        | 28/200 [00:10<01:02,  2.74it/s]
 14%|█▍        | 29/200 [00:10<01:02,  2.74it/s]
 15%|█▌        | 30/200 [00:10<01:02,  2.74it/s]
 16%|█▌        | 31/200 [00:11<01:01,  2.74it/s]
 16%|█▌        | 32/200 [00:11<01:01,  2.74it/s]
 16%|█▋        | 33/200 [00:12<01:00,  2.74it/s]
 17%|█▋        | 34/200 [00:12<01:00,  2.74it/s]
 18%|█▊        | 35/200 [00:12<01:00,  2.74it/s]
 18%|█▊        | 36/200 [00:13<00:59,  2.73it/s]
 18%|█▊        | 37/200 [00:13<00:59,  2.73it/s]
 19%|█▉        | 38/200 [00:13<01:00,  2.68it/s]
 20%|█▉        | 39/200 [00:14<00:59,  2.69it/s]
 20%|██        | 40/200 [00:14<00:59,  2.70it/s]
 20%|██        | 41/200 [00:15<00:58,  2.70it/s]
 21%|██        | 42/200 [00:15<00:58,  2.71it/s]
 22%|██▏       | 43/200 [00:15<00:57,  2.71it/s]
 22%|██▏       | 44/200 [00:16<00:57,  2.72it/s]
 22%|██▎       | 45/200 [00:16<00:56,  2.72it/s]
 23%|██▎       | 46/200 [00:16<00:56,  2.73it/s]
 24%|██▎       | 47/200 [00:17<00:56,  2.73it/s]
 24%|██▍       | 48/200 [00:17<00:55,  2.73it/s]
 24%|██▍       | 49/200 [00:17<00:55,  2.73it/s]
 25%|██▌       | 50/200 [00:18<00:54,  2.73it/s]
 26%|██▌       | 51/200 [00:18<00:54,  2.73it/s]
 26%|██▌       | 52/200 [00:19<00:54,  2.73it/s]
 26%|██▋       | 53/200 [00:19<00:53,  2.73it/s]
 27%|██▋       | 54/200 [00:19<00:53,  2.73it/s]
 28%|██▊       | 55/200 [00:20<00:52,  2.74it/s]
 28%|██▊       | 56/200 [00:20<00:52,  2.73it/s]
 28%|██▊       | 57/200 [00:20<00:52,  2.73it/s]
 29%|██▉       | 58/200 [00:21<00:52,  2.72it/s]
 30%|██▉       | 59/200 [00:21<00:51,  2.72it/s]
 30%|███       | 60/200 [00:21<00:51,  2.73it/s]
 30%|███       | 61/200 [00:22<00:50,  2.73it/s]
 31%|███       | 62/200 [00:22<00:50,  2.73it/s]
 32%|███▏      | 63/200 [00:23<00:50,  2.73it/s]
 32%|███▏      | 64/200 [00:23<00:49,  2.73it/s]
 32%|███▎      | 65/200 [00:23<00:49,  2.73it/s]
 33%|███▎      | 66/200 [00:24<00:48,  2.74it/s]
 34%|███▎      | 67/200 [00:24<00:48,  2.74it/s]
 34%|███▍      | 68/200 [00:24<00:48,  2.74it/s]
 34%|███▍      | 69/200 [00:25<00:47,  2.74it/s]
 35%|███▌      | 70/200 [00:25<00:47,  2.74it/s]
 36%|███▌      | 71/200 [00:26<00:47,  2.73it/s]
 36%|███▌      | 72/200 [00:26<00:46,  2.73it/s]
 36%|███▋      | 73/200 [00:26<00:46,  2.73it/s]
 37%|███▋      | 74/200 [00:27<00:46,  2.73it/s]
 38%|███▊      | 75/200 [00:27<00:45,  2.73it/s]
 38%|███▊      | 76/200 [00:27<00:45,  2.74it/s]
 38%|███▊      | 77/200 [00:28<00:44,  2.74it/s]
 39%|███▉      | 78/200 [00:28<00:44,  2.73it/s]
 40%|███▉      | 79/200 [00:28<00:44,  2.73it/s]
 40%|████      | 80/200 [00:29<00:43,  2.74it/s]
 40%|████      | 81/200 [00:29<00:43,  2.74it/s]
 41%|████      | 82/200 [00:30<00:43,  2.73it/s]
 42%|████▏     | 83/200 [00:30<00:42,  2.73it/s]
 42%|████▏     | 84/200 [00:30<00:42,  2.73it/s]
 42%|████▎     | 85/200 [00:31<00:42,  2.73it/s]
 43%|████▎     | 86/200 [00:31<00:41,  2.73it/s]
 44%|████▎     | 87/200 [00:31<00:41,  2.74it/s]
 44%|████▍     | 88/200 [00:32<00:40,  2.74it/s]
 44%|████▍     | 89/200 [00:32<00:40,  2.74it/s]
 45%|████▌     | 90/200 [00:32<00:40,  2.74it/s]
 46%|████▌     | 91/200 [00:33<00:39,  2.74it/s]
 46%|████▌     | 92/200 [00:33<00:39,  2.72it/s]
 46%|████▋     | 93/200 [00:34<00:39,  2.73it/s]
 47%|████▋     | 94/200 [00:34<00:38,  2.73it/s]
 48%|████▊     | 95/200 [00:34<00:38,  2.73it/s]
 48%|████▊     | 96/200 [00:35<00:38,  2.73it/s]
 48%|████▊     | 97/200 [00:35<00:37,  2.72it/s]
 49%|████▉     | 98/200 [00:35<00:37,  2.72it/s]
 50%|████▉     | 99/200 [00:36<00:37,  2.72it/s]
 50%|█████     | 100/200 [00:36<00:36,  2.72it/s]
 50%|█████     | 101/200 [00:36<00:36,  2.73it/s]
 51%|█████     | 102/200 [00:37<00:35,  2.73it/s]
 52%|█████▏    | 103/200 [00:37<00:35,  2.73it/s]
 52%|█████▏    | 104/200 [00:38<00:35,  2.73it/s]
 52%|█████▎    | 105/200 [00:38<00:34,  2.74it/s]
 53%|█████▎    | 106/200 [00:38<00:34,  2.74it/s]
 54%|█████▎    | 107/200 [00:39<00:33,  2.74it/s]
 54%|█████▍    | 108/200 [00:39<00:33,  2.74it/s]
 55%|█████▍    | 109/200 [00:39<00:33,  2.74it/s]
 55%|█████▌    | 110/200 [00:40<00:32,  2.74it/s]
 56%|█████▌    | 111/200 [00:40<00:32,  2.73it/s]
 56%|█████▌    | 112/200 [00:41<00:32,  2.74it/s]
 56%|█████▋    | 113/200 [00:41<00:31,  2.73it/s]
 57%|█████▋    | 114/200 [00:41<00:31,  2.73it/s]
 57%|█████▊    | 115/200 [00:42<00:31,  2.74it/s]
 58%|█████▊    | 116/200 [00:42<00:30,  2.73it/s]
 58%|█████▊    | 117/200 [00:42<00:30,  2.73it/s]
 59%|█████▉    | 118/200 [00:43<00:29,  2.74it/s]
 60%|█████▉    | 119/200 [00:43<00:30,  2.69it/s]
 60%|██████    | 120/200 [00:43<00:29,  2.71it/s]
 60%|██████    | 121/200 [00:44<00:29,  2.71it/s]
 61%|██████    | 122/200 [00:44<00:28,  2.72it/s]
 62%|██████▏   | 123/200 [00:45<00:28,  2.73it/s]
 62%|██████▏   | 124/200 [00:45<00:27,  2.72it/s]
 62%|██████▎   | 125/200 [00:45<00:27,  2.73it/s]
 63%|██████▎   | 126/200 [00:46<00:27,  2.72it/s]
 64%|██████▎   | 127/200 [00:46<00:26,  2.72it/s]
 64%|██████▍   | 128/200 [00:46<00:26,  2.73it/s]
 64%|██████▍   | 129/200 [00:47<00:25,  2.73it/s]
 65%|██████▌   | 130/200 [00:47<00:25,  2.72it/s]
 66%|██████▌   | 131/200 [00:47<00:25,  2.73it/s]
 66%|██████▌   | 132/200 [00:48<00:24,  2.73it/s]
 66%|██████▋   | 133/200 [00:48<00:24,  2.74it/s]
 67%|██████▋   | 134/200 [00:49<00:24,  2.74it/s]
 68%|██████▊   | 135/200 [00:49<00:23,  2.74it/s]
 68%|██████▊   | 136/200 [00:49<00:23,  2.73it/s]
 68%|██████▊   | 137/200 [00:50<00:23,  2.73it/s]
 69%|██████▉   | 138/200 [00:50<00:22,  2.73it/s]
 70%|██████▉   | 139/200 [00:50<00:22,  2.73it/s]
 70%|███████   | 140/200 [00:51<00:21,  2.73it/s]
 70%|███████   | 141/200 [00:51<00:21,  2.73it/s]
 71%|███████   | 142/200 [00:52<00:21,  2.74it/s]
 72%|███████▏  | 143/200 [00:52<00:20,  2.74it/s]
 72%|███████▏  | 144/200 [00:52<00:20,  2.73it/s]
 72%|███████▎  | 145/200 [00:53<00:20,  2.73it/s]
 73%|███████▎  | 146/200 [00:53<00:19,  2.73it/s]
 74%|███████▎  | 147/200 [00:53<00:19,  2.74it/s]
 74%|███████▍  | 148/200 [00:54<00:19,  2.74it/s]
 74%|███████▍  | 149/200 [00:54<00:18,  2.73it/s]
 75%|███████▌  | 150/200 [00:54<00:18,  2.74it/s]
 76%|███████▌  | 151/200 [00:55<00:17,  2.74it/s]
 76%|███████▌  | 152/200 [00:55<00:17,  2.74it/s]
 76%|███████▋  | 153/200 [00:56<00:17,  2.73it/s]
 77%|███████▋  | 154/200 [00:56<00:16,  2.73it/s]
 78%|███████▊  | 155/200 [00:56<00:16,  2.73it/s]
 78%|███████▊  | 156/200 [00:57<00:16,  2.72it/s]
 78%|███████▊  | 157/200 [00:57<00:15,  2.72it/s]
 79%|███████▉  | 158/200 [00:57<00:15,  2.73it/s]
 80%|███████▉  | 159/200 [00:58<00:14,  2.74it/s]
 80%|████████  | 160/200 [00:58<00:14,  2.73it/s]
 80%|████████  | 161/200 [00:58<00:14,  2.72it/s]
 81%|████████  | 162/200 [00:59<00:13,  2.73it/s]
 82%|████████▏ | 163/200 [00:59<00:13,  2.73it/s]
 82%|████████▏ | 164/200 [01:00<00:13,  2.73it/s]
 82%|████████▎ | 165/200 [01:00<00:12,  2.73it/s]
 83%|████████▎ | 166/200 [01:00<00:12,  2.73it/s]
 84%|████████▎ | 167/200 [01:01<00:12,  2.72it/s]
 84%|████████▍ | 168/200 [01:01<00:11,  2.72it/s]
 84%|████████▍ | 169/200 [01:01<00:11,  2.73it/s]
 85%|████████▌ | 170/200 [01:02<00:11,  2.72it/s]
 86%|████████▌ | 171/200 [01:02<00:10,  2.72it/s]
 86%|████████▌ | 172/200 [01:03<00:10,  2.71it/s]
 86%|████████▋ | 173/200 [01:03<00:09,  2.72it/s]
 87%|████████▋ | 174/200 [01:03<00:09,  2.72it/s]
 88%|████████▊ | 175/200 [01:04<00:09,  2.73it/s]
 88%|████████▊ | 176/200 [01:04<00:08,  2.73it/s]
 88%|████████▊ | 177/200 [01:04<00:08,  2.73it/s]
 89%|████████▉ | 178/200 [01:05<00:08,  2.74it/s]
 90%|████████▉ | 179/200 [01:05<00:07,  2.74it/s]
 90%|█████████ | 180/200 [01:05<00:07,  2.73it/s]
 90%|█████████ | 181/200 [01:06<00:06,  2.74it/s]
 91%|█████████ | 182/200 [01:06<00:06,  2.74it/s]
 92%|█████████▏| 183/200 [01:07<00:06,  2.74it/s]
 92%|█████████▏| 184/200 [01:07<00:05,  2.74it/s]
 92%|█████████▎| 185/200 [01:07<00:05,  2.74it/s]
 93%|█████████▎| 186/200 [01:08<00:05,  2.74it/s]
 94%|█████████▎| 187/200 [01:08<00:04,  2.74it/s]
 94%|█████████▍| 188/200 [01:08<00:04,  2.74it/s]
 94%|█████████▍| 189/200 [01:09<00:04,  2.74it/s]
 95%|█████████▌| 190/200 [01:09<00:03,  2.74it/s]
 96%|█████████▌| 191/200 [01:09<00:03,  2.74it/s]
 96%|█████████▌| 192/200 [01:10<00:02,  2.74it/s]
 96%|█████████▋| 193/200 [01:10<00:02,  2.74it/s]
 97%|█████████▋| 194/200 [01:11<00:02,  2.74it/s]
 98%|█████████▊| 195/200 [01:11<00:01,  2.74it/s]
 98%|█████████▊| 196/200 [01:11<00:01,  2.74it/s]
 98%|█████████▊| 197/200 [01:12<00:01,  2.73it/s]
 99%|█████████▉| 198/200 [01:12<00:00,  2.73it/s]
100%|█████████▉| 199/200 [01:12<00:00,  2.73it/s]
100%|██████████| 200/200 [01:13<00:00,  2.73it/s]
100%|██████████| 200/200 [01:13<00:00,  2.73it/s]
    sub_label                                         sub_sister                                          obj_label                                   masked_sentences  sub_position sub_label_sg sub_label_pl                                            def_sap                                            def_dap                                            lsp_sap                                            lsp_dap                                     anchor_lsp_sap                   sub_label_sgpl                                  obj_mask_sentence                            obj_mask_sentence_score                                   obj_mask_def_sap                             obj_mask_def_sap_score                                   obj_mask_lsp_sap                             obj_mask_lsp_sap_score                                       subj_anchors                                 subj_anchors_score                           subj_anchors_sg                                   subj_anchors_pl  \
0     acacias  [coffee, cassia, poon, hackberry, huamachil, s...                                      [plant, tree]  [An acacia is a [MASK]., An acacia is an [MASK].]             3       acacia      acacias  [An acacia is a [MASK]., An acacia is an [MASK].]  [An acacia or [Z] is a [MASK]., An acacia or [...  [[MASK] such as acacias., [MASK], including ac...  [[MASK] such as acacias and [Z]., [MASK], incl...  [such as acacias and [MASK]., such as acacias ...           acacias acacia acacias  [shrub, tree, plant, oak, vegetable, almond, o...  {'shrub': 0.42858341336250305, 'tree': 0.32668...  [shrub, tree, plant, oak, vegetable, almond, o...  {'shrub': 0.42858341336250305, 'tree': 0.32668...  [tree, plant, shrub, thing, specie, palm, frui...  {'trees': 0.43923665086428326, 'plants': 0.189...  [palms, oaks, eucalyptus, palm, oak, beech, ma...  {'palms': 0.5914909367760022, 'oaks': 0.425431...  [palm, oak, eucalyptus, beech, mahogany]  [palms, oaks, eucalyptuses, beeches, mahoganies]   
1  alligators  [crush, cordovan, mocha, horsehide, chamois, c...  [vertebrate, chordate, beast, carnivore, repti...  [An alligator is a [MASK]., An alligator is an...             3    alligator   alligators  [An alligator is a [MASK]., An alligator is an...  [An alligator or [Z] is a [MASK]., An alligato...  [[MASK] such as alligators., [MASK], including...  [[MASK] such as alligators and [Z]., [MASK], i...  [such as alligators and [MASK]., such as allig...  alligators alligator alligators  [animal, fish, monster, snake, crocodile, turt...  {'animal': 0.35219907760620117, 'fish': 0.1211...  [animal, fish, monster, snake, crocodile, turt...  {'animal': 0.35219907760620117, 'fish': 0.1211...  [reptile, thing, animal, snake, creature, wild...  {'reptiles': 0.45938984490931034, 'things': 0....  [snakes, crocodile, turtles, lizards, foxes, f...  {'snakes': 0.5833024694160982, 'crocodile': 0....   [snake, crocodile, turtle, lizard, fox]     [snakes, crocodiles, turtles, lizards, foxes]   
2  ambulances  [sedan, hack, minivan, subcompact, hatchback, ...  [conveyance, artefact, artifact, transport, ve...  [An ambulance is a [MASK]., An ambulance is an...             3    ambulance   ambulances  [An ambulance is a [MASK]., An ambulance is an...  [An ambulance or [Z] is a [MASK]., An ambulanc...  [[MASK] such as ambulances., [MASK], including...  [[MASK] such as ambulances and [Z]., [MASK], i...  [such as ambulances and [MASK]., such as ambul...  ambulances ambulance ambulances  [emergency, accident, car, helicopter, hospita...  {'emergency': 0.1300235539674759, 'accident': ...  [emergency, accident, car, helicopter, hospita...  {'emergency': 0.1300235539674759, 'accident': ...  [thing, vehicle, service, police, hospital, tr...  {'things': 0.33095417730510235, 'vehicles': 0....  [buses, taxis, bus, police, trucks, motorcycle...  {'buses': 0.4327190571436376, 'taxis': 0.34637...    [bus, taxi, police, truck, motorcycle]       [buses, taxis, police, trucks, motorcycles]   
3        ants  [sawfly, bee, chalcid, wasp, emmet, mutillidae...  [insect, arthropod, bug, creature, invertebrat...        [An ant is a [MASK]., An ant is an [MASK].]             3          ant         ants        [An ant is a [MASK]., An ant is an [MASK].]  [An ant or [Z] is a [MASK]., An ant or [Z] is ...  [[MASK] such as ants., [MASK], including ants....  [[MASK] such as ants and [Z]., [MASK], includi...  [such as ants and [MASK]., such as ants or [MA...                    ants ant ants  [animal, insect, bug, species, organism, pest,...  {'animal': 0.2258305698633194, 'insect': 0.166...  [animal, insect, bug, specie, organism, pest, ...  {'animal': 0.2258305698633194, 'insect': 0.166...  [insect, animal, thing, people, invertebrate, ...  {'insects': 0.4983338552216689, 'animals': 0.1...  [bees, wasps, beetles, bugs, drones, queens, b...  {'bees': 0.8005845474474358, 'wasps': 0.416631...           [bee, wasp, beetle, bug, drone]              [bees, wasps, beetles, bugs, drones]   
4      apples  [garambulla, cherry, carambola, grape, litchee...                             [produce, fruit, food]    [An apple is a [MASK]., An apple is an [MASK].]             3        apple       apples    [An apple is a [MASK]., An apple is an [MASK].]  [An apple or [Z] is a [MASK]., An apple or [Z]...  [[MASK] such as apples., [MASK], including app...  [[MASK] such as apples and [Z]., [MASK], inclu...  [such as apples and [MASK]., such as apples or...              apples apple apples  [tree, fruit, pear, nut, vegetable, person, or...  {'tree': 0.1527864933013916, 'fruit': 0.047198...  [tree, fruit, pear, nut, vegetable, person, or...  {'tree': 0.1527864933013916, 'fruit': 0.047198...  [fruit, thing, vegetable, nuts, berry, orchard...  {'fruits': 0.3824947439134121, 'fruit': 0.2358...  [grapes, pear, dates, bananas, berries, peach,...  {'grapes': 0.4794954209390915, 'pear': 0.44778...        [grape, pear, date, banana, berry]          [grapes, pears, dates, bananas, berries]   

             subj_anchors_combined                  masked_sentences_with_subj_anchor                           def_dap_with_subj_anchor                           lsp_dap_with_subj_anchor                              obj_mask_sentence_dap                        obj_mask_sentence_dap_score                                   obj_mask_def_dap                             obj_mask_def_dap_score                                   obj_mask_lsp_dap                             obj_mask_lsp_dap_score  
0           acacias acacia acacias  [An acacia is a [MASK]., An acacia  or palms i...  [An acacia or palm is a [MASK]., An acacia or ...  [[MASK] such as acacias and palms., [MASK] suc...  [tree, ebony, oak, example, shrub, hardwood, e...  {'tree': 0.6150560866702687, 'ebony': 0.201008...  [tree, example, ebony, oak, shrub, elm, hardwo...  {'tree': 0.673701286315918, 'example': 0.21318...  [tree, plant, shrub, woodland, vegetation, spe...  {'trees': 0.5519664451479912, 'plants': 0.1166...  
1  alligators alligator alligators  [An alligator is a [MASK]., An alligator  or s...  [An alligator or snake is a [MASK]., An alliga...  [[MASK] such as alligators and snakes., [MASK]...  [animal, example, frog, dragon, fish, predator...  {'animal': 0.4792082932862369, 'example': 0.36...  [animal, predator, fish, mammal, crocodile, fr...  {'animal': 0.8764745473861695, 'predator': 0.2...  [reptile, animal, snake, thing, predator, wild...  {'reptiles': 0.49220938816045723, 'animals': 0...  
2  ambulances ambulance ambulances  [An ambulance is a [MASK]., An ambulance  or b...  [An ambulance or bus is a [MASK]., An ambulanc...  [[MASK] such as ambulances and buses., [MASK] ...  [example, vehicle, exception, alternative, hel...  {'example': 0.3868724254213951, 'vehicle': 0.2...  [vehicle, example, exception, response, taxi, ...  {'vehicle': 0.49800436198711395, 'example': 0....  [vehicle, thing, police, transportation, trans...  {'vehicles': 0.4967118833214045, 'things': 0.4...  
3                    ants ant ants  [An ant is a [MASK]., An ant  or bees is a [MA...  [An ant or bee is a [MASK]., An ant or wasp is...  [[MASK] such as ants and bees., [MASK] such as...  [insect, queen, animal, bug, example, species,...  {'insect': 0.2732008054633351, 'queen': 0.2232...  [insect, animal, bug, pest, wasp, specie, dron...  {'insect': 0.3581334073096514, 'animal': 0.210...  [insect, thing, animal, invertebrate, specie, ...  {'insects': 0.702005760371685, 'things': 0.188...  
4              apples apple apples  [An apple is a [MASK]., An apple  or grapes is...  [An apple or grape is a [MASK]., An apple or p...  [[MASK] such as apples and grapes., [MASK] suc...  [fruit, example, vegetable, tree, berry, edibl...  {'fruit': 0.591045948930762, 'example': 0.0737...  [fruit, date, month, edible, example, year, ob...  {'fruit': 0.6405770188197494, 'date': 0.370663...  [fruit, thing, date, vegetable, nuts, item, gr...  {'fruits': 0.5338450811803341, 'fruit': 0.2487...  
---------------------------------------- anchor evaluation ----------------------------------------
/data/gpfs/projects/punim0478/chunhua/cogsci/DAP/evaluation.py:54: FutureWarning: elementwise comparison failed; returning scalar instead, but in the future will perform elementwise comparison
  if y_pred[k-1] in y_true:
/data/gpfs/projects/punim0478/chunhua/cogsci/DAP/evaluation.py:54: FutureWarning: elementwise comparison failed; returning scalar instead, but in the future will perform elementwise comparison
  if y_pred[k-1] in y_true:
/data/gpfs/projects/punim0478/chunhua/cogsci/DAP/evaluation.py:54: FutureWarning: elementwise comparison failed; returning scalar instead, but in the future will perform elementwise comparison
  if y_pred[k-1] in y_true:
begin{tabular}{rlrrrlrrrrrrrr}
hline
    	 mask_type       	   p@1 	   p@5 	   p@10 	 relation   	   mAP@1 	   mAP@5 	   mAP@10 	   recall@1 	   recall@5 	   recall@10 	   anchor_wordnet_avg_path 	   anchor_wordnet_coverage 
hline
  0 	 subj_anchors_sg 	  64.5 	  52.1 	   52.1 	 IsA        	    64.5 	    70.5 	     70.5 	        3.2 	        8.7 	         8.7 	                      4.16 	                         1 
hline
end{tabular}
---------------------------------------- obj_label evaluation ----------------------------------------
begin{tabular}{rlrrrrrrrrrrlrrr}
hline
    	 mask_type   	   p@1 	   p@5 	   p@10 	   mAP@1 	   mAP@5 	   mAP@10 	   mrr 	   recall@1 	   recall@5 	   recall@10 	 relation   	   anchor_wordnet_avg_path 	   anchor_wordnet_coverage 	   mask_type_id 
hline
  1 	 def_sap     	  58   	  26.9 	   17.5 	    58   	    66.8 	     63   	  70.4 	        9.5 	       21.9 	        28.1 	 IsA        	                      4.16 	                         1 	              1 
  2 	 lsp_sap     	  72.5 	  35.9 	   24.9 	    72.5 	    74.4 	     65.6 	  82.6 	       13.4 	       29.5 	        40.2 	 IsA        	                      4.16 	                         1 	              3 
  4 	 def_dap     	  69   	  30   	   18.8 	    69   	    75.7 	     70.6 	  79.9 	       12.1 	       24.1 	        29.3 	 IsA        	                      4.16 	                         1 	              2 
  5 	 lsp_dap     	  78   	  32.7 	   23.2 	    78   	    79.1 	     67.6 	  86.4 	       14.1 	       26.9 	        37.9 	 IsA        	                      4.16 	                         1 	              4 
hline
end{tabular}
save log/bert-large-uncased/hypernymsuite/BLESS/df_all_use_global_dap_True_anchor_type_Coordinate_remove_Y_PUNC_FULL_concate_or_single_max_anchor_num_10_anchor_scorer_probAvg_filter_obj_True_filter_objects_with_input_True_wnp_True_cpt_False.HYPERNYMSUITE.tsv
save log/bert-large-uncased/hypernymsuite/BLESS/exp_data_results_anchor_type_Coordinate_remove_Y_PUNC_FULL_concate_or_single_max_anchor_num_10_anchor_scorer_probAvg_filter_obj_True_filter_objects_with_input_True_wnp_True_cpt_False.HYPERNYMSUITE.csv
