debug: False
---------------------------------------- config ----------------------------------------
{'debug': False, 'test_relations': ['IsA'], 'save_all_data': True, 'top_k': 10, 'data_dir': 'data/lm_diagnostic_extended/sgpl/', 'mask_string_mapping': {'bert-large-uncased': '[MASK]'}, 'use_dap_global': True, 'max_anchor_num': 3, 'return_probs': True, 'anchor_scorer_list': ['probAvg'], 'scorer_target_1_prompt': 'probSum', 'scorer_target_N_prompts': 'probAvg', 'use_original_prompt': True, 'original_prompt_source': 'masked_sentence', 'incorporate_operations': ['concate_or_single'], 'filter_anchors_flag': True, 'filter_objects_flag': True, 'cpt_only': False, 'max_anchor_num_list': [5], 'anchor_types': ['Coordinate_remove_Y_PUNC_FULL'], 'add_cpt_score': False, 'constrain_targets': False, 'add_wordnet_path_score': True, 'anchor_probe': 'plural_probe', 'anchor_col': 'subj_anchors', 'anchor_col_sg': 'subj_anchors_sg', 'anchor_col_pl': 'subj_anchors_pl', 'filter_objects_with_input': True, 'sub_col': 'sub_label'}
---------------------------------------- config ----------------------------------------
Some weights of the model checkpoint at bert-large-uncased were not used when initializing BertForMaskedLM: ['cls.seq_relationship.bias', 'cls.seq_relationship.weight']
- This IS expected if you are initializing BertForMaskedLM from the checkpoint of a model trained on another task or with another architecture (e.g. initializing a BertForSequenceClassification model from a BertForPreTraining model).
- This IS NOT expected if you are initializing BertForMaskedLM from the checkpoint of a model that you expect to be exactly identical (initializing a BertForSequenceClassification model from a BertForSequenceClassification model).
Some weights of the model checkpoint at bert-large-uncased were not used when initializing BertForMaskedLM: ['cls.seq_relationship.bias', 'cls.seq_relationship.weight']
- This IS expected if you are initializing BertForMaskedLM from the checkpoint of a model trained on another task or with another architecture (e.g. initializing a BertForSequenceClassification model from a BertForPreTraining model).
- This IS NOT expected if you are initializing BertForMaskedLM from the checkpoint of a model that you expect to be exactly identical (initializing a BertForSequenceClassification model from a BertForSequenceClassification model).
---------------------------------------- bert-large-uncased-anchor_type: Coordinate_remove_Y_PUNC_FULL-scorer_anchor:probAvg-op:concate_or_single ----------------------------------------
{
    "IsA": {
        "relation": "IsA",
        "def_sap": [
            "A [X] is a [MASK].",
            "A [X] is an [MASK].",
            "An [X] is a [MASK].",
            "An [X] is an [MASK]."
        ],
        "def_dap": [
            "A [X] or [Z] is a [MASK].",
            "A [X] or [Z] is an [MASK].",
            "An [X] or [Z] is a [MASK].",
            "An [X] or [Z] is an [MASK]."
        ],
        "lsp_sap": [
            "[MASK] such as [X].",
            "[MASK], including [X].",
            "[MASK], especially [X].",
            "[X] or other [MASK].",
            "[X] and other [MASK].",
            "such [MASK] as [X]."
        ],
        "lsp_dap": [
            "[MASK] such as [X] and [Z].",
            "[MASK], including [X] and [Z].",
            "[MASK], especially [X] and [Z].",
            "[X], [Z] and other [MASK].",
            "[X], [Z] or other [MASK].",
            "such [MASK] as [X] and [Z]."
        ],
        "use_dap": true,
        "anchor_target": "[X]",
        "anchor_lsp_sap": [
            "such as [X] and [MASK].",
            "such as [X] or [MASK].",
            "such as [X], [MASK],",
            "including [X] and [MASK].",
            "including [X] or [MASK].",
            "including [X], [MASK],",
            "especially [X] and [MASK].",
            "especially [X] or [MASK].",
            "especially [X], [MASK],",
            "[X], [MASK] or other",
            "[X], [MASK] and other"
        ]
    }
}
Processing IsA ... data/lm_diagnostic_extended/sgpl//IsA.jsonl
#Test_instances: 576
	 step1: get anchors (fill and filter)
/home/chunhua/.local/lib/python3.8/site-packages/transformers/pipelines/base.py:1043: UserWarning: You seem to be using the pipelines sequentially on GPU. In order to maximize efficiency please use a dataset
  warnings.warn(
--- def_sap
--- lsp_sap
relation: IsA 	 use_dap: True
	 step2: insert anchors
sub_col sub_label
	 step3: fill mask in dap anchors

  0%|          | 0/576 [00:00<?, ?it/s]/home/chunhua/.local/lib/python3.8/site-packages/transformers/pipelines/base.py:1043: UserWarning: You seem to be using the pipelines sequentially on GPU. In order to maximize efficiency please use a dataset
  warnings.warn(

  0%|          | 2/576 [00:00<00:43, 13.10it/s]
  1%|          | 4/576 [00:00<00:42, 13.41it/s]
  1%|          | 6/576 [00:00<00:42, 13.40it/s]
  1%|▏         | 8/576 [00:00<00:42, 13.48it/s]
  2%|▏         | 10/576 [00:00<00:41, 13.53it/s]
  2%|▏         | 12/576 [00:00<00:41, 13.56it/s]
  2%|▏         | 14/576 [00:01<00:41, 13.57it/s]
  3%|▎         | 16/576 [00:01<00:41, 13.56it/s]
  3%|▎         | 18/576 [00:01<00:41, 13.60it/s]
  3%|▎         | 20/576 [00:01<00:40, 13.59it/s]
  4%|▍         | 22/576 [00:01<00:40, 13.58it/s]
  4%|▍         | 24/576 [00:01<00:40, 13.60it/s]
  5%|▍         | 26/576 [00:01<00:40, 13.56it/s]
  5%|▍         | 28/576 [00:02<00:40, 13.57it/s]
  5%|▌         | 30/576 [00:02<00:40, 13.61it/s]
  6%|▌         | 32/576 [00:02<00:40, 13.51it/s]
  6%|▌         | 34/576 [00:02<00:40, 13.52it/s]
  6%|▋         | 36/576 [00:02<00:39, 13.55it/s]
  7%|▋         | 38/576 [00:02<00:39, 13.56it/s]
  7%|▋         | 40/576 [00:02<00:39, 13.54it/s]
  7%|▋         | 42/576 [00:03<00:39, 13.58it/s]
  8%|▊         | 44/576 [00:03<00:39, 13.60it/s]
  8%|▊         | 46/576 [00:03<00:39, 13.56it/s]
  8%|▊         | 48/576 [00:03<00:38, 13.59it/s]
  9%|▊         | 50/576 [00:03<00:38, 13.59it/s]
  9%|▉         | 52/576 [00:03<00:38, 13.61it/s]
  9%|▉         | 54/576 [00:03<00:38, 13.62it/s]
 10%|▉         | 56/576 [00:04<00:38, 13.62it/s]
 10%|█         | 58/576 [00:04<00:38, 13.61it/s]
 10%|█         | 60/576 [00:04<00:37, 13.58it/s]
 11%|█         | 62/576 [00:04<00:37, 13.58it/s]
 11%|█         | 64/576 [00:04<00:37, 13.57it/s]
 11%|█▏        | 66/576 [00:04<00:37, 13.60it/s]
 12%|█▏        | 68/576 [00:05<00:37, 13.61it/s]
 12%|█▏        | 70/576 [00:05<00:37, 13.62it/s]
 12%|█▎        | 72/576 [00:05<00:36, 13.65it/s]
 13%|█▎        | 74/576 [00:05<00:36, 13.57it/s]
 13%|█▎        | 76/576 [00:05<00:36, 13.59it/s]
 14%|█▎        | 78/576 [00:05<00:36, 13.60it/s]
 14%|█▍        | 80/576 [00:05<00:36, 13.59it/s]
 14%|█▍        | 82/576 [00:06<00:36, 13.62it/s]
 15%|█▍        | 84/576 [00:06<00:36, 13.64it/s]
 15%|█▍        | 86/576 [00:06<00:35, 13.64it/s]
 15%|█▌        | 88/576 [00:06<00:35, 13.59it/s]
 16%|█▌        | 90/576 [00:06<00:35, 13.62it/s]
 16%|█▌        | 92/576 [00:06<00:35, 13.65it/s]
 16%|█▋        | 94/576 [00:06<00:35, 13.64it/s]
 17%|█▋        | 96/576 [00:07<00:35, 13.63it/s]
 17%|█▋        | 98/576 [00:07<00:35, 13.57it/s]
 17%|█▋        | 100/576 [00:07<00:35, 13.58it/s]
 18%|█▊        | 102/576 [00:07<00:34, 13.55it/s]
 18%|█▊        | 104/576 [00:07<00:34, 13.57it/s]
 18%|█▊        | 106/576 [00:07<00:34, 13.57it/s]
 19%|█▉        | 108/576 [00:07<00:34, 13.43it/s]
 19%|█▉        | 110/576 [00:08<00:35, 13.27it/s]
 19%|█▉        | 112/576 [00:08<00:34, 13.39it/s]
 20%|█▉        | 114/576 [00:08<00:34, 13.46it/s]
 20%|██        | 116/576 [00:08<00:34, 13.49it/s]
 20%|██        | 118/576 [00:08<00:33, 13.55it/s]
 21%|██        | 120/576 [00:08<00:33, 13.59it/s]
 21%|██        | 122/576 [00:08<00:33, 13.63it/s]
 22%|██▏       | 124/576 [00:09<00:33, 13.63it/s]
 22%|██▏       | 126/576 [00:09<00:33, 13.62it/s]
 22%|██▏       | 128/576 [00:09<00:32, 13.64it/s]
 23%|██▎       | 130/576 [00:09<00:32, 13.60it/s]
 23%|██▎       | 132/576 [00:09<00:32, 13.64it/s]
 23%|██▎       | 134/576 [00:09<00:32, 13.64it/s]
 24%|██▎       | 136/576 [00:10<00:32, 13.65it/s]
 24%|██▍       | 138/576 [00:10<00:32, 13.63it/s]
 24%|██▍       | 140/576 [00:10<00:31, 13.64it/s]
 25%|██▍       | 142/576 [00:10<00:31, 13.62it/s]
 25%|██▌       | 144/576 [00:10<00:31, 13.58it/s]
 25%|██▌       | 146/576 [00:10<00:31, 13.59it/s]
 26%|██▌       | 148/576 [00:10<00:31, 13.60it/s]
 26%|██▌       | 150/576 [00:11<00:31, 13.60it/s]
 26%|██▋       | 152/576 [00:11<00:31, 13.62it/s]
 27%|██▋       | 154/576 [00:11<00:30, 13.63it/s]
 27%|██▋       | 156/576 [00:11<00:31, 13.33it/s]
 27%|██▋       | 158/576 [00:11<00:31, 13.40it/s]
 28%|██▊       | 160/576 [00:11<00:30, 13.48it/s]
 28%|██▊       | 162/576 [00:11<00:30, 13.56it/s]
 28%|██▊       | 164/576 [00:12<00:30, 13.61it/s]
 29%|██▉       | 166/576 [00:12<00:30, 13.63it/s]
 29%|██▉       | 168/576 [00:12<00:29, 13.65it/s]
 30%|██▉       | 170/576 [00:12<00:29, 13.58it/s]
 30%|██▉       | 172/576 [00:12<00:29, 13.56it/s]
 30%|███       | 174/576 [00:12<00:29, 13.58it/s]
 31%|███       | 176/576 [00:12<00:29, 13.60it/s]
 31%|███       | 178/576 [00:13<00:29, 13.62it/s]
 31%|███▏      | 180/576 [00:13<00:29, 13.63it/s]
 32%|███▏      | 182/576 [00:13<00:28, 13.62it/s]
 32%|███▏      | 184/576 [00:13<00:28, 13.60it/s]
 32%|███▏      | 186/576 [00:13<00:28, 13.61it/s]
 33%|███▎      | 188/576 [00:13<00:28, 13.63it/s]
 33%|███▎      | 190/576 [00:13<00:28, 13.63it/s]
 33%|███▎      | 192/576 [00:14<00:28, 13.66it/s]
 34%|███▎      | 194/576 [00:14<00:27, 13.65it/s]
 34%|███▍      | 196/576 [00:14<00:27, 13.63it/s]
 34%|███▍      | 198/576 [00:14<00:27, 13.61it/s]
 35%|███▍      | 200/576 [00:14<00:27, 13.62it/s]
 35%|███▌      | 202/576 [00:14<00:27, 13.63it/s]
 35%|███▌      | 204/576 [00:15<00:27, 13.63it/s]
 36%|███▌      | 206/576 [00:15<00:27, 13.61it/s]
 36%|███▌      | 208/576 [00:15<00:26, 13.64it/s]
 36%|███▋      | 210/576 [00:15<00:26, 13.62it/s]
 37%|███▋      | 212/576 [00:15<00:28, 12.84it/s]
 37%|███▋      | 214/576 [00:15<00:27, 13.06it/s]
 38%|███▊      | 216/576 [00:15<00:27, 13.26it/s]
 38%|███▊      | 218/576 [00:16<00:26, 13.37it/s]
 38%|███▊      | 220/576 [00:16<00:26, 13.45it/s]
 39%|███▊      | 222/576 [00:16<00:26, 13.51it/s]
 39%|███▉      | 224/576 [00:16<00:26, 13.53it/s]
 39%|███▉      | 226/576 [00:16<00:25, 13.53it/s]
 40%|███▉      | 228/576 [00:16<00:25, 13.58it/s]
 40%|███▉      | 230/576 [00:16<00:25, 13.62it/s]
 40%|████      | 232/576 [00:17<00:25, 13.63it/s]
 41%|████      | 234/576 [00:17<00:25, 13.67it/s]
 41%|████      | 236/576 [00:17<00:24, 13.65it/s]
 41%|████▏     | 238/576 [00:17<00:24, 13.64it/s]
 42%|████▏     | 240/576 [00:17<00:24, 13.61it/s]
 42%|████▏     | 242/576 [00:17<00:24, 13.62it/s]
 42%|████▏     | 244/576 [00:17<00:24, 13.62it/s]
 43%|████▎     | 246/576 [00:18<00:24, 13.64it/s]
 43%|████▎     | 248/576 [00:18<00:24, 13.63it/s]
 43%|████▎     | 250/576 [00:18<00:24, 13.55it/s]
 44%|████▍     | 252/576 [00:18<00:23, 13.60it/s]
 44%|████▍     | 254/576 [00:18<00:23, 13.59it/s]
 44%|████▍     | 256/576 [00:18<00:23, 13.61it/s]
 45%|████▍     | 258/576 [00:19<00:23, 13.63it/s]
 45%|████▌     | 260/576 [00:19<00:23, 13.64it/s]
 45%|████▌     | 262/576 [00:19<00:22, 13.66it/s]
 46%|████▌     | 264/576 [00:19<00:22, 13.65it/s]
 46%|████▌     | 266/576 [00:19<00:22, 13.64it/s]
 47%|████▋     | 268/576 [00:19<00:22, 13.61it/s]
 47%|████▋     | 270/576 [00:19<00:22, 13.63it/s]
 47%|████▋     | 272/576 [00:20<00:22, 13.64it/s]
 48%|████▊     | 274/576 [00:20<00:22, 13.64it/s]
 48%|████▊     | 276/576 [00:20<00:22, 13.62it/s]
 48%|████▊     | 278/576 [00:20<00:21, 13.58it/s]
 49%|████▊     | 280/576 [00:20<00:21, 13.49it/s]
 49%|████▉     | 282/576 [00:20<00:22, 13.22it/s]
 49%|████▉     | 284/576 [00:20<00:22, 13.24it/s]
 50%|████▉     | 286/576 [00:21<00:21, 13.31it/s]
 50%|█████     | 288/576 [00:21<00:21, 13.39it/s]
 50%|█████     | 290/576 [00:21<00:21, 13.43it/s]
 51%|█████     | 292/576 [00:21<00:21, 13.43it/s]
 51%|█████     | 294/576 [00:21<00:21, 13.42it/s]
 51%|█████▏    | 296/576 [00:21<00:21, 13.26it/s]
 52%|█████▏    | 298/576 [00:21<00:21, 13.05it/s]
 52%|█████▏    | 300/576 [00:22<00:21, 13.08it/s]
 52%|█████▏    | 302/576 [00:22<00:20, 13.16it/s]
 53%|█████▎    | 304/576 [00:22<00:20, 13.20it/s]
 53%|█████▎    | 306/576 [00:22<00:20, 13.26it/s]
 53%|█████▎    | 308/576 [00:22<00:20, 13.27it/s]
 54%|█████▍    | 310/576 [00:22<00:19, 13.31it/s]
 54%|█████▍    | 312/576 [00:23<00:19, 13.33it/s]
 55%|█████▍    | 314/576 [00:23<00:19, 13.40it/s]
 55%|█████▍    | 316/576 [00:23<00:19, 13.47it/s]
 55%|█████▌    | 318/576 [00:23<00:19, 13.49it/s]
 56%|█████▌    | 320/576 [00:23<00:18, 13.53it/s]
 56%|█████▌    | 322/576 [00:23<00:18, 13.54it/s]
 56%|█████▋    | 324/576 [00:23<00:18, 13.54it/s]
 57%|█████▋    | 326/576 [00:24<00:18, 13.57it/s]
 57%|█████▋    | 328/576 [00:24<00:18, 13.57it/s]
 57%|█████▋    | 330/576 [00:24<00:18, 13.59it/s]
 58%|█████▊    | 332/576 [00:24<00:18, 13.51it/s]
 58%|█████▊    | 334/576 [00:24<00:18, 13.44it/s]
 58%|█████▊    | 336/576 [00:24<00:17, 13.44it/s]
 59%|█████▊    | 338/576 [00:24<00:17, 13.47it/s]
 59%|█████▉    | 340/576 [00:25<00:17, 13.50it/s]
 59%|█████▉    | 342/576 [00:25<00:17, 13.55it/s]
 60%|█████▉    | 344/576 [00:25<00:17, 13.56it/s]
 60%|██████    | 346/576 [00:25<00:16, 13.57it/s]
 60%|██████    | 348/576 [00:25<00:17, 13.36it/s]
 61%|██████    | 350/576 [00:25<00:16, 13.39it/s]
 61%|██████    | 352/576 [00:26<00:16, 13.45it/s]
 61%|██████▏   | 354/576 [00:26<00:16, 13.36it/s]
 62%|██████▏   | 356/576 [00:26<00:16, 13.42it/s]
 62%|██████▏   | 358/576 [00:26<00:16, 13.46it/s]
 62%|██████▎   | 360/576 [00:26<00:16, 13.49it/s]
 63%|██████▎   | 362/576 [00:26<00:15, 13.49it/s]
 63%|██████▎   | 364/576 [00:26<00:15, 13.49it/s]
 64%|██████▎   | 366/576 [00:27<00:15, 13.51it/s]
 64%|██████▍   | 368/576 [00:27<00:15, 13.54it/s]
 64%|██████▍   | 370/576 [00:27<00:15, 13.56it/s]
 65%|██████▍   | 372/576 [00:27<00:15, 13.56it/s]
 65%|██████▍   | 374/576 [00:27<00:14, 13.57it/s]
 65%|██████▌   | 376/576 [00:27<00:14, 13.54it/s]
 66%|██████▌   | 378/576 [00:27<00:14, 13.57it/s]
 66%|██████▌   | 380/576 [00:28<00:14, 13.56it/s]
 66%|██████▋   | 382/576 [00:28<00:14, 13.54it/s]
 67%|██████▋   | 384/576 [00:28<00:14, 13.55it/s]
 67%|██████▋   | 386/576 [00:28<00:14, 13.53it/s]
 67%|██████▋   | 388/576 [00:28<00:13, 13.56it/s]
 68%|██████▊   | 390/576 [00:28<00:13, 13.49it/s]
 68%|██████▊   | 392/576 [00:28<00:13, 13.52it/s]
 68%|██████▊   | 394/576 [00:29<00:13, 13.55it/s]
 69%|██████▉   | 396/576 [00:29<00:13, 13.58it/s]
 69%|██████▉   | 398/576 [00:29<00:13, 13.56it/s]
 69%|██████▉   | 400/576 [00:29<00:12, 13.55it/s]
 70%|██████▉   | 402/576 [00:29<00:12, 13.56it/s]
 70%|███████   | 404/576 [00:29<00:12, 13.52it/s]
 70%|███████   | 406/576 [00:29<00:12, 13.54it/s]
 71%|███████   | 408/576 [00:30<00:12, 13.54it/s]
 71%|███████   | 410/576 [00:30<00:12, 13.55it/s]
 72%|███████▏  | 412/576 [00:30<00:12, 13.54it/s]
 72%|███████▏  | 414/576 [00:30<00:11, 13.58it/s]
 72%|███████▏  | 416/576 [00:30<00:11, 13.60it/s]
 73%|███████▎  | 418/576 [00:30<00:11, 13.57it/s]
 73%|███████▎  | 420/576 [00:31<00:11, 13.58it/s]
 73%|███████▎  | 422/576 [00:31<00:11, 13.60it/s]
 74%|███████▎  | 424/576 [00:31<00:11, 13.59it/s]
 74%|███████▍  | 426/576 [00:31<00:11, 13.54it/s]
 74%|███████▍  | 428/576 [00:31<00:10, 13.53it/s]
 75%|███████▍  | 430/576 [00:31<00:10, 13.54it/s]
 75%|███████▌  | 432/576 [00:31<00:10, 13.53it/s]
 75%|███████▌  | 434/576 [00:32<00:10, 13.56it/s]
 76%|███████▌  | 436/576 [00:32<00:10, 13.59it/s]
 76%|███████▌  | 438/576 [00:32<00:10, 13.59it/s]
 76%|███████▋  | 440/576 [00:32<00:10, 13.54it/s]
 77%|███████▋  | 442/576 [00:32<00:09, 13.55it/s]
 77%|███████▋  | 444/576 [00:32<00:09, 13.53it/s]
 77%|███████▋  | 446/576 [00:32<00:09, 13.52it/s]
 78%|███████▊  | 448/576 [00:33<00:09, 13.55it/s]
 78%|███████▊  | 450/576 [00:33<00:09, 13.56it/s]
 78%|███████▊  | 452/576 [00:33<00:09, 13.57it/s]
 79%|███████▉  | 454/576 [00:33<00:09, 13.49it/s]
 79%|███████▉  | 456/576 [00:33<00:08, 13.52it/s]
 80%|███████▉  | 458/576 [00:33<00:08, 13.50it/s]
 80%|███████▉  | 460/576 [00:33<00:08, 13.49it/s]
 80%|████████  | 462/576 [00:34<00:08, 13.47it/s]
 81%|████████  | 464/576 [00:34<00:08, 13.27it/s]
 81%|████████  | 466/576 [00:34<00:08, 13.28it/s]
 81%|████████▏ | 468/576 [00:34<00:08, 13.36it/s]
 82%|████████▏ | 470/576 [00:34<00:07, 13.39it/s]
 82%|████████▏ | 472/576 [00:34<00:07, 13.42it/s]
 82%|████████▏ | 474/576 [00:35<00:07, 13.49it/s]
 83%|████████▎ | 476/576 [00:35<00:07, 13.53it/s]
 83%|████████▎ | 478/576 [00:35<00:07, 13.55it/s]
 83%|████████▎ | 480/576 [00:35<00:07, 13.54it/s]
 84%|████████▎ | 482/576 [00:35<00:06, 13.57it/s]
 84%|████████▍ | 484/576 [00:35<00:06, 13.58it/s]
 84%|████████▍ | 486/576 [00:35<00:06, 13.55it/s]
 85%|████████▍ | 488/576 [00:36<00:06, 13.58it/s]
 85%|████████▌ | 490/576 [00:36<00:06, 13.59it/s]
 85%|████████▌ | 492/576 [00:36<00:06, 13.59it/s]
 86%|████████▌ | 494/576 [00:36<00:06, 13.49it/s]
 86%|████████▌ | 496/576 [00:36<00:06, 13.23it/s]
 86%|████████▋ | 498/576 [00:36<00:05, 13.30it/s]
 87%|████████▋ | 500/576 [00:36<00:05, 13.37it/s]
 87%|████████▋ | 502/576 [00:37<00:05, 13.45it/s]
 88%|████████▊ | 504/576 [00:37<00:05, 13.49it/s]
 88%|████████▊ | 506/576 [00:37<00:05, 13.50it/s]
 88%|████████▊ | 508/576 [00:37<00:05, 13.52it/s]
 89%|████████▊ | 510/576 [00:37<00:04, 13.53it/s]
 89%|████████▉ | 512/576 [00:37<00:04, 13.55it/s]
 89%|████████▉ | 514/576 [00:37<00:04, 13.54it/s]
 90%|████████▉ | 516/576 [00:38<00:04, 13.58it/s]
 90%|████████▉ | 518/576 [00:38<00:04, 13.59it/s]
 90%|█████████ | 520/576 [00:38<00:04, 13.56it/s]
 91%|█████████ | 522/576 [00:38<00:03, 13.58it/s]
 91%|█████████ | 524/576 [00:38<00:03, 13.60it/s]
 91%|█████████▏| 526/576 [00:38<00:03, 13.47it/s]
 92%|█████████▏| 528/576 [00:39<00:03, 13.48it/s]
 92%|█████████▏| 530/576 [00:39<00:03, 13.51it/s]
 92%|█████████▏| 532/576 [00:39<00:03, 13.55it/s]
 93%|█████████▎| 534/576 [00:39<00:03, 13.50it/s]
 93%|█████████▎| 536/576 [00:39<00:02, 13.51it/s]
 93%|█████████▎| 538/576 [00:39<00:02, 13.55it/s]
 94%|█████████▍| 540/576 [00:39<00:02, 13.57it/s]
 94%|█████████▍| 542/576 [00:40<00:02, 13.55it/s]
 94%|█████████▍| 544/576 [00:40<00:02, 13.55it/s]
 95%|█████████▍| 546/576 [00:40<00:02, 13.56it/s]
 95%|█████████▌| 548/576 [00:40<00:02, 13.55it/s]
 95%|█████████▌| 550/576 [00:40<00:01, 13.57it/s]
 96%|█████████▌| 552/576 [00:40<00:01, 13.58it/s]
 96%|█████████▌| 554/576 [00:40<00:01, 13.51it/s]
 97%|█████████▋| 556/576 [00:41<00:01, 13.52it/s]
 97%|█████████▋| 558/576 [00:41<00:01, 13.55it/s]
 97%|█████████▋| 560/576 [00:41<00:01, 13.56it/s]
 98%|█████████▊| 562/576 [00:41<00:01, 13.48it/s]
 98%|█████████▊| 564/576 [00:41<00:00, 13.53it/s]
 98%|█████████▊| 566/576 [00:41<00:00, 13.57it/s]
 99%|█████████▊| 568/576 [00:41<00:00, 13.55it/s]
 99%|█████████▉| 570/576 [00:42<00:00, 13.58it/s]
 99%|█████████▉| 572/576 [00:42<00:00, 13.59it/s]
100%|█████████▉| 574/576 [00:42<00:00, 13.59it/s]
100%|██████████| 576/576 [00:42<00:00, 13.59it/s]
100%|██████████| 576/576 [00:42<00:00, 13.53it/s]

  0%|          | 0/576 [00:00<?, ?it/s]
  0%|          | 1/576 [00:00<01:10,  8.16it/s]
  0%|          | 2/576 [00:00<01:10,  8.19it/s]
  1%|          | 3/576 [00:00<01:09,  8.19it/s]
  1%|          | 4/576 [00:00<01:10,  8.16it/s]
  1%|          | 5/576 [00:00<01:10,  8.15it/s]
  1%|          | 6/576 [00:00<01:09,  8.17it/s]
  1%|          | 7/576 [00:00<01:09,  8.15it/s]
  1%|▏         | 8/576 [00:00<01:09,  8.16it/s]
  2%|▏         | 9/576 [00:01<01:09,  8.16it/s]
  2%|▏         | 10/576 [00:01<01:09,  8.17it/s]
  2%|▏         | 11/576 [00:01<01:09,  8.16it/s]
  2%|▏         | 12/576 [00:01<01:09,  8.14it/s]
  2%|▏         | 13/576 [00:01<01:09,  8.11it/s]
  2%|▏         | 14/576 [00:01<01:09,  8.11it/s]
  3%|▎         | 15/576 [00:01<01:09,  8.10it/s]
  3%|▎         | 16/576 [00:01<01:08,  8.12it/s]
  3%|▎         | 17/576 [00:02<01:08,  8.12it/s]
  3%|▎         | 18/576 [00:02<01:08,  8.13it/s]
  3%|▎         | 19/576 [00:02<01:09,  8.02it/s]
  3%|▎         | 20/576 [00:02<01:09,  8.06it/s]
  4%|▎         | 21/576 [00:02<01:08,  8.10it/s]
  4%|▍         | 22/576 [00:02<01:08,  8.11it/s]
  4%|▍         | 23/576 [00:02<01:08,  8.11it/s]
  4%|▍         | 24/576 [00:02<01:08,  8.11it/s]
  4%|▍         | 25/576 [00:03<01:12,  7.56it/s]
  5%|▍         | 26/576 [00:03<01:11,  7.73it/s]
  5%|▍         | 27/576 [00:03<01:09,  7.87it/s]
  5%|▍         | 28/576 [00:03<01:09,  7.93it/s]
  5%|▌         | 29/576 [00:03<01:08,  8.01it/s]
  5%|▌         | 30/576 [00:03<01:08,  7.93it/s]
  5%|▌         | 31/576 [00:03<01:08,  7.96it/s]
  6%|▌         | 32/576 [00:03<01:07,  8.01it/s]
  6%|▌         | 33/576 [00:04<01:07,  8.05it/s]
  6%|▌         | 34/576 [00:04<01:08,  7.93it/s]
  6%|▌         | 35/576 [00:04<01:08,  7.89it/s]
  6%|▋         | 36/576 [00:04<01:08,  7.83it/s]
  6%|▋         | 37/576 [00:04<01:08,  7.89it/s]
  7%|▋         | 38/576 [00:04<01:07,  7.96it/s]
  7%|▋         | 39/576 [00:04<01:07,  7.98it/s]
  7%|▋         | 40/576 [00:04<01:06,  8.01it/s]
  7%|▋         | 41/576 [00:05<01:06,  8.04it/s]
  7%|▋         | 42/576 [00:05<01:06,  8.06it/s]
  7%|▋         | 43/576 [00:05<01:06,  8.07it/s]
  8%|▊         | 44/576 [00:05<01:06,  8.06it/s]
  8%|▊         | 45/576 [00:05<01:05,  8.07it/s]
  8%|▊         | 46/576 [00:05<01:05,  8.07it/s]
  8%|▊         | 47/576 [00:05<01:05,  8.07it/s]
  8%|▊         | 48/576 [00:05<01:05,  8.08it/s]
  9%|▊         | 49/576 [00:06<01:05,  8.09it/s]
  9%|▊         | 50/576 [00:06<01:04,  8.10it/s]
  9%|▉         | 51/576 [00:06<01:04,  8.10it/s]
  9%|▉         | 52/576 [00:06<01:06,  7.88it/s]
  9%|▉         | 53/576 [00:06<01:05,  7.93it/s]
  9%|▉         | 54/576 [00:06<01:05,  8.00it/s]
 10%|▉         | 55/576 [00:06<01:05,  8.02it/s]
 10%|▉         | 56/576 [00:06<01:04,  8.06it/s]
 10%|▉         | 57/576 [00:07<01:04,  8.06it/s]
 10%|█         | 58/576 [00:07<01:04,  8.09it/s]
 10%|█         | 59/576 [00:07<01:03,  8.10it/s]
 10%|█         | 60/576 [00:07<01:03,  8.11it/s]
 11%|█         | 61/576 [00:07<01:03,  8.09it/s]
 11%|█         | 62/576 [00:07<01:03,  8.11it/s]
 11%|█         | 63/576 [00:07<01:03,  8.10it/s]
 11%|█         | 64/576 [00:07<01:03,  8.11it/s]
 11%|█▏        | 65/576 [00:08<01:03,  8.06it/s]
 11%|█▏        | 66/576 [00:08<01:03,  8.07it/s]
 12%|█▏        | 67/576 [00:08<01:02,  8.11it/s]
 12%|█▏        | 68/576 [00:08<01:02,  8.13it/s]
 12%|█▏        | 69/576 [00:08<01:02,  8.12it/s]
 12%|█▏        | 70/576 [00:08<01:02,  8.13it/s]
 12%|█▏        | 71/576 [00:08<01:01,  8.16it/s]
 12%|█▎        | 72/576 [00:08<01:01,  8.14it/s]
 13%|█▎        | 73/576 [00:09<01:01,  8.15it/s]
 13%|█▎        | 74/576 [00:09<01:01,  8.15it/s]
 13%|█▎        | 75/576 [00:09<01:01,  8.16it/s]
 13%|█▎        | 76/576 [00:09<01:01,  8.17it/s]
 13%|█▎        | 77/576 [00:09<01:01,  8.10it/s]
 14%|█▎        | 78/576 [00:09<01:01,  8.13it/s]
 14%|█▎        | 79/576 [00:09<01:01,  8.13it/s]
 14%|█▍        | 80/576 [00:09<01:01,  8.13it/s]
 14%|█▍        | 81/576 [00:10<01:00,  8.13it/s]
 14%|█▍        | 82/576 [00:10<01:00,  8.15it/s]
 14%|█▍        | 83/576 [00:10<01:00,  8.16it/s]
 15%|█▍        | 84/576 [00:10<01:00,  8.15it/s]
 15%|█▍        | 85/576 [00:10<01:01,  8.02it/s]
 15%|█▍        | 86/576 [00:10<01:01,  8.03it/s]
 15%|█▌        | 87/576 [00:10<01:00,  8.07it/s]
 15%|█▌        | 88/576 [00:10<01:00,  8.09it/s]
 15%|█▌        | 89/576 [00:11<01:00,  8.09it/s]
 16%|█▌        | 90/576 [00:11<00:59,  8.13it/s]
 16%|█▌        | 91/576 [00:11<00:59,  8.14it/s]
 16%|█▌        | 92/576 [00:11<00:59,  8.17it/s]
 16%|█▌        | 93/576 [00:11<00:59,  8.14it/s]
 16%|█▋        | 94/576 [00:11<00:59,  8.12it/s]
 16%|█▋        | 95/576 [00:11<00:59,  8.12it/s]
 17%|█▋        | 96/576 [00:11<00:59,  8.13it/s]
 17%|█▋        | 97/576 [00:12<00:58,  8.12it/s]
 17%|█▋        | 98/576 [00:12<00:58,  8.13it/s]
 17%|█▋        | 99/576 [00:12<00:58,  8.14it/s]
 17%|█▋        | 100/576 [00:12<00:58,  8.12it/s]
 18%|█▊        | 101/576 [00:12<00:58,  8.12it/s]
 18%|█▊        | 102/576 [00:12<00:58,  8.12it/s]
 18%|█▊        | 103/576 [00:12<00:58,  8.12it/s]
 18%|█▊        | 104/576 [00:12<00:58,  8.12it/s]
 18%|█▊        | 105/576 [00:13<00:57,  8.13it/s]
 18%|█▊        | 106/576 [00:13<00:57,  8.13it/s]
 19%|█▊        | 107/576 [00:13<00:57,  8.13it/s]
 19%|█▉        | 108/576 [00:13<00:57,  8.13it/s]
 19%|█▉        | 109/576 [00:13<00:57,  8.13it/s]
 19%|█▉        | 110/576 [00:13<00:57,  8.12it/s]
 19%|█▉        | 111/576 [00:13<00:57,  8.12it/s]
 19%|█▉        | 112/576 [00:13<00:57,  8.13it/s]
 20%|█▉        | 113/576 [00:13<00:56,  8.13it/s]
 20%|█▉        | 114/576 [00:14<00:56,  8.12it/s]
 20%|█▉        | 115/576 [00:14<00:56,  8.12it/s]
 20%|██        | 116/576 [00:14<00:56,  8.14it/s]
 20%|██        | 117/576 [00:14<00:56,  8.15it/s]
 20%|██        | 118/576 [00:14<00:56,  8.04it/s]
 21%|██        | 119/576 [00:14<00:56,  8.07it/s]
 21%|██        | 120/576 [00:14<00:56,  8.09it/s]
 21%|██        | 121/576 [00:14<00:56,  8.08it/s]
 21%|██        | 122/576 [00:15<00:56,  8.11it/s]
 21%|██▏       | 123/576 [00:15<00:55,  8.11it/s]
 22%|██▏       | 124/576 [00:15<00:55,  8.11it/s]
 22%|██▏       | 125/576 [00:15<00:55,  8.12it/s]
 22%|██▏       | 126/576 [00:15<00:55,  8.13it/s]
 22%|██▏       | 127/576 [00:15<00:55,  8.13it/s]
 22%|██▏       | 128/576 [00:15<00:55,  8.13it/s]
 22%|██▏       | 129/576 [00:15<00:54,  8.14it/s]
 23%|██▎       | 130/576 [00:16<00:54,  8.16it/s]
 23%|██▎       | 131/576 [00:16<00:54,  8.16it/s]
 23%|██▎       | 132/576 [00:16<00:54,  8.15it/s]
 23%|██▎       | 133/576 [00:16<00:54,  8.14it/s]
 23%|██▎       | 134/576 [00:16<00:54,  8.15it/s]
 23%|██▎       | 135/576 [00:16<00:54,  8.12it/s]
 24%|██▎       | 136/576 [00:16<00:54,  8.13it/s]
 24%|██▍       | 137/576 [00:16<00:54,  8.11it/s]
 24%|██▍       | 138/576 [00:17<00:53,  8.13it/s]
 24%|██▍       | 139/576 [00:17<00:53,  8.13it/s]
 24%|██▍       | 140/576 [00:17<00:53,  8.13it/s]
 24%|██▍       | 141/576 [00:17<00:53,  8.11it/s]
 25%|██▍       | 142/576 [00:17<00:53,  8.11it/s]
 25%|██▍       | 143/576 [00:17<00:54,  7.99it/s]
 25%|██▌       | 144/576 [00:17<00:54,  7.98it/s]
 25%|██▌       | 145/576 [00:17<00:53,  8.01it/s]
 25%|██▌       | 146/576 [00:18<00:53,  8.04it/s]
 26%|██▌       | 147/576 [00:18<00:53,  8.07it/s]
 26%|██▌       | 148/576 [00:18<00:52,  8.11it/s]
 26%|██▌       | 149/576 [00:18<00:52,  8.13it/s]
 26%|██▌       | 150/576 [00:18<00:52,  8.15it/s]
 26%|██▌       | 151/576 [00:18<00:52,  8.14it/s]
 26%|██▋       | 152/576 [00:18<00:51,  8.16it/s]
 27%|██▋       | 153/576 [00:18<00:51,  8.14it/s]
 27%|██▋       | 154/576 [00:19<00:51,  8.15it/s]
 27%|██▋       | 155/576 [00:19<00:51,  8.15it/s]
 27%|██▋       | 156/576 [00:19<00:51,  8.15it/s]
 27%|██▋       | 157/576 [00:19<00:51,  8.16it/s]
 27%|██▋       | 158/576 [00:19<00:51,  8.16it/s]
 28%|██▊       | 159/576 [00:19<00:51,  8.13it/s]
 28%|██▊       | 160/576 [00:19<00:51,  8.12it/s]
 28%|██▊       | 161/576 [00:19<00:50,  8.14it/s]
 28%|██▊       | 162/576 [00:20<00:50,  8.16it/s]
 28%|██▊       | 163/576 [00:20<00:50,  8.15it/s]
 28%|██▊       | 164/576 [00:20<00:50,  8.17it/s]
 29%|██▊       | 165/576 [00:20<00:50,  8.17it/s]
 29%|██▉       | 166/576 [00:20<00:50,  8.18it/s]
 29%|██▉       | 167/576 [00:20<00:50,  8.17it/s]
 29%|██▉       | 168/576 [00:20<00:50,  8.15it/s]
 29%|██▉       | 169/576 [00:20<00:50,  8.13it/s]
 30%|██▉       | 170/576 [00:21<00:49,  8.15it/s]
 30%|██▉       | 171/576 [00:21<00:49,  8.15it/s]
 30%|██▉       | 172/576 [00:21<00:49,  8.15it/s]
 30%|███       | 173/576 [00:21<00:49,  8.15it/s]
 30%|███       | 174/576 [00:21<00:49,  8.17it/s]
 30%|███       | 175/576 [00:21<00:49,  8.14it/s]
 31%|███       | 176/576 [00:21<00:49,  8.11it/s]
 31%|███       | 177/576 [00:21<00:49,  8.09it/s]
 31%|███       | 178/576 [00:21<00:49,  8.12it/s]
 31%|███       | 179/576 [00:22<00:48,  8.13it/s]
 31%|███▏      | 180/576 [00:22<00:48,  8.13it/s]
 31%|███▏      | 181/576 [00:22<00:48,  8.13it/s]
 32%|███▏      | 182/576 [00:22<00:48,  8.15it/s]
 32%|███▏      | 183/576 [00:22<00:48,  8.17it/s]
 32%|███▏      | 184/576 [00:22<00:48,  8.13it/s]
 32%|███▏      | 185/576 [00:22<00:48,  8.12it/s]
 32%|███▏      | 186/576 [00:22<00:47,  8.14it/s]
 32%|███▏      | 187/576 [00:23<00:47,  8.14it/s]
 33%|███▎      | 188/576 [00:23<00:47,  8.14it/s]
 33%|███▎      | 189/576 [00:23<00:47,  8.16it/s]
 33%|███▎      | 190/576 [00:23<00:47,  8.17it/s]
 33%|███▎      | 191/576 [00:23<00:47,  8.14it/s]
 33%|███▎      | 192/576 [00:23<00:47,  8.15it/s]
 34%|███▎      | 193/576 [00:23<00:47,  8.12it/s]
 34%|███▎      | 194/576 [00:23<00:47,  8.12it/s]
 34%|███▍      | 195/576 [00:24<00:47,  8.08it/s]
 34%|███▍      | 196/576 [00:24<00:47,  7.97it/s]
 34%|███▍      | 197/576 [00:24<00:47,  7.93it/s]
 34%|███▍      | 198/576 [00:24<00:47,  7.98it/s]
 35%|███▍      | 199/576 [00:24<00:46,  8.03it/s]
 35%|███▍      | 200/576 [00:24<00:46,  8.06it/s]
 35%|███▍      | 201/576 [00:24<00:46,  8.03it/s]
 35%|███▌      | 202/576 [00:24<00:46,  8.05it/s]
 35%|███▌      | 203/576 [00:25<00:46,  8.07it/s]
 35%|███▌      | 204/576 [00:25<00:45,  8.09it/s]
 36%|███▌      | 205/576 [00:25<00:45,  8.11it/s]
 36%|███▌      | 206/576 [00:25<00:45,  8.13it/s]
 36%|███▌      | 207/576 [00:25<00:45,  8.14it/s]
 36%|███▌      | 208/576 [00:25<00:45,  8.13it/s]
 36%|███▋      | 209/576 [00:25<00:45,  8.11it/s]
 36%|███▋      | 210/576 [00:25<00:45,  8.11it/s]
 37%|███▋      | 211/576 [00:26<00:45,  8.11it/s]
 37%|███▋      | 212/576 [00:26<00:44,  8.12it/s]
 37%|███▋      | 213/576 [00:26<00:44,  8.13it/s]
 37%|███▋      | 214/576 [00:26<00:44,  8.13it/s]
 37%|███▋      | 215/576 [00:26<00:44,  8.13it/s]
 38%|███▊      | 216/576 [00:26<00:44,  8.15it/s]
 38%|███▊      | 217/576 [00:26<00:44,  8.13it/s]
 38%|███▊      | 218/576 [00:26<00:44,  8.11it/s]
 38%|███▊      | 219/576 [00:27<00:44,  8.11it/s]
 38%|███▊      | 220/576 [00:27<00:43,  8.13it/s]
 38%|███▊      | 221/576 [00:27<00:43,  8.15it/s]
 39%|███▊      | 222/576 [00:27<00:43,  8.16it/s]
 39%|███▊      | 223/576 [00:27<00:43,  8.16it/s]
 39%|███▉      | 224/576 [00:27<00:43,  8.17it/s]
 39%|███▉      | 225/576 [00:27<00:42,  8.17it/s]
 39%|███▉      | 226/576 [00:27<00:43,  8.11it/s]
 39%|███▉      | 227/576 [00:28<00:43,  8.03it/s]
 40%|███▉      | 228/576 [00:28<00:43,  8.05it/s]
 40%|███▉      | 229/576 [00:28<00:43,  8.07it/s]
 40%|███▉      | 230/576 [00:28<00:42,  8.07it/s]
 40%|████      | 231/576 [00:28<00:42,  8.10it/s]
 40%|████      | 232/576 [00:28<00:42,  8.11it/s]
 40%|████      | 233/576 [00:28<00:42,  8.13it/s]
 41%|████      | 234/576 [00:28<00:42,  8.13it/s]
 41%|████      | 235/576 [00:29<00:41,  8.15it/s]
 41%|████      | 236/576 [00:29<00:41,  8.15it/s]
 41%|████      | 237/576 [00:29<00:41,  8.15it/s]
 41%|████▏     | 238/576 [00:29<00:41,  8.15it/s]
 41%|████▏     | 239/576 [00:29<00:41,  8.16it/s]
 42%|████▏     | 240/576 [00:29<00:41,  8.17it/s]
 42%|████▏     | 241/576 [00:29<00:40,  8.18it/s]
 42%|████▏     | 242/576 [00:29<00:41,  8.14it/s]
 42%|████▏     | 243/576 [00:29<00:40,  8.13it/s]
 42%|████▏     | 244/576 [00:30<00:40,  8.13it/s]
 43%|████▎     | 245/576 [00:30<00:40,  8.07it/s]
 43%|████▎     | 246/576 [00:30<00:41,  7.92it/s]
 43%|████▎     | 247/576 [00:30<00:41,  7.95it/s]
 43%|████▎     | 248/576 [00:30<00:41,  7.97it/s]
 43%|████▎     | 249/576 [00:30<00:40,  7.99it/s]
 43%|████▎     | 250/576 [00:30<00:40,  7.97it/s]
 44%|████▎     | 251/576 [00:31<00:40,  8.00it/s]
 44%|████▍     | 252/576 [00:31<00:40,  8.03it/s]
 44%|████▍     | 253/576 [00:31<00:40,  8.05it/s]
 44%|████▍     | 254/576 [00:31<00:39,  8.06it/s]
 44%|████▍     | 255/576 [00:31<00:39,  8.08it/s]
 44%|████▍     | 256/576 [00:31<00:39,  8.07it/s]
 45%|████▍     | 257/576 [00:31<00:39,  8.06it/s]
 45%|████▍     | 258/576 [00:31<00:39,  8.04it/s]
 45%|████▍     | 259/576 [00:31<00:39,  8.05it/s]
 45%|████▌     | 260/576 [00:32<00:39,  8.06it/s]
 45%|████▌     | 261/576 [00:32<00:39,  8.05it/s]
 45%|████▌     | 262/576 [00:32<00:39,  8.05it/s]
 46%|████▌     | 263/576 [00:32<00:38,  8.07it/s]
 46%|████▌     | 264/576 [00:32<00:38,  8.10it/s]
 46%|████▌     | 265/576 [00:32<00:38,  8.12it/s]
 46%|████▌     | 266/576 [00:32<00:38,  8.05it/s]
 46%|████▋     | 267/576 [00:33<00:40,  7.59it/s]
 47%|████▋     | 268/576 [00:33<00:40,  7.54it/s]
 47%|████▋     | 269/576 [00:33<00:39,  7.71it/s]
 47%|████▋     | 270/576 [00:33<00:39,  7.84it/s]
 47%|████▋     | 271/576 [00:33<00:38,  7.93it/s]
 47%|████▋     | 272/576 [00:33<00:38,  7.96it/s]
 47%|████▋     | 273/576 [00:33<00:37,  8.02it/s]
 48%|████▊     | 274/576 [00:33<00:37,  7.98it/s]
 48%|████▊     | 275/576 [00:34<00:37,  7.93it/s]
 48%|████▊     | 276/576 [00:34<00:37,  7.98it/s]
 48%|████▊     | 277/576 [00:34<00:37,  8.02it/s]
 48%|████▊     | 278/576 [00:34<00:37,  8.05it/s]
 48%|████▊     | 279/576 [00:34<00:36,  8.09it/s]
 49%|████▊     | 280/576 [00:34<00:36,  8.10it/s]
 49%|████▉     | 281/576 [00:34<00:36,  8.13it/s]
 49%|████▉     | 282/576 [00:34<00:36,  8.12it/s]
 49%|████▉     | 283/576 [00:34<00:36,  8.10it/s]
 49%|████▉     | 284/576 [00:35<00:35,  8.12it/s]
 49%|████▉     | 285/576 [00:35<00:35,  8.14it/s]
 50%|████▉     | 286/576 [00:35<00:35,  8.14it/s]
 50%|████▉     | 287/576 [00:35<00:35,  8.13it/s]
 50%|█████     | 288/576 [00:35<00:35,  8.13it/s]
 50%|█████     | 289/576 [00:35<00:35,  8.12it/s]
 50%|█████     | 290/576 [00:35<00:35,  7.99it/s]
 51%|█████     | 291/576 [00:35<00:35,  8.00it/s]
 51%|█████     | 292/576 [00:36<00:35,  8.04it/s]
 51%|█████     | 293/576 [00:36<00:35,  8.08it/s]
 51%|█████     | 294/576 [00:36<00:34,  8.11it/s]
 51%|█████     | 295/576 [00:36<00:34,  8.13it/s]
 51%|█████▏    | 296/576 [00:36<00:34,  8.12it/s]
 52%|█████▏    | 297/576 [00:36<00:34,  8.08it/s]
 52%|█████▏    | 298/576 [00:36<00:35,  7.93it/s]
 52%|█████▏    | 299/576 [00:36<00:34,  7.97it/s]
 52%|█████▏    | 300/576 [00:37<00:34,  8.03it/s]
 52%|█████▏    | 301/576 [00:37<00:34,  8.07it/s]
 52%|█████▏    | 302/576 [00:37<00:33,  8.10it/s]
 53%|█████▎    | 303/576 [00:37<00:33,  8.11it/s]
 53%|█████▎    | 304/576 [00:37<00:33,  8.13it/s]
 53%|█████▎    | 305/576 [00:37<00:33,  8.13it/s]
 53%|█████▎    | 306/576 [00:37<00:33,  8.11it/s]
 53%|█████▎    | 307/576 [00:37<00:33,  8.11it/s]
 53%|█████▎    | 308/576 [00:38<00:32,  8.13it/s]
 54%|█████▎    | 309/576 [00:38<00:32,  8.15it/s]
 54%|█████▍    | 310/576 [00:38<00:32,  8.14it/s]
 54%|█████▍    | 311/576 [00:38<00:32,  8.10it/s]
 54%|█████▍    | 312/576 [00:38<00:32,  8.12it/s]
 54%|█████▍    | 313/576 [00:38<00:32,  8.13it/s]
 55%|█████▍    | 314/576 [00:38<00:32,  8.14it/s]
 55%|█████▍    | 315/576 [00:38<00:32,  8.14it/s]
 55%|█████▍    | 316/576 [00:39<00:32,  8.12it/s]
 55%|█████▌    | 317/576 [00:39<00:31,  8.13it/s]
 55%|█████▌    | 318/576 [00:39<00:31,  8.12it/s]
 55%|█████▌    | 319/576 [00:39<00:31,  8.12it/s]
 56%|█████▌    | 320/576 [00:39<00:31,  8.14it/s]
 56%|█████▌    | 321/576 [00:39<00:31,  8.16it/s]
 56%|█████▌    | 322/576 [00:39<00:31,  8.16it/s]
 56%|█████▌    | 323/576 [00:39<00:31,  8.15it/s]
 56%|█████▋    | 324/576 [00:40<00:31,  8.12it/s]
 56%|█████▋    | 325/576 [00:40<00:30,  8.15it/s]
 57%|█████▋    | 326/576 [00:40<00:30,  8.14it/s]
 57%|█████▋    | 327/576 [00:40<00:30,  8.13it/s]
 57%|█████▋    | 328/576 [00:40<00:30,  8.14it/s]
 57%|█████▋    | 329/576 [00:40<00:30,  8.13it/s]
 57%|█████▋    | 330/576 [00:40<00:30,  8.16it/s]
 57%|█████▋    | 331/576 [00:40<00:30,  8.14it/s]
 58%|█████▊    | 332/576 [00:41<00:30,  8.11it/s]
 58%|█████▊    | 333/576 [00:41<00:30,  8.08it/s]
 58%|█████▊    | 334/576 [00:41<00:29,  8.11it/s]
 58%|█████▊    | 335/576 [00:41<00:29,  8.12it/s]
 58%|█████▊    | 336/576 [00:41<00:29,  8.15it/s]
 59%|█████▊    | 337/576 [00:41<00:29,  8.15it/s]
 59%|█████▊    | 338/576 [00:41<00:29,  8.16it/s]
 59%|█████▉    | 339/576 [00:41<00:29,  8.16it/s]
 59%|█████▉    | 340/576 [00:42<00:29,  8.14it/s]
 59%|█████▉    | 341/576 [00:42<00:28,  8.15it/s]
 59%|█████▉    | 342/576 [00:42<00:29,  8.02it/s]
 60%|█████▉    | 343/576 [00:42<00:28,  8.05it/s]
 60%|█████▉    | 344/576 [00:42<00:28,  8.07it/s]
 60%|█████▉    | 345/576 [00:42<00:28,  8.11it/s]
 60%|██████    | 346/576 [00:42<00:28,  8.12it/s]
 60%|██████    | 347/576 [00:42<00:28,  8.08it/s]
 60%|██████    | 348/576 [00:43<00:29,  7.81it/s]
 61%|██████    | 349/576 [00:43<00:28,  7.87it/s]
 61%|██████    | 350/576 [00:43<00:28,  7.96it/s]
 61%|██████    | 351/576 [00:43<00:28,  8.03it/s]
 61%|██████    | 352/576 [00:43<00:27,  8.03it/s]
 61%|██████▏   | 353/576 [00:43<00:27,  8.08it/s]
 61%|██████▏   | 354/576 [00:43<00:27,  8.11it/s]
 62%|██████▏   | 355/576 [00:43<00:27,  8.13it/s]
 62%|██████▏   | 356/576 [00:44<00:26,  8.15it/s]
 62%|██████▏   | 357/576 [00:44<00:26,  8.14it/s]
 62%|██████▏   | 358/576 [00:44<00:26,  8.15it/s]
 62%|██████▏   | 359/576 [00:44<00:26,  8.14it/s]
 62%|██████▎   | 360/576 [00:44<00:26,  8.15it/s]
 63%|██████▎   | 361/576 [00:44<00:26,  8.16it/s]
 63%|██████▎   | 362/576 [00:44<00:26,  8.15it/s]
 63%|██████▎   | 363/576 [00:44<00:26,  8.16it/s]
 63%|██████▎   | 364/576 [00:44<00:26,  8.15it/s]
 63%|██████▎   | 365/576 [00:45<00:25,  8.13it/s]
 64%|██████▎   | 366/576 [00:45<00:25,  8.15it/s]
 64%|██████▎   | 367/576 [00:45<00:25,  8.16it/s]
 64%|██████▍   | 368/576 [00:45<00:25,  8.16it/s]
 64%|██████▍   | 369/576 [00:45<00:25,  8.17it/s]
 64%|██████▍   | 370/576 [00:45<00:25,  8.16it/s]
 64%|██████▍   | 371/576 [00:45<00:25,  8.17it/s]
 65%|██████▍   | 372/576 [00:45<00:24,  8.16it/s]
 65%|██████▍   | 373/576 [00:46<00:24,  8.14it/s]
 65%|██████▍   | 374/576 [00:46<00:24,  8.16it/s]
 65%|██████▌   | 375/576 [00:46<00:24,  8.17it/s]
 65%|██████▌   | 376/576 [00:46<00:24,  8.16it/s]
 65%|██████▌   | 377/576 [00:46<00:24,  8.17it/s]
 66%|██████▌   | 378/576 [00:46<00:24,  8.18it/s]
 66%|██████▌   | 379/576 [00:46<00:24,  8.15it/s]
 66%|██████▌   | 380/576 [00:46<00:24,  8.15it/s]
 66%|██████▌   | 381/576 [00:47<00:24,  7.97it/s]
 66%|██████▋   | 382/576 [00:47<00:24,  7.99it/s]
 66%|██████▋   | 383/576 [00:47<00:23,  8.05it/s]
 67%|██████▋   | 384/576 [00:47<00:23,  8.09it/s]
 67%|██████▋   | 385/576 [00:47<00:23,  8.12it/s]
 67%|██████▋   | 386/576 [00:47<00:23,  8.15it/s]
 67%|██████▋   | 387/576 [00:47<00:23,  8.16it/s]
 67%|██████▋   | 388/576 [00:47<00:23,  8.16it/s]
 68%|██████▊   | 389/576 [00:48<00:22,  8.17it/s]
 68%|██████▊   | 390/576 [00:48<00:22,  8.13it/s]
 68%|██████▊   | 391/576 [00:48<00:22,  8.15it/s]
 68%|██████▊   | 392/576 [00:48<00:22,  8.16it/s]
 68%|██████▊   | 393/576 [00:48<00:22,  8.17it/s]
 68%|██████▊   | 394/576 [00:48<00:22,  8.17it/s]
 69%|██████▊   | 395/576 [00:48<00:22,  8.17it/s]
 69%|██████▉   | 396/576 [00:48<00:22,  8.16it/s]
 69%|██████▉   | 397/576 [00:49<00:21,  8.17it/s]
 69%|██████▉   | 398/576 [00:49<00:21,  8.15it/s]
 69%|██████▉   | 399/576 [00:49<00:21,  8.15it/s]
 69%|██████▉   | 400/576 [00:49<00:21,  8.14it/s]
 70%|██████▉   | 401/576 [00:49<00:21,  8.14it/s]
 70%|██████▉   | 402/576 [00:49<00:21,  8.14it/s]
 70%|██████▉   | 403/576 [00:49<00:21,  8.15it/s]
 70%|███████   | 404/576 [00:49<00:21,  8.11it/s]
 70%|███████   | 405/576 [00:50<00:21,  8.12it/s]
 70%|███████   | 406/576 [00:50<00:20,  8.11it/s]
 71%|███████   | 407/576 [00:50<00:20,  8.12it/s]
 71%|███████   | 408/576 [00:50<00:20,  8.13it/s]
 71%|███████   | 409/576 [00:50<00:20,  8.15it/s]
 71%|███████   | 410/576 [00:50<00:20,  8.15it/s]
 71%|███████▏  | 411/576 [00:50<00:20,  8.16it/s]
 72%|███████▏  | 412/576 [00:50<00:20,  8.11it/s]
 72%|███████▏  | 413/576 [00:51<00:20,  8.13it/s]
 72%|███████▏  | 414/576 [00:51<00:19,  8.13it/s]
 72%|███████▏  | 415/576 [00:51<00:19,  8.11it/s]
 72%|███████▏  | 416/576 [00:51<00:19,  8.12it/s]
 72%|███████▏  | 417/576 [00:51<00:19,  8.12it/s]
 73%|███████▎  | 418/576 [00:51<00:19,  8.13it/s]
 73%|███████▎  | 419/576 [00:51<00:19,  8.13it/s]
 73%|███████▎  | 420/576 [00:51<00:19,  8.14it/s]
 73%|███████▎  | 421/576 [00:51<00:19,  8.15it/s]
 73%|███████▎  | 422/576 [00:52<00:18,  8.16it/s]
 73%|███████▎  | 423/576 [00:52<00:18,  8.13it/s]
 74%|███████▎  | 424/576 [00:52<00:18,  8.14it/s]
 74%|███████▍  | 425/576 [00:52<00:18,  8.15it/s]
 74%|███████▍  | 426/576 [00:52<00:18,  8.16it/s]
 74%|███████▍  | 427/576 [00:52<00:18,  8.15it/s]
 74%|███████▍  | 428/576 [00:52<00:18,  8.14it/s]
 74%|███████▍  | 429/576 [00:52<00:18,  8.14it/s]
 75%|███████▍  | 430/576 [00:53<00:17,  8.16it/s]
 75%|███████▍  | 431/576 [00:53<00:17,  8.13it/s]
 75%|███████▌  | 432/576 [00:53<00:17,  8.16it/s]
 75%|███████▌  | 433/576 [00:53<00:17,  8.16it/s]
 75%|███████▌  | 434/576 [00:53<00:17,  8.17it/s]
 76%|███████▌  | 435/576 [00:53<00:17,  8.16it/s]
 76%|███████▌  | 436/576 [00:53<00:17,  8.16it/s]
 76%|███████▌  | 437/576 [00:53<00:17,  8.16it/s]
 76%|███████▌  | 438/576 [00:54<00:16,  8.16it/s]
 76%|███████▌  | 439/576 [00:54<00:16,  8.13it/s]
 76%|███████▋  | 440/576 [00:54<00:16,  8.14it/s]
 77%|███████▋  | 441/576 [00:54<00:16,  8.11it/s]
 77%|███████▋  | 442/576 [00:54<00:16,  8.12it/s]
 77%|███████▋  | 443/576 [00:54<00:16,  8.14it/s]
 77%|███████▋  | 444/576 [00:54<00:16,  8.16it/s]
 77%|███████▋  | 445/576 [00:54<00:16,  8.16it/s]
 77%|███████▋  | 446/576 [00:55<00:15,  8.15it/s]
 78%|███████▊  | 447/576 [00:55<00:15,  8.15it/s]
 78%|███████▊  | 448/576 [00:55<00:15,  8.14it/s]
 78%|███████▊  | 449/576 [00:55<00:15,  8.14it/s]
 78%|███████▊  | 450/576 [00:55<00:15,  8.15it/s]
 78%|███████▊  | 451/576 [00:55<00:15,  8.14it/s]
 78%|███████▊  | 452/576 [00:55<00:15,  8.14it/s]
 79%|███████▊  | 453/576 [00:55<00:15,  8.08it/s]
 79%|███████▉  | 454/576 [00:56<00:15,  8.00it/s]
 79%|███████▉  | 455/576 [00:56<00:15,  7.90it/s]
 79%|███████▉  | 456/576 [00:56<00:15,  7.93it/s]
 79%|███████▉  | 457/576 [00:56<00:14,  7.97it/s]
 80%|███████▉  | 458/576 [00:56<00:14,  8.00it/s]
 80%|███████▉  | 459/576 [00:56<00:14,  8.04it/s]
 80%|███████▉  | 460/576 [00:56<00:14,  7.99it/s]
 80%|████████  | 461/576 [00:56<00:14,  8.01it/s]
 80%|████████  | 462/576 [00:57<00:14,  8.04it/s]
 80%|████████  | 463/576 [00:57<00:14,  8.05it/s]
 81%|████████  | 464/576 [00:57<00:13,  8.05it/s]
 81%|████████  | 465/576 [00:57<00:13,  8.06it/s]
 81%|████████  | 466/576 [00:57<00:13,  8.06it/s]
 81%|████████  | 467/576 [00:57<00:13,  8.06it/s]
 81%|████████▏ | 468/576 [00:57<00:13,  8.08it/s]
 81%|████████▏ | 469/576 [00:57<00:13,  8.06it/s]
 82%|████████▏ | 470/576 [00:58<00:13,  8.06it/s]
 82%|████████▏ | 471/576 [00:58<00:13,  8.04it/s]
 82%|████████▏ | 472/576 [00:58<00:12,  8.04it/s]
 82%|████████▏ | 473/576 [00:58<00:12,  8.07it/s]
 82%|████████▏ | 474/576 [00:58<00:12,  8.10it/s]
 82%|████████▏ | 475/576 [00:58<00:12,  8.11it/s]
 83%|████████▎ | 476/576 [00:58<00:12,  8.13it/s]
 83%|████████▎ | 477/576 [00:58<00:12,  8.12it/s]
 83%|████████▎ | 478/576 [00:59<00:12,  8.14it/s]
 83%|████████▎ | 479/576 [00:59<00:11,  8.15it/s]
 83%|████████▎ | 480/576 [00:59<00:11,  8.12it/s]
 84%|████████▎ | 481/576 [00:59<00:11,  8.14it/s]
 84%|████████▎ | 482/576 [00:59<00:11,  8.13it/s]
 84%|████████▍ | 483/576 [00:59<00:11,  8.10it/s]
 84%|████████▍ | 484/576 [00:59<00:11,  8.13it/s]
 84%|████████▍ | 485/576 [00:59<00:11,  8.06it/s]
 84%|████████▍ | 486/576 [01:00<00:11,  7.98it/s]
 85%|████████▍ | 487/576 [01:00<00:11,  8.03it/s]
 85%|████████▍ | 488/576 [01:00<00:11,  7.99it/s]
 85%|████████▍ | 489/576 [01:00<00:10,  8.03it/s]
 85%|████████▌ | 490/576 [01:00<00:10,  8.07it/s]
 85%|████████▌ | 491/576 [01:00<00:10,  8.08it/s]
 85%|████████▌ | 492/576 [01:00<00:10,  8.10it/s]
 86%|████████▌ | 493/576 [01:00<00:10,  8.10it/s]
 86%|████████▌ | 494/576 [01:01<00:10,  8.12it/s]
 86%|████████▌ | 495/576 [01:01<00:09,  8.12it/s]
 86%|████████▌ | 496/576 [01:01<00:09,  8.11it/s]
 86%|████████▋ | 497/576 [01:01<00:09,  8.10it/s]
 86%|████████▋ | 498/576 [01:01<00:09,  8.13it/s]
 87%|████████▋ | 499/576 [01:01<00:09,  8.13it/s]
 87%|████████▋ | 500/576 [01:01<00:09,  8.13it/s]
 87%|████████▋ | 501/576 [01:01<00:09,  8.13it/s]
 87%|████████▋ | 502/576 [01:01<00:09,  8.14it/s]
 87%|████████▋ | 503/576 [01:02<00:08,  8.13it/s]
 88%|████████▊ | 504/576 [01:02<00:08,  8.13it/s]
 88%|████████▊ | 505/576 [01:02<00:08,  8.12it/s]
 88%|████████▊ | 506/576 [01:02<00:08,  8.13it/s]
 88%|████████▊ | 507/576 [01:02<00:08,  8.14it/s]
 88%|████████▊ | 508/576 [01:02<00:08,  8.13it/s]
 88%|████████▊ | 509/576 [01:02<00:08,  8.11it/s]
 89%|████████▊ | 510/576 [01:03<00:08,  7.63it/s]
 89%|████████▊ | 511/576 [01:03<00:08,  7.57it/s]
 89%|████████▉ | 512/576 [01:03<00:08,  7.73it/s]
 89%|████████▉ | 513/576 [01:03<00:08,  7.82it/s]
 89%|████████▉ | 514/576 [01:03<00:07,  7.92it/s]
 89%|████████▉ | 515/576 [01:03<00:07,  7.97it/s]
 90%|████████▉ | 516/576 [01:03<00:07,  8.04it/s]
 90%|████████▉ | 517/576 [01:03<00:07,  8.06it/s]
 90%|████████▉ | 518/576 [01:04<00:07,  8.10it/s]
 90%|█████████ | 519/576 [01:04<00:07,  8.12it/s]
 90%|█████████ | 520/576 [01:04<00:06,  8.12it/s]
 90%|█████████ | 521/576 [01:04<00:06,  8.12it/s]
 91%|█████████ | 522/576 [01:04<00:06,  8.12it/s]
 91%|█████████ | 523/576 [01:04<00:06,  8.14it/s]
 91%|█████████ | 524/576 [01:04<00:06,  8.14it/s]
 91%|█████████ | 525/576 [01:04<00:06,  8.12it/s]
 91%|█████████▏| 526/576 [01:04<00:06,  8.12it/s]
 91%|█████████▏| 527/576 [01:05<00:06,  8.14it/s]
 92%|█████████▏| 528/576 [01:05<00:05,  8.15it/s]
 92%|█████████▏| 529/576 [01:05<00:05,  8.10it/s]
 92%|█████████▏| 530/576 [01:05<00:05,  8.08it/s]
 92%|█████████▏| 531/576 [01:05<00:05,  8.12it/s]
 92%|█████████▏| 532/576 [01:05<00:05,  8.12it/s]
 93%|█████████▎| 533/576 [01:05<00:05,  8.11it/s]
 93%|█████████▎| 534/576 [01:05<00:05,  8.13it/s]
 93%|█████████▎| 535/576 [01:06<00:05,  8.13it/s]
 93%|█████████▎| 536/576 [01:06<00:04,  8.13it/s]
 93%|█████████▎| 537/576 [01:06<00:04,  8.15it/s]
 93%|█████████▎| 538/576 [01:06<00:04,  8.13it/s]
 94%|█████████▎| 539/576 [01:06<00:04,  8.14it/s]
 94%|█████████▍| 540/576 [01:06<00:04,  8.15it/s]
 94%|█████████▍| 541/576 [01:06<00:04,  8.14it/s]
 94%|█████████▍| 542/576 [01:06<00:04,  8.12it/s]
 94%|█████████▍| 543/576 [01:07<00:04,  7.98it/s]
 94%|█████████▍| 544/576 [01:07<00:04,  7.90it/s]
 95%|█████████▍| 545/576 [01:07<00:03,  7.87it/s]
 95%|█████████▍| 546/576 [01:07<00:03,  7.89it/s]
 95%|█████████▍| 547/576 [01:07<00:03,  7.94it/s]
 95%|█████████▌| 548/576 [01:07<00:03,  8.00it/s]
 95%|█████████▌| 549/576 [01:07<00:03,  8.02it/s]
 95%|█████████▌| 550/576 [01:07<00:03,  8.06it/s]
 96%|█████████▌| 551/576 [01:08<00:03,  8.07it/s]
 96%|█████████▌| 552/576 [01:08<00:02,  8.08it/s]
 96%|█████████▌| 553/576 [01:08<00:02,  8.08it/s]
 96%|█████████▌| 554/576 [01:08<00:02,  8.05it/s]
 96%|█████████▋| 555/576 [01:08<00:02,  8.07it/s]
 97%|█████████▋| 556/576 [01:08<00:02,  8.10it/s]
 97%|█████████▋| 557/576 [01:08<00:02,  8.10it/s]
 97%|█████████▋| 558/576 [01:08<00:02,  8.11it/s]
 97%|█████████▋| 559/576 [01:09<00:02,  8.12it/s]
 97%|█████████▋| 560/576 [01:09<00:01,  8.11it/s]
 97%|█████████▋| 561/576 [01:09<00:01,  8.11it/s]
 98%|█████████▊| 562/576 [01:09<00:01,  8.10it/s]
 98%|█████████▊| 563/576 [01:09<00:01,  8.10it/s]
 98%|█████████▊| 564/576 [01:09<00:01,  7.94it/s]
 98%|█████████▊| 565/576 [01:09<00:01,  7.94it/s]
 98%|█████████▊| 566/576 [01:09<00:01,  7.99it/s]
 98%|█████████▊| 567/576 [01:10<00:01,  8.01it/s]
 99%|█████████▊| 568/576 [01:10<00:00,  8.06it/s]
 99%|█████████▉| 569/576 [01:10<00:00,  8.08it/s]
 99%|█████████▉| 570/576 [01:10<00:00,  8.08it/s]
 99%|█████████▉| 571/576 [01:10<00:00,  8.09it/s]
 99%|█████████▉| 572/576 [01:10<00:00,  8.11it/s]
 99%|█████████▉| 573/576 [01:10<00:00,  8.13it/s]
100%|█████████▉| 574/576 [01:10<00:00,  8.12it/s]
100%|█████████▉| 575/576 [01:11<00:00,  8.03it/s]
100%|██████████| 576/576 [01:11<00:00,  8.06it/s]
100%|██████████| 576/576 [01:11<00:00,  8.09it/s]

  0%|          | 0/576 [00:00<?, ?it/s]
  0%|          | 1/576 [00:00<03:28,  2.75it/s]
  0%|          | 2/576 [00:00<03:30,  2.73it/s]
  1%|          | 3/576 [00:01<03:31,  2.70it/s]
  1%|          | 4/576 [00:01<03:30,  2.72it/s]
  1%|          | 5/576 [00:01<03:29,  2.72it/s]
  1%|          | 6/576 [00:02<03:29,  2.72it/s]
  1%|          | 7/576 [00:02<03:29,  2.71it/s]
  1%|▏         | 8/576 [00:02<03:29,  2.71it/s]
  2%|▏         | 9/576 [00:03<03:28,  2.72it/s]
  2%|▏         | 10/576 [00:03<03:28,  2.72it/s]
  2%|▏         | 11/576 [00:04<03:27,  2.73it/s]
  2%|▏         | 12/576 [00:04<03:26,  2.73it/s]
  2%|▏         | 13/576 [00:04<03:26,  2.72it/s]
  2%|▏         | 14/576 [00:05<03:25,  2.73it/s]
  3%|▎         | 15/576 [00:05<03:25,  2.73it/s]
  3%|▎         | 16/576 [00:05<03:25,  2.72it/s]
  3%|▎         | 17/576 [00:06<03:24,  2.73it/s]
  3%|▎         | 18/576 [00:06<03:24,  2.73it/s]
  3%|▎         | 19/576 [00:06<03:24,  2.72it/s]
  3%|▎         | 20/576 [00:07<03:23,  2.73it/s]
  4%|▎         | 21/576 [00:07<03:23,  2.72it/s]
  4%|▍         | 22/576 [00:08<03:23,  2.73it/s]
  4%|▍         | 23/576 [00:08<03:22,  2.73it/s]
  4%|▍         | 24/576 [00:08<03:23,  2.71it/s]
  4%|▍         | 25/576 [00:09<03:22,  2.72it/s]
  5%|▍         | 26/576 [00:09<03:22,  2.72it/s]
  5%|▍         | 27/576 [00:09<03:22,  2.72it/s]
  5%|▍         | 28/576 [00:10<03:21,  2.73it/s]
  5%|▌         | 29/576 [00:10<03:20,  2.73it/s]
  5%|▌         | 30/576 [00:11<03:20,  2.72it/s]
  5%|▌         | 31/576 [00:11<03:22,  2.69it/s]
  6%|▌         | 32/576 [00:11<03:24,  2.65it/s]
  6%|▌         | 33/576 [00:12<03:24,  2.65it/s]
  6%|▌         | 34/576 [00:12<03:23,  2.66it/s]
  6%|▌         | 35/576 [00:12<03:22,  2.67it/s]
  6%|▋         | 36/576 [00:13<03:21,  2.68it/s]
  6%|▋         | 37/576 [00:13<03:20,  2.69it/s]
  7%|▋         | 38/576 [00:14<03:19,  2.70it/s]
  7%|▋         | 39/576 [00:14<03:19,  2.70it/s]
  7%|▋         | 40/576 [00:14<03:18,  2.70it/s]
  7%|▋         | 41/576 [00:15<03:18,  2.70it/s]
  7%|▋         | 42/576 [00:15<03:17,  2.70it/s]
  7%|▋         | 43/576 [00:15<03:17,  2.69it/s]
  8%|▊         | 44/576 [00:16<03:17,  2.70it/s]
  8%|▊         | 45/576 [00:16<03:16,  2.70it/s]
  8%|▊         | 46/576 [00:16<03:15,  2.71it/s]
  8%|▊         | 47/576 [00:17<03:14,  2.72it/s]
  8%|▊         | 48/576 [00:17<03:14,  2.71it/s]
  9%|▊         | 49/576 [00:18<03:14,  2.71it/s]
  9%|▊         | 50/576 [00:18<03:14,  2.71it/s]
  9%|▉         | 51/576 [00:18<03:13,  2.71it/s]
  9%|▉         | 52/576 [00:19<03:13,  2.71it/s]
  9%|▉         | 53/576 [00:19<03:13,  2.71it/s]
  9%|▉         | 54/576 [00:19<03:12,  2.71it/s]
 10%|▉         | 55/576 [00:20<03:11,  2.72it/s]
 10%|▉         | 56/576 [00:20<03:11,  2.72it/s]
 10%|▉         | 57/576 [00:21<03:10,  2.72it/s]
 10%|█         | 58/576 [00:21<03:10,  2.72it/s]
 10%|█         | 59/576 [00:21<03:09,  2.73it/s]
 10%|█         | 60/576 [00:22<03:14,  2.65it/s]
 11%|█         | 61/576 [00:22<03:12,  2.68it/s]
 11%|█         | 62/576 [00:22<03:10,  2.69it/s]
 11%|█         | 63/576 [00:23<03:09,  2.71it/s]
 11%|█         | 64/576 [00:23<03:08,  2.71it/s]
 11%|█▏        | 65/576 [00:23<03:07,  2.72it/s]
 11%|█▏        | 66/576 [00:24<03:07,  2.72it/s]
 12%|█▏        | 67/576 [00:24<03:06,  2.73it/s]
 12%|█▏        | 68/576 [00:25<03:06,  2.72it/s]
 12%|█▏        | 69/576 [00:25<03:05,  2.73it/s]
 12%|█▏        | 70/576 [00:25<03:05,  2.72it/s]
 12%|█▏        | 71/576 [00:26<03:05,  2.72it/s]
 12%|█▎        | 72/576 [00:26<03:04,  2.73it/s]
 13%|█▎        | 73/576 [00:26<03:04,  2.72it/s]
 13%|█▎        | 74/576 [00:27<03:03,  2.73it/s]
 13%|█▎        | 75/576 [00:27<03:03,  2.73it/s]
 13%|█▎        | 76/576 [00:28<03:03,  2.72it/s]
 13%|█▎        | 77/576 [00:28<03:02,  2.73it/s]
 14%|█▎        | 78/576 [00:28<03:02,  2.74it/s]
 14%|█▎        | 79/576 [00:29<03:01,  2.74it/s]
 14%|█▍        | 80/576 [00:29<03:01,  2.73it/s]
 14%|█▍        | 81/576 [00:29<03:01,  2.73it/s]
 14%|█▍        | 82/576 [00:30<03:01,  2.72it/s]
 14%|█▍        | 83/576 [00:30<03:01,  2.72it/s]
 15%|█▍        | 84/576 [00:30<03:01,  2.72it/s]
 15%|█▍        | 85/576 [00:31<03:00,  2.72it/s]
 15%|█▍        | 86/576 [00:31<02:59,  2.73it/s]
 15%|█▌        | 87/576 [00:32<02:59,  2.73it/s]
 15%|█▌        | 88/576 [00:32<02:59,  2.72it/s]
 15%|█▌        | 89/576 [00:32<02:58,  2.73it/s]
 16%|█▌        | 90/576 [00:33<02:57,  2.73it/s]
 16%|█▌        | 91/576 [00:33<02:57,  2.73it/s]
 16%|█▌        | 92/576 [00:33<02:56,  2.74it/s]
 16%|█▌        | 93/576 [00:34<02:56,  2.74it/s]
 16%|█▋        | 94/576 [00:34<02:56,  2.74it/s]
 16%|█▋        | 95/576 [00:34<02:55,  2.74it/s]
 17%|█▋        | 96/576 [00:35<02:55,  2.73it/s]
 17%|█▋        | 97/576 [00:35<02:54,  2.74it/s]
 17%|█▋        | 98/576 [00:36<02:55,  2.73it/s]
 17%|█▋        | 99/576 [00:36<02:55,  2.72it/s]
 17%|█▋        | 100/576 [00:36<02:54,  2.73it/s]
 18%|█▊        | 101/576 [00:37<02:54,  2.72it/s]
 18%|█▊        | 102/576 [00:37<02:54,  2.72it/s]
 18%|█▊        | 103/576 [00:37<02:53,  2.72it/s]
 18%|█▊        | 104/576 [00:38<02:53,  2.72it/s]
 18%|█▊        | 105/576 [00:38<02:54,  2.70it/s]
 18%|█▊        | 106/576 [00:39<02:55,  2.67it/s]
 19%|█▊        | 107/576 [00:39<02:57,  2.64it/s]
 19%|█▉        | 108/576 [00:39<02:57,  2.64it/s]
 19%|█▉        | 109/576 [00:40<02:56,  2.65it/s]
 19%|█▉        | 110/576 [00:40<02:55,  2.65it/s]
 19%|█▉        | 111/576 [00:40<02:54,  2.66it/s]
 19%|█▉        | 112/576 [00:41<02:53,  2.67it/s]
 20%|█▉        | 113/576 [00:41<02:52,  2.68it/s]
 20%|█▉        | 114/576 [00:42<02:51,  2.70it/s]
 20%|█▉        | 115/576 [00:42<02:50,  2.70it/s]
 20%|██        | 116/576 [00:42<02:50,  2.70it/s]
 20%|██        | 117/576 [00:43<02:50,  2.70it/s]
 20%|██        | 118/576 [00:43<02:49,  2.71it/s]
 21%|██        | 119/576 [00:43<02:48,  2.71it/s]
 21%|██        | 120/576 [00:44<02:48,  2.70it/s]
 21%|██        | 121/576 [00:44<02:47,  2.71it/s]
 21%|██        | 122/576 [00:44<02:47,  2.72it/s]
 21%|██▏       | 123/576 [00:45<02:46,  2.72it/s]
 22%|██▏       | 124/576 [00:45<02:45,  2.73it/s]
 22%|██▏       | 125/576 [00:46<02:45,  2.73it/s]
 22%|██▏       | 126/576 [00:46<02:45,  2.72it/s]
 22%|██▏       | 127/576 [00:46<02:44,  2.73it/s]
 22%|██▏       | 128/576 [00:47<02:44,  2.73it/s]
 22%|██▏       | 129/576 [00:47<02:44,  2.72it/s]
 23%|██▎       | 130/576 [00:47<02:44,  2.71it/s]
 23%|██▎       | 131/576 [00:48<02:44,  2.71it/s]
 23%|██▎       | 132/576 [00:48<02:43,  2.72it/s]
 23%|██▎       | 133/576 [00:49<02:42,  2.72it/s]
 23%|██▎       | 134/576 [00:49<02:42,  2.72it/s]
 23%|██▎       | 135/576 [00:49<02:41,  2.73it/s]
 24%|██▎       | 136/576 [00:50<02:41,  2.73it/s]
 24%|██▍       | 137/576 [00:50<02:41,  2.73it/s]
 24%|██▍       | 138/576 [00:50<02:42,  2.70it/s]
 24%|██▍       | 139/576 [00:51<02:41,  2.71it/s]
 24%|██▍       | 140/576 [00:51<02:40,  2.72it/s]
 24%|██▍       | 141/576 [00:52<02:44,  2.64it/s]
 25%|██▍       | 142/576 [00:52<02:42,  2.66it/s]
 25%|██▍       | 143/576 [00:52<02:41,  2.68it/s]
 25%|██▌       | 144/576 [00:53<02:41,  2.68it/s]
 25%|██▌       | 145/576 [00:53<02:42,  2.66it/s]
 25%|██▌       | 146/576 [00:53<02:41,  2.66it/s]
 26%|██▌       | 147/576 [00:54<02:39,  2.68it/s]
 26%|██▌       | 148/576 [00:54<02:38,  2.69it/s]
 26%|██▌       | 149/576 [00:54<02:38,  2.70it/s]
 26%|██▌       | 150/576 [00:55<02:37,  2.70it/s]
 26%|██▌       | 151/576 [00:55<02:37,  2.70it/s]
 26%|██▋       | 152/576 [00:56<02:36,  2.71it/s]
 27%|██▋       | 153/576 [00:56<02:36,  2.71it/s]
 27%|██▋       | 154/576 [00:56<02:35,  2.71it/s]
 27%|██▋       | 155/576 [00:57<02:34,  2.72it/s]
 27%|██▋       | 156/576 [00:57<02:33,  2.73it/s]
 27%|██▋       | 157/576 [00:57<02:33,  2.72it/s]
 27%|██▋       | 158/576 [00:58<02:33,  2.72it/s]
 28%|██▊       | 159/576 [00:58<02:32,  2.73it/s]
 28%|██▊       | 160/576 [00:59<02:32,  2.73it/s]
 28%|██▊       | 161/576 [00:59<02:31,  2.74it/s]
 28%|██▊       | 162/576 [00:59<02:31,  2.73it/s]
 28%|██▊       | 163/576 [01:00<02:31,  2.73it/s]
 28%|██▊       | 164/576 [01:00<02:31,  2.73it/s]
 29%|██▊       | 165/576 [01:00<02:30,  2.72it/s]
 29%|██▉       | 166/576 [01:01<02:30,  2.72it/s]
 29%|██▉       | 167/576 [01:01<02:30,  2.72it/s]
 29%|██▉       | 168/576 [01:01<02:29,  2.72it/s]
 29%|██▉       | 169/576 [01:02<02:29,  2.73it/s]
 30%|██▉       | 170/576 [01:02<02:29,  2.72it/s]
 30%|██▉       | 171/576 [01:03<02:28,  2.73it/s]
 30%|██▉       | 172/576 [01:03<02:27,  2.73it/s]
 30%|███       | 173/576 [01:03<02:27,  2.74it/s]
 30%|███       | 174/576 [01:04<02:27,  2.73it/s]
 30%|███       | 175/576 [01:04<02:27,  2.72it/s]
 31%|███       | 176/576 [01:04<02:26,  2.73it/s]
 31%|███       | 177/576 [01:05<02:26,  2.73it/s]
 31%|███       | 178/576 [01:05<02:26,  2.72it/s]
 31%|███       | 179/576 [01:06<02:28,  2.68it/s]
 31%|███▏      | 180/576 [01:06<02:27,  2.69it/s]
 31%|███▏      | 181/576 [01:06<02:26,  2.69it/s]
 32%|███▏      | 182/576 [01:07<02:26,  2.69it/s]
 32%|███▏      | 183/576 [01:07<02:26,  2.69it/s]
 32%|███▏      | 184/576 [01:07<02:25,  2.69it/s]
 32%|███▏      | 185/576 [01:08<02:25,  2.69it/s]
 32%|███▏      | 186/576 [01:08<02:24,  2.70it/s]
 32%|███▏      | 187/576 [01:08<02:23,  2.71it/s]
 33%|███▎      | 188/576 [01:09<02:22,  2.72it/s]
 33%|███▎      | 189/576 [01:09<02:23,  2.70it/s]
 33%|███▎      | 190/576 [01:10<02:22,  2.70it/s]
 33%|███▎      | 191/576 [01:10<02:22,  2.71it/s]
 33%|███▎      | 192/576 [01:10<02:22,  2.70it/s]
 34%|███▎      | 193/576 [01:11<02:21,  2.71it/s]
 34%|███▎      | 194/576 [01:11<02:20,  2.72it/s]
 34%|███▍      | 195/576 [01:11<02:19,  2.72it/s]
 34%|███▍      | 196/576 [01:12<02:19,  2.72it/s]
 34%|███▍      | 197/576 [01:12<02:19,  2.71it/s]
 34%|███▍      | 198/576 [01:13<02:18,  2.72it/s]
 35%|███▍      | 199/576 [01:13<02:18,  2.72it/s]
 35%|███▍      | 200/576 [01:13<02:18,  2.72it/s]
 35%|███▍      | 201/576 [01:14<02:17,  2.73it/s]
 35%|███▌      | 202/576 [01:14<02:18,  2.70it/s]
 35%|███▌      | 203/576 [01:14<02:18,  2.69it/s]
 35%|███▌      | 204/576 [01:15<02:17,  2.71it/s]
 36%|███▌      | 205/576 [01:15<02:17,  2.71it/s]
 36%|███▌      | 206/576 [01:15<02:16,  2.72it/s]
 36%|███▌      | 207/576 [01:16<02:15,  2.72it/s]
 36%|███▌      | 208/576 [01:16<02:15,  2.72it/s]
 36%|███▋      | 209/576 [01:17<02:14,  2.72it/s]
 36%|███▋      | 210/576 [01:17<02:14,  2.72it/s]
 37%|███▋      | 211/576 [01:17<02:14,  2.72it/s]
 37%|███▋      | 212/576 [01:18<02:13,  2.72it/s]
 37%|███▋      | 213/576 [01:18<02:13,  2.72it/s]
 37%|███▋      | 214/576 [01:18<02:12,  2.73it/s]
 37%|███▋      | 215/576 [01:19<02:12,  2.73it/s]
 38%|███▊      | 216/576 [01:19<02:13,  2.70it/s]
 38%|███▊      | 217/576 [01:20<02:12,  2.71it/s]
 38%|███▊      | 218/576 [01:20<02:11,  2.72it/s]
 38%|███▊      | 219/576 [01:20<02:11,  2.72it/s]
 38%|███▊      | 220/576 [01:21<02:10,  2.72it/s]
 38%|███▊      | 221/576 [01:21<02:10,  2.72it/s]
 39%|███▊      | 222/576 [01:21<02:13,  2.64it/s]
 39%|███▊      | 223/576 [01:22<02:12,  2.66it/s]
 39%|███▉      | 224/576 [01:22<02:11,  2.67it/s]
 39%|███▉      | 225/576 [01:23<02:10,  2.69it/s]
 39%|███▉      | 226/576 [01:23<02:09,  2.71it/s]
 39%|███▉      | 227/576 [01:23<02:08,  2.72it/s]
 40%|███▉      | 228/576 [01:24<02:07,  2.72it/s]
 40%|███▉      | 229/576 [01:24<02:08,  2.70it/s]
 40%|███▉      | 230/576 [01:24<02:07,  2.70it/s]
 40%|████      | 231/576 [01:25<02:07,  2.70it/s]
 40%|████      | 232/576 [01:25<02:06,  2.71it/s]
 40%|████      | 233/576 [01:25<02:06,  2.71it/s]
 41%|████      | 234/576 [01:26<02:05,  2.72it/s]
 41%|████      | 235/576 [01:26<02:05,  2.71it/s]
 41%|████      | 236/576 [01:27<02:05,  2.72it/s]
 41%|████      | 237/576 [01:27<02:04,  2.72it/s]
 41%|████▏     | 238/576 [01:27<02:04,  2.72it/s]
 41%|████▏     | 239/576 [01:28<02:03,  2.72it/s]
 42%|████▏     | 240/576 [01:28<02:04,  2.70it/s]
 42%|████▏     | 241/576 [01:28<02:04,  2.69it/s]
 42%|████▏     | 242/576 [01:29<02:03,  2.70it/s]
 42%|████▏     | 243/576 [01:29<02:02,  2.71it/s]
 42%|████▏     | 244/576 [01:30<02:02,  2.72it/s]
 43%|████▎     | 245/576 [01:30<02:01,  2.72it/s]
 43%|████▎     | 246/576 [01:30<02:01,  2.72it/s]
 43%|████▎     | 247/576 [01:31<02:01,  2.71it/s]
 43%|████▎     | 248/576 [01:31<02:00,  2.72it/s]
 43%|████▎     | 249/576 [01:31<02:00,  2.72it/s]
 43%|████▎     | 250/576 [01:32<02:01,  2.69it/s]
 44%|████▎     | 251/576 [01:32<02:00,  2.69it/s]
 44%|████▍     | 252/576 [01:32<02:00,  2.68it/s]
 44%|████▍     | 253/576 [01:33<02:00,  2.68it/s]
 44%|████▍     | 254/576 [01:33<02:00,  2.68it/s]
 44%|████▍     | 255/576 [01:34<02:00,  2.67it/s]
 44%|████▍     | 256/576 [01:34<01:59,  2.68it/s]
 45%|████▍     | 257/576 [01:34<01:58,  2.68it/s]
 45%|████▍     | 258/576 [01:35<01:58,  2.69it/s]
 45%|████▍     | 259/576 [01:35<01:57,  2.69it/s]
 45%|████▌     | 260/576 [01:35<01:57,  2.69it/s]
 45%|████▌     | 261/576 [01:36<01:57,  2.69it/s]
 45%|████▌     | 262/576 [01:36<01:56,  2.70it/s]
 46%|████▌     | 263/576 [01:37<01:55,  2.70it/s]
 46%|████▌     | 264/576 [01:37<01:55,  2.70it/s]
 46%|████▌     | 265/576 [01:37<01:55,  2.70it/s]
 46%|████▌     | 266/576 [01:38<01:54,  2.71it/s]
 46%|████▋     | 267/576 [01:38<01:53,  2.71it/s]
 47%|████▋     | 268/576 [01:38<01:54,  2.68it/s]
 47%|████▋     | 269/576 [01:39<01:54,  2.67it/s]
 47%|████▋     | 270/576 [01:39<01:53,  2.69it/s]
 47%|████▋     | 271/576 [01:40<01:53,  2.69it/s]
 47%|████▋     | 272/576 [01:40<01:52,  2.71it/s]
 47%|████▋     | 273/576 [01:40<01:52,  2.71it/s]
 48%|████▊     | 274/576 [01:41<01:51,  2.71it/s]
 48%|████▊     | 275/576 [01:41<01:50,  2.72it/s]
 48%|████▊     | 276/576 [01:41<01:50,  2.70it/s]
 48%|████▊     | 277/576 [01:42<01:50,  2.71it/s]
 48%|████▊     | 278/576 [01:42<01:49,  2.72it/s]
 48%|████▊     | 279/576 [01:42<01:49,  2.71it/s]
 49%|████▊     | 280/576 [01:43<01:48,  2.72it/s]
 49%|████▉     | 281/576 [01:43<01:48,  2.72it/s]
 49%|████▉     | 282/576 [01:44<01:48,  2.72it/s]
 49%|████▉     | 283/576 [01:44<01:47,  2.73it/s]
 49%|████▉     | 284/576 [01:44<01:47,  2.72it/s]
 49%|████▉     | 285/576 [01:45<01:47,  2.72it/s]
 50%|████▉     | 286/576 [01:45<01:46,  2.72it/s]
 50%|████▉     | 287/576 [01:45<01:46,  2.72it/s]
 50%|█████     | 288/576 [01:46<01:45,  2.72it/s]
 50%|█████     | 289/576 [01:46<01:45,  2.71it/s]
 50%|█████     | 290/576 [01:47<01:45,  2.71it/s]
 51%|█████     | 291/576 [01:47<01:44,  2.72it/s]
 51%|█████     | 292/576 [01:47<01:44,  2.72it/s]
 51%|█████     | 293/576 [01:48<01:44,  2.72it/s]
 51%|█████     | 294/576 [01:48<01:43,  2.72it/s]
 51%|█████     | 295/576 [01:48<01:43,  2.72it/s]
 51%|█████▏    | 296/576 [01:49<01:42,  2.72it/s]
 52%|█████▏    | 297/576 [01:49<01:42,  2.73it/s]
 52%|█████▏    | 298/576 [01:49<01:41,  2.73it/s]
 52%|█████▏    | 299/576 [01:50<01:41,  2.73it/s]
 52%|█████▏    | 300/576 [01:50<01:41,  2.72it/s]
 52%|█████▏    | 301/576 [01:51<01:40,  2.72it/s]
 52%|█████▏    | 302/576 [01:51<01:40,  2.72it/s]
 53%|█████▎    | 303/576 [01:51<01:42,  2.66it/s]
 53%|█████▎    | 304/576 [01:52<01:43,  2.64it/s]
 53%|█████▎    | 305/576 [01:52<01:41,  2.67it/s]
 53%|█████▎    | 306/576 [01:52<01:40,  2.69it/s]
 53%|█████▎    | 307/576 [01:53<01:39,  2.69it/s]
 53%|█████▎    | 308/576 [01:53<01:39,  2.70it/s]
 54%|█████▎    | 309/576 [01:54<01:39,  2.69it/s]
 54%|█████▍    | 310/576 [01:54<01:38,  2.70it/s]
 54%|█████▍    | 311/576 [01:54<01:38,  2.70it/s]
 54%|█████▍    | 312/576 [01:55<01:37,  2.70it/s]
 54%|█████▍    | 313/576 [01:55<01:36,  2.71it/s]
 55%|█████▍    | 314/576 [01:55<01:36,  2.72it/s]
 55%|█████▍    | 315/576 [01:56<01:35,  2.72it/s]
 55%|█████▍    | 316/576 [01:56<01:35,  2.72it/s]
 55%|█████▌    | 317/576 [01:56<01:34,  2.73it/s]
 55%|█████▌    | 318/576 [01:57<01:34,  2.72it/s]
 55%|█████▌    | 319/576 [01:57<01:34,  2.73it/s]
 56%|█████▌    | 320/576 [01:58<01:34,  2.71it/s]
 56%|█████▌    | 321/576 [01:58<01:33,  2.72it/s]
 56%|█████▌    | 322/576 [01:58<01:34,  2.68it/s]
 56%|█████▌    | 323/576 [01:59<01:34,  2.68it/s]
 56%|█████▋    | 324/576 [01:59<01:33,  2.69it/s]
 56%|█████▋    | 325/576 [01:59<01:33,  2.70it/s]
 57%|█████▋    | 326/576 [02:00<01:33,  2.69it/s]
 57%|█████▋    | 327/576 [02:00<01:32,  2.68it/s]
 57%|█████▋    | 328/576 [02:01<01:31,  2.70it/s]
 57%|█████▋    | 329/576 [02:01<01:31,  2.71it/s]
 57%|█████▋    | 330/576 [02:01<01:30,  2.72it/s]
 57%|█████▋    | 331/576 [02:02<01:30,  2.71it/s]
 58%|█████▊    | 332/576 [02:02<01:30,  2.71it/s]
 58%|█████▊    | 333/576 [02:02<01:29,  2.72it/s]
 58%|█████▊    | 334/576 [02:03<01:29,  2.71it/s]
 58%|█████▊    | 335/576 [02:03<01:28,  2.71it/s]
 58%|█████▊    | 336/576 [02:04<01:28,  2.72it/s]
 59%|█████▊    | 337/576 [02:04<01:27,  2.72it/s]
 59%|█████▊    | 338/576 [02:04<01:27,  2.71it/s]
 59%|█████▉    | 339/576 [02:05<01:27,  2.71it/s]
 59%|█████▉    | 340/576 [02:05<01:27,  2.71it/s]
 59%|█████▉    | 341/576 [02:05<01:26,  2.70it/s]
 59%|█████▉    | 342/576 [02:06<01:26,  2.70it/s]
 60%|█████▉    | 343/576 [02:06<01:26,  2.71it/s]
 60%|█████▉    | 344/576 [02:06<01:25,  2.72it/s]
 60%|█████▉    | 345/576 [02:07<01:25,  2.71it/s]
 60%|██████    | 346/576 [02:07<01:24,  2.71it/s]
 60%|██████    | 347/576 [02:08<01:24,  2.72it/s]
 60%|██████    | 348/576 [02:08<01:23,  2.72it/s]
 61%|██████    | 349/576 [02:08<01:23,  2.72it/s]
 61%|██████    | 350/576 [02:09<01:24,  2.69it/s]
 61%|██████    | 351/576 [02:09<01:23,  2.69it/s]
 61%|██████    | 352/576 [02:09<01:23,  2.70it/s]
 61%|██████▏   | 353/576 [02:10<01:22,  2.69it/s]
 61%|██████▏   | 354/576 [02:10<01:23,  2.67it/s]
 62%|██████▏   | 355/576 [02:11<01:22,  2.67it/s]
 62%|██████▏   | 356/576 [02:11<01:22,  2.67it/s]
 62%|██████▏   | 357/576 [02:11<01:21,  2.68it/s]
 62%|██████▏   | 358/576 [02:12<01:20,  2.70it/s]
 62%|██████▏   | 359/576 [02:12<01:20,  2.70it/s]
 62%|██████▎   | 360/576 [02:12<01:19,  2.71it/s]
 63%|██████▎   | 361/576 [02:13<01:19,  2.70it/s]
 63%|██████▎   | 362/576 [02:13<01:18,  2.71it/s]
 63%|██████▎   | 363/576 [02:14<01:18,  2.71it/s]
 63%|██████▎   | 364/576 [02:14<01:18,  2.72it/s]
 63%|██████▎   | 365/576 [02:14<01:17,  2.72it/s]
 64%|██████▎   | 366/576 [02:15<01:17,  2.71it/s]
 64%|██████▎   | 367/576 [02:15<01:17,  2.71it/s]
 64%|██████▍   | 368/576 [02:15<01:17,  2.70it/s]
 64%|██████▍   | 369/576 [02:16<01:16,  2.71it/s]
 64%|██████▍   | 370/576 [02:16<01:15,  2.71it/s]
 64%|██████▍   | 371/576 [02:16<01:15,  2.70it/s]
 65%|██████▍   | 372/576 [02:17<01:15,  2.71it/s]
 65%|██████▍   | 373/576 [02:17<01:15,  2.71it/s]
 65%|██████▍   | 374/576 [02:18<01:14,  2.71it/s]
 65%|██████▌   | 375/576 [02:18<01:14,  2.71it/s]
 65%|██████▌   | 376/576 [02:18<01:13,  2.71it/s]
 65%|██████▌   | 377/576 [02:19<01:13,  2.71it/s]
 66%|██████▌   | 378/576 [02:19<01:13,  2.71it/s]
 66%|██████▌   | 379/576 [02:19<01:12,  2.71it/s]
 66%|██████▌   | 380/576 [02:20<01:12,  2.72it/s]
 66%|██████▌   | 381/576 [02:20<01:11,  2.72it/s]
 66%|██████▋   | 382/576 [02:21<01:11,  2.73it/s]
 66%|██████▋   | 383/576 [02:21<01:10,  2.72it/s]
 67%|██████▋   | 384/576 [02:21<01:10,  2.71it/s]
 67%|██████▋   | 385/576 [02:22<01:12,  2.64it/s]
 67%|██████▋   | 386/576 [02:22<01:11,  2.65it/s]
 67%|██████▋   | 387/576 [02:22<01:11,  2.64it/s]
 67%|██████▋   | 388/576 [02:23<01:10,  2.66it/s]
 68%|██████▊   | 389/576 [02:23<01:10,  2.66it/s]
 68%|██████▊   | 390/576 [02:24<01:09,  2.67it/s]
 68%|██████▊   | 391/576 [02:24<01:09,  2.67it/s]
 68%|██████▊   | 392/576 [02:24<01:08,  2.67it/s]
 68%|██████▊   | 393/576 [02:25<01:08,  2.68it/s]
 68%|██████▊   | 394/576 [02:25<01:07,  2.69it/s]
 69%|██████▊   | 395/576 [02:25<01:06,  2.70it/s]
 69%|██████▉   | 396/576 [02:26<01:06,  2.71it/s]
 69%|██████▉   | 397/576 [02:26<01:06,  2.70it/s]
 69%|██████▉   | 398/576 [02:26<01:05,  2.70it/s]
 69%|██████▉   | 399/576 [02:27<01:05,  2.71it/s]
 69%|██████▉   | 400/576 [02:27<01:04,  2.71it/s]
 70%|██████▉   | 401/576 [02:28<01:04,  2.72it/s]
 70%|██████▉   | 402/576 [02:28<01:03,  2.73it/s]
 70%|██████▉   | 403/576 [02:28<01:03,  2.72it/s]
 70%|███████   | 404/576 [02:29<01:03,  2.71it/s]
 70%|███████   | 405/576 [02:29<01:03,  2.71it/s]
 70%|███████   | 406/576 [02:29<01:02,  2.70it/s]
 71%|███████   | 407/576 [02:30<01:02,  2.71it/s]
 71%|███████   | 408/576 [02:30<01:01,  2.72it/s]
 71%|███████   | 409/576 [02:31<01:01,  2.71it/s]
 71%|███████   | 410/576 [02:31<01:00,  2.72it/s]
 71%|███████▏  | 411/576 [02:31<01:00,  2.72it/s]
 72%|███████▏  | 412/576 [02:32<01:00,  2.72it/s]
 72%|███████▏  | 413/576 [02:32<00:59,  2.73it/s]
 72%|███████▏  | 414/576 [02:32<00:59,  2.73it/s]
 72%|███████▏  | 415/576 [02:33<00:58,  2.73it/s]
 72%|███████▏  | 416/576 [02:33<00:58,  2.73it/s]
 72%|███████▏  | 417/576 [02:33<00:58,  2.73it/s]
 73%|███████▎  | 418/576 [02:34<00:57,  2.73it/s]
 73%|███████▎  | 419/576 [02:34<00:57,  2.72it/s]
 73%|███████▎  | 420/576 [02:35<00:57,  2.71it/s]
 73%|███████▎  | 421/576 [02:35<00:57,  2.72it/s]
 73%|███████▎  | 422/576 [02:35<00:56,  2.71it/s]
 73%|███████▎  | 423/576 [02:36<00:56,  2.72it/s]
 74%|███████▎  | 424/576 [02:36<00:55,  2.72it/s]
 74%|███████▍  | 425/576 [02:36<00:55,  2.71it/s]
 74%|███████▍  | 426/576 [02:37<00:55,  2.72it/s]
 74%|███████▍  | 427/576 [02:37<00:54,  2.73it/s]
 74%|███████▍  | 428/576 [02:38<00:54,  2.72it/s]
 74%|███████▍  | 429/576 [02:38<00:53,  2.73it/s]
 75%|███████▍  | 430/576 [02:38<00:53,  2.72it/s]
 75%|███████▍  | 431/576 [02:39<00:53,  2.72it/s]
 75%|███████▌  | 432/576 [02:39<00:52,  2.73it/s]
 75%|███████▌  | 433/576 [02:39<00:52,  2.73it/s]
 75%|███████▌  | 434/576 [02:40<00:52,  2.73it/s]
 76%|███████▌  | 435/576 [02:40<00:51,  2.73it/s]
 76%|███████▌  | 436/576 [02:40<00:51,  2.73it/s]
 76%|███████▌  | 437/576 [02:41<00:51,  2.72it/s]
 76%|███████▌  | 438/576 [02:41<00:50,  2.72it/s]
 76%|███████▌  | 439/576 [02:42<00:50,  2.73it/s]
 76%|███████▋  | 440/576 [02:42<00:49,  2.73it/s]
 77%|███████▋  | 441/576 [02:42<00:49,  2.72it/s]
 77%|███████▋  | 442/576 [02:43<00:49,  2.73it/s]
 77%|███████▋  | 443/576 [02:43<00:48,  2.73it/s]
 77%|███████▋  | 444/576 [02:43<00:48,  2.72it/s]
 77%|███████▋  | 445/576 [02:44<00:48,  2.72it/s]
 77%|███████▋  | 446/576 [02:44<00:47,  2.73it/s]
 78%|███████▊  | 447/576 [02:44<00:47,  2.73it/s]
 78%|███████▊  | 448/576 [02:45<00:46,  2.73it/s]
 78%|███████▊  | 449/576 [02:45<00:46,  2.73it/s]
 78%|███████▊  | 450/576 [02:46<00:46,  2.72it/s]
 78%|███████▊  | 451/576 [02:46<00:45,  2.73it/s]
 78%|███████▊  | 452/576 [02:46<00:45,  2.73it/s]
 79%|███████▊  | 453/576 [02:47<00:45,  2.71it/s]
 79%|███████▉  | 454/576 [02:47<00:45,  2.68it/s]
 79%|███████▉  | 455/576 [02:47<00:45,  2.69it/s]
 79%|███████▉  | 456/576 [02:48<00:44,  2.69it/s]
 79%|███████▉  | 457/576 [02:48<00:44,  2.70it/s]
 80%|███████▉  | 458/576 [02:49<00:43,  2.70it/s]
 80%|███████▉  | 459/576 [02:49<00:43,  2.69it/s]
 80%|███████▉  | 460/576 [02:49<00:43,  2.69it/s]
 80%|████████  | 461/576 [02:50<00:42,  2.70it/s]
 80%|████████  | 462/576 [02:50<00:42,  2.70it/s]
 80%|████████  | 463/576 [02:50<00:41,  2.70it/s]
 81%|████████  | 464/576 [02:51<00:41,  2.70it/s]
 81%|████████  | 465/576 [02:51<00:41,  2.70it/s]
 81%|████████  | 466/576 [02:52<00:41,  2.64it/s]
 81%|████████  | 467/576 [02:52<00:40,  2.67it/s]
 81%|████████▏ | 468/576 [02:52<00:40,  2.64it/s]
 81%|████████▏ | 469/576 [02:53<00:40,  2.66it/s]
 82%|████████▏ | 470/576 [02:53<00:39,  2.68it/s]
 82%|████████▏ | 471/576 [02:53<00:39,  2.68it/s]
 82%|████████▏ | 472/576 [02:54<00:38,  2.68it/s]
 82%|████████▏ | 473/576 [02:54<00:38,  2.67it/s]
 82%|████████▏ | 474/576 [02:55<00:38,  2.68it/s]
 82%|████████▏ | 475/576 [02:55<00:37,  2.69it/s]
 83%|████████▎ | 476/576 [02:55<00:37,  2.70it/s]
 83%|████████▎ | 477/576 [02:56<00:36,  2.69it/s]
 83%|████████▎ | 478/576 [02:56<00:36,  2.69it/s]
 83%|████████▎ | 479/576 [02:56<00:36,  2.68it/s]
 83%|████████▎ | 480/576 [02:57<00:35,  2.70it/s]
 84%|████████▎ | 481/576 [02:57<00:35,  2.70it/s]
 84%|████████▎ | 482/576 [02:57<00:34,  2.71it/s]
 84%|████████▍ | 483/576 [02:58<00:34,  2.72it/s]
 84%|████████▍ | 484/576 [02:58<00:33,  2.71it/s]
 84%|████████▍ | 485/576 [02:59<00:33,  2.72it/s]
 84%|████████▍ | 486/576 [02:59<00:33,  2.72it/s]
 85%|████████▍ | 487/576 [02:59<00:32,  2.72it/s]
 85%|████████▍ | 488/576 [03:00<00:32,  2.71it/s]
 85%|████████▍ | 489/576 [03:00<00:32,  2.70it/s]
 85%|████████▌ | 490/576 [03:00<00:31,  2.70it/s]
 85%|████████▌ | 491/576 [03:01<00:31,  2.71it/s]
 85%|████████▌ | 492/576 [03:01<00:30,  2.71it/s]
 86%|████████▌ | 493/576 [03:02<00:30,  2.72it/s]
 86%|████████▌ | 494/576 [03:02<00:30,  2.72it/s]
 86%|████████▌ | 495/576 [03:02<00:29,  2.72it/s]
 86%|████████▌ | 496/576 [03:03<00:29,  2.72it/s]
 86%|████████▋ | 497/576 [03:03<00:29,  2.72it/s]
 86%|████████▋ | 498/576 [03:03<00:28,  2.72it/s]
 87%|████████▋ | 499/576 [03:04<00:28,  2.73it/s]
 87%|████████▋ | 500/576 [03:04<00:27,  2.73it/s]
 87%|████████▋ | 501/576 [03:04<00:27,  2.72it/s]
 87%|████████▋ | 502/576 [03:05<00:27,  2.72it/s]
 87%|████████▋ | 503/576 [03:05<00:26,  2.72it/s]
 88%|████████▊ | 504/576 [03:06<00:26,  2.72it/s]
 88%|████████▊ | 505/576 [03:06<00:26,  2.69it/s]
 88%|████████▊ | 506/576 [03:06<00:25,  2.69it/s]
 88%|████████▊ | 507/576 [03:07<00:25,  2.67it/s]
 88%|████████▊ | 508/576 [03:07<00:25,  2.69it/s]
 88%|████████▊ | 509/576 [03:07<00:24,  2.69it/s]
 89%|████████▊ | 510/576 [03:08<00:24,  2.70it/s]
 89%|████████▊ | 511/576 [03:08<00:24,  2.69it/s]
 89%|████████▉ | 512/576 [03:09<00:23,  2.70it/s]
 89%|████████▉ | 513/576 [03:09<00:23,  2.70it/s]
 89%|████████▉ | 514/576 [03:09<00:22,  2.70it/s]
 89%|████████▉ | 515/576 [03:10<00:22,  2.71it/s]
 90%|████████▉ | 516/576 [03:10<00:22,  2.73it/s]
 90%|████████▉ | 517/576 [03:10<00:21,  2.73it/s]
 90%|████████▉ | 518/576 [03:11<00:21,  2.72it/s]
 90%|█████████ | 519/576 [03:11<00:21,  2.71it/s]
 90%|█████████ | 520/576 [03:12<00:20,  2.72it/s]
 90%|█████████ | 521/576 [03:12<00:20,  2.71it/s]
 91%|█████████ | 522/576 [03:12<00:20,  2.70it/s]
 91%|█████████ | 523/576 [03:13<00:19,  2.68it/s]
 91%|█████████ | 524/576 [03:13<00:19,  2.68it/s]
 91%|█████████ | 525/576 [03:13<00:18,  2.69it/s]
 91%|█████████▏| 526/576 [03:14<00:18,  2.68it/s]
 91%|█████████▏| 527/576 [03:14<00:18,  2.68it/s]
 92%|█████████▏| 528/576 [03:14<00:17,  2.67it/s]
 92%|█████████▏| 529/576 [03:15<00:17,  2.68it/s]
 92%|█████████▏| 530/576 [03:15<00:17,  2.69it/s]
 92%|█████████▏| 531/576 [03:16<00:16,  2.70it/s]
 92%|█████████▏| 532/576 [03:16<00:16,  2.69it/s]
 93%|█████████▎| 533/576 [03:16<00:15,  2.70it/s]
 93%|█████████▎| 534/576 [03:17<00:15,  2.70it/s]
 93%|█████████▎| 535/576 [03:17<00:15,  2.71it/s]
 93%|█████████▎| 536/576 [03:17<00:14,  2.71it/s]
 93%|█████████▎| 537/576 [03:18<00:14,  2.71it/s]
 93%|█████████▎| 538/576 [03:18<00:14,  2.69it/s]
 94%|█████████▎| 539/576 [03:19<00:13,  2.69it/s]
 94%|█████████▍| 540/576 [03:19<00:13,  2.69it/s]
 94%|█████████▍| 541/576 [03:19<00:13,  2.69it/s]
 94%|█████████▍| 542/576 [03:20<00:12,  2.70it/s]
 94%|█████████▍| 543/576 [03:20<00:12,  2.71it/s]
 94%|█████████▍| 544/576 [03:20<00:11,  2.71it/s]
 95%|█████████▍| 545/576 [03:21<00:11,  2.71it/s]
 95%|█████████▍| 546/576 [03:21<00:11,  2.72it/s]
 95%|█████████▍| 547/576 [03:22<00:10,  2.64it/s]
 95%|█████████▌| 548/576 [03:22<00:10,  2.66it/s]
 95%|█████████▌| 549/576 [03:22<00:10,  2.68it/s]
 95%|█████████▌| 550/576 [03:23<00:09,  2.68it/s]
 96%|█████████▌| 551/576 [03:23<00:09,  2.69it/s]
 96%|█████████▌| 552/576 [03:23<00:08,  2.68it/s]
 96%|█████████▌| 553/576 [03:24<00:08,  2.70it/s]
 96%|█████████▌| 554/576 [03:24<00:08,  2.70it/s]
 96%|█████████▋| 555/576 [03:25<00:07,  2.70it/s]
 97%|█████████▋| 556/576 [03:25<00:07,  2.71it/s]
 97%|█████████▋| 557/576 [03:25<00:07,  2.71it/s]
 97%|█████████▋| 558/576 [03:26<00:06,  2.71it/s]
 97%|█████████▋| 559/576 [03:26<00:06,  2.70it/s]
 97%|█████████▋| 560/576 [03:26<00:05,  2.71it/s]
 97%|█████████▋| 561/576 [03:27<00:05,  2.72it/s]
 98%|█████████▊| 562/576 [03:27<00:05,  2.71it/s]
 98%|█████████▊| 563/576 [03:27<00:04,  2.72it/s]
 98%|█████████▊| 564/576 [03:28<00:04,  2.71it/s]
 98%|█████████▊| 565/576 [03:28<00:04,  2.72it/s]
 98%|█████████▊| 566/576 [03:29<00:03,  2.72it/s]
 98%|█████████▊| 567/576 [03:29<00:03,  2.73it/s]
 99%|█████████▊| 568/576 [03:29<00:02,  2.72it/s]
 99%|█████████▉| 569/576 [03:30<00:02,  2.73it/s]
 99%|█████████▉| 570/576 [03:30<00:02,  2.72it/s]
 99%|█████████▉| 571/576 [03:30<00:01,  2.73it/s]
 99%|█████████▉| 572/576 [03:31<00:01,  2.73it/s]
 99%|█████████▉| 573/576 [03:31<00:01,  2.72it/s]
100%|█████████▉| 574/576 [03:31<00:00,  2.73it/s]
100%|█████████▉| 575/576 [03:32<00:00,  2.73it/s]
100%|██████████| 576/576 [03:32<00:00,  2.73it/s]
100%|██████████| 576/576 [03:32<00:00,  2.71it/s]
     sub_label      obj_label             masked_sentences  uuid relation sub_label_pl  sub_position                                            def_sap                                            def_dap                                            lsp_sap                                            lsp_dap                                     anchor_lsp_sap                                  obj_mask_sentence                            obj_mask_sentence_score                                   obj_mask_def_sap                             obj_mask_def_sap_score                                   obj_mask_lsp_sap                             obj_mask_lsp_sap_score                                  subj_anchors                                 subj_anchors_score                               subj_anchors_pl                         subj_anchors_sg                  masked_sentences_with_subj_anchor                           def_dap_with_subj_anchor                           lsp_dap_with_subj_anchor  \
0      gravers  [tool, tools]      [A graver is a [MASK].]     1      IsA      gravers             2  [A gravers is a [MASK]., A gravers is an [MASK].]  [A gravers or [Z] is a [MASK]., A gravers or [...  [[MASK] such as gravers., [MASK], including gr...  [[MASK] such as gravers and [Z]., [MASK], incl...  [such as gravers and [MASK]., such as gravers ...  [digger, shovel, tool, grave, coffin, person, ...  {'digger': 0.040751419961452484, 'shovel': 0.0...  [oven, example, instrument, anchor, axe, anima...  {'oven': 0.08802129328250885, 'example': 0.041...  [people, graves, dead, workers, burials, decea...  {'people': 0.12487430833280086, 'graves': 0.12...  [markers, tombs, graves, bodies, collectors]  {'markers': 0.17831640566388765, 'tombs': 0.16...  [markers, tombs, graves, bodies, collectors]  [marker, tomb, grafe, body, collector]  [A graver is a [MASK]., A graver  or markersis...  [A gravers or marker is a [MASK]., A gravers o...  [[MASK] such as gravers and markers., [MASK] s...   
1  smallmouths         [fish]  [A smallmouth is a [MASK].]     2      IsA  smallmouths             2  [A smallmouths is a [MASK]., A smallmouths is ...  [A smallmouths or [Z] is a [MASK]., A smallmou...  [[MASK] such as smallmouths., [MASK], includin...  [[MASK] such as smallmouths and [Z]., [MASK], ...  [such as smallmouths and [MASK]., such as smal...  [fish, catfish, salmon, shark, trout, swimmer,...  {'fish': 0.7577883005142212, 'catfish': 0.1664...  [catfish, example, fish, eel, exception, insec...  {'catfish': 0.7254930138587952, 'example': 0.1...  [fish, catfish, species, things, animals, fish...  {'fish': 0.3825688896079858, 'catfish': 0.3376...            [catfish, carp, bass, pike, perch]  {'catfish': 0.8201920868772449, 'carp': 0.2299...            [catfish, carp, bass, pike, perch]      [catfish, carp, bass, pike, perch]  [A smallmouth is a [MASK]., A smallmouth  or c...  [A smallmouths or catfish is a [MASK]., A smal...  [[MASK] such as smallmouths and catfish., [MAS...   
2     pelicans  [bird, birds]     [A pelican is a [MASK].]     3      IsA     pelicans             2  [A pelicans is a [MASK]., A pelicans is an [MA...  [A pelicans or [Z] is a [MASK]., A pelicans or...  [[MASK] such as pelicans., [MASK], including p...  [[MASK] such as pelicans and [Z]., [MASK], inc...  [such as pelicans and [MASK]., such as pelican...  [bird, parrot, penguin, dolphin, fish, dog, pi...  {'bird': 0.4259684085845947, 'parrot': 0.09353...  [animal, otter, bird, aircraft, parrot, fish, ...  {'animal': 0.2199230194091797, 'otter': 0.1261...  [birds, animals, things, dolphins, species, sh...  {'birds': 0.45262210816144943, 'animals': 0.20...    [dolphins, penguins, ducks, swans, cranes]  {'dolphins': 0.2766755797437854, 'penguins': 0...    [dolphins, penguins, ducks, swans, cranes]   [dolphin, penguin, duck, swan, crane]  [A pelican is a [MASK]., A pelican  or dolphin...  [A pelicans or dolphin is a [MASK]., A pelican...  [[MASK] such as pelicans and dolphins., [MASK]...   
3   sapsuckers  [bird, birds]   [A sapsucker is a [MASK].]     4      IsA   sapsuckers             2  [A sapsuckers is a [MASK]., A sapsuckers is an...  [A sapsuckers or [Z] is a [MASK]., A sapsucker...  [[MASK] such as sapsuckers., [MASK], including...  [[MASK] such as sapsuckers and [Z]., [MASK], i...  [such as sapsuckers and [MASK]., such as sapsu...  [snake, worm, spider, bug, lizard, predator, t...  {'snake': 0.09990766644477844, 'worm': 0.06063...  [insect, animal, spider, bug, ant, lizard, fis...  {'insect': 0.47555777430534363, 'animal': 0.15...  [snakes, things, reptiles, animals, insects, p...  {'snakes': 0.2790814429521561, 'things': 0.163...   [snakes, spiders, monsters, frogs, lizards]  {'snakes': 0.36424588378180156, 'spiders': 0.1...   [snakes, spiders, monsters, frogs, lizards]  [snake, spider, monster, frog, lizard]  [A sapsucker is a [MASK]., A sapsucker  or sna...  [A sapsuckers or snake is a [MASK]., A sapsuck...  [[MASK] such as sapsuckers and snakes., [MASK]...   
4        makos         [fish]        [A mako is a [MASK].]     5      IsA        makos             2      [A makos is a [MASK]., A makos is an [MASK].]  [A makos or [Z] is a [MASK]., A makos or [Z] i...  [[MASK] such as makos., [MASK], including mako...  [[MASK] such as makos and [Z]., [MASK], includ...  [such as makos and [MASK]., such as makos or [...  [fish, canoe, drum, dog, boat, drummer, bird, ...  {'fish': 0.03543541207909584, 'canoe': 0.02775...  [animal, individual, elephant, person, woman, ...  {'animal': 0.03948400169610977, 'individual': ...  [stories, poems, things, artists, people, anim...  {'stories': 0.15202218294143677, 'poems': 0.10...         [birds, human, chiefs, blacks, drums]  {'birds': 0.11706465586192077, 'human': 0.1013...         [birds, human, chiefs, blacks, drums]       [bird, human, chief, black, drum]  [A mako is a [MASK]., A mako  or birdsis a [MA...  [A makos or bird is a [MASK]., A makos or huma...  [[MASK] such as makos and birds., [MASK] such ...   

                              subj_anchors_combined                              obj_mask_sentence_dap                        obj_mask_sentence_dap_score                                   obj_mask_def_dap                             obj_mask_def_dap_score                                   obj_mask_lsp_dap                             obj_mask_lsp_dap_score  
0    gravers markers tombs graves bodies collectors  [collector, tomb, grave, marker, person, body,...  {'collector': 0.32520878314971924, 'tomb': 0.1...  [object, oven, corpse, person, tomb, building,...  {'object': 0.41499221371486783, 'oven': 0.1604...  [things, burials, cemeteries, objects, structu...  {'things': 0.21988790271182854, 'burials': 0.1...  
1          smallmouths catfish carp bass pike perch  [fish, species, vis, river, predator, trout, s...  {'fish': 0.40668544471263884, 'species': 0.035...  [example, fish, exception, adaptation, interme...  {'example': 0.7944261431694031, 'fish': 0.5935...  [fish, species, fishing, fishes, fisheries, an...  {'fish': 0.4821478396654129, 'species': 0.2978...  
2     pelicans dolphins penguins ducks swans cranes  [bird, crane, penguin, dolphin, fish, duck, sw...  {'bird': 0.33151982973019284, 'crane': 0.07508...  [animal, crane, example, bird, penguin, duck, ...  {'animal': 0.45403462648391724, 'crane': 0.399...  [birds, animals, species, things, whales, wild...  {'birds': 0.6400286891808112, 'animals': 0.155...  
3  sapsuckers snakes spiders monsters frogs lizards  [frog, monster, spider, snake, lizard, toad, d...  {'frog': 0.7180038690567017, 'monster': 0.6300...  [insect, animal, frog, monster, spider, snake,...  {'insect': 0.38679473055526614, 'animal': 0.38...  [reptiles, things, animals, insects, creatures...  {'reptiles': 0.26613424707204103, 'things': 0....  
4             makos birds human chiefs blacks drums  [chief, bird, drum, king, slave, drummer, lead...  {'chief': 0.46629926562309265, 'bird': 0.27645...  [drum, instrument, animal, bird, chief, elder,...  {'drum': 0.5983372330665588, 'instrument': 0.4...  [instruments, percussion, animals, beings, min...  {'instruments': 0.4185466604928176, 'percussio...  
---------------------------------------- obj_label evaluation ----------------------------------------
begin{tabular}{rlrrrrlrrr}
hline
    	 mask_type    	   p@1 	   p@5 	   p@10 	   mrr 	 relation   	   anchor_wordnet_avg_path 	   anchor_wordnet_coverage 	   mask_type_id 
hline
  0 	 sentence     	  26   	  53.8 	   63.2 	  37.8 	 IsA        	                      7.17 	                     0.984 	              1 
  3 	 sentence_dap 	  23.6 	  49.1 	   60.8 	  33.9 	 IsA        	                      7.17 	                     0.984 	              2 

  1 	 def_sap      	   9.5 	  35.1 	   46.5 	  20.2 	 IsA        	                      7.17 	                     0.984 	              3 
  4 	 def_dap      	  18.4 	  45   	   58   	  30.3 	 IsA        	                      7.17 	                     0.984 	              4 

  2 	 lsp_sap      	  27.4 	  50   	   61.3 	  37.1 	 IsA        	                      7.17 	                     0.984 	              5 
  5 	 lsp_dap      	  40.1 	  59.7 	   65.8 	  48.1 	 IsA        	                      7.17 	                     0.984 	              6 
hline
end{tabular}
save log/bert-large-uncased/lm_diagnostic_extended/sgpl/df_all_use_global_dap_True_anchor_type_Coordinate_remove_Y_PUNC_FULL_concate_or_single_max_anchor_num_5_anchor_scorer_probAvg_filter_obj_True_filter_objects_with_input_True_wnp_True_cpt_False.LM_DIAGNOSTIC_EXTENDED.tsv
save log/bert-large-uncased/lm_diagnostic_extended/sgpl/exp_data_results_anchor_type_Coordinate_remove_Y_PUNC_FULL_concate_or_single_max_anchor_num_5_anchor_scorer_probAvg_filter_obj_True_filter_objects_with_input_True_wnp_True_cpt_False.LM_DIAGNOSTIC_EXTENDED.csv
