Some weights of the model checkpoint at bert-large-uncased were not used when initializing BertForMaskedLM: ['cls.seq_relationship.weight', 'cls.seq_relationship.bias']
- This IS expected if you are initializing BertForMaskedLM from the checkpoint of a model trained on another task or with another architecture (e.g. initializing a BertForSequenceClassification model from a BertForPreTraining model).
- This IS NOT expected if you are initializing BertForMaskedLM from the checkpoint of a model that you expect to be exactly identical (initializing a BertForSequenceClassification model from a BertForSequenceClassification model).
Some weights of the model checkpoint at bert-large-uncased were not used when initializing BertForMaskedLM: ['cls.seq_relationship.weight', 'cls.seq_relationship.bias']
- This IS expected if you are initializing BertForMaskedLM from the checkpoint of a model trained on another task or with another architecture (e.g. initializing a BertForSequenceClassification model from a BertForPreTraining model).
- This IS NOT expected if you are initializing BertForMaskedLM from the checkpoint of a model that you expect to be exactly identical (initializing a BertForSequenceClassification model from a BertForSequenceClassification model).
Debug: False
#Test_instances: 12994
/home/chunhua/.local/lib/python3.8/site-packages/transformers/pipelines/base.py:1043: UserWarning: You seem to be using the pipelines sequentially on GPU. In order to maximize efficiency please use a dataset
  warnings.warn(
---------------------------------------- obj_label evaluation ----------------------------------------
   P@K  Singular  Plural  Paired Accuracy  Paired Consistency mask_type                                 data_dir
0    1       5.5     0.1              0.0                94.5   def_sap  data/hypernymsuite/SHWARTZ/consistency/
1   10      17.7     0.5              0.4                82.7   def_sap  data/hypernymsuite/SHWARTZ/consistency/
Save log/bert-large-uncased/SHWARTZ/consistency/IsA.def_sap.csv
Save log/bert-large-uncased/SHWARTZ/consistency/IsA.def_sap.tsv

#Test_instances: 12994
/home/chunhua/.local/lib/python3.8/site-packages/transformers/pipelines/base.py:1043: UserWarning: You seem to be using the pipelines sequentially on GPU. In order to maximize efficiency please use a dataset
  warnings.warn(
---------------------------------------- obj_label evaluation ----------------------------------------
   P@K  Singular  Plural  Paired Accuracy  Paired Consistency mask_type                                 data_dir
0    1       4.3     0.0              0.0                95.7   def_dap  data/hypernymsuite/SHWARTZ/consistency/
1   10      18.8     0.1              0.1                81.3   def_dap  data/hypernymsuite/SHWARTZ/consistency/
Save log/bert-large-uncased/SHWARTZ/consistency/IsA.def_dap.csv
Save log/bert-large-uncased/SHWARTZ/consistency/IsA.def_dap.tsv

#Test_instances: 12994
/home/chunhua/.local/lib/python3.8/site-packages/transformers/pipelines/base.py:1043: UserWarning: You seem to be using the pipelines sequentially on GPU. In order to maximize efficiency please use a dataset
  warnings.warn(
---------------------------------------- obj_label evaluation ----------------------------------------
   P@K  Singular  Plural  Paired Accuracy  Paired Consistency mask_type                                 data_dir
0    1       1.2     4.2              0.8                96.3   lsp_sap  data/hypernymsuite/SHWARTZ/consistency/
1   10       5.4    17.0              4.4                86.4   lsp_sap  data/hypernymsuite/SHWARTZ/consistency/
Save log/bert-large-uncased/SHWARTZ/consistency/IsA.lsp_sap.csv
Save log/bert-large-uncased/SHWARTZ/consistency/IsA.lsp_sap.tsv

#Test_instances: 12994
/home/chunhua/.local/lib/python3.8/site-packages/transformers/pipelines/base.py:1043: UserWarning: You seem to be using the pipelines sequentially on GPU. In order to maximize efficiency please use a dataset
  warnings.warn(
---------------------------------------- obj_label evaluation ----------------------------------------
   P@K  Singular  Plural  Paired Accuracy  Paired Consistency mask_type                                 data_dir
0    1       3.0     3.7              1.8                97.0   lsp_dap  data/hypernymsuite/SHWARTZ/consistency/
1   10      13.1    14.9              9.9                91.7   lsp_dap  data/hypernymsuite/SHWARTZ/consistency/
Save log/bert-large-uncased/SHWARTZ/consistency/IsA.lsp_dap.csv
Save log/bert-large-uncased/SHWARTZ/consistency/IsA.lsp_dap.tsv

