debug: False
---------------------------------------- config ----------------------------------------
{'debug': False, 'test_relations': ['IsA'], 'save_all_data': True, 'top_k': 10, 'data_dir': 'data/hypernymsuite/BLESS/', 'mask_string_mapping': {'bert-large-uncased': '[MASK]'}, 'use_dap_global': True, 'return_probs': True, 'anchor_scorer_list': ['probAvg'], 'scorer_target_1_prompt': 'probSum', 'scorer_target_N_prompts': 'probAvg', 'use_original_prompt': True, 'original_prompt_source': 'masked_sentence', 'incorporate_operations': ['concate_or_single'], 'filter_anchors_flag': True, 'filter_objects_flag': True, 'cpt_only': False, 'anchor_types': ['Coordinate_remove_Y_PUNC_FULL'], 'add_cpt_score': False, 'constrain_targets': False, 'add_wordnet_path_score': False, 'anchor_probe': 'plural_probe', 'anchor_col': 'subj_anchors', 'anchor_col_sg': 'subj_anchors_sg', 'anchor_col_pl': 'subj_anchors_pl', 'filter_objects_with_input': True, 'sub_col': 'sub_label', 'sub_col_sg': 'sub_label_sg', 'sub_col_pl': 'sub_label_pl', 'top_k_anchors': 5, 'max_anchor_num_list': [10], 'max_anchor_num': 10, 'sub_col_sgpl': 'sub_label_sgpl'}
---------------------------------------- config ----------------------------------------
Some weights of the model checkpoint at bert-large-uncased were not used when initializing BertForMaskedLM: ['cls.seq_relationship.weight', 'cls.seq_relationship.bias']
- This IS expected if you are initializing BertForMaskedLM from the checkpoint of a model trained on another task or with another architecture (e.g. initializing a BertForSequenceClassification model from a BertForPreTraining model).
- This IS NOT expected if you are initializing BertForMaskedLM from the checkpoint of a model that you expect to be exactly identical (initializing a BertForSequenceClassification model from a BertForSequenceClassification model).
Some weights of the model checkpoint at bert-large-uncased were not used when initializing BertForMaskedLM: ['cls.seq_relationship.weight', 'cls.seq_relationship.bias']
- This IS expected if you are initializing BertForMaskedLM from the checkpoint of a model trained on another task or with another architecture (e.g. initializing a BertForSequenceClassification model from a BertForPreTraining model).
- This IS NOT expected if you are initializing BertForMaskedLM from the checkpoint of a model that you expect to be exactly identical (initializing a BertForSequenceClassification model from a BertForSequenceClassification model).
---------------------------------------- bert-large-uncased-anchor_type: Coordinate_remove_Y_PUNC_FULL-scorer_anchor:probAvg-op:concate_or_single ----------------------------------------
{
    "IsA": {
        "relation": "IsA",
        "def_sap": [
            "A [X] is a [MASK].",
            "A [X] is an [MASK].",
            "An [X] is a [MASK].",
            "An [X] is an [MASK]."
        ],
        "def_dap": [
            "A [X] or [Z] is a [MASK].",
            "A [X] or [Z] is an [MASK].",
            "An [X] or [Z] is a [MASK].",
            "An [X] or [Z] is an [MASK]."
        ],
        "lsp_sap": [
            "[MASK] such as [X].",
            "[MASK], including [X].",
            "[MASK], especially [X].",
            "[X] or other [MASK].",
            "[X] and other [MASK].",
            "such [MASK] as [X]."
        ],
        "lsp_dap": [
            "[MASK] such as [X] and [Z].",
            "[MASK], including [X] and [Z].",
            "[MASK], especially [X] and [Z].",
            "[X], [Z] and other [MASK].",
            "[X], [Z] or other [MASK].",
            "such [MASK] as [X] and [Z]."
        ],
        "use_dap": true,
        "anchor_target": "[X]",
        "anchor_lsp_sap": [
            "such as [X] and [MASK].",
            "such as [X] or [MASK].",
            "such as [X], [MASK],",
            "including [X] and [MASK].",
            "including [X] or [MASK].",
            "including [X], [MASK],",
            "especially [X] and [MASK].",
            "especially [X] or [MASK].",
            "especially [X], [MASK],",
            "[X], [MASK] or other",
            "[X], [MASK] and other"
        ]
    }
}
Processing IsA ... data/hypernymsuite/BLESS//IsA.jsonl
#Test_instances: 200
	 step1: get anchors (fill and filter)
/home/chunhua/.local/lib/python3.8/site-packages/transformers/pipelines/base.py:1043: UserWarning: You seem to be using the pipelines sequentially on GPU. In order to maximize efficiency please use a dataset
  warnings.warn(
--- def_sap
--- lsp_sap
relation: IsA 	 use_dap: True
	 step2: insert anchors
sub_col sub_label
	 step3: fill mask in dap anchors

  0%|          | 0/200 [00:00<?, ?it/s]/home/chunhua/.local/lib/python3.8/site-packages/transformers/pipelines/base.py:1043: UserWarning: You seem to be using the pipelines sequentially on GPU. In order to maximize efficiency please use a dataset
  warnings.warn(

  0%|          | 1/200 [00:00<01:18,  2.55it/s]
  1%|          | 2/200 [00:00<01:17,  2.56it/s]
  2%|▏         | 3/200 [00:01<01:16,  2.57it/s]
  2%|▏         | 4/200 [00:01<01:16,  2.57it/s]
  2%|▎         | 5/200 [00:01<01:15,  2.57it/s]
  3%|▎         | 6/200 [00:02<01:15,  2.57it/s]
  4%|▎         | 7/200 [00:02<01:15,  2.57it/s]
  4%|▍         | 8/200 [00:03<01:14,  2.57it/s]
  4%|▍         | 9/200 [00:03<01:14,  2.57it/s]
  5%|▌         | 10/200 [00:03<01:13,  2.57it/s]
  6%|▌         | 11/200 [00:04<01:13,  2.57it/s]
  6%|▌         | 12/200 [00:04<01:13,  2.57it/s]
  6%|▋         | 13/200 [00:05<01:12,  2.57it/s]
  7%|▋         | 14/200 [00:05<01:12,  2.57it/s]
  8%|▊         | 15/200 [00:05<01:12,  2.57it/s]
  8%|▊         | 16/200 [00:06<01:11,  2.56it/s]
  8%|▊         | 17/200 [00:06<01:11,  2.57it/s]
  9%|▉         | 18/200 [00:07<01:10,  2.57it/s]
 10%|▉         | 19/200 [00:07<01:10,  2.57it/s]
 10%|█         | 20/200 [00:07<01:10,  2.57it/s]
 10%|█         | 21/200 [00:08<01:09,  2.57it/s]
 11%|█         | 22/200 [00:08<01:09,  2.57it/s]
 12%|█▏        | 23/200 [00:08<01:08,  2.57it/s]
 12%|█▏        | 24/200 [00:09<01:08,  2.57it/s]
 12%|█▎        | 25/200 [00:09<01:08,  2.57it/s]
 13%|█▎        | 26/200 [00:10<01:07,  2.56it/s]
 14%|█▎        | 27/200 [00:10<01:07,  2.56it/s]
 14%|█▍        | 28/200 [00:10<01:07,  2.56it/s]
 14%|█▍        | 29/200 [00:11<01:06,  2.57it/s]
 15%|█▌        | 30/200 [00:11<01:06,  2.57it/s]
 16%|█▌        | 31/200 [00:12<01:05,  2.57it/s]
 16%|█▌        | 32/200 [00:12<01:05,  2.57it/s]
 16%|█▋        | 33/200 [00:12<01:04,  2.57it/s]
 17%|█▋        | 34/200 [00:13<01:04,  2.57it/s]
 18%|█▊        | 35/200 [00:13<01:04,  2.57it/s]
 18%|█▊        | 36/200 [00:14<01:03,  2.57it/s]
 18%|█▊        | 37/200 [00:14<01:03,  2.57it/s]
 19%|█▉        | 38/200 [00:14<01:03,  2.57it/s]
 20%|█▉        | 39/200 [00:15<01:02,  2.57it/s]
 20%|██        | 40/200 [00:15<01:02,  2.57it/s]
 20%|██        | 41/200 [00:15<01:01,  2.57it/s]
 21%|██        | 42/200 [00:16<01:01,  2.57it/s]
 22%|██▏       | 43/200 [00:16<01:01,  2.56it/s]
 22%|██▏       | 44/200 [00:17<01:00,  2.56it/s]
 22%|██▎       | 45/200 [00:17<01:00,  2.57it/s]
 23%|██▎       | 46/200 [00:17<00:59,  2.57it/s]
 24%|██▎       | 47/200 [00:18<00:59,  2.57it/s]
 24%|██▍       | 48/200 [00:18<00:59,  2.57it/s]
 24%|██▍       | 49/200 [00:19<00:58,  2.57it/s]
 25%|██▌       | 50/200 [00:19<00:58,  2.57it/s]
 26%|██▌       | 51/200 [00:19<00:57,  2.57it/s]
 26%|██▌       | 52/200 [00:20<00:57,  2.57it/s]
 26%|██▋       | 53/200 [00:20<00:57,  2.57it/s]
 27%|██▋       | 54/200 [00:21<00:56,  2.57it/s]
 28%|██▊       | 55/200 [00:21<00:56,  2.57it/s]
 28%|██▊       | 56/200 [00:21<00:56,  2.57it/s]
 28%|██▊       | 57/200 [00:22<00:55,  2.57it/s]
 29%|██▉       | 58/200 [00:22<00:55,  2.57it/s]
 30%|██▉       | 59/200 [00:22<00:54,  2.57it/s]
 30%|███       | 60/200 [00:23<00:54,  2.57it/s]
 30%|███       | 61/200 [00:23<00:54,  2.57it/s]
 31%|███       | 62/200 [00:24<00:53,  2.57it/s]
 32%|███▏      | 63/200 [00:24<00:53,  2.57it/s]
 32%|███▏      | 64/200 [00:24<00:52,  2.57it/s]
 32%|███▎      | 65/200 [00:25<00:52,  2.58it/s]
 33%|███▎      | 66/200 [00:25<00:52,  2.58it/s]
 34%|███▎      | 67/200 [00:26<00:51,  2.57it/s]
 34%|███▍      | 68/200 [00:26<00:52,  2.54it/s]
 34%|███▍      | 69/200 [00:26<00:51,  2.55it/s]
 35%|███▌      | 70/200 [00:27<00:50,  2.56it/s]
 36%|███▌      | 71/200 [00:27<00:50,  2.56it/s]
 36%|███▌      | 72/200 [00:28<00:49,  2.57it/s]
 36%|███▋      | 73/200 [00:28<00:49,  2.57it/s]
 37%|███▋      | 74/200 [00:28<00:49,  2.57it/s]
 38%|███▊      | 75/200 [00:29<00:48,  2.57it/s]
 38%|███▊      | 76/200 [00:29<00:48,  2.57it/s]
 38%|███▊      | 77/200 [00:29<00:47,  2.57it/s]
 39%|███▉      | 78/200 [00:30<00:47,  2.56it/s]
 40%|███▉      | 79/200 [00:30<00:47,  2.57it/s]
 40%|████      | 80/200 [00:31<00:46,  2.56it/s]
 40%|████      | 81/200 [00:31<00:46,  2.57it/s]
 41%|████      | 82/200 [00:31<00:45,  2.57it/s]
 42%|████▏     | 83/200 [00:32<00:45,  2.57it/s]
 42%|████▏     | 84/200 [00:32<00:45,  2.57it/s]
 42%|████▎     | 85/200 [00:33<00:44,  2.57it/s]
 43%|████▎     | 86/200 [00:33<00:44,  2.57it/s]
 44%|████▎     | 87/200 [00:33<00:44,  2.57it/s]
 44%|████▍     | 88/200 [00:34<00:43,  2.57it/s]
 44%|████▍     | 89/200 [00:34<00:43,  2.57it/s]
 45%|████▌     | 90/200 [00:35<00:42,  2.57it/s]
 46%|████▌     | 91/200 [00:35<00:42,  2.57it/s]
 46%|████▌     | 92/200 [00:35<00:42,  2.57it/s]
 46%|████▋     | 93/200 [00:36<00:41,  2.57it/s]
 47%|████▋     | 94/200 [00:36<00:41,  2.57it/s]
 48%|████▊     | 95/200 [00:36<00:40,  2.57it/s]
 48%|████▊     | 96/200 [00:37<00:40,  2.57it/s]
 48%|████▊     | 97/200 [00:37<00:40,  2.57it/s]
 49%|████▉     | 98/200 [00:38<00:39,  2.57it/s]
 50%|████▉     | 99/200 [00:38<00:39,  2.57it/s]
 50%|█████     | 100/200 [00:38<00:38,  2.57it/s]
 50%|█████     | 101/200 [00:39<00:38,  2.57it/s]
 51%|█████     | 102/200 [00:39<00:38,  2.58it/s]
 52%|█████▏    | 103/200 [00:40<00:37,  2.58it/s]
 52%|█████▏    | 104/200 [00:40<00:37,  2.58it/s]
 52%|█████▎    | 105/200 [00:40<00:36,  2.58it/s]
 53%|█████▎    | 106/200 [00:41<00:36,  2.58it/s]
 54%|█████▎    | 107/200 [00:41<00:36,  2.58it/s]
 54%|█████▍    | 108/200 [00:42<00:35,  2.57it/s]
 55%|█████▍    | 109/200 [00:42<00:35,  2.57it/s]
 55%|█████▌    | 110/200 [00:42<00:34,  2.57it/s]
 56%|█████▌    | 111/200 [00:43<00:34,  2.57it/s]
 56%|█████▌    | 112/200 [00:43<00:34,  2.57it/s]
 56%|█████▋    | 113/200 [00:43<00:33,  2.57it/s]
 57%|█████▋    | 114/200 [00:44<00:33,  2.57it/s]
 57%|█████▊    | 115/200 [00:44<00:33,  2.57it/s]
 58%|█████▊    | 116/200 [00:45<00:32,  2.57it/s]
 58%|█████▊    | 117/200 [00:45<00:32,  2.57it/s]
 59%|█████▉    | 118/200 [00:45<00:31,  2.57it/s]
 60%|█████▉    | 119/200 [00:46<00:31,  2.57it/s]
 60%|██████    | 120/200 [00:46<00:31,  2.58it/s]
 60%|██████    | 121/200 [00:47<00:30,  2.57it/s]
 61%|██████    | 122/200 [00:47<00:30,  2.57it/s]
 62%|██████▏   | 123/200 [00:47<00:29,  2.58it/s]
 62%|██████▏   | 124/200 [00:48<00:29,  2.58it/s]
 62%|██████▎   | 125/200 [00:48<00:29,  2.58it/s]
 63%|██████▎   | 126/200 [00:49<00:28,  2.57it/s]
 64%|██████▎   | 127/200 [00:49<00:28,  2.56it/s]
 64%|██████▍   | 128/200 [00:49<00:28,  2.57it/s]
 64%|██████▍   | 129/200 [00:50<00:27,  2.57it/s]
 65%|██████▌   | 130/200 [00:50<00:27,  2.55it/s]
 66%|██████▌   | 131/200 [00:50<00:26,  2.56it/s]
 66%|██████▌   | 132/200 [00:51<00:26,  2.56it/s]
 66%|██████▋   | 133/200 [00:51<00:26,  2.57it/s]
 67%|██████▋   | 134/200 [00:52<00:25,  2.57it/s]
 68%|██████▊   | 135/200 [00:52<00:25,  2.55it/s]
 68%|██████▊   | 136/200 [00:52<00:25,  2.56it/s]
 68%|██████▊   | 137/200 [00:53<00:24,  2.56it/s]
 69%|██████▉   | 138/200 [00:53<00:24,  2.56it/s]
 70%|██████▉   | 139/200 [00:54<00:23,  2.56it/s]
 70%|███████   | 140/200 [00:54<00:23,  2.56it/s]
 70%|███████   | 141/200 [00:54<00:23,  2.56it/s]
 71%|███████   | 142/200 [00:55<00:22,  2.57it/s]
 72%|███████▏  | 143/200 [00:55<00:22,  2.57it/s]
 72%|███████▏  | 144/200 [00:56<00:21,  2.57it/s]
 72%|███████▎  | 145/200 [00:56<00:21,  2.53it/s]
 73%|███████▎  | 146/200 [00:56<00:21,  2.54it/s]
 74%|███████▎  | 147/200 [00:57<00:20,  2.55it/s]
 74%|███████▍  | 148/200 [00:57<00:20,  2.56it/s]
 74%|███████▍  | 149/200 [00:58<00:19,  2.56it/s]
 75%|███████▌  | 150/200 [00:58<00:19,  2.56it/s]
 76%|███████▌  | 151/200 [00:58<00:19,  2.57it/s]
 76%|███████▌  | 152/200 [00:59<00:18,  2.57it/s]
 76%|███████▋  | 153/200 [00:59<00:18,  2.57it/s]
 77%|███████▋  | 154/200 [00:59<00:17,  2.57it/s]
 78%|███████▊  | 155/200 [01:00<00:17,  2.56it/s]
 78%|███████▊  | 156/200 [01:00<00:17,  2.56it/s]
 78%|███████▊  | 157/200 [01:01<00:16,  2.56it/s]
 79%|███████▉  | 158/200 [01:01<00:16,  2.57it/s]
 80%|███████▉  | 159/200 [01:01<00:15,  2.57it/s]
 80%|████████  | 160/200 [01:02<00:15,  2.57it/s]
 80%|████████  | 161/200 [01:02<00:15,  2.56it/s]
 81%|████████  | 162/200 [01:03<00:14,  2.57it/s]
 82%|████████▏ | 163/200 [01:03<00:14,  2.57it/s]
 82%|████████▏ | 164/200 [01:03<00:13,  2.57it/s]
 82%|████████▎ | 165/200 [01:04<00:13,  2.57it/s]
 83%|████████▎ | 166/200 [01:04<00:13,  2.57it/s]
 84%|████████▎ | 167/200 [01:05<00:12,  2.56it/s]
 84%|████████▍ | 168/200 [01:05<00:12,  2.57it/s]
 84%|████████▍ | 169/200 [01:05<00:12,  2.57it/s]
 85%|████████▌ | 170/200 [01:06<00:11,  2.57it/s]
 86%|████████▌ | 171/200 [01:06<00:11,  2.57it/s]
 86%|████████▌ | 172/200 [01:06<00:10,  2.57it/s]
 86%|████████▋ | 173/200 [01:07<00:10,  2.57it/s]
 87%|████████▋ | 174/200 [01:07<00:10,  2.57it/s]
 88%|████████▊ | 175/200 [01:08<00:09,  2.57it/s]
 88%|████████▊ | 176/200 [01:08<00:09,  2.57it/s]
 88%|████████▊ | 177/200 [01:08<00:08,  2.57it/s]
 89%|████████▉ | 178/200 [01:09<00:08,  2.57it/s]
 90%|████████▉ | 179/200 [01:09<00:08,  2.57it/s]
 90%|█████████ | 180/200 [01:10<00:07,  2.56it/s]
 90%|█████████ | 181/200 [01:10<00:07,  2.56it/s]
 91%|█████████ | 182/200 [01:10<00:07,  2.56it/s]
 92%|█████████▏| 183/200 [01:11<00:06,  2.56it/s]
 92%|█████████▏| 184/200 [01:11<00:06,  2.56it/s]
 92%|█████████▎| 185/200 [01:12<00:05,  2.57it/s]
 93%|█████████▎| 186/200 [01:12<00:05,  2.56it/s]
 94%|█████████▎| 187/200 [01:12<00:05,  2.56it/s]
 94%|█████████▍| 188/200 [01:13<00:04,  2.56it/s]
 94%|█████████▍| 189/200 [01:13<00:04,  2.57it/s]
 95%|█████████▌| 190/200 [01:13<00:03,  2.57it/s]
 96%|█████████▌| 191/200 [01:14<00:03,  2.57it/s]
 96%|█████████▌| 192/200 [01:14<00:03,  2.57it/s]
 96%|█████████▋| 193/200 [01:15<00:02,  2.57it/s]
 97%|█████████▋| 194/200 [01:15<00:02,  2.56it/s]
 98%|█████████▊| 195/200 [01:15<00:01,  2.57it/s]
 98%|█████████▊| 196/200 [01:16<00:01,  2.57it/s]
 98%|█████████▊| 197/200 [01:16<00:01,  2.57it/s]
 99%|█████████▉| 198/200 [01:17<00:00,  2.57it/s]
100%|█████████▉| 199/200 [01:17<00:00,  2.57it/s]
100%|██████████| 200/200 [01:17<00:00,  2.57it/s]
100%|██████████| 200/200 [01:17<00:00,  2.57it/s]

  0%|          | 0/200 [00:00<?, ?it/s]
  0%|          | 1/200 [00:00<00:35,  5.67it/s]
  1%|          | 2/200 [00:00<00:34,  5.66it/s]
  2%|▏         | 3/200 [00:00<00:34,  5.66it/s]
  2%|▏         | 4/200 [00:00<00:34,  5.66it/s]
  2%|▎         | 5/200 [00:00<00:34,  5.67it/s]
  3%|▎         | 6/200 [00:01<00:34,  5.66it/s]
  4%|▎         | 7/200 [00:01<00:34,  5.66it/s]
  4%|▍         | 8/200 [00:01<00:33,  5.65it/s]
  4%|▍         | 9/200 [00:01<00:33,  5.65it/s]
  5%|▌         | 10/200 [00:01<00:33,  5.65it/s]
  6%|▌         | 11/200 [00:01<00:33,  5.66it/s]
  6%|▌         | 12/200 [00:02<00:33,  5.66it/s]
  6%|▋         | 13/200 [00:02<00:33,  5.66it/s]
  7%|▋         | 14/200 [00:02<00:32,  5.65it/s]
  8%|▊         | 15/200 [00:02<00:32,  5.65it/s]
  8%|▊         | 16/200 [00:02<00:32,  5.65it/s]
  8%|▊         | 17/200 [00:03<00:32,  5.65it/s]
  9%|▉         | 18/200 [00:03<00:32,  5.65it/s]
 10%|▉         | 19/200 [00:03<00:32,  5.64it/s]
 10%|█         | 20/200 [00:03<00:31,  5.63it/s]
 10%|█         | 21/200 [00:03<00:31,  5.64it/s]
 11%|█         | 22/200 [00:03<00:31,  5.65it/s]
 12%|█▏        | 23/200 [00:04<00:31,  5.65it/s]
 12%|█▏        | 24/200 [00:04<00:31,  5.65it/s]
 12%|█▎        | 25/200 [00:04<00:30,  5.66it/s]
 13%|█▎        | 26/200 [00:04<00:30,  5.66it/s]
 14%|█▎        | 27/200 [00:04<00:30,  5.66it/s]
 14%|█▍        | 28/200 [00:04<00:30,  5.66it/s]
 14%|█▍        | 29/200 [00:05<00:30,  5.66it/s]
 15%|█▌        | 30/200 [00:05<00:30,  5.65it/s]
 16%|█▌        | 31/200 [00:05<00:29,  5.65it/s]
 16%|█▌        | 32/200 [00:05<00:29,  5.65it/s]
 16%|█▋        | 33/200 [00:05<00:29,  5.66it/s]
 17%|█▋        | 34/200 [00:06<00:29,  5.66it/s]
 18%|█▊        | 35/200 [00:06<00:29,  5.65it/s]
 18%|█▊        | 36/200 [00:06<00:28,  5.66it/s]
 18%|█▊        | 37/200 [00:06<00:28,  5.65it/s]
 19%|█▉        | 38/200 [00:06<00:28,  5.66it/s]
 20%|█▉        | 39/200 [00:06<00:28,  5.65it/s]
 20%|██        | 40/200 [00:07<00:28,  5.66it/s]
 20%|██        | 41/200 [00:07<00:28,  5.66it/s]
 21%|██        | 42/200 [00:07<00:27,  5.66it/s]
 22%|██▏       | 43/200 [00:07<00:27,  5.65it/s]
 22%|██▏       | 44/200 [00:07<00:27,  5.65it/s]
 22%|██▎       | 45/200 [00:07<00:27,  5.66it/s]
 23%|██▎       | 46/200 [00:08<00:27,  5.64it/s]
 24%|██▎       | 47/200 [00:08<00:28,  5.42it/s]
 24%|██▍       | 48/200 [00:08<00:27,  5.49it/s]
 24%|██▍       | 49/200 [00:08<00:27,  5.54it/s]
 25%|██▌       | 50/200 [00:08<00:26,  5.57it/s]
 26%|██▌       | 51/200 [00:09<00:26,  5.60it/s]
 26%|██▌       | 52/200 [00:09<00:26,  5.61it/s]
 26%|██▋       | 53/200 [00:09<00:26,  5.63it/s]
 27%|██▋       | 54/200 [00:09<00:25,  5.64it/s]
 28%|██▊       | 55/200 [00:09<00:25,  5.65it/s]
 28%|██▊       | 56/200 [00:09<00:25,  5.65it/s]
 28%|██▊       | 57/200 [00:10<00:25,  5.65it/s]
 29%|██▉       | 58/200 [00:10<00:25,  5.65it/s]
 30%|██▉       | 59/200 [00:10<00:24,  5.65it/s]
 30%|███       | 60/200 [00:10<00:24,  5.65it/s]
 30%|███       | 61/200 [00:10<00:24,  5.65it/s]
 31%|███       | 62/200 [00:10<00:24,  5.66it/s]
 32%|███▏      | 63/200 [00:11<00:24,  5.65it/s]
 32%|███▏      | 64/200 [00:11<00:24,  5.65it/s]
 32%|███▎      | 65/200 [00:11<00:23,  5.66it/s]
 33%|███▎      | 66/200 [00:11<00:23,  5.66it/s]
 34%|███▎      | 67/200 [00:11<00:23,  5.66it/s]
 34%|███▍      | 68/200 [00:12<00:23,  5.66it/s]
 34%|███▍      | 69/200 [00:12<00:23,  5.66it/s]
 35%|███▌      | 70/200 [00:12<00:22,  5.66it/s]
 36%|███▌      | 71/200 [00:12<00:22,  5.66it/s]
 36%|███▌      | 72/200 [00:12<00:22,  5.66it/s]
 36%|███▋      | 73/200 [00:12<00:22,  5.65it/s]
 37%|███▋      | 74/200 [00:13<00:22,  5.66it/s]
 38%|███▊      | 75/200 [00:13<00:22,  5.66it/s]
 38%|███▊      | 76/200 [00:13<00:21,  5.65it/s]
 38%|███▊      | 77/200 [00:13<00:21,  5.65it/s]
 39%|███▉      | 78/200 [00:13<00:21,  5.65it/s]
 40%|███▉      | 79/200 [00:14<00:21,  5.58it/s]
 40%|████      | 80/200 [00:14<00:21,  5.60it/s]
 40%|████      | 81/200 [00:14<00:21,  5.62it/s]
 41%|████      | 82/200 [00:14<00:20,  5.63it/s]
 42%|████▏     | 83/200 [00:14<00:20,  5.64it/s]
 42%|████▏     | 84/200 [00:14<00:20,  5.64it/s]
 42%|████▎     | 85/200 [00:15<00:20,  5.65it/s]
 43%|████▎     | 86/200 [00:15<00:20,  5.66it/s]
 44%|████▎     | 87/200 [00:15<00:20,  5.65it/s]
 44%|████▍     | 88/200 [00:15<00:19,  5.65it/s]
 44%|████▍     | 89/200 [00:15<00:19,  5.65it/s]
 45%|████▌     | 90/200 [00:15<00:19,  5.65it/s]
 46%|████▌     | 91/200 [00:16<00:19,  5.64it/s]
 46%|████▌     | 92/200 [00:16<00:19,  5.63it/s]
 46%|████▋     | 93/200 [00:16<00:18,  5.64it/s]
 47%|████▋     | 94/200 [00:16<00:18,  5.64it/s]
 48%|████▊     | 95/200 [00:16<00:18,  5.65it/s]
 48%|████▊     | 96/200 [00:17<00:18,  5.64it/s]
 48%|████▊     | 97/200 [00:17<00:18,  5.65it/s]
 49%|████▉     | 98/200 [00:17<00:18,  5.64it/s]
 50%|████▉     | 99/200 [00:17<00:17,  5.64it/s]
 50%|█████     | 100/200 [00:17<00:17,  5.63it/s]
 50%|█████     | 101/200 [00:17<00:17,  5.64it/s]
 51%|█████     | 102/200 [00:18<00:17,  5.64it/s]
 52%|█████▏    | 103/200 [00:18<00:17,  5.65it/s]
 52%|█████▏    | 104/200 [00:18<00:16,  5.65it/s]
 52%|█████▎    | 105/200 [00:18<00:16,  5.65it/s]
 53%|█████▎    | 106/200 [00:18<00:16,  5.65it/s]
 54%|█████▎    | 107/200 [00:18<00:16,  5.65it/s]
 54%|█████▍    | 108/200 [00:19<00:16,  5.66it/s]
 55%|█████▍    | 109/200 [00:19<00:16,  5.66it/s]
 55%|█████▌    | 110/200 [00:19<00:15,  5.66it/s]
 56%|█████▌    | 111/200 [00:19<00:15,  5.64it/s]
 56%|█████▌    | 112/200 [00:19<00:15,  5.65it/s]
 56%|█████▋    | 113/200 [00:20<00:15,  5.65it/s]
 57%|█████▋    | 114/200 [00:20<00:15,  5.65it/s]
 57%|█████▊    | 115/200 [00:20<00:15,  5.65it/s]
 58%|█████▊    | 116/200 [00:20<00:14,  5.65it/s]
 58%|█████▊    | 117/200 [00:20<00:14,  5.64it/s]
 59%|█████▉    | 118/200 [00:20<00:14,  5.65it/s]
 60%|█████▉    | 119/200 [00:21<00:14,  5.65it/s]
 60%|██████    | 120/200 [00:21<00:14,  5.64it/s]
 60%|██████    | 121/200 [00:21<00:14,  5.64it/s]
 61%|██████    | 122/200 [00:21<00:13,  5.64it/s]
 62%|██████▏   | 123/200 [00:21<00:13,  5.64it/s]
 62%|██████▏   | 124/200 [00:21<00:13,  5.65it/s]
 62%|██████▎   | 125/200 [00:22<00:13,  5.65it/s]
 63%|██████▎   | 126/200 [00:22<00:13,  5.64it/s]
 64%|██████▎   | 127/200 [00:22<00:12,  5.65it/s]
 64%|██████▍   | 128/200 [00:22<00:12,  5.65it/s]
 64%|██████▍   | 129/200 [00:22<00:12,  5.66it/s]
 65%|██████▌   | 130/200 [00:23<00:12,  5.65it/s]
 66%|██████▌   | 131/200 [00:23<00:12,  5.66it/s]
 66%|██████▌   | 132/200 [00:23<00:12,  5.66it/s]
 66%|██████▋   | 133/200 [00:23<00:11,  5.66it/s]
 67%|██████▋   | 134/200 [00:23<00:11,  5.66it/s]
 68%|██████▊   | 135/200 [00:23<00:11,  5.66it/s]
 68%|██████▊   | 136/200 [00:24<00:11,  5.65it/s]
 68%|██████▊   | 137/200 [00:24<00:11,  5.65it/s]
 69%|██████▉   | 138/200 [00:24<00:10,  5.66it/s]
 70%|██████▉   | 139/200 [00:24<00:10,  5.65it/s]
 70%|███████   | 140/200 [00:24<00:10,  5.65it/s]
 70%|███████   | 141/200 [00:24<00:10,  5.65it/s]
 71%|███████   | 142/200 [00:25<00:10,  5.65it/s]
 72%|███████▏  | 143/200 [00:25<00:10,  5.66it/s]
 72%|███████▏  | 144/200 [00:25<00:09,  5.64it/s]
 72%|███████▎  | 145/200 [00:25<00:09,  5.65it/s]
 73%|███████▎  | 146/200 [00:25<00:09,  5.65it/s]
 74%|███████▎  | 147/200 [00:26<00:09,  5.66it/s]
 74%|███████▍  | 148/200 [00:26<00:09,  5.66it/s]
 74%|███████▍  | 149/200 [00:26<00:09,  5.66it/s]
 75%|███████▌  | 150/200 [00:26<00:08,  5.66it/s]
 76%|███████▌  | 151/200 [00:26<00:08,  5.66it/s]
 76%|███████▌  | 152/200 [00:26<00:08,  5.66it/s]
 76%|███████▋  | 153/200 [00:27<00:08,  5.66it/s]
 77%|███████▋  | 154/200 [00:27<00:08,  5.66it/s]
 78%|███████▊  | 155/200 [00:27<00:07,  5.65it/s]
 78%|███████▊  | 156/200 [00:27<00:07,  5.65it/s]
 78%|███████▊  | 157/200 [00:27<00:07,  5.65it/s]
 79%|███████▉  | 158/200 [00:27<00:07,  5.65it/s]
 80%|███████▉  | 159/200 [00:28<00:07,  5.65it/s]
 80%|████████  | 160/200 [00:28<00:07,  5.65it/s]
 80%|████████  | 161/200 [00:28<00:06,  5.64it/s]
 81%|████████  | 162/200 [00:28<00:06,  5.65it/s]
 82%|████████▏ | 163/200 [00:28<00:06,  5.65it/s]
 82%|████████▏ | 164/200 [00:29<00:06,  5.65it/s]
 82%|████████▎ | 165/200 [00:29<00:06,  5.65it/s]
 83%|████████▎ | 166/200 [00:29<00:06,  5.64it/s]
 84%|████████▎ | 167/200 [00:29<00:05,  5.63it/s]
 84%|████████▍ | 168/200 [00:29<00:05,  5.64it/s]
 84%|████████▍ | 169/200 [00:29<00:05,  5.65it/s]
 85%|████████▌ | 170/200 [00:30<00:05,  5.65it/s]
 86%|████████▌ | 171/200 [00:30<00:05,  5.64it/s]
 86%|████████▌ | 172/200 [00:30<00:04,  5.65it/s]
 86%|████████▋ | 173/200 [00:30<00:04,  5.65it/s]
 87%|████████▋ | 174/200 [00:30<00:04,  5.66it/s]
 88%|████████▊ | 175/200 [00:30<00:04,  5.66it/s]
 88%|████████▊ | 176/200 [00:31<00:04,  5.65it/s]
 88%|████████▊ | 177/200 [00:31<00:04,  5.66it/s]
 89%|████████▉ | 178/200 [00:31<00:03,  5.66it/s]
 90%|████████▉ | 179/200 [00:31<00:03,  5.62it/s]
 90%|█████████ | 180/200 [00:31<00:03,  5.62it/s]
 90%|█████████ | 181/200 [00:32<00:03,  5.63it/s]
 91%|█████████ | 182/200 [00:32<00:03,  5.63it/s]
 92%|█████████▏| 183/200 [00:32<00:03,  5.64it/s]
 92%|█████████▏| 184/200 [00:32<00:02,  5.65it/s]
 92%|█████████▎| 185/200 [00:32<00:02,  5.66it/s]
 93%|█████████▎| 186/200 [00:32<00:02,  5.65it/s]
 94%|█████████▎| 187/200 [00:33<00:02,  5.65it/s]
 94%|█████████▍| 188/200 [00:33<00:02,  5.66it/s]
 94%|█████████▍| 189/200 [00:33<00:01,  5.66it/s]
 95%|█████████▌| 190/200 [00:33<00:01,  5.66it/s]
 96%|█████████▌| 191/200 [00:33<00:01,  5.66it/s]
 96%|█████████▌| 192/200 [00:34<00:01,  5.66it/s]
 96%|█████████▋| 193/200 [00:34<00:01,  5.66it/s]
 97%|█████████▋| 194/200 [00:34<00:01,  5.64it/s]
 98%|█████████▊| 195/200 [00:34<00:00,  5.64it/s]
 98%|█████████▊| 196/200 [00:34<00:00,  5.65it/s]
 98%|█████████▊| 197/200 [00:34<00:00,  5.66it/s]
 99%|█████████▉| 198/200 [00:35<00:00,  5.64it/s]
100%|█████████▉| 199/200 [00:35<00:00,  5.64it/s]
100%|██████████| 200/200 [00:35<00:00,  5.64it/s]
100%|██████████| 200/200 [00:35<00:00,  5.65it/s]

  0%|          | 0/200 [00:00<?, ?it/s]
  0%|          | 1/200 [00:00<01:45,  1.89it/s]
  1%|          | 2/200 [00:01<01:44,  1.89it/s]
  2%|▏         | 3/200 [00:01<01:44,  1.89it/s]
  2%|▏         | 4/200 [00:02<01:43,  1.89it/s]
  2%|▎         | 5/200 [00:02<01:43,  1.89it/s]
  3%|▎         | 6/200 [00:03<01:44,  1.86it/s]
  4%|▎         | 7/200 [00:03<01:43,  1.87it/s]
  4%|▍         | 8/200 [00:04<01:42,  1.88it/s]
  4%|▍         | 9/200 [00:04<01:41,  1.88it/s]
  5%|▌         | 10/200 [00:05<01:41,  1.88it/s]
  6%|▌         | 11/200 [00:05<01:40,  1.88it/s]
  6%|▌         | 12/200 [00:06<01:39,  1.88it/s]
  6%|▋         | 13/200 [00:06<01:39,  1.89it/s]
  7%|▋         | 14/200 [00:07<01:38,  1.88it/s]
  8%|▊         | 15/200 [00:07<01:38,  1.89it/s]
  8%|▊         | 16/200 [00:08<01:37,  1.88it/s]
  8%|▊         | 17/200 [00:09<01:37,  1.88it/s]
  9%|▉         | 18/200 [00:09<01:36,  1.89it/s]
 10%|▉         | 19/200 [00:10<01:35,  1.89it/s]
 10%|█         | 20/200 [00:10<01:35,  1.88it/s]
 10%|█         | 21/200 [00:11<01:34,  1.89it/s]
 11%|█         | 22/200 [00:11<01:34,  1.89it/s]
 12%|█▏        | 23/200 [00:12<01:33,  1.89it/s]
 12%|█▏        | 24/200 [00:12<01:33,  1.88it/s]
 12%|█▎        | 25/200 [00:13<01:32,  1.89it/s]
 13%|█▎        | 26/200 [00:13<01:32,  1.89it/s]
 14%|█▎        | 27/200 [00:14<01:31,  1.89it/s]
 14%|█▍        | 28/200 [00:14<01:31,  1.89it/s]
 14%|█▍        | 29/200 [00:15<01:30,  1.89it/s]
 15%|█▌        | 30/200 [00:15<01:30,  1.89it/s]
 16%|█▌        | 31/200 [00:16<01:29,  1.89it/s]
 16%|█▌        | 32/200 [00:16<01:28,  1.89it/s]
 16%|█▋        | 33/200 [00:17<01:28,  1.89it/s]
 17%|█▋        | 34/200 [00:18<01:27,  1.89it/s]
 18%|█▊        | 35/200 [00:18<01:27,  1.89it/s]
 18%|█▊        | 36/200 [00:19<01:26,  1.89it/s]
 18%|█▊        | 37/200 [00:19<01:26,  1.88it/s]
 19%|█▉        | 38/200 [00:20<01:25,  1.88it/s]
 20%|█▉        | 39/200 [00:20<01:25,  1.88it/s]
 20%|██        | 40/200 [00:21<01:25,  1.88it/s]
 20%|██        | 41/200 [00:21<01:24,  1.88it/s]
 21%|██        | 42/200 [00:22<01:23,  1.88it/s]
 22%|██▏       | 43/200 [00:22<01:23,  1.88it/s]
 22%|██▏       | 44/200 [00:23<01:23,  1.88it/s]
 22%|██▎       | 45/200 [00:23<01:22,  1.88it/s]
 23%|██▎       | 46/200 [00:24<01:22,  1.88it/s]
 24%|██▎       | 47/200 [00:24<01:21,  1.88it/s]
 24%|██▍       | 48/200 [00:25<01:20,  1.88it/s]
 24%|██▍       | 49/200 [00:26<01:20,  1.88it/s]
 25%|██▌       | 50/200 [00:26<01:19,  1.88it/s]
 26%|██▌       | 51/200 [00:27<01:19,  1.88it/s]
 26%|██▌       | 52/200 [00:27<01:18,  1.88it/s]
 26%|██▋       | 53/200 [00:28<01:18,  1.88it/s]
 27%|██▋       | 54/200 [00:28<01:17,  1.88it/s]
 28%|██▊       | 55/200 [00:29<01:16,  1.89it/s]
 28%|██▊       | 56/200 [00:29<01:16,  1.88it/s]
 28%|██▊       | 57/200 [00:30<01:15,  1.88it/s]
 29%|██▉       | 58/200 [00:30<01:15,  1.88it/s]
 30%|██▉       | 59/200 [00:31<01:14,  1.88it/s]
 30%|███       | 60/200 [00:31<01:14,  1.88it/s]
 30%|███       | 61/200 [00:32<01:13,  1.89it/s]
 31%|███       | 62/200 [00:32<01:13,  1.87it/s]
 32%|███▏      | 63/200 [00:33<01:13,  1.87it/s]
 32%|███▏      | 64/200 [00:33<01:12,  1.88it/s]
 32%|███▎      | 65/200 [00:34<01:11,  1.88it/s]
 33%|███▎      | 66/200 [00:35<01:11,  1.87it/s]
 34%|███▎      | 67/200 [00:35<01:10,  1.88it/s]
 34%|███▍      | 68/200 [00:36<01:10,  1.88it/s]
 34%|███▍      | 69/200 [00:36<01:09,  1.88it/s]
 35%|███▌      | 70/200 [00:37<01:08,  1.89it/s]
 36%|███▌      | 71/200 [00:37<01:08,  1.89it/s]
 36%|███▌      | 72/200 [00:38<01:07,  1.89it/s]
 36%|███▋      | 73/200 [00:38<01:07,  1.89it/s]
 37%|███▋      | 74/200 [00:39<01:06,  1.89it/s]
 38%|███▊      | 75/200 [00:39<01:06,  1.89it/s]
 38%|███▊      | 76/200 [00:40<01:05,  1.89it/s]
 38%|███▊      | 77/200 [00:40<01:05,  1.89it/s]
 39%|███▉      | 78/200 [00:41<01:04,  1.89it/s]
 40%|███▉      | 79/200 [00:41<01:04,  1.89it/s]
 40%|████      | 80/200 [00:42<01:03,  1.89it/s]
 40%|████      | 81/200 [00:43<01:03,  1.89it/s]
 41%|████      | 82/200 [00:43<01:02,  1.89it/s]
 42%|████▏     | 83/200 [00:44<01:02,  1.89it/s]
 42%|████▏     | 84/200 [00:44<01:01,  1.89it/s]
 42%|████▎     | 85/200 [00:45<01:00,  1.89it/s]
 43%|████▎     | 86/200 [00:45<01:00,  1.89it/s]
 44%|████▎     | 87/200 [00:46<00:59,  1.89it/s]
 44%|████▍     | 88/200 [00:46<00:59,  1.89it/s]
 44%|████▍     | 89/200 [00:47<00:58,  1.89it/s]
 45%|████▌     | 90/200 [00:47<00:58,  1.89it/s]
 46%|████▌     | 91/200 [00:48<00:57,  1.89it/s]
 46%|████▌     | 92/200 [00:48<00:57,  1.88it/s]
 46%|████▋     | 93/200 [00:49<00:56,  1.88it/s]
 47%|████▋     | 94/200 [00:49<00:56,  1.89it/s]
 48%|████▊     | 95/200 [00:50<00:55,  1.89it/s]
 48%|████▊     | 96/200 [00:50<00:55,  1.89it/s]
 48%|████▊     | 97/200 [00:51<00:54,  1.89it/s]
 49%|████▉     | 98/200 [00:52<00:54,  1.89it/s]
 50%|████▉     | 99/200 [00:52<00:53,  1.89it/s]
 50%|█████     | 100/200 [00:53<00:52,  1.89it/s]
 50%|█████     | 101/200 [00:53<00:52,  1.89it/s]
 51%|█████     | 102/200 [00:54<00:51,  1.88it/s]
 52%|█████▏    | 103/200 [00:54<00:51,  1.89it/s]
 52%|█████▏    | 104/200 [00:55<00:50,  1.89it/s]
 52%|█████▎    | 105/200 [00:55<00:50,  1.89it/s]
 53%|█████▎    | 106/200 [00:56<00:49,  1.89it/s]
 54%|█████▎    | 107/200 [00:56<00:49,  1.89it/s]
 54%|█████▍    | 108/200 [00:57<00:48,  1.89it/s]
 55%|█████▍    | 109/200 [00:57<00:48,  1.89it/s]
 55%|█████▌    | 110/200 [00:58<00:47,  1.89it/s]
 56%|█████▌    | 111/200 [00:58<00:47,  1.88it/s]
 56%|█████▌    | 112/200 [00:59<00:46,  1.89it/s]
 56%|█████▋    | 113/200 [00:59<00:46,  1.89it/s]
 57%|█████▋    | 114/200 [01:00<00:45,  1.89it/s]
 57%|█████▊    | 115/200 [01:01<00:44,  1.89it/s]
 58%|█████▊    | 116/200 [01:01<00:44,  1.88it/s]
 58%|█████▊    | 117/200 [01:02<00:44,  1.88it/s]
 59%|█████▉    | 118/200 [01:02<00:43,  1.88it/s]
 60%|█████▉    | 119/200 [01:03<00:43,  1.87it/s]
 60%|██████    | 120/200 [01:03<00:42,  1.88it/s]
 60%|██████    | 121/200 [01:04<00:42,  1.87it/s]
 61%|██████    | 122/200 [01:04<00:41,  1.88it/s]
 62%|██████▏   | 123/200 [01:05<00:41,  1.87it/s]
 62%|██████▏   | 124/200 [01:05<00:40,  1.88it/s]
 62%|██████▎   | 125/200 [01:06<00:39,  1.88it/s]
 63%|██████▎   | 126/200 [01:06<00:39,  1.88it/s]
 64%|██████▎   | 127/200 [01:07<00:38,  1.88it/s]
 64%|██████▍   | 128/200 [01:07<00:38,  1.88it/s]
 64%|██████▍   | 129/200 [01:08<00:37,  1.88it/s]
 65%|██████▌   | 130/200 [01:09<00:37,  1.88it/s]
 66%|██████▌   | 131/200 [01:09<00:36,  1.88it/s]
 66%|██████▌   | 132/200 [01:10<00:36,  1.88it/s]
 66%|██████▋   | 133/200 [01:10<00:35,  1.88it/s]
 67%|██████▋   | 134/200 [01:11<00:34,  1.89it/s]
 68%|██████▊   | 135/200 [01:11<00:34,  1.89it/s]
 68%|██████▊   | 136/200 [01:12<00:33,  1.88it/s]
 68%|██████▊   | 137/200 [01:12<00:33,  1.88it/s]
 69%|██████▉   | 138/200 [01:13<00:32,  1.89it/s]
 70%|██████▉   | 139/200 [01:13<00:32,  1.89it/s]
 70%|███████   | 140/200 [01:14<00:31,  1.89it/s]
 70%|███████   | 141/200 [01:14<00:31,  1.88it/s]
 71%|███████   | 142/200 [01:15<00:30,  1.89it/s]
 72%|███████▏  | 143/200 [01:15<00:30,  1.89it/s]
 72%|███████▏  | 144/200 [01:16<00:29,  1.88it/s]
 72%|███████▎  | 145/200 [01:16<00:29,  1.88it/s]
 73%|███████▎  | 146/200 [01:17<00:28,  1.88it/s]
 74%|███████▎  | 147/200 [01:18<00:28,  1.89it/s]
 74%|███████▍  | 148/200 [01:18<00:27,  1.88it/s]
 74%|███████▍  | 149/200 [01:19<00:27,  1.89it/s]
 75%|███████▌  | 150/200 [01:19<00:26,  1.89it/s]
 76%|███████▌  | 151/200 [01:20<00:25,  1.89it/s]
 76%|███████▌  | 152/200 [01:20<00:25,  1.89it/s]
 76%|███████▋  | 153/200 [01:21<00:24,  1.88it/s]
 77%|███████▋  | 154/200 [01:21<00:24,  1.88it/s]
 78%|███████▊  | 155/200 [01:22<00:23,  1.88it/s]
 78%|███████▊  | 156/200 [01:22<00:23,  1.88it/s]
 78%|███████▊  | 157/200 [01:23<00:22,  1.88it/s]
 79%|███████▉  | 158/200 [01:23<00:22,  1.88it/s]
 80%|███████▉  | 159/200 [01:24<00:21,  1.88it/s]
 80%|████████  | 160/200 [01:24<00:21,  1.88it/s]
 80%|████████  | 161/200 [01:25<00:20,  1.88it/s]
 81%|████████  | 162/200 [01:25<00:20,  1.89it/s]
 82%|████████▏ | 163/200 [01:26<00:19,  1.89it/s]
 82%|████████▏ | 164/200 [01:27<00:19,  1.89it/s]
 82%|████████▎ | 165/200 [01:27<00:18,  1.89it/s]
 83%|████████▎ | 166/200 [01:28<00:18,  1.89it/s]
 84%|████████▎ | 167/200 [01:28<00:17,  1.88it/s]
 84%|████████▍ | 168/200 [01:29<00:16,  1.89it/s]
 84%|████████▍ | 169/200 [01:29<00:16,  1.89it/s]
 85%|████████▌ | 170/200 [01:30<00:15,  1.89it/s]
 86%|████████▌ | 171/200 [01:30<00:15,  1.89it/s]
 86%|████████▌ | 172/200 [01:31<00:14,  1.89it/s]
 86%|████████▋ | 173/200 [01:31<00:14,  1.89it/s]
 87%|████████▋ | 174/200 [01:32<00:13,  1.89it/s]
 88%|████████▊ | 175/200 [01:32<00:13,  1.87it/s]
 88%|████████▊ | 176/200 [01:33<00:12,  1.88it/s]
 88%|████████▊ | 177/200 [01:33<00:12,  1.88it/s]
 89%|████████▉ | 178/200 [01:34<00:11,  1.88it/s]
 90%|████████▉ | 179/200 [01:35<00:11,  1.89it/s]
 90%|█████████ | 180/200 [01:35<00:10,  1.88it/s]
 90%|█████████ | 181/200 [01:36<00:10,  1.88it/s]
 91%|█████████ | 182/200 [01:36<00:09,  1.89it/s]
 92%|█████████▏| 183/200 [01:37<00:09,  1.89it/s]
 92%|█████████▏| 184/200 [01:37<00:08,  1.89it/s]
 92%|█████████▎| 185/200 [01:38<00:07,  1.89it/s]
 93%|█████████▎| 186/200 [01:38<00:07,  1.88it/s]
 94%|█████████▎| 187/200 [01:39<00:06,  1.88it/s]
 94%|█████████▍| 188/200 [01:39<00:06,  1.89it/s]
 94%|█████████▍| 189/200 [01:40<00:05,  1.89it/s]
 95%|█████████▌| 190/200 [01:40<00:05,  1.89it/s]
 96%|█████████▌| 191/200 [01:41<00:04,  1.89it/s]
 96%|█████████▌| 192/200 [01:41<00:04,  1.89it/s]
 96%|█████████▋| 193/200 [01:42<00:03,  1.89it/s]
 97%|█████████▋| 194/200 [01:42<00:03,  1.89it/s]
 98%|█████████▊| 195/200 [01:43<00:02,  1.89it/s]
 98%|█████████▊| 196/200 [01:44<00:02,  1.89it/s]
 98%|█████████▊| 197/200 [01:44<00:01,  1.89it/s]
 99%|█████████▉| 198/200 [01:45<00:01,  1.88it/s]
100%|█████████▉| 199/200 [01:45<00:00,  1.89it/s]
100%|██████████| 200/200 [01:46<00:00,  1.89it/s]
100%|██████████| 200/200 [01:46<00:00,  1.88it/s]
    sub_label                                          obj_label                                   masked_sentences  sub_position sub_label_pl sub_label_sg                                            def_sap                                            def_dap                                            lsp_sap                                            lsp_dap                                     anchor_lsp_sap                   sub_label_sgpl                                  obj_mask_sentence                            obj_mask_sentence_score                                   obj_mask_def_sap                             obj_mask_def_sap_score                                   obj_mask_lsp_sap                             obj_mask_lsp_sap_score                                       subj_anchors                                 subj_anchors_score                       subj_anchors_sg                            subj_anchors_pl            subj_anchors_combined  \
0     acacias                                      [plant, tree]  [An acacia is a [MASK]., An acacia is an [MASK].]             3      acacias       acacia  [An acacia is a [MASK]., An acacia is an [MASK].]  [An acacia or [Z] is a [MASK]., An acacia or [...  [[MASK] such as acacias., [MASK], including ac...  [[MASK] such as acacias and [Z]., [MASK], incl...  [such as acacias and [MASK]., such as acacias ...           acacias acacia acacias  [shrub, tree, plant, oak, vegetable, almond, o...  {'shrub': 0.42858341336250305, 'tree': 0.32668...  [shrub, tree, plant, oak, vegetable, almond, o...  {'shrub': 0.42858341336250305, 'tree': 0.32668...  [tree, plant, shrub, thing, species, palm, fru...  {'trees': 0.43923665086428326, 'plants': 0.189...  [palms, eucalyptus, oaks, pines, cedar, trees,...  {'palms': 0.2581576034426689, 'eucalyptus': 0....   [palm, eucalyptu, oak, pine, cedar]   [palms, eucalyptus, oaks, pines, cedars]           acacias acacia acacias   
1  alligators  [vertebrate, chordate, beast, carnivore, repti...  [An alligator is a [MASK]., An alligator is an...             3   alligators    alligator  [An alligator is a [MASK]., An alligator is an...  [An alligator or [Z] is a [MASK]., An alligato...  [[MASK] such as alligators., [MASK], including...  [[MASK] such as alligators and [Z]., [MASK], i...  [such as alligators and [MASK]., such as allig...  alligators alligator alligators  [animal, fish, monster, snake, crocodile, turt...  {'animal': 0.35219907760620117, 'fish': 0.1211...  [animal, fish, monster, snake, crocodile, turt...  {'animal': 0.35219907760620117, 'fish': 0.1211...  [reptile, thing, animal, snake, creature, wild...  {'reptiles': 0.45938984490931034, 'things': 0....  [snakes, turtles, frogs, lizards, sharks, tige...  {'snakes': 0.33330246941609815, 'turtles': 0.1...  [snake, turtle, frog, lizard, shark]  [snakes, turtles, frogs, lizards, sharks]  alligators alligator alligators   
2  ambulances  [conveyance, artefact, artifact, transport, ve...  [An ambulance is a [MASK]., An ambulance is an...             3   ambulances    ambulance  [An ambulance is a [MASK]., An ambulance is an...  [An ambulance or [Z] is a [MASK]., An ambulanc...  [[MASK] such as ambulances., [MASK], including...  [[MASK] such as ambulances and [Z]., [MASK], i...  [such as ambulances and [MASK]., such as ambul...  ambulances ambulance ambulances  [emergency, accident, car, helicopter, hospita...  {'emergency': 0.1300235539674759, 'accident': ...  [emergency, accident, car, helicopter, hospita...  {'emergency': 0.1300235539674759, 'accident': ...  [thing, vehicle, service, police, hospital, tr...  {'things': 0.33095417730510235, 'vehicles': 0....  [police, buses, helicopters, cars, ems, planes...  {'police': 0.28336215154691174, 'buses': 0.099...    [police, bus, helicopter, car, em]   [polices, buses, helicopters, cars, ems]  ambulances ambulance ambulances   
3        ants  [insect, arthropod, bug, creature, invertebrat...        [An ant is a [MASK]., An ant is an [MASK].]             3         ants          ant        [An ant is a [MASK]., An ant is an [MASK].]  [An ant or [Z] is a [MASK]., An ant or [Z] is ...  [[MASK] such as ants., [MASK], including ants....  [[MASK] such as ants and [Z]., [MASK], includi...  [such as ants and [MASK]., such as ants or [MA...                    ants ant ants  [animal, insect, bug, species, organism, pest,...  {'animal': 0.2258305698633194, 'insect': 0.166...  [animal, insect, bug, species, organism, pest,...  {'animal': 0.2258305698633194, 'insect': 0.166...  [insect, animal, thing, person, invertebrate, ...  {'insects': 0.4983338552216689, 'animals': 0.1...  [bees, beetles, wasps, yes, flies, hornets, sp...  {'bees': 0.4672512141141025, 'beetles': 0.1145...          [bee, beetle, wasp, ye, fly]         [bees, beetles, wasps, yes, flies]                    ants ant ants   
4      apples                             [produce, fruit, food]    [An apple is a [MASK]., An apple is an [MASK].]             3       apples        apple    [An apple is a [MASK]., An apple is an [MASK].]  [An apple or [Z] is a [MASK]., An apple or [Z]...  [[MASK] such as apples., [MASK], including app...  [[MASK] such as apples and [Z]., [MASK], inclu...  [such as apples and [MASK]., such as apples or...              apples apple apples  [tree, fruit, pear, nut, vegetable, person, or...  {'tree': 0.1527864933013916, 'fruit': 0.047198...  [tree, fruit, pear, nut, vegetable, person, or...  {'tree': 0.1527864933013916, 'fruit': 0.047198...  [fruit, thing, vegetable, nut, berry, orchard,...  {'fruits': 0.3824947439134121, 'fruit': 0.2358...  [grapes, pear, nuts, vegetables, dates, banana...  {'grapes': 0.14616208760575813, 'pear': 0.1144...   [grape, pear, nut, vegetable, date]   [grapes, pears, nuts, vegetables, dates]              apples apple apples   

                   masked_sentences_with_subj_anchor                           def_dap_with_subj_anchor                           lsp_dap_with_subj_anchor                              obj_mask_sentence_dap                        obj_mask_sentence_dap_score                                   obj_mask_def_dap                             obj_mask_def_dap_score                                   obj_mask_lsp_dap                             obj_mask_lsp_dap_score  
0  [An acacia is a [MASK]., An acacia  or palms i...  [An acacia or palm is a [MASK]., An acacia or ...  [[MASK] such as acacias and palms., [MASK] suc...  [tree, shrub, example, fern, plant, grass, oak...  {'tree': 0.4111495981500907, 'shrub': 0.293288...  [tree, shrub, oak, example, elm, plant, object...  {'tree': 0.6269586950540542, 'shrub': 0.194482...  [tree, plant, shrub, vegetation, palm, woodlan...  {'trees': 0.6206396679083507, 'plants': 0.0963...  
1  [An alligator is a [MASK]., An alligator  or s...  [An alligator or snake is a [MASK]., An alliga...  [[MASK] such as alligators and snakes., [MASK]...  [animal, example, frog, fish, answer, bird, pr...  {'animal': 0.4649753025309606, 'example': 0.30...  [animal, predator, frog, fish, shark, mammal, ...  {'animal': 0.7910960793495179, 'predator': 0.2...  [reptile, animal, snake, thing, shark, creatur...  {'reptiles': 0.5529055991520484, 'animals': 0....  
2  [An ambulance is a [MASK]., An ambulance  or p...  [An ambulance or police is a [MASK]., An ambul...  [[MASK] such as ambulances and polices., [MASK...  [example, vehicle, exception, helicopter, hosp...  {'example': 0.3245548141950911, 'vehicle': 0.2...  [vehicle, example, helicopter, response, excep...  {'vehicle': 0.4340295284986496, 'example': 0.1...  [thing, vehicle, service, police, helicopter, ...  {'things': 0.37283248857905466, 'vehicles': 0....  
3  [An ant is a [MASK]., An ant  or bees is a [MA...  [An ant or bee is a [MASK]., An ant or beetle ...  [[MASK] such as ants and bees., [MASK] such as...  [animal, insect, species, answer, bug, example...  {'animal': 0.24625928869301622, 'insect': 0.23...  [insect, animal, bug, pest, species, wasp, bee...  {'insect': 0.2727603300008923, 'animal': 0.237...  [insect, thing, ye, animal, yeah, bee, time, i...  {'insects': 0.6735313679756862, 'things': 0.23...  
4  [An apple is a [MASK]., An apple  or grapes is...  [An apple or grape is a [MASK]., An apple or p...  [[MASK] such as apples and grapes., [MASK] suc...  [fruit, example, vegetable, nut, potato, objec...  {'fruit': 0.48273640498518944, 'example': 0.11...  [fruit, date, month, nut, vegetable, example, ...  {'fruit': 0.5447725778445601, 'date': 0.370663...  [fruit, thing, agriculture, date, vegetable, n...  {'fruits': 0.5104225796957811, 'things': 0.302...  
---------------------------------------- obj_label evaluation ----------------------------------------
begin{tabular}{rlrrrrlrrr}
hline
    	 mask_type   	   mAP@1 	   mAP@5 	   mAP@10 	   mrr 	 relation   	   anchor_wordnet_avg_path 	   anchor_wordnet_coverage 	   mask_type_id 
hline
  1 	 def_sap     	      58 	    66.8 	     63   	  70.4 	 IsA        	                      6.51 	                     0.879 	              1 
  2 	 lsp_sap     	      73 	    74.8 	     66   	  82.9 	 IsA        	                      6.51 	                     0.879 	              3 
  4 	 def_dap     	      68 	    74.3 	     68.2 	  79.1 	 IsA        	                      6.51 	                     0.879 	              2 
  5 	 lsp_dap     	      70 	    75.4 	     64.1 	  81.5 	 IsA        	                      6.51 	                     0.879 	              4 
hline
end{tabular}
save log/bert-large-uncased/hypernymsuite/BLESS/df_all_use_global_dap_True_anchor_type_Coordinate_remove_Y_PUNC_FULL_concate_or_single_max_anchor_num_10_anchor_scorer_probAvg_filter_obj_True_filter_objects_with_input_True_wnp_False_cpt_False.HYPERNYMSUITE.tsv
save log/bert-large-uncased/hypernymsuite/BLESS/exp_data_results_anchor_type_Coordinate_remove_Y_PUNC_FULL_concate_or_single_max_anchor_num_10_anchor_scorer_probAvg_filter_obj_True_filter_objects_with_input_True_wnp_False_cpt_False.HYPERNYMSUITE.csv
