debug: False
---------------------------------------- config ----------------------------------------
{'debug': False, 'test_relations': ['IsA'], 'save_all_data': True, 'top_k': 10, 'data_dir': 'data/lm_diagnostic_extended/singular/', 'mask_string_mapping': {'bert-large-uncased': '[MASK]'}, 'use_dap_global': True, 'max_anchor_num': 3, 'return_probs': True, 'anchor_scorer_list': ['probAvg'], 'scorer_target_1_prompt': 'probSum', 'scorer_target_N_prompts': 'probAvg', 'use_original_prompt': True, 'original_prompt_source': 'masked_sentence', 'incorporate_operations': ['concate_or_single'], 'filter_anchors_flag': True, 'filter_objects_flag': True, 'cpt_only': False, 'max_anchor_num_list': [5], 'anchor_types': ['Coordinate_remove_Y_PUNC_FULL'], 'add_cpt_score': False, 'constrain_targets': True, 'add_wordnet_path_score': True}
---------------------------------------- config ----------------------------------------
Some weights of the model checkpoint at bert-large-uncased were not used when initializing BertForMaskedLM: ['cls.seq_relationship.bias', 'cls.seq_relationship.weight']
- This IS expected if you are initializing BertForMaskedLM from the checkpoint of a model trained on another task or with another architecture (e.g. initializing a BertForSequenceClassification model from a BertForPreTraining model).
- This IS NOT expected if you are initializing BertForMaskedLM from the checkpoint of a model that you expect to be exactly identical (initializing a BertForSequenceClassification model from a BertForSequenceClassification model).
Some weights of the model checkpoint at bert-large-uncased were not used when initializing BertForMaskedLM: ['cls.seq_relationship.bias', 'cls.seq_relationship.weight']
- This IS expected if you are initializing BertForMaskedLM from the checkpoint of a model trained on another task or with another architecture (e.g. initializing a BertForSequenceClassification model from a BertForPreTraining model).
- This IS NOT expected if you are initializing BertForMaskedLM from the checkpoint of a model that you expect to be exactly identical (initializing a BertForSequenceClassification model from a BertForSequenceClassification model).
---------------------------------------- bert-large-uncased-anchor_type: Coordinate_remove_Y_PUNC_FULL-scorer_anchor:probAvg-op:concate_or_single ----------------------------------------
{
    "IsA": {
        "relation": "IsA",
        "def_sap": [
            "A [X] is a [MASK].",
            "A [X] is an [MASK].",
            "An [X] is a [MASK].",
            "An [X] is an [MASK]."
        ],
        "def_dap": [
            "A [X] or [Z] is a [MASK].",
            "A [X] or [Z] is an [MASK].",
            "An [X] or [Z] is a [MASK].",
            "An [X] or [Z] is an [MASK]."
        ],
        "lsp_sap": [
            "[MASK] such as [X].",
            "[MASK], including [X].",
            "[MASK], especially [X].",
            "[X] or other [MASK].",
            "[X] and other [MASK].",
            "such [MASK] as [X]."
        ],
        "lsp_dap": [
            "[MASK] such as [X] and [Z].",
            "[MASK], including [X] and [Z].",
            "[MASK], especially [X] and [Z].",
            "[X], [Z] and other [MASK].",
            "[X], [Z] or other [MASK].",
            "such [MASK] as [X] and [Z]."
        ],
        "use_dap": true,
        "anchor_target": "[X]",
        "anchor_lsp_sap": [
            "such as [X] and [MASK].",
            "such as [X] or [MASK].",
            "such as [X], [MASK],",
            "including [X] and [MASK].",
            "including [X] or [MASK].",
            "including [X], [MASK],",
            "especially [X] and [MASK].",
            "especially [X] or [MASK].",
            "especially [X], [MASK],",
            "[X], [MASK] or other",
            "[X], [MASK] and other"
        ]
    }
}
Processing IsA ... data/lm_diagnostic_extended/singular//IsA.jsonl
#Test_instances: 576
	 step1: get anchors (fill and filter)
/home/chunhua/.local/lib/python3.8/site-packages/transformers/pipelines/base.py:1043: UserWarning: You seem to be using the pipelines sequentially on GPU. In order to maximize efficiency please use a dataset
  warnings.warn(
--- def_sap
--- lsp_sap
relation: IsA 	 use_dap: True
	 step2: insert anchors
	 step3: fill mask in dap anchors

  0%|          | 0/576 [00:00<?, ?it/s]/home/chunhua/.local/lib/python3.8/site-packages/transformers/pipelines/base.py:1043: UserWarning: You seem to be using the pipelines sequentially on GPU. In order to maximize efficiency please use a dataset
  warnings.warn(

  0%|          | 2/576 [00:00<00:43, 13.24it/s]
  1%|          | 4/576 [00:00<00:42, 13.41it/s]
  1%|          | 6/576 [00:00<00:42, 13.45it/s]
  1%|▏         | 8/576 [00:00<00:42, 13.43it/s]
  2%|▏         | 10/576 [00:00<00:42, 13.47it/s]
  2%|▏         | 12/576 [00:00<00:41, 13.45it/s]
  2%|▏         | 14/576 [00:01<00:41, 13.47it/s]
  3%|▎         | 16/576 [00:01<00:41, 13.44it/s]
  3%|▎         | 18/576 [00:01<00:41, 13.50it/s]
  3%|▎         | 20/576 [00:01<00:41, 13.55it/s]
  4%|▍         | 22/576 [00:01<00:40, 13.54it/s]
  4%|▍         | 24/576 [00:01<00:40, 13.54it/s]
  5%|▍         | 26/576 [00:01<00:40, 13.43it/s]
  5%|▍         | 28/576 [00:02<00:40, 13.45it/s]
  5%|▌         | 30/576 [00:02<00:40, 13.49it/s]
  6%|▌         | 32/576 [00:02<00:40, 13.49it/s]
  6%|▌         | 34/576 [00:02<00:40, 13.52it/s]
  6%|▋         | 36/576 [00:02<00:39, 13.52it/s]
  7%|▋         | 38/576 [00:02<00:39, 13.53it/s]
  7%|▋         | 40/576 [00:02<00:39, 13.51it/s]
  7%|▋         | 42/576 [00:03<00:39, 13.52it/s]
  8%|▊         | 44/576 [00:03<00:39, 13.53it/s]
  8%|▊         | 46/576 [00:03<00:39, 13.53it/s]
  8%|▊         | 48/576 [00:03<00:38, 13.55it/s]
  9%|▊         | 50/576 [00:03<00:38, 13.54it/s]
  9%|▉         | 52/576 [00:03<00:38, 13.52it/s]
  9%|▉         | 54/576 [00:04<00:39, 13.36it/s]
 10%|▉         | 56/576 [00:04<00:38, 13.37it/s]
 10%|█         | 58/576 [00:04<00:38, 13.38it/s]
 10%|█         | 60/576 [00:04<00:38, 13.29it/s]
 11%|█         | 62/576 [00:04<00:39, 12.89it/s]
 11%|█         | 64/576 [00:04<00:39, 13.07it/s]
 11%|█▏        | 66/576 [00:04<00:38, 13.21it/s]
 12%|█▏        | 68/576 [00:05<00:38, 13.31it/s]
 12%|█▏        | 70/576 [00:05<00:37, 13.40it/s]
 12%|█▎        | 72/576 [00:05<00:37, 13.48it/s]
 13%|█▎        | 74/576 [00:05<00:37, 13.52it/s]
 13%|█▎        | 76/576 [00:05<00:36, 13.55it/s]
 14%|█▎        | 78/576 [00:05<00:36, 13.56it/s]
 14%|█▍        | 80/576 [00:05<00:36, 13.55it/s]
 14%|█▍        | 82/576 [00:06<00:36, 13.57it/s]
 15%|█▍        | 84/576 [00:06<00:36, 13.58it/s]
 15%|█▍        | 86/576 [00:06<00:36, 13.48it/s]
 15%|█▌        | 88/576 [00:06<00:36, 13.49it/s]
 16%|█▌        | 90/576 [00:06<00:36, 13.49it/s]
 16%|█▌        | 92/576 [00:06<00:35, 13.53it/s]
 16%|█▋        | 94/576 [00:06<00:35, 13.52it/s]
 17%|█▋        | 96/576 [00:07<00:35, 13.53it/s]
 17%|█▋        | 98/576 [00:07<00:35, 13.38it/s]
 17%|█▋        | 100/576 [00:07<00:35, 13.42it/s]
 18%|█▊        | 102/576 [00:07<00:35, 13.47it/s]
 18%|█▊        | 104/576 [00:07<00:34, 13.49it/s]
 18%|█▊        | 106/576 [00:07<00:34, 13.50it/s]
 19%|█▉        | 108/576 [00:08<00:34, 13.51it/s]
 19%|█▉        | 110/576 [00:08<00:34, 13.52it/s]
 19%|█▉        | 112/576 [00:08<00:34, 13.55it/s]
 20%|█▉        | 114/576 [00:08<00:34, 13.57it/s]
 20%|██        | 116/576 [00:08<00:34, 13.50it/s]
 20%|██        | 118/576 [00:08<00:33, 13.51it/s]
 21%|██        | 120/576 [00:08<00:33, 13.53it/s]
 21%|██        | 122/576 [00:09<00:33, 13.56it/s]
 22%|██▏       | 124/576 [00:09<00:33, 13.53it/s]
 22%|██▏       | 126/576 [00:09<00:33, 13.54it/s]
 22%|██▏       | 128/576 [00:09<00:33, 13.57it/s]
 23%|██▎       | 130/576 [00:09<00:32, 13.57it/s]
 23%|██▎       | 132/576 [00:09<00:32, 13.60it/s]
 23%|██▎       | 134/576 [00:09<00:32, 13.57it/s]
 24%|██▎       | 136/576 [00:10<00:32, 13.42it/s]
 24%|██▍       | 138/576 [00:10<00:32, 13.46it/s]
 24%|██▍       | 140/576 [00:10<00:32, 13.48it/s]
 25%|██▍       | 142/576 [00:10<00:32, 13.51it/s]
 25%|██▌       | 144/576 [00:10<00:31, 13.51it/s]
 25%|██▌       | 146/576 [00:10<00:31, 13.51it/s]
 26%|██▌       | 148/576 [00:10<00:31, 13.52it/s]
 26%|██▌       | 150/576 [00:11<00:31, 13.53it/s]
 26%|██▋       | 152/576 [00:11<00:31, 13.54it/s]
 27%|██▋       | 154/576 [00:11<00:31, 13.55it/s]
 27%|██▋       | 156/576 [00:11<00:30, 13.57it/s]
 27%|██▋       | 158/576 [00:11<00:30, 13.57it/s]
 28%|██▊       | 160/576 [00:11<00:30, 13.52it/s]
 28%|██▊       | 162/576 [00:12<00:30, 13.51it/s]
 28%|██▊       | 164/576 [00:12<00:30, 13.54it/s]
 29%|██▉       | 166/576 [00:12<00:30, 13.55it/s]
 29%|██▉       | 168/576 [00:12<00:30, 13.57it/s]
 30%|██▉       | 170/576 [00:12<00:30, 13.53it/s]
 30%|██▉       | 172/576 [00:12<00:29, 13.48it/s]
 30%|███       | 174/576 [00:12<00:29, 13.49it/s]
 31%|███       | 176/576 [00:13<00:29, 13.51it/s]
 31%|███       | 178/576 [00:13<00:29, 13.52it/s]
 31%|███▏      | 180/576 [00:13<00:29, 13.48it/s]
 32%|███▏      | 182/576 [00:13<00:29, 13.50it/s]
 32%|███▏      | 184/576 [00:13<00:28, 13.53it/s]
 32%|███▏      | 186/576 [00:13<00:28, 13.52it/s]
 33%|███▎      | 188/576 [00:13<00:28, 13.52it/s]
 33%|███▎      | 190/576 [00:14<00:28, 13.52it/s]
 33%|███▎      | 192/576 [00:14<00:28, 13.56it/s]
 34%|███▎      | 194/576 [00:14<00:28, 13.55it/s]
 34%|███▍      | 196/576 [00:14<00:28, 13.56it/s]
 34%|███▍      | 198/576 [00:14<00:27, 13.56it/s]
 35%|███▍      | 200/576 [00:14<00:27, 13.55it/s]
 35%|███▌      | 202/576 [00:14<00:27, 13.54it/s]
 35%|███▌      | 204/576 [00:15<00:27, 13.54it/s]
 36%|███▌      | 206/576 [00:15<00:27, 13.56it/s]
 36%|███▌      | 208/576 [00:15<00:31, 11.71it/s]
 36%|███▋      | 210/576 [00:15<00:30, 12.20it/s]
 37%|███▋      | 212/576 [00:15<00:28, 12.56it/s]
 37%|███▋      | 214/576 [00:15<00:28, 12.83it/s]
 38%|███▊      | 216/576 [00:16<00:27, 13.06it/s]
 38%|███▊      | 218/576 [00:16<00:27, 13.19it/s]
 38%|███▊      | 220/576 [00:16<00:26, 13.30it/s]
 39%|███▊      | 222/576 [00:16<00:26, 13.37it/s]
 39%|███▉      | 224/576 [00:16<00:26, 13.43it/s]
 39%|███▉      | 226/576 [00:16<00:26, 13.46it/s]
 40%|███▉      | 228/576 [00:16<00:25, 13.46it/s]
 40%|███▉      | 230/576 [00:17<00:25, 13.50it/s]
 40%|████      | 232/576 [00:17<00:25, 13.51it/s]
 41%|████      | 234/576 [00:17<00:25, 13.55it/s]
 41%|████      | 236/576 [00:17<00:25, 13.55it/s]
 41%|████▏     | 238/576 [00:17<00:25, 13.50it/s]
 42%|████▏     | 240/576 [00:17<00:24, 13.48it/s]
 42%|████▏     | 242/576 [00:18<00:24, 13.45it/s]
 42%|████▏     | 244/576 [00:18<00:24, 13.47it/s]
 43%|████▎     | 246/576 [00:18<00:24, 13.50it/s]
 43%|████▎     | 248/576 [00:18<00:24, 13.52it/s]
 43%|████▎     | 250/576 [00:18<00:24, 13.55it/s]
 44%|████▍     | 252/576 [00:18<00:23, 13.57it/s]
 44%|████▍     | 254/576 [00:18<00:23, 13.56it/s]
 44%|████▍     | 256/576 [00:19<00:23, 13.55it/s]
 45%|████▍     | 258/576 [00:19<00:23, 13.57it/s]
 45%|████▌     | 260/576 [00:19<00:23, 13.57it/s]
 45%|████▌     | 262/576 [00:19<00:23, 13.58it/s]
 46%|████▌     | 264/576 [00:19<00:22, 13.59it/s]
 46%|████▌     | 266/576 [00:19<00:22, 13.57it/s]
 47%|████▋     | 268/576 [00:19<00:22, 13.56it/s]
 47%|████▋     | 270/576 [00:20<00:22, 13.56it/s]
 47%|████▋     | 272/576 [00:20<00:22, 13.58it/s]
 48%|████▊     | 274/576 [00:20<00:22, 13.39it/s]
 48%|████▊     | 276/576 [00:20<00:22, 13.47it/s]
 48%|████▊     | 278/576 [00:20<00:22, 13.44it/s]
 49%|████▊     | 280/576 [00:20<00:22, 13.44it/s]
 49%|████▉     | 282/576 [00:20<00:21, 13.40it/s]
 49%|████▉     | 284/576 [00:21<00:21, 13.39it/s]
 50%|████▉     | 286/576 [00:21<00:21, 13.43it/s]
 50%|█████     | 288/576 [00:21<00:21, 13.48it/s]
 50%|█████     | 290/576 [00:21<00:21, 13.53it/s]
 51%|█████     | 292/576 [00:21<00:20, 13.53it/s]
 51%|█████     | 294/576 [00:21<00:20, 13.53it/s]
 51%|█████▏    | 296/576 [00:22<00:20, 13.53it/s]
 52%|█████▏    | 298/576 [00:22<00:20, 13.55it/s]
 52%|█████▏    | 300/576 [00:22<00:20, 13.55it/s]
 52%|█████▏    | 302/576 [00:22<00:20, 13.56it/s]
 53%|█████▎    | 304/576 [00:22<00:20, 13.56it/s]
 53%|█████▎    | 306/576 [00:22<00:19, 13.59it/s]
 53%|█████▎    | 308/576 [00:22<00:19, 13.40it/s]
 54%|█████▍    | 310/576 [00:23<00:19, 13.41it/s]
 54%|█████▍    | 312/576 [00:23<00:19, 13.24it/s]
 55%|█████▍    | 314/576 [00:23<00:19, 13.27it/s]
 55%|█████▍    | 316/576 [00:23<00:19, 13.34it/s]
 55%|█████▌    | 318/576 [00:23<00:19, 13.37it/s]
 56%|█████▌    | 320/576 [00:23<00:19, 13.37it/s]
 56%|█████▌    | 322/576 [00:23<00:18, 13.40it/s]
 56%|█████▋    | 324/576 [00:24<00:18, 13.42it/s]
 57%|█████▋    | 326/576 [00:24<00:18, 13.43it/s]
 57%|█████▋    | 328/576 [00:24<00:18, 13.44it/s]
 57%|█████▋    | 330/576 [00:24<00:18, 13.46it/s]
 58%|█████▊    | 332/576 [00:24<00:18, 13.41it/s]
 58%|█████▊    | 334/576 [00:24<00:18, 13.38it/s]
 58%|█████▊    | 336/576 [00:24<00:17, 13.41it/s]
 59%|█████▊    | 338/576 [00:25<00:17, 13.24it/s]
 59%|█████▉    | 340/576 [00:25<00:17, 13.29it/s]
 59%|█████▉    | 342/576 [00:25<00:17, 13.34it/s]
 60%|█████▉    | 344/576 [00:25<00:17, 13.36it/s]
 60%|██████    | 346/576 [00:25<00:17, 13.40it/s]
 60%|██████    | 348/576 [00:25<00:16, 13.43it/s]
 61%|██████    | 350/576 [00:26<00:16, 13.40it/s]
 61%|██████    | 352/576 [00:26<00:16, 13.42it/s]
 61%|██████▏   | 354/576 [00:26<00:16, 13.43it/s]
 62%|██████▏   | 356/576 [00:26<00:16, 13.45it/s]
 62%|██████▏   | 358/576 [00:26<00:16, 13.43it/s]
 62%|██████▎   | 360/576 [00:26<00:16, 13.39it/s]
 63%|██████▎   | 362/576 [00:26<00:15, 13.40it/s]
 63%|██████▎   | 364/576 [00:27<00:15, 13.41it/s]
 64%|██████▎   | 366/576 [00:27<00:15, 13.42it/s]
 64%|██████▍   | 368/576 [00:27<00:15, 13.43it/s]
 64%|██████▍   | 370/576 [00:27<00:15, 13.41it/s]
 65%|██████▍   | 372/576 [00:27<00:15, 13.43it/s]
 65%|██████▍   | 374/576 [00:27<00:15, 13.44it/s]
 65%|██████▌   | 376/576 [00:27<00:14, 13.44it/s]
 66%|██████▌   | 378/576 [00:28<00:14, 13.45it/s]
 66%|██████▌   | 380/576 [00:28<00:14, 13.46it/s]
 66%|██████▋   | 382/576 [00:28<00:14, 13.46it/s]
 67%|██████▋   | 384/576 [00:28<00:14, 13.32it/s]
 67%|██████▋   | 386/576 [00:28<00:14, 13.37it/s]
 67%|██████▋   | 388/576 [00:28<00:14, 13.42it/s]
 68%|██████▊   | 390/576 [00:29<00:13, 13.43it/s]
 68%|██████▊   | 392/576 [00:29<00:13, 13.45it/s]
 68%|██████▊   | 394/576 [00:29<00:13, 13.47it/s]
 69%|██████▉   | 396/576 [00:29<00:13, 13.48it/s]
 69%|██████▉   | 398/576 [00:29<00:13, 13.41it/s]
 69%|██████▉   | 400/576 [00:29<00:13, 13.41it/s]
 70%|██████▉   | 402/576 [00:29<00:12, 13.40it/s]
 70%|███████   | 404/576 [00:30<00:12, 13.40it/s]
 70%|███████   | 406/576 [00:30<00:12, 13.30it/s]
 71%|███████   | 408/576 [00:30<00:12, 13.38it/s]
 71%|███████   | 410/576 [00:30<00:12, 13.41it/s]
 72%|███████▏  | 412/576 [00:30<00:12, 13.44it/s]
 72%|███████▏  | 414/576 [00:30<00:12, 13.48it/s]
 72%|███████▏  | 416/576 [00:30<00:11, 13.49it/s]
 73%|███████▎  | 418/576 [00:31<00:11, 13.51it/s]
 73%|███████▎  | 420/576 [00:31<00:11, 13.48it/s]
 73%|███████▎  | 422/576 [00:31<00:11, 13.51it/s]
 74%|███████▎  | 424/576 [00:31<00:11, 13.51it/s]
 74%|███████▍  | 426/576 [00:31<00:11, 13.52it/s]
 74%|███████▍  | 428/576 [00:31<00:10, 13.51it/s]
 75%|███████▍  | 430/576 [00:31<00:10, 13.51it/s]
 75%|███████▌  | 432/576 [00:32<00:10, 13.53it/s]
 75%|███████▌  | 434/576 [00:32<00:10, 13.54it/s]
 76%|███████▌  | 436/576 [00:32<00:10, 13.55it/s]
 76%|███████▌  | 438/576 [00:32<00:10, 13.55it/s]
 76%|███████▋  | 440/576 [00:32<00:10, 13.50it/s]
 77%|███████▋  | 442/576 [00:32<00:09, 13.47it/s]
 77%|███████▋  | 444/576 [00:33<00:09, 13.49it/s]
 77%|███████▋  | 446/576 [00:33<00:09, 13.51it/s]
 78%|███████▊  | 448/576 [00:33<00:09, 13.53it/s]
 78%|███████▊  | 450/576 [00:33<00:09, 13.52it/s]
 78%|███████▊  | 452/576 [00:33<00:09, 13.54it/s]
 79%|███████▉  | 454/576 [00:33<00:09, 13.54it/s]
 79%|███████▉  | 456/576 [00:33<00:08, 13.49it/s]
 80%|███████▉  | 458/576 [00:34<00:08, 13.50it/s]
 80%|███████▉  | 460/576 [00:34<00:08, 13.49it/s]
 80%|████████  | 462/576 [00:34<00:08, 13.50it/s]
 81%|████████  | 464/576 [00:34<00:08, 13.51it/s]
 81%|████████  | 466/576 [00:34<00:08, 13.52it/s]
 81%|████████▏ | 468/576 [00:34<00:07, 13.54it/s]
 82%|████████▏ | 470/576 [00:34<00:07, 13.52it/s]
 82%|████████▏ | 472/576 [00:35<00:07, 13.53it/s]
 82%|████████▏ | 474/576 [00:35<00:07, 13.53it/s]
 83%|████████▎ | 476/576 [00:35<00:07, 13.53it/s]
 83%|████████▎ | 478/576 [00:35<00:07, 13.47it/s]
 83%|████████▎ | 480/576 [00:35<00:07, 13.45it/s]
 84%|████████▎ | 482/576 [00:35<00:06, 13.49it/s]
 84%|████████▍ | 484/576 [00:35<00:06, 13.50it/s]
 84%|████████▍ | 486/576 [00:36<00:06, 13.51it/s]
 85%|████████▍ | 488/576 [00:36<00:06, 13.53it/s]
 85%|████████▌ | 490/576 [00:36<00:06, 13.51it/s]
 85%|████████▌ | 492/576 [00:36<00:06, 13.43it/s]
 86%|████████▌ | 494/576 [00:36<00:06, 13.46it/s]
 86%|████████▌ | 496/576 [00:36<00:05, 13.46it/s]
 86%|████████▋ | 498/576 [00:37<00:05, 13.50it/s]
 87%|████████▋ | 500/576 [00:37<00:05, 13.53it/s]
 87%|████████▋ | 502/576 [00:37<00:05, 13.54it/s]
 88%|████████▊ | 504/576 [00:37<00:05, 13.54it/s]
 88%|████████▊ | 506/576 [00:37<00:05, 13.54it/s]
 88%|████████▊ | 508/576 [00:37<00:05, 13.53it/s]
 89%|████████▊ | 510/576 [00:37<00:04, 13.52it/s]
 89%|████████▉ | 512/576 [00:38<00:04, 13.55it/s]
 89%|████████▉ | 514/576 [00:38<00:04, 13.54it/s]
 90%|████████▉ | 516/576 [00:38<00:04, 13.55it/s]
 90%|████████▉ | 518/576 [00:38<00:04, 13.53it/s]
 90%|█████████ | 520/576 [00:38<00:04, 13.51it/s]
 91%|█████████ | 522/576 [00:38<00:03, 13.52it/s]
 91%|█████████ | 524/576 [00:38<00:03, 13.45it/s]
 91%|█████████▏| 526/576 [00:39<00:03, 13.47it/s]
 92%|█████████▏| 528/576 [00:39<00:03, 13.49it/s]
 92%|█████████▏| 530/576 [00:39<00:03, 13.31it/s]
 92%|█████████▏| 532/576 [00:39<00:03, 13.38it/s]
 93%|█████████▎| 534/576 [00:39<00:03, 13.42it/s]
 93%|█████████▎| 536/576 [00:39<00:02, 13.43it/s]
 93%|█████████▎| 538/576 [00:39<00:02, 13.47it/s]
 94%|█████████▍| 540/576 [00:40<00:02, 13.48it/s]
 94%|█████████▍| 542/576 [00:40<00:02, 13.50it/s]
 94%|█████████▍| 544/576 [00:40<00:02, 13.50it/s]
 95%|█████████▍| 546/576 [00:40<00:02, 13.53it/s]
 95%|█████████▌| 548/576 [00:40<00:02, 13.54it/s]
 95%|█████████▌| 550/576 [00:40<00:01, 13.52it/s]
 96%|█████████▌| 552/576 [00:41<00:01, 13.52it/s]
 96%|█████████▌| 554/576 [00:41<00:01, 13.52it/s]
 97%|█████████▋| 556/576 [00:41<00:01, 13.55it/s]
 97%|█████████▋| 558/576 [00:41<00:01, 13.55it/s]
 97%|█████████▋| 560/576 [00:41<00:01, 13.52it/s]
 98%|█████████▊| 562/576 [00:41<00:01, 13.54it/s]
 98%|█████████▊| 564/576 [00:41<00:00, 13.46it/s]
 98%|█████████▊| 566/576 [00:42<00:00, 13.50it/s]
 99%|█████████▊| 568/576 [00:42<00:00, 13.50it/s]
 99%|█████████▉| 570/576 [00:42<00:00, 13.52it/s]
 99%|█████████▉| 572/576 [00:42<00:00, 13.54it/s]
100%|█████████▉| 574/576 [00:42<00:00, 13.56it/s]
100%|██████████| 576/576 [00:42<00:00, 13.55it/s]
100%|██████████| 576/576 [00:42<00:00, 13.46it/s]

  0%|          | 0/576 [00:00<?, ?it/s]
  0%|          | 1/576 [00:00<01:11,  8.08it/s]
  0%|          | 2/576 [00:00<01:11,  8.00it/s]
  1%|          | 3/576 [00:00<01:11,  8.06it/s]
  1%|          | 4/576 [00:00<01:10,  8.08it/s]
  1%|          | 5/576 [00:00<01:10,  8.08it/s]
  1%|          | 6/576 [00:00<01:10,  8.08it/s]
  1%|          | 7/576 [00:00<01:10,  8.08it/s]
  1%|▏         | 8/576 [00:00<01:10,  8.07it/s]
  2%|▏         | 9/576 [00:01<01:10,  8.00it/s]
  2%|▏         | 10/576 [00:01<01:10,  8.02it/s]
  2%|▏         | 11/576 [00:01<01:10,  8.02it/s]
  2%|▏         | 12/576 [00:01<01:10,  8.03it/s]
  2%|▏         | 13/576 [00:01<01:10,  8.03it/s]
  2%|▏         | 14/576 [00:01<01:12,  7.71it/s]
  3%|▎         | 15/576 [00:01<01:11,  7.81it/s]
  3%|▎         | 16/576 [00:02<01:11,  7.88it/s]
  3%|▎         | 17/576 [00:02<01:10,  7.95it/s]
  3%|▎         | 18/576 [00:02<01:09,  8.00it/s]
  3%|▎         | 19/576 [00:02<01:09,  8.04it/s]
  3%|▎         | 20/576 [00:02<01:08,  8.06it/s]
  4%|▎         | 21/576 [00:02<01:21,  6.83it/s]
  4%|▍         | 22/576 [00:02<01:17,  7.13it/s]
  4%|▍         | 23/576 [00:02<01:14,  7.39it/s]
  4%|▍         | 24/576 [00:03<01:13,  7.52it/s]
  4%|▍         | 25/576 [00:03<01:12,  7.65it/s]
  5%|▍         | 26/576 [00:03<01:10,  7.78it/s]
  5%|▍         | 27/576 [00:03<01:09,  7.86it/s]
  5%|▍         | 28/576 [00:03<01:09,  7.92it/s]
  5%|▌         | 29/576 [00:03<01:08,  8.00it/s]
  5%|▌         | 30/576 [00:03<01:08,  7.99it/s]
  5%|▌         | 31/576 [00:03<01:08,  8.00it/s]
  6%|▌         | 32/576 [00:04<01:08,  7.98it/s]
  6%|▌         | 33/576 [00:04<01:07,  8.03it/s]
  6%|▌         | 34/576 [00:04<01:07,  8.05it/s]
  6%|▌         | 35/576 [00:04<01:08,  7.95it/s]
  6%|▋         | 36/576 [00:04<01:07,  7.98it/s]
  6%|▋         | 37/576 [00:04<01:07,  8.01it/s]
  7%|▋         | 38/576 [00:04<01:06,  8.06it/s]
  7%|▋         | 39/576 [00:04<01:06,  8.06it/s]
  7%|▋         | 40/576 [00:05<01:06,  8.06it/s]
  7%|▋         | 41/576 [00:05<01:06,  8.06it/s]
  7%|▋         | 42/576 [00:05<01:06,  8.09it/s]
  7%|▋         | 43/576 [00:05<01:05,  8.10it/s]
  8%|▊         | 44/576 [00:05<01:05,  8.09it/s]
  8%|▊         | 45/576 [00:05<01:05,  8.11it/s]
  8%|▊         | 46/576 [00:05<01:05,  8.09it/s]
  8%|▊         | 47/576 [00:05<01:05,  8.11it/s]
  8%|▊         | 48/576 [00:06<01:05,  8.11it/s]
  9%|▊         | 49/576 [00:06<01:05,  8.10it/s]
  9%|▊         | 50/576 [00:06<01:05,  8.09it/s]
  9%|▉         | 51/576 [00:06<01:04,  8.08it/s]
  9%|▉         | 52/576 [00:06<01:04,  8.10it/s]
  9%|▉         | 53/576 [00:06<01:04,  8.09it/s]
  9%|▉         | 54/576 [00:06<01:04,  8.10it/s]
 10%|▉         | 55/576 [00:06<01:04,  8.09it/s]
 10%|▉         | 56/576 [00:07<01:04,  8.07it/s]
 10%|▉         | 57/576 [00:07<01:05,  7.98it/s]
 10%|█         | 58/576 [00:07<01:04,  8.00it/s]
 10%|█         | 59/576 [00:07<01:04,  8.05it/s]
 10%|█         | 60/576 [00:07<01:04,  8.06it/s]
 11%|█         | 61/576 [00:07<01:03,  8.09it/s]
 11%|█         | 62/576 [00:07<01:03,  8.11it/s]
 11%|█         | 63/576 [00:07<01:03,  8.09it/s]
 11%|█         | 64/576 [00:08<01:03,  8.05it/s]
 11%|█▏        | 65/576 [00:08<01:03,  8.02it/s]
 11%|█▏        | 66/576 [00:08<01:03,  8.03it/s]
 12%|█▏        | 67/576 [00:08<01:03,  8.04it/s]
 12%|█▏        | 68/576 [00:08<01:03,  8.06it/s]
 12%|█▏        | 69/576 [00:08<01:02,  8.08it/s]
 12%|█▏        | 70/576 [00:08<01:02,  8.08it/s]
 12%|█▏        | 71/576 [00:08<01:02,  8.10it/s]
 12%|█▎        | 72/576 [00:09<01:02,  8.12it/s]
 13%|█▎        | 73/576 [00:09<01:02,  8.09it/s]
 13%|█▎        | 74/576 [00:09<01:01,  8.11it/s]
 13%|█▎        | 75/576 [00:09<01:01,  8.12it/s]
 13%|█▎        | 76/576 [00:09<01:01,  8.12it/s]
 13%|█▎        | 77/576 [00:09<01:01,  8.10it/s]
 14%|█▎        | 78/576 [00:09<01:01,  8.12it/s]
 14%|█▎        | 79/576 [00:09<01:01,  8.09it/s]
 14%|█▍        | 80/576 [00:10<01:01,  8.08it/s]
 14%|█▍        | 81/576 [00:10<01:01,  8.09it/s]
 14%|█▍        | 82/576 [00:10<01:00,  8.10it/s]
 14%|█▍        | 83/576 [00:10<01:01,  8.07it/s]
 15%|█▍        | 84/576 [00:10<01:00,  8.07it/s]
 15%|█▍        | 85/576 [00:10<01:00,  8.07it/s]
 15%|█▍        | 86/576 [00:10<01:00,  8.07it/s]
 15%|█▌        | 87/576 [00:10<01:00,  8.08it/s]
 15%|█▌        | 88/576 [00:11<01:00,  8.09it/s]
 15%|█▌        | 89/576 [00:11<01:00,  8.11it/s]
 16%|█▌        | 90/576 [00:11<00:59,  8.12it/s]
 16%|█▌        | 91/576 [00:11<00:59,  8.12it/s]
 16%|█▌        | 92/576 [00:11<00:59,  8.13it/s]
 16%|█▌        | 93/576 [00:11<00:59,  8.11it/s]
 16%|█▋        | 94/576 [00:11<00:59,  8.11it/s]
 16%|█▋        | 95/576 [00:11<00:59,  8.09it/s]
 17%|█▋        | 96/576 [00:11<00:59,  8.09it/s]
 17%|█▋        | 97/576 [00:12<00:59,  8.06it/s]
 17%|█▋        | 98/576 [00:12<00:59,  8.04it/s]
 17%|█▋        | 99/576 [00:12<00:59,  8.04it/s]
 17%|█▋        | 100/576 [00:12<00:59,  8.02it/s]
 18%|█▊        | 101/576 [00:12<00:58,  8.05it/s]
 18%|█▊        | 102/576 [00:12<00:58,  8.05it/s]
 18%|█▊        | 103/576 [00:12<00:58,  8.06it/s]
 18%|█▊        | 104/576 [00:12<00:58,  8.07it/s]
 18%|█▊        | 105/576 [00:13<00:58,  8.07it/s]
 18%|█▊        | 106/576 [00:13<00:58,  8.07it/s]
 19%|█▊        | 107/576 [00:13<00:58,  8.04it/s]
 19%|█▉        | 108/576 [00:13<00:58,  8.02it/s]
 19%|█▉        | 109/576 [00:13<00:58,  8.04it/s]
 19%|█▉        | 110/576 [00:13<00:58,  7.98it/s]
 19%|█▉        | 111/576 [00:13<00:58,  8.00it/s]
 19%|█▉        | 112/576 [00:13<00:57,  8.05it/s]
 20%|█▉        | 113/576 [00:14<00:57,  8.07it/s]
 20%|█▉        | 114/576 [00:14<00:57,  8.06it/s]
 20%|█▉        | 115/576 [00:14<00:57,  8.07it/s]
 20%|██        | 116/576 [00:14<00:57,  8.06it/s]
 20%|██        | 117/576 [00:14<00:56,  8.07it/s]
 20%|██        | 118/576 [00:14<00:56,  8.08it/s]
 21%|██        | 119/576 [00:14<00:56,  8.11it/s]
 21%|██        | 120/576 [00:14<00:56,  8.08it/s]
 21%|██        | 121/576 [00:15<00:56,  8.03it/s]
 21%|██        | 122/576 [00:15<00:56,  8.05it/s]
 21%|██▏       | 123/576 [00:15<00:57,  7.91it/s]
 22%|██▏       | 124/576 [00:15<00:56,  7.95it/s]
 22%|██▏       | 125/576 [00:15<00:56,  7.99it/s]
 22%|██▏       | 126/576 [00:15<00:56,  8.03it/s]
 22%|██▏       | 127/576 [00:15<00:55,  8.08it/s]
 22%|██▏       | 128/576 [00:15<00:55,  8.09it/s]
 22%|██▏       | 129/576 [00:16<00:55,  8.10it/s]
 23%|██▎       | 130/576 [00:16<00:55,  8.09it/s]
 23%|██▎       | 131/576 [00:16<00:54,  8.10it/s]
 23%|██▎       | 132/576 [00:16<00:54,  8.12it/s]
 23%|██▎       | 133/576 [00:16<00:54,  8.09it/s]
 23%|██▎       | 134/576 [00:16<00:55,  8.03it/s]
 23%|██▎       | 135/576 [00:16<00:54,  8.04it/s]
 24%|██▎       | 136/576 [00:16<00:54,  8.06it/s]
 24%|██▍       | 137/576 [00:17<00:54,  8.06it/s]
 24%|██▍       | 138/576 [00:17<00:54,  8.08it/s]
 24%|██▍       | 139/576 [00:17<00:54,  8.08it/s]
 24%|██▍       | 140/576 [00:17<00:53,  8.08it/s]
 24%|██▍       | 141/576 [00:17<00:53,  8.10it/s]
 25%|██▍       | 142/576 [00:17<00:53,  8.10it/s]
 25%|██▍       | 143/576 [00:17<00:53,  8.06it/s]
 25%|██▌       | 144/576 [00:17<00:53,  8.06it/s]
 25%|██▌       | 145/576 [00:18<00:53,  8.06it/s]
 25%|██▌       | 146/576 [00:18<00:54,  7.93it/s]
 26%|██▌       | 147/576 [00:18<00:53,  7.97it/s]
 26%|██▌       | 148/576 [00:18<00:53,  8.01it/s]
 26%|██▌       | 149/576 [00:18<00:53,  8.03it/s]
 26%|██▌       | 150/576 [00:18<00:52,  8.06it/s]
 26%|██▌       | 151/576 [00:18<00:52,  8.07it/s]
 26%|██▋       | 152/576 [00:18<00:52,  8.09it/s]
 27%|██▋       | 153/576 [00:19<00:52,  8.08it/s]
 27%|██▋       | 154/576 [00:19<00:52,  8.08it/s]
 27%|██▋       | 155/576 [00:19<00:52,  8.08it/s]
 27%|██▋       | 156/576 [00:19<00:51,  8.11it/s]
 27%|██▋       | 157/576 [00:19<00:51,  8.12it/s]
 27%|██▋       | 158/576 [00:19<00:51,  8.05it/s]
 28%|██▊       | 159/576 [00:19<00:51,  8.06it/s]
 28%|██▊       | 160/576 [00:19<00:51,  8.08it/s]
 28%|██▊       | 161/576 [00:20<00:51,  8.10it/s]
 28%|██▊       | 162/576 [00:20<00:51,  8.11it/s]
 28%|██▊       | 163/576 [00:20<00:50,  8.13it/s]
 28%|██▊       | 164/576 [00:20<00:50,  8.09it/s]
 29%|██▊       | 165/576 [00:20<00:50,  8.10it/s]
 29%|██▉       | 166/576 [00:20<00:50,  8.10it/s]
 29%|██▉       | 167/576 [00:20<00:50,  8.12it/s]
 29%|██▉       | 168/576 [00:20<00:50,  8.11it/s]
 29%|██▉       | 169/576 [00:21<00:50,  8.09it/s]
 30%|██▉       | 170/576 [00:21<00:50,  8.08it/s]
 30%|██▉       | 171/576 [00:21<00:50,  8.09it/s]
 30%|██▉       | 172/576 [00:21<00:50,  8.08it/s]
 30%|███       | 173/576 [00:21<00:50,  8.03it/s]
 30%|███       | 174/576 [00:21<00:50,  8.04it/s]
 30%|███       | 175/576 [00:21<00:49,  8.07it/s]
 31%|███       | 176/576 [00:21<00:49,  8.06it/s]
 31%|███       | 177/576 [00:22<00:49,  8.07it/s]
 31%|███       | 178/576 [00:22<00:49,  8.07it/s]
 31%|███       | 179/576 [00:22<00:49,  8.08it/s]
 31%|███▏      | 180/576 [00:22<00:49,  8.08it/s]
 31%|███▏      | 181/576 [00:22<00:48,  8.08it/s]
 32%|███▏      | 182/576 [00:22<00:48,  8.09it/s]
 32%|███▏      | 183/576 [00:22<00:48,  8.11it/s]
 32%|███▏      | 184/576 [00:22<00:48,  8.09it/s]
 32%|███▏      | 185/576 [00:23<00:48,  8.05it/s]
 32%|███▏      | 186/576 [00:23<00:48,  8.05it/s]
 32%|███▏      | 187/576 [00:23<00:48,  8.08it/s]
 33%|███▎      | 188/576 [00:23<00:48,  8.07it/s]
 33%|███▎      | 189/576 [00:23<00:47,  8.07it/s]
 33%|███▎      | 190/576 [00:23<00:47,  8.07it/s]
 33%|███▎      | 191/576 [00:23<00:47,  8.07it/s]
 33%|███▎      | 192/576 [00:23<00:47,  8.06it/s]
 34%|███▎      | 193/576 [00:24<00:47,  8.07it/s]
 34%|███▎      | 194/576 [00:24<00:47,  8.07it/s]
 34%|███▍      | 195/576 [00:24<00:47,  8.07it/s]
 34%|███▍      | 196/576 [00:24<00:46,  8.09it/s]
 34%|███▍      | 197/576 [00:24<00:46,  8.10it/s]
 34%|███▍      | 198/576 [00:24<00:46,  8.05it/s]
 35%|███▍      | 199/576 [00:24<00:46,  8.08it/s]
 35%|███▍      | 200/576 [00:24<00:46,  8.05it/s]
 35%|███▍      | 201/576 [00:25<00:46,  8.06it/s]
 35%|███▌      | 202/576 [00:25<00:46,  8.06it/s]
 35%|███▌      | 203/576 [00:25<00:46,  8.08it/s]
 35%|███▌      | 204/576 [00:25<00:46,  8.08it/s]
 36%|███▌      | 205/576 [00:25<00:45,  8.08it/s]
 36%|███▌      | 206/576 [00:25<00:45,  8.09it/s]
 36%|███▌      | 207/576 [00:25<00:45,  8.09it/s]
 36%|███▌      | 208/576 [00:25<00:45,  8.11it/s]
 36%|███▋      | 209/576 [00:25<00:45,  8.11it/s]
 36%|███▋      | 210/576 [00:26<00:45,  8.10it/s]
 37%|███▋      | 211/576 [00:26<00:45,  8.09it/s]
 37%|███▋      | 212/576 [00:26<00:45,  8.08it/s]
 37%|███▋      | 213/576 [00:26<00:44,  8.08it/s]
 37%|███▋      | 214/576 [00:26<00:44,  8.08it/s]
 37%|███▋      | 215/576 [00:26<00:44,  8.11it/s]
 38%|███▊      | 216/576 [00:26<00:44,  8.12it/s]
 38%|███▊      | 217/576 [00:26<00:44,  8.11it/s]
 38%|███▊      | 218/576 [00:27<00:44,  8.09it/s]
 38%|███▊      | 219/576 [00:27<00:44,  8.09it/s]
 38%|███▊      | 220/576 [00:27<00:43,  8.10it/s]
 38%|███▊      | 221/576 [00:27<00:44,  8.06it/s]
 39%|███▊      | 222/576 [00:27<00:43,  8.07it/s]
 39%|███▊      | 223/576 [00:27<00:43,  8.09it/s]
 39%|███▉      | 224/576 [00:27<00:43,  8.09it/s]
 39%|███▉      | 225/576 [00:27<00:43,  8.10it/s]
 39%|███▉      | 226/576 [00:28<00:43,  8.09it/s]
 39%|███▉      | 227/576 [00:28<00:43,  8.07it/s]
 40%|███▉      | 228/576 [00:28<00:42,  8.10it/s]
 40%|███▉      | 229/576 [00:28<00:42,  8.09it/s]
 40%|███▉      | 230/576 [00:28<00:42,  8.09it/s]
 40%|████      | 231/576 [00:28<00:42,  8.11it/s]
 40%|████      | 232/576 [00:28<00:42,  8.10it/s]
 40%|████      | 233/576 [00:28<00:42,  8.11it/s]
 41%|████      | 234/576 [00:29<00:42,  8.13it/s]
 41%|████      | 235/576 [00:29<00:42,  8.12it/s]
 41%|████      | 236/576 [00:29<00:42,  8.08it/s]
 41%|████      | 237/576 [00:29<00:41,  8.08it/s]
 41%|████▏     | 238/576 [00:29<00:41,  8.08it/s]
 41%|████▏     | 239/576 [00:29<00:41,  8.08it/s]
 42%|████▏     | 240/576 [00:29<00:41,  8.10it/s]
 42%|████▏     | 241/576 [00:29<00:41,  8.09it/s]
 42%|████▏     | 242/576 [00:30<00:41,  8.09it/s]
 42%|████▏     | 243/576 [00:30<00:41,  8.08it/s]
 42%|████▏     | 244/576 [00:30<00:41,  8.04it/s]
 43%|████▎     | 245/576 [00:30<00:41,  8.04it/s]
 43%|████▎     | 246/576 [00:30<00:40,  8.07it/s]
 43%|████▎     | 247/576 [00:30<00:40,  8.09it/s]
 43%|████▎     | 248/576 [00:30<00:40,  8.07it/s]
 43%|████▎     | 249/576 [00:30<00:40,  8.05it/s]
 43%|████▎     | 250/576 [00:31<00:40,  8.08it/s]
 44%|████▎     | 251/576 [00:31<00:40,  8.09it/s]
 44%|████▍     | 252/576 [00:31<00:40,  8.10it/s]
 44%|████▍     | 253/576 [00:31<00:39,  8.10it/s]
 44%|████▍     | 254/576 [00:31<00:39,  8.11it/s]
 44%|████▍     | 255/576 [00:31<00:39,  8.12it/s]
 44%|████▍     | 256/576 [00:31<00:39,  8.10it/s]
 45%|████▍     | 257/576 [00:31<00:39,  8.11it/s]
 45%|████▍     | 258/576 [00:32<00:39,  8.11it/s]
 45%|████▍     | 259/576 [00:32<00:39,  8.12it/s]
 45%|████▌     | 260/576 [00:32<00:39,  8.09it/s]
 45%|████▌     | 261/576 [00:32<00:38,  8.11it/s]
 45%|████▌     | 262/576 [00:32<00:40,  7.82it/s]
 46%|████▌     | 263/576 [00:32<00:45,  6.84it/s]
 46%|████▌     | 264/576 [00:32<00:43,  7.18it/s]
 46%|████▌     | 265/576 [00:33<00:41,  7.43it/s]
 46%|████▌     | 266/576 [00:33<00:40,  7.60it/s]
 46%|████▋     | 267/576 [00:33<00:39,  7.73it/s]
 47%|████▋     | 268/576 [00:33<00:39,  7.83it/s]
 47%|████▋     | 269/576 [00:33<00:38,  7.91it/s]
 47%|████▋     | 270/576 [00:33<00:38,  7.89it/s]
 47%|████▋     | 271/576 [00:33<00:38,  7.93it/s]
 47%|████▋     | 272/576 [00:33<00:38,  7.99it/s]
 47%|████▋     | 273/576 [00:33<00:37,  8.03it/s]
 48%|████▊     | 274/576 [00:34<00:37,  8.02it/s]
 48%|████▊     | 275/576 [00:34<00:37,  8.06it/s]
 48%|████▊     | 276/576 [00:34<00:37,  8.07it/s]
 48%|████▊     | 277/576 [00:34<00:37,  8.02it/s]
 48%|████▊     | 278/576 [00:34<00:37,  7.99it/s]
 48%|████▊     | 279/576 [00:34<00:37,  7.90it/s]
 49%|████▊     | 280/576 [00:34<00:37,  7.94it/s]
 49%|████▉     | 281/576 [00:34<00:36,  7.98it/s]
 49%|████▉     | 282/576 [00:35<00:36,  7.99it/s]
 49%|████▉     | 283/576 [00:35<00:36,  8.02it/s]
 49%|████▉     | 284/576 [00:35<00:36,  8.03it/s]
 49%|████▉     | 285/576 [00:35<00:36,  8.04it/s]
 50%|████▉     | 286/576 [00:35<00:36,  8.05it/s]
 50%|████▉     | 287/576 [00:35<00:35,  8.06it/s]
 50%|█████     | 288/576 [00:35<00:35,  8.09it/s]
 50%|█████     | 289/576 [00:35<00:35,  8.11it/s]
 50%|█████     | 290/576 [00:36<00:35,  8.11it/s]
 51%|█████     | 291/576 [00:36<00:35,  8.10it/s]
 51%|█████     | 292/576 [00:36<00:35,  8.09it/s]
 51%|█████     | 293/576 [00:36<00:34,  8.09it/s]
 51%|█████     | 294/576 [00:36<00:34,  8.08it/s]
 51%|█████     | 295/576 [00:36<00:34,  8.05it/s]
 51%|█████▏    | 296/576 [00:36<00:34,  8.05it/s]
 52%|█████▏    | 297/576 [00:36<00:34,  8.09it/s]
 52%|█████▏    | 298/576 [00:37<00:34,  8.07it/s]
 52%|█████▏    | 299/576 [00:37<00:34,  8.09it/s]
 52%|█████▏    | 300/576 [00:37<00:34,  8.08it/s]
 52%|█████▏    | 301/576 [00:37<00:34,  8.08it/s]
 52%|█████▏    | 302/576 [00:37<00:33,  8.10it/s]
 53%|█████▎    | 303/576 [00:37<00:33,  8.11it/s]
 53%|█████▎    | 304/576 [00:37<00:33,  8.10it/s]
 53%|█████▎    | 305/576 [00:37<00:33,  8.10it/s]
 53%|█████▎    | 306/576 [00:38<00:33,  8.06it/s]
 53%|█████▎    | 307/576 [00:38<00:33,  8.02it/s]
 53%|█████▎    | 308/576 [00:38<00:33,  8.05it/s]
 54%|█████▎    | 309/576 [00:38<00:33,  8.07it/s]
 54%|█████▍    | 310/576 [00:38<00:32,  8.07it/s]
 54%|█████▍    | 311/576 [00:38<00:32,  8.07it/s]
 54%|█████▍    | 312/576 [00:38<00:32,  8.03it/s]
 54%|█████▍    | 313/576 [00:38<00:32,  8.05it/s]
 55%|█████▍    | 314/576 [00:39<00:32,  8.06it/s]
 55%|█████▍    | 315/576 [00:39<00:32,  8.10it/s]
 55%|█████▍    | 316/576 [00:39<00:32,  8.11it/s]
 55%|█████▌    | 317/576 [00:39<00:32,  8.09it/s]
 55%|█████▌    | 318/576 [00:39<00:32,  8.05it/s]
 55%|█████▌    | 319/576 [00:39<00:31,  8.08it/s]
 56%|█████▌    | 320/576 [00:39<00:31,  8.08it/s]
 56%|█████▌    | 321/576 [00:39<00:31,  8.10it/s]
 56%|█████▌    | 322/576 [00:40<00:31,  8.12it/s]
 56%|█████▌    | 323/576 [00:40<00:31,  8.11it/s]
 56%|█████▋    | 324/576 [00:40<00:31,  8.10it/s]
 56%|█████▋    | 325/576 [00:40<00:30,  8.13it/s]
 57%|█████▋    | 326/576 [00:40<00:30,  8.11it/s]
 57%|█████▋    | 327/576 [00:40<00:30,  8.10it/s]
 57%|█████▋    | 328/576 [00:40<00:30,  8.09it/s]
 57%|█████▋    | 329/576 [00:40<00:30,  8.08it/s]
 57%|█████▋    | 330/576 [00:41<00:30,  8.10it/s]
 57%|█████▋    | 331/576 [00:41<00:30,  8.09it/s]
 58%|█████▊    | 332/576 [00:41<00:30,  8.09it/s]
 58%|█████▊    | 333/576 [00:41<00:30,  8.07it/s]
 58%|█████▊    | 334/576 [00:41<00:29,  8.07it/s]
 58%|█████▊    | 335/576 [00:41<00:29,  8.06it/s]
 58%|█████▊    | 336/576 [00:41<00:29,  8.09it/s]
 59%|█████▊    | 337/576 [00:41<00:29,  8.08it/s]
 59%|█████▊    | 338/576 [00:42<00:29,  8.08it/s]
 59%|█████▉    | 339/576 [00:42<00:29,  8.07it/s]
 59%|█████▉    | 340/576 [00:42<00:29,  8.06it/s]
 59%|█████▉    | 341/576 [00:42<00:29,  8.07it/s]
 59%|█████▉    | 342/576 [00:42<00:28,  8.08it/s]
 60%|█████▉    | 343/576 [00:42<00:28,  8.11it/s]
 60%|█████▉    | 344/576 [00:42<00:28,  8.10it/s]
 60%|█████▉    | 345/576 [00:42<00:28,  8.10it/s]
 60%|██████    | 346/576 [00:43<00:28,  8.04it/s]
 60%|██████    | 347/576 [00:43<00:28,  8.04it/s]
 60%|██████    | 348/576 [00:43<00:28,  8.09it/s]
 61%|██████    | 349/576 [00:43<00:28,  8.08it/s]
 61%|██████    | 350/576 [00:43<00:27,  8.08it/s]
 61%|██████    | 351/576 [00:43<00:27,  8.10it/s]
 61%|██████    | 352/576 [00:43<00:27,  8.09it/s]
 61%|██████▏   | 353/576 [00:43<00:27,  8.08it/s]
 61%|██████▏   | 354/576 [00:44<00:27,  8.09it/s]
 62%|██████▏   | 355/576 [00:44<00:28,  7.77it/s]
 62%|██████▏   | 356/576 [00:44<00:28,  7.85it/s]
 62%|██████▏   | 357/576 [00:44<00:27,  7.93it/s]
 62%|██████▏   | 358/576 [00:44<00:27,  7.98it/s]
 62%|██████▏   | 359/576 [00:44<00:27,  8.01it/s]
 62%|██████▎   | 360/576 [00:44<00:26,  8.03it/s]
 63%|██████▎   | 361/576 [00:44<00:26,  8.06it/s]
 63%|██████▎   | 362/576 [00:45<00:26,  8.05it/s]
 63%|██████▎   | 363/576 [00:45<00:26,  8.05it/s]
 63%|██████▎   | 364/576 [00:45<00:26,  7.94it/s]
 63%|██████▎   | 365/576 [00:45<00:26,  7.96it/s]
 64%|██████▎   | 366/576 [00:45<00:26,  7.99it/s]
 64%|██████▎   | 367/576 [00:45<00:26,  8.02it/s]
 64%|██████▍   | 368/576 [00:45<00:25,  8.04it/s]
 64%|██████▍   | 369/576 [00:45<00:25,  8.05it/s]
 64%|██████▍   | 370/576 [00:46<00:25,  8.05it/s]
 64%|██████▍   | 371/576 [00:46<00:25,  8.05it/s]
 65%|██████▍   | 372/576 [00:46<00:25,  8.01it/s]
 65%|██████▍   | 373/576 [00:46<00:25,  7.89it/s]
 65%|██████▍   | 374/576 [00:46<00:25,  7.96it/s]
 65%|██████▌   | 375/576 [00:46<00:25,  8.00it/s]
 65%|██████▌   | 376/576 [00:46<00:24,  8.02it/s]
 65%|██████▌   | 377/576 [00:46<00:24,  7.98it/s]
 66%|██████▌   | 378/576 [00:47<00:24,  8.01it/s]
 66%|██████▌   | 379/576 [00:47<00:24,  8.00it/s]
 66%|██████▌   | 380/576 [00:47<00:24,  8.01it/s]
 66%|██████▌   | 381/576 [00:47<00:24,  8.03it/s]
 66%|██████▋   | 382/576 [00:47<00:24,  7.95it/s]
 66%|██████▋   | 383/576 [00:47<00:24,  7.94it/s]
 67%|██████▋   | 384/576 [00:47<00:24,  7.99it/s]
 67%|██████▋   | 385/576 [00:47<00:23,  8.02it/s]
 67%|██████▋   | 386/576 [00:48<00:23,  8.05it/s]
 67%|██████▋   | 387/576 [00:48<00:23,  8.07it/s]
 67%|██████▋   | 388/576 [00:48<00:23,  8.09it/s]
 68%|██████▊   | 389/576 [00:48<00:23,  8.11it/s]
 68%|██████▊   | 390/576 [00:48<00:22,  8.11it/s]
 68%|██████▊   | 391/576 [00:48<00:22,  8.11it/s]
 68%|██████▊   | 392/576 [00:48<00:22,  8.10it/s]
 68%|██████▊   | 393/576 [00:48<00:22,  8.12it/s]
 68%|██████▊   | 394/576 [00:49<00:22,  8.11it/s]
 69%|██████▊   | 395/576 [00:49<00:22,  8.10it/s]
 69%|██████▉   | 396/576 [00:49<00:22,  8.09it/s]
 69%|██████▉   | 397/576 [00:49<00:22,  8.06it/s]
 69%|██████▉   | 398/576 [00:49<00:22,  8.06it/s]
 69%|██████▉   | 399/576 [00:49<00:22,  8.04it/s]
 69%|██████▉   | 400/576 [00:49<00:21,  8.05it/s]
 70%|██████▉   | 401/576 [00:49<00:21,  8.05it/s]
 70%|██████▉   | 402/576 [00:50<00:21,  8.05it/s]
 70%|██████▉   | 403/576 [00:50<00:21,  8.07it/s]
 70%|███████   | 404/576 [00:50<00:21,  8.09it/s]
 70%|███████   | 405/576 [00:50<00:21,  8.12it/s]
 70%|███████   | 406/576 [00:50<00:20,  8.12it/s]
 71%|███████   | 407/576 [00:50<00:20,  8.14it/s]
 71%|███████   | 408/576 [00:50<00:20,  8.12it/s]
 71%|███████   | 409/576 [00:50<00:20,  8.10it/s]
 71%|███████   | 410/576 [00:51<00:20,  8.10it/s]
 71%|███████▏  | 411/576 [00:51<00:20,  8.09it/s]
 72%|███████▏  | 412/576 [00:51<00:20,  8.09it/s]
 72%|███████▏  | 413/576 [00:51<00:20,  8.06it/s]
 72%|███████▏  | 414/576 [00:51<00:20,  8.08it/s]
 72%|███████▏  | 415/576 [00:51<00:19,  8.07it/s]
 72%|███████▏  | 416/576 [00:51<00:19,  8.10it/s]
 72%|███████▏  | 417/576 [00:51<00:19,  8.09it/s]
 73%|███████▎  | 418/576 [00:51<00:19,  8.12it/s]
 73%|███████▎  | 419/576 [00:52<00:19,  8.09it/s]
 73%|███████▎  | 420/576 [00:52<00:19,  8.07it/s]
 73%|███████▎  | 421/576 [00:52<00:19,  8.09it/s]
 73%|███████▎  | 422/576 [00:52<00:19,  8.10it/s]
 73%|███████▎  | 423/576 [00:52<00:18,  8.10it/s]
 74%|███████▎  | 424/576 [00:52<00:18,  8.10it/s]
 74%|███████▍  | 425/576 [00:52<00:18,  8.11it/s]
 74%|███████▍  | 426/576 [00:52<00:18,  8.09it/s]
 74%|███████▍  | 427/576 [00:53<00:18,  8.08it/s]
 74%|███████▍  | 428/576 [00:53<00:18,  8.08it/s]
 74%|███████▍  | 429/576 [00:53<00:18,  8.08it/s]
 75%|███████▍  | 430/576 [00:53<00:18,  8.08it/s]
 75%|███████▍  | 431/576 [00:53<00:17,  8.08it/s]
 75%|███████▌  | 432/576 [00:53<00:17,  8.10it/s]
 75%|███████▌  | 433/576 [00:53<00:17,  8.10it/s]
 75%|███████▌  | 434/576 [00:53<00:17,  8.11it/s]
 76%|███████▌  | 435/576 [00:54<00:17,  8.05it/s]
 76%|███████▌  | 436/576 [00:54<00:17,  8.07it/s]
 76%|███████▌  | 437/576 [00:54<00:17,  8.09it/s]
 76%|███████▌  | 438/576 [00:54<00:17,  8.09it/s]
 76%|███████▌  | 439/576 [00:54<00:16,  8.10it/s]
 76%|███████▋  | 440/576 [00:54<00:16,  8.11it/s]
 77%|███████▋  | 441/576 [00:54<00:16,  8.09it/s]
 77%|███████▋  | 442/576 [00:54<00:16,  8.08it/s]
 77%|███████▋  | 443/576 [00:55<00:16,  8.08it/s]
 77%|███████▋  | 444/576 [00:55<00:16,  8.08it/s]
 77%|███████▋  | 445/576 [00:55<00:16,  8.09it/s]
 77%|███████▋  | 446/576 [00:55<00:16,  8.08it/s]
 78%|███████▊  | 447/576 [00:55<00:15,  8.10it/s]
 78%|███████▊  | 448/576 [00:55<00:15,  8.10it/s]
 78%|███████▊  | 449/576 [00:55<00:15,  8.10it/s]
 78%|███████▊  | 450/576 [00:55<00:15,  8.09it/s]
 78%|███████▊  | 451/576 [00:56<00:15,  8.08it/s]
 78%|███████▊  | 452/576 [00:56<00:15,  8.10it/s]
 79%|███████▊  | 453/576 [00:56<00:15,  8.09it/s]
 79%|███████▉  | 454/576 [00:56<00:15,  8.10it/s]
 79%|███████▉  | 455/576 [00:56<00:14,  8.09it/s]
 79%|███████▉  | 456/576 [00:56<00:14,  8.10it/s]
 79%|███████▉  | 457/576 [00:56<00:14,  8.09it/s]
 80%|███████▉  | 458/576 [00:56<00:14,  8.09it/s]
 80%|███████▉  | 459/576 [00:57<00:14,  8.07it/s]
 80%|███████▉  | 460/576 [00:57<00:14,  8.07it/s]
 80%|████████  | 461/576 [00:57<00:14,  8.09it/s]
 80%|████████  | 462/576 [00:57<00:14,  8.10it/s]
 80%|████████  | 463/576 [00:57<00:13,  8.11it/s]
 81%|████████  | 464/576 [00:57<00:13,  8.09it/s]
 81%|████████  | 465/576 [00:57<00:13,  8.06it/s]
 81%|████████  | 466/576 [00:57<00:13,  8.06it/s]
 81%|████████  | 467/576 [00:58<00:13,  8.08it/s]
 81%|████████▏ | 468/576 [00:58<00:13,  8.07it/s]
 81%|████████▏ | 469/576 [00:58<00:13,  8.07it/s]
 82%|████████▏ | 470/576 [00:58<00:13,  8.07it/s]
 82%|████████▏ | 471/576 [00:58<00:13,  8.08it/s]
 82%|████████▏ | 472/576 [00:58<00:12,  8.09it/s]
 82%|████████▏ | 473/576 [00:58<00:12,  8.11it/s]
 82%|████████▏ | 474/576 [00:58<00:12,  8.11it/s]
 82%|████████▏ | 475/576 [00:59<00:12,  8.09it/s]
 83%|████████▎ | 476/576 [00:59<00:12,  8.10it/s]
 83%|████████▎ | 477/576 [00:59<00:12,  8.09it/s]
 83%|████████▎ | 478/576 [00:59<00:12,  8.10it/s]
 83%|████████▎ | 479/576 [00:59<00:11,  8.10it/s]
 83%|████████▎ | 480/576 [00:59<00:11,  8.06it/s]
 84%|████████▎ | 481/576 [00:59<00:11,  8.07it/s]
 84%|████████▎ | 482/576 [00:59<00:11,  8.10it/s]
 84%|████████▍ | 483/576 [01:00<00:11,  8.08it/s]
 84%|████████▍ | 484/576 [01:00<00:11,  8.10it/s]
 84%|████████▍ | 485/576 [01:00<00:11,  8.09it/s]
 84%|████████▍ | 486/576 [01:00<00:11,  8.10it/s]
 85%|████████▍ | 487/576 [01:00<00:10,  8.11it/s]
 85%|████████▍ | 488/576 [01:00<00:10,  8.12it/s]
 85%|████████▍ | 489/576 [01:00<00:10,  8.14it/s]
 85%|████████▌ | 490/576 [01:00<00:10,  8.12it/s]
 85%|████████▌ | 491/576 [01:01<00:10,  8.10it/s]
 85%|████████▌ | 492/576 [01:01<00:10,  8.10it/s]
 86%|████████▌ | 493/576 [01:01<00:10,  8.02it/s]
 86%|████████▌ | 494/576 [01:01<00:10,  8.00it/s]
 86%|████████▌ | 495/576 [01:01<00:10,  8.01it/s]
 86%|████████▌ | 496/576 [01:01<00:09,  8.02it/s]
 86%|████████▋ | 497/576 [01:01<00:09,  8.05it/s]
 86%|████████▋ | 498/576 [01:01<00:09,  8.08it/s]
 87%|████████▋ | 499/576 [01:02<00:09,  8.07it/s]
 87%|████████▋ | 500/576 [01:02<00:09,  8.08it/s]
 87%|████████▋ | 501/576 [01:02<00:09,  8.09it/s]
 87%|████████▋ | 502/576 [01:02<00:09,  8.04it/s]
 87%|████████▋ | 503/576 [01:02<00:09,  8.04it/s]
 88%|████████▊ | 504/576 [01:02<00:10,  6.81it/s]
 88%|████████▊ | 505/576 [01:02<00:09,  7.14it/s]
 88%|████████▊ | 506/576 [01:02<00:09,  7.39it/s]
 88%|████████▊ | 507/576 [01:03<00:09,  7.58it/s]
 88%|████████▊ | 508/576 [01:03<00:08,  7.72it/s]
 88%|████████▊ | 509/576 [01:03<00:08,  7.79it/s]
 89%|████████▊ | 510/576 [01:03<00:08,  7.86it/s]
 89%|████████▊ | 511/576 [01:03<00:08,  7.85it/s]
 89%|████████▉ | 512/576 [01:03<00:08,  7.88it/s]
 89%|████████▉ | 513/576 [01:03<00:07,  7.94it/s]
 89%|████████▉ | 514/576 [01:03<00:07,  8.00it/s]
 89%|████████▉ | 515/576 [01:04<00:07,  8.02it/s]
 90%|████████▉ | 516/576 [01:04<00:07,  8.07it/s]
 90%|████████▉ | 517/576 [01:04<00:07,  8.07it/s]
 90%|████████▉ | 518/576 [01:04<00:07,  8.09it/s]
 90%|█████████ | 519/576 [01:04<00:07,  8.09it/s]
 90%|█████████ | 520/576 [01:04<00:06,  8.08it/s]
 90%|█████████ | 521/576 [01:04<00:06,  8.10it/s]
 91%|█████████ | 522/576 [01:04<00:06,  8.09it/s]
 91%|█████████ | 523/576 [01:05<00:06,  8.08it/s]
 91%|█████████ | 524/576 [01:05<00:06,  8.09it/s]
 91%|█████████ | 525/576 [01:05<00:06,  8.05it/s]
 91%|█████████▏| 526/576 [01:05<00:06,  8.06it/s]
 91%|█████████▏| 527/576 [01:05<00:06,  8.08it/s]
 92%|█████████▏| 528/576 [01:05<00:05,  8.09it/s]
 92%|█████████▏| 529/576 [01:05<00:05,  8.09it/s]
 92%|█████████▏| 530/576 [01:05<00:05,  8.08it/s]
 92%|█████████▏| 531/576 [01:06<00:05,  8.09it/s]
 92%|█████████▏| 532/576 [01:06<00:05,  8.09it/s]
 93%|█████████▎| 533/576 [01:06<00:05,  8.09it/s]
 93%|█████████▎| 534/576 [01:06<00:05,  8.08it/s]
 93%|█████████▎| 535/576 [01:06<00:05,  8.08it/s]
 93%|█████████▎| 536/576 [01:06<00:04,  8.08it/s]
 93%|█████████▎| 537/576 [01:06<00:04,  8.10it/s]
 93%|█████████▎| 538/576 [01:06<00:04,  8.11it/s]
 94%|█████████▎| 539/576 [01:07<00:04,  8.11it/s]
 94%|█████████▍| 540/576 [01:07<00:04,  8.08it/s]
 94%|█████████▍| 541/576 [01:07<00:04,  8.09it/s]
 94%|█████████▍| 542/576 [01:07<00:04,  8.09it/s]
 94%|█████████▍| 543/576 [01:07<00:04,  8.09it/s]
 94%|█████████▍| 544/576 [01:07<00:03,  8.08it/s]
 95%|█████████▍| 545/576 [01:07<00:03,  8.10it/s]
 95%|█████████▍| 546/576 [01:07<00:03,  8.11it/s]
 95%|█████████▍| 547/576 [01:08<00:03,  8.09it/s]
 95%|█████████▌| 548/576 [01:08<00:03,  8.04it/s]
 95%|█████████▌| 549/576 [01:08<00:03,  8.04it/s]
 95%|█████████▌| 550/576 [01:08<00:03,  8.05it/s]
 96%|█████████▌| 551/576 [01:08<00:03,  8.07it/s]
 96%|█████████▌| 552/576 [01:08<00:02,  8.07it/s]
 96%|█████████▌| 553/576 [01:08<00:02,  8.08it/s]
 96%|█████████▌| 554/576 [01:08<00:02,  8.08it/s]
 96%|█████████▋| 555/576 [01:09<00:02,  8.09it/s]
 97%|█████████▋| 556/576 [01:09<00:02,  8.11it/s]
 97%|█████████▋| 557/576 [01:09<00:02,  8.12it/s]
 97%|█████████▋| 558/576 [01:09<00:02,  7.92it/s]
 97%|█████████▋| 559/576 [01:09<00:02,  7.94it/s]
 97%|█████████▋| 560/576 [01:09<00:02,  7.98it/s]
 97%|█████████▋| 561/576 [01:09<00:01,  8.02it/s]
 98%|█████████▊| 562/576 [01:09<00:01,  8.06it/s]
 98%|█████████▊| 563/576 [01:10<00:01,  8.06it/s]
 98%|█████████▊| 564/576 [01:10<00:01,  8.09it/s]
 98%|█████████▊| 565/576 [01:10<00:01,  8.09it/s]
 98%|█████████▊| 566/576 [01:10<00:01,  8.11it/s]
 98%|█████████▊| 567/576 [01:10<00:01,  8.11it/s]
 99%|█████████▊| 568/576 [01:10<00:00,  8.10it/s]
 99%|█████████▉| 569/576 [01:10<00:00,  8.12it/s]
 99%|█████████▉| 570/576 [01:10<00:00,  8.11it/s]
 99%|█████████▉| 571/576 [01:11<00:00,  8.10it/s]
 99%|█████████▉| 572/576 [01:11<00:00,  8.09it/s]
 99%|█████████▉| 573/576 [01:11<00:00,  8.10it/s]
100%|█████████▉| 574/576 [01:11<00:00,  8.13it/s]
100%|█████████▉| 575/576 [01:11<00:00,  8.10it/s]
100%|██████████| 576/576 [01:11<00:00,  8.10it/s]
100%|██████████| 576/576 [01:11<00:00,  8.04it/s]

  0%|          | 0/576 [00:00<?, ?it/s]
  0%|          | 1/576 [00:00<03:30,  2.73it/s]
  0%|          | 2/576 [00:00<03:30,  2.73it/s]
  1%|          | 3/576 [00:01<03:31,  2.72it/s]
  1%|          | 4/576 [00:01<03:31,  2.70it/s]
  1%|          | 5/576 [00:01<03:30,  2.71it/s]
  1%|          | 6/576 [00:02<03:29,  2.72it/s]
  1%|          | 7/576 [00:02<03:29,  2.71it/s]
  1%|▏         | 8/576 [00:02<03:28,  2.72it/s]
  2%|▏         | 9/576 [00:03<03:29,  2.71it/s]
  2%|▏         | 10/576 [00:03<03:28,  2.71it/s]
  2%|▏         | 11/576 [00:04<03:28,  2.72it/s]
  2%|▏         | 12/576 [00:04<03:27,  2.72it/s]
  2%|▏         | 13/576 [00:04<03:26,  2.72it/s]
  2%|▏         | 14/576 [00:05<03:26,  2.72it/s]
  3%|▎         | 15/576 [00:05<03:26,  2.72it/s]
  3%|▎         | 16/576 [00:05<03:25,  2.72it/s]
  3%|▎         | 17/576 [00:06<03:24,  2.73it/s]
  3%|▎         | 18/576 [00:06<03:24,  2.73it/s]
  3%|▎         | 19/576 [00:06<03:23,  2.73it/s]
  3%|▎         | 20/576 [00:07<03:23,  2.73it/s]
  4%|▎         | 21/576 [00:07<03:23,  2.73it/s]
  4%|▍         | 22/576 [00:08<03:23,  2.73it/s]
  4%|▍         | 23/576 [00:08<03:23,  2.72it/s]
  4%|▍         | 24/576 [00:08<03:23,  2.72it/s]
  4%|▍         | 25/576 [00:09<03:23,  2.71it/s]
  5%|▍         | 26/576 [00:09<03:23,  2.70it/s]
  5%|▍         | 27/576 [00:09<03:22,  2.71it/s]
  5%|▍         | 28/576 [00:10<03:22,  2.71it/s]
  5%|▌         | 29/576 [00:10<03:21,  2.71it/s]
  5%|▌         | 30/576 [00:11<03:21,  2.71it/s]
  5%|▌         | 31/576 [00:11<03:22,  2.70it/s]
  6%|▌         | 32/576 [00:11<03:20,  2.71it/s]
  6%|▌         | 33/576 [00:12<03:20,  2.71it/s]
  6%|▌         | 34/576 [00:12<03:20,  2.71it/s]
  6%|▌         | 35/576 [00:12<03:19,  2.71it/s]
  6%|▋         | 36/576 [00:13<03:18,  2.72it/s]
  6%|▋         | 37/576 [00:13<03:18,  2.72it/s]
  7%|▋         | 38/576 [00:13<03:18,  2.71it/s]
  7%|▋         | 39/576 [00:14<03:17,  2.71it/s]
  7%|▋         | 40/576 [00:14<03:17,  2.72it/s]
  7%|▋         | 41/576 [00:15<03:19,  2.68it/s]
  7%|▋         | 42/576 [00:15<03:19,  2.68it/s]
  7%|▋         | 43/576 [00:15<03:18,  2.68it/s]
  8%|▊         | 44/576 [00:16<03:17,  2.70it/s]
  8%|▊         | 45/576 [00:16<03:17,  2.69it/s]
  8%|▊         | 46/576 [00:16<03:16,  2.70it/s]
  8%|▊         | 47/576 [00:17<03:15,  2.70it/s]
  8%|▊         | 48/576 [00:17<03:16,  2.69it/s]
  9%|▊         | 49/576 [00:18<03:15,  2.70it/s]
  9%|▊         | 50/576 [00:18<03:14,  2.71it/s]
  9%|▉         | 51/576 [00:18<03:13,  2.71it/s]
  9%|▉         | 52/576 [00:19<03:13,  2.71it/s]
  9%|▉         | 53/576 [00:19<03:12,  2.71it/s]
  9%|▉         | 54/576 [00:19<03:12,  2.71it/s]
 10%|▉         | 55/576 [00:20<03:12,  2.71it/s]
 10%|▉         | 56/576 [00:20<03:12,  2.70it/s]
 10%|▉         | 57/576 [00:21<03:23,  2.55it/s]
 10%|█         | 58/576 [00:21<03:19,  2.59it/s]
 10%|█         | 59/576 [00:21<03:16,  2.63it/s]
 10%|█         | 60/576 [00:22<03:13,  2.66it/s]
 11%|█         | 61/576 [00:22<03:11,  2.68it/s]
 11%|█         | 62/576 [00:22<03:10,  2.70it/s]
 11%|█         | 63/576 [00:23<03:09,  2.71it/s]
 11%|█         | 64/576 [00:23<03:09,  2.70it/s]
 11%|█▏        | 65/576 [00:24<03:08,  2.71it/s]
 11%|█▏        | 66/576 [00:24<03:08,  2.70it/s]
 12%|█▏        | 67/576 [00:24<03:08,  2.71it/s]
 12%|█▏        | 68/576 [00:25<03:07,  2.70it/s]
 12%|█▏        | 69/576 [00:25<03:07,  2.71it/s]
 12%|█▏        | 70/576 [00:25<03:06,  2.71it/s]
 12%|█▏        | 71/576 [00:26<03:06,  2.71it/s]
 12%|█▎        | 72/576 [00:26<03:06,  2.71it/s]
 13%|█▎        | 73/576 [00:26<03:05,  2.71it/s]
 13%|█▎        | 74/576 [00:27<03:06,  2.69it/s]
 13%|█▎        | 75/576 [00:27<03:06,  2.69it/s]
 13%|█▎        | 76/576 [00:28<03:06,  2.68it/s]
 13%|█▎        | 77/576 [00:28<03:06,  2.68it/s]
 14%|█▎        | 78/576 [00:28<03:04,  2.69it/s]
 14%|█▎        | 79/576 [00:29<03:04,  2.69it/s]
 14%|█▍        | 80/576 [00:29<03:04,  2.69it/s]
 14%|█▍        | 81/576 [00:29<03:04,  2.69it/s]
 14%|█▍        | 82/576 [00:30<03:03,  2.69it/s]
 14%|█▍        | 83/576 [00:30<03:03,  2.69it/s]
 15%|█▍        | 84/576 [00:31<03:02,  2.69it/s]
 15%|█▍        | 85/576 [00:31<03:01,  2.70it/s]
 15%|█▍        | 86/576 [00:31<03:00,  2.71it/s]
 15%|█▌        | 87/576 [00:32<03:00,  2.71it/s]
 15%|█▌        | 88/576 [00:32<03:00,  2.70it/s]
 15%|█▌        | 89/576 [00:32<02:59,  2.71it/s]
 16%|█▌        | 90/576 [00:33<02:59,  2.71it/s]
 16%|█▌        | 91/576 [00:33<02:59,  2.71it/s]
 16%|█▌        | 92/576 [00:34<02:58,  2.72it/s]
 16%|█▌        | 93/576 [00:34<02:57,  2.72it/s]
 16%|█▋        | 94/576 [00:34<02:57,  2.71it/s]
 16%|█▋        | 95/576 [00:35<02:56,  2.72it/s]
 17%|█▋        | 96/576 [00:35<02:56,  2.72it/s]
 17%|█▋        | 97/576 [00:35<02:55,  2.72it/s]
 17%|█▋        | 98/576 [00:36<02:55,  2.72it/s]
 17%|█▋        | 99/576 [00:36<02:55,  2.72it/s]
 17%|█▋        | 100/576 [00:36<02:54,  2.72it/s]
 18%|█▊        | 101/576 [00:37<02:55,  2.71it/s]
 18%|█▊        | 102/576 [00:37<02:54,  2.71it/s]
 18%|█▊        | 103/576 [00:38<02:54,  2.71it/s]
 18%|█▊        | 104/576 [00:38<02:54,  2.70it/s]
 18%|█▊        | 105/576 [00:38<02:53,  2.71it/s]
 18%|█▊        | 106/576 [00:39<02:53,  2.72it/s]
 19%|█▊        | 107/576 [00:39<02:52,  2.71it/s]
 19%|█▉        | 108/576 [00:39<02:52,  2.72it/s]
 19%|█▉        | 109/576 [00:40<02:51,  2.72it/s]
 19%|█▉        | 110/576 [00:40<02:51,  2.71it/s]
 19%|█▉        | 111/576 [00:41<02:51,  2.72it/s]
 19%|█▉        | 112/576 [00:41<02:50,  2.72it/s]
 20%|█▉        | 113/576 [00:41<02:49,  2.72it/s]
 20%|█▉        | 114/576 [00:42<02:49,  2.73it/s]
 20%|█▉        | 115/576 [00:42<02:49,  2.72it/s]
 20%|██        | 116/576 [00:42<02:49,  2.72it/s]
 20%|██        | 117/576 [00:43<02:49,  2.71it/s]
 20%|██        | 118/576 [00:43<02:49,  2.71it/s]
 21%|██        | 119/576 [00:43<02:48,  2.71it/s]
 21%|██        | 120/576 [00:44<02:47,  2.72it/s]
 21%|██        | 121/576 [00:44<02:48,  2.70it/s]
 21%|██        | 122/576 [00:45<02:48,  2.69it/s]
 21%|██▏       | 123/576 [00:45<02:48,  2.70it/s]
 22%|██▏       | 124/576 [00:45<02:47,  2.70it/s]
 22%|██▏       | 125/576 [00:46<02:46,  2.71it/s]
 22%|██▏       | 126/576 [00:46<02:46,  2.70it/s]
 22%|██▏       | 127/576 [00:46<02:46,  2.70it/s]
 22%|██▏       | 128/576 [00:47<02:46,  2.69it/s]
 22%|██▏       | 129/576 [00:47<02:46,  2.68it/s]
 23%|██▎       | 130/576 [00:48<02:45,  2.69it/s]
 23%|██▎       | 131/576 [00:48<02:45,  2.69it/s]
 23%|██▎       | 132/576 [00:48<02:44,  2.71it/s]
 23%|██▎       | 133/576 [00:49<02:43,  2.71it/s]
 23%|██▎       | 134/576 [00:49<02:43,  2.71it/s]
 23%|██▎       | 135/576 [00:49<02:42,  2.72it/s]
 24%|██▎       | 136/576 [00:50<02:42,  2.72it/s]
 24%|██▍       | 137/576 [00:50<02:41,  2.71it/s]
 24%|██▍       | 138/576 [00:51<02:52,  2.55it/s]
 24%|██▍       | 139/576 [00:51<02:48,  2.59it/s]
 24%|██▍       | 140/576 [00:51<02:45,  2.63it/s]
 24%|██▍       | 141/576 [00:52<02:44,  2.65it/s]
 25%|██▍       | 142/576 [00:52<02:42,  2.67it/s]
 25%|██▍       | 143/576 [00:52<02:41,  2.68it/s]
 25%|██▌       | 144/576 [00:53<02:41,  2.67it/s]
 25%|██▌       | 145/576 [00:53<02:40,  2.68it/s]
 25%|██▌       | 146/576 [00:54<02:39,  2.70it/s]
 26%|██▌       | 147/576 [00:54<02:38,  2.70it/s]
 26%|██▌       | 148/576 [00:54<02:38,  2.71it/s]
 26%|██▌       | 149/576 [00:55<02:37,  2.71it/s]
 26%|██▌       | 150/576 [00:55<02:37,  2.70it/s]
 26%|██▌       | 151/576 [00:55<02:37,  2.71it/s]
 26%|██▋       | 152/576 [00:56<02:36,  2.70it/s]
 27%|██▋       | 153/576 [00:56<02:36,  2.70it/s]
 27%|██▋       | 154/576 [00:57<02:35,  2.71it/s]
 27%|██▋       | 155/576 [00:57<02:35,  2.71it/s]
 27%|██▋       | 156/576 [00:57<02:34,  2.72it/s]
 27%|██▋       | 157/576 [00:58<02:35,  2.70it/s]
 27%|██▋       | 158/576 [00:58<02:34,  2.70it/s]
 28%|██▊       | 159/576 [00:58<02:34,  2.71it/s]
 28%|██▊       | 160/576 [00:59<02:34,  2.70it/s]
 28%|██▊       | 161/576 [00:59<02:33,  2.71it/s]
 28%|██▊       | 162/576 [00:59<02:33,  2.70it/s]
 28%|██▊       | 163/576 [01:00<02:32,  2.71it/s]
 28%|██▊       | 164/576 [01:00<02:32,  2.71it/s]
 29%|██▊       | 165/576 [01:01<02:32,  2.69it/s]
 29%|██▉       | 166/576 [01:01<02:31,  2.70it/s]
 29%|██▉       | 167/576 [01:01<02:30,  2.71it/s]
 29%|██▉       | 168/576 [01:02<02:30,  2.72it/s]
 29%|██▉       | 169/576 [01:02<02:29,  2.72it/s]
 30%|██▉       | 170/576 [01:02<02:29,  2.72it/s]
 30%|██▉       | 171/576 [01:03<02:29,  2.71it/s]
 30%|██▉       | 172/576 [01:03<02:28,  2.72it/s]
 30%|███       | 173/576 [01:04<02:28,  2.72it/s]
 30%|███       | 174/576 [01:04<02:27,  2.72it/s]
 30%|███       | 175/576 [01:04<02:27,  2.71it/s]
 31%|███       | 176/576 [01:05<02:27,  2.72it/s]
 31%|███       | 177/576 [01:05<02:27,  2.71it/s]
 31%|███       | 178/576 [01:05<02:27,  2.71it/s]
 31%|███       | 179/576 [01:06<02:26,  2.71it/s]
 31%|███▏      | 180/576 [01:06<02:25,  2.72it/s]
 31%|███▏      | 181/576 [01:06<02:25,  2.72it/s]
 32%|███▏      | 182/576 [01:07<02:25,  2.71it/s]
 32%|███▏      | 183/576 [01:07<02:25,  2.71it/s]
 32%|███▏      | 184/576 [01:08<02:24,  2.71it/s]
 32%|███▏      | 185/576 [01:08<02:24,  2.71it/s]
 32%|███▏      | 186/576 [01:08<02:23,  2.71it/s]
 32%|███▏      | 187/576 [01:09<02:23,  2.71it/s]
 33%|███▎      | 188/576 [01:09<02:23,  2.71it/s]
 33%|███▎      | 189/576 [01:09<02:22,  2.71it/s]
 33%|███▎      | 190/576 [01:10<02:22,  2.71it/s]
 33%|███▎      | 191/576 [01:10<02:21,  2.72it/s]
 33%|███▎      | 192/576 [01:11<02:21,  2.71it/s]
 34%|███▎      | 193/576 [01:11<02:21,  2.71it/s]
 34%|███▎      | 194/576 [01:11<02:20,  2.71it/s]
 34%|███▍      | 195/576 [01:12<02:20,  2.71it/s]
 34%|███▍      | 196/576 [01:12<02:20,  2.70it/s]
 34%|███▍      | 197/576 [01:12<02:20,  2.70it/s]
 34%|███▍      | 198/576 [01:13<02:19,  2.71it/s]
 35%|███▍      | 199/576 [01:13<02:20,  2.69it/s]
 35%|███▍      | 200/576 [01:13<02:19,  2.70it/s]
 35%|███▍      | 201/576 [01:14<02:18,  2.71it/s]
 35%|███▌      | 202/576 [01:14<02:18,  2.71it/s]
 35%|███▌      | 203/576 [01:15<02:17,  2.71it/s]
 35%|███▌      | 204/576 [01:15<02:17,  2.71it/s]
 36%|███▌      | 205/576 [01:15<02:17,  2.70it/s]
 36%|███▌      | 206/576 [01:16<02:16,  2.71it/s]
 36%|███▌      | 207/576 [01:16<02:15,  2.72it/s]
 36%|███▌      | 208/576 [01:16<02:15,  2.72it/s]
 36%|███▋      | 209/576 [01:17<02:15,  2.70it/s]
 36%|███▋      | 210/576 [01:17<02:15,  2.71it/s]
 37%|███▋      | 211/576 [01:18<02:14,  2.71it/s]
 37%|███▋      | 212/576 [01:18<02:14,  2.71it/s]
 37%|███▋      | 213/576 [01:18<02:14,  2.71it/s]
 37%|███▋      | 214/576 [01:19<02:13,  2.71it/s]
 37%|███▋      | 215/576 [01:19<02:12,  2.72it/s]
 38%|███▊      | 216/576 [01:19<02:12,  2.71it/s]
 38%|███▊      | 217/576 [01:20<02:12,  2.72it/s]
 38%|███▊      | 218/576 [01:20<02:11,  2.72it/s]
 38%|███▊      | 219/576 [01:21<02:18,  2.58it/s]
 38%|███▊      | 220/576 [01:21<02:17,  2.59it/s]
 38%|███▊      | 221/576 [01:21<02:15,  2.63it/s]
 39%|███▊      | 222/576 [01:22<02:13,  2.65it/s]
 39%|███▊      | 223/576 [01:22<02:13,  2.65it/s]
 39%|███▉      | 224/576 [01:22<02:11,  2.67it/s]
 39%|███▉      | 225/576 [01:23<02:11,  2.67it/s]
 39%|███▉      | 226/576 [01:23<02:10,  2.68it/s]
 39%|███▉      | 227/576 [01:24<02:10,  2.68it/s]
 40%|███▉      | 228/576 [01:24<02:09,  2.70it/s]
 40%|███▉      | 229/576 [01:24<02:08,  2.70it/s]
 40%|███▉      | 230/576 [01:25<02:07,  2.70it/s]
 40%|████      | 231/576 [01:25<02:08,  2.69it/s]
 40%|████      | 232/576 [01:25<02:07,  2.70it/s]
 40%|████      | 233/576 [01:26<02:08,  2.67it/s]
 41%|████      | 234/576 [01:26<02:08,  2.67it/s]
 41%|████      | 235/576 [01:27<02:07,  2.68it/s]
 41%|████      | 236/576 [01:27<02:06,  2.69it/s]
 41%|████      | 237/576 [01:27<02:05,  2.69it/s]
 41%|████▏     | 238/576 [01:28<02:05,  2.69it/s]
 41%|████▏     | 239/576 [01:28<02:05,  2.69it/s]
 42%|████▏     | 240/576 [01:28<02:04,  2.69it/s]
 42%|████▏     | 241/576 [01:29<02:04,  2.70it/s]
 42%|████▏     | 242/576 [01:29<02:03,  2.70it/s]
 42%|████▏     | 243/576 [01:29<02:03,  2.70it/s]
 42%|████▏     | 244/576 [01:30<02:02,  2.71it/s]
 43%|████▎     | 245/576 [01:30<02:02,  2.71it/s]
 43%|████▎     | 246/576 [01:31<02:02,  2.68it/s]
 43%|████▎     | 247/576 [01:31<02:02,  2.68it/s]
 43%|████▎     | 248/576 [01:31<02:01,  2.70it/s]
 43%|████▎     | 249/576 [01:32<02:00,  2.70it/s]
 43%|████▎     | 250/576 [01:32<02:00,  2.71it/s]
 44%|████▎     | 251/576 [01:32<02:00,  2.70it/s]
 44%|████▍     | 252/576 [01:33<01:59,  2.70it/s]
 44%|████▍     | 253/576 [01:33<02:00,  2.69it/s]
 44%|████▍     | 254/576 [01:34<01:59,  2.69it/s]
 44%|████▍     | 255/576 [01:34<01:59,  2.68it/s]
 44%|████▍     | 256/576 [01:34<01:59,  2.68it/s]
 45%|████▍     | 257/576 [01:35<01:58,  2.69it/s]
 45%|████▍     | 258/576 [01:35<01:58,  2.68it/s]
 45%|████▍     | 259/576 [01:35<01:58,  2.68it/s]
 45%|████▌     | 260/576 [01:36<01:58,  2.67it/s]
 45%|████▌     | 261/576 [01:36<01:57,  2.68it/s]
 45%|████▌     | 262/576 [01:37<01:57,  2.68it/s]
 46%|████▌     | 263/576 [01:37<01:57,  2.67it/s]
 46%|████▌     | 264/576 [01:37<01:57,  2.66it/s]
 46%|████▌     | 265/576 [01:38<01:56,  2.66it/s]
 46%|████▌     | 266/576 [01:38<01:55,  2.68it/s]
 46%|████▋     | 267/576 [01:38<01:55,  2.68it/s]
 47%|████▋     | 268/576 [01:39<01:54,  2.69it/s]
 47%|████▋     | 269/576 [01:39<01:54,  2.69it/s]
 47%|████▋     | 270/576 [01:40<01:53,  2.69it/s]
 47%|████▋     | 271/576 [01:40<01:53,  2.69it/s]
 47%|████▋     | 272/576 [01:40<01:52,  2.70it/s]
 47%|████▋     | 273/576 [01:41<01:52,  2.69it/s]
 48%|████▊     | 274/576 [01:41<01:52,  2.70it/s]
 48%|████▊     | 275/576 [01:41<01:51,  2.70it/s]
 48%|████▊     | 276/576 [01:42<01:51,  2.70it/s]
 48%|████▊     | 277/576 [01:42<01:50,  2.70it/s]
 48%|████▊     | 278/576 [01:42<01:50,  2.71it/s]
 48%|████▊     | 279/576 [01:43<01:49,  2.71it/s]
 49%|████▊     | 280/576 [01:43<01:49,  2.72it/s]
 49%|████▉     | 281/576 [01:44<01:49,  2.70it/s]
 49%|████▉     | 282/576 [01:44<01:48,  2.70it/s]
 49%|████▉     | 283/576 [01:44<01:48,  2.70it/s]
 49%|████▉     | 284/576 [01:45<01:47,  2.70it/s]
 49%|████▉     | 285/576 [01:45<01:47,  2.71it/s]
 50%|████▉     | 286/576 [01:45<01:46,  2.71it/s]
 50%|████▉     | 287/576 [01:46<01:46,  2.71it/s]
 50%|█████     | 288/576 [01:46<01:46,  2.70it/s]
 50%|█████     | 289/576 [01:47<01:45,  2.71it/s]
 50%|█████     | 290/576 [01:47<01:45,  2.71it/s]
 51%|█████     | 291/576 [01:47<01:45,  2.71it/s]
 51%|█████     | 292/576 [01:48<01:44,  2.71it/s]
 51%|█████     | 293/576 [01:48<01:44,  2.71it/s]
 51%|█████     | 294/576 [01:48<01:44,  2.70it/s]
 51%|█████     | 295/576 [01:49<01:43,  2.71it/s]
 51%|█████▏    | 296/576 [01:49<01:43,  2.71it/s]
 52%|█████▏    | 297/576 [01:49<01:42,  2.72it/s]
 52%|█████▏    | 298/576 [01:50<01:42,  2.72it/s]
 52%|█████▏    | 299/576 [01:50<01:42,  2.71it/s]
 52%|█████▏    | 300/576 [01:51<01:48,  2.55it/s]
 52%|█████▏    | 301/576 [01:51<01:46,  2.59it/s]
 52%|█████▏    | 302/576 [01:51<01:44,  2.61it/s]
 53%|█████▎    | 303/576 [01:52<01:43,  2.64it/s]
 53%|█████▎    | 304/576 [01:52<01:42,  2.66it/s]
 53%|█████▎    | 305/576 [01:53<01:41,  2.68it/s]
 53%|█████▎    | 306/576 [01:53<01:40,  2.69it/s]
 53%|█████▎    | 307/576 [01:53<01:39,  2.69it/s]
 53%|█████▎    | 308/576 [01:54<01:39,  2.69it/s]
 54%|█████▎    | 309/576 [01:54<01:39,  2.69it/s]
 54%|█████▍    | 310/576 [01:54<01:38,  2.70it/s]
 54%|█████▍    | 311/576 [01:55<01:37,  2.71it/s]
 54%|█████▍    | 312/576 [01:55<01:37,  2.70it/s]
 54%|█████▍    | 313/576 [01:55<01:37,  2.70it/s]
 55%|█████▍    | 314/576 [01:56<01:37,  2.70it/s]
 55%|█████▍    | 315/576 [01:56<01:36,  2.69it/s]
 55%|█████▍    | 316/576 [01:57<01:36,  2.69it/s]
 55%|█████▌    | 317/576 [01:57<01:36,  2.70it/s]
 55%|█████▌    | 318/576 [01:57<01:35,  2.70it/s]
 55%|█████▌    | 319/576 [01:58<01:35,  2.70it/s]
 56%|█████▌    | 320/576 [01:58<01:34,  2.70it/s]
 56%|█████▌    | 321/576 [01:58<01:34,  2.71it/s]
 56%|█████▌    | 322/576 [01:59<01:33,  2.72it/s]
 56%|█████▌    | 323/576 [01:59<01:33,  2.71it/s]
 56%|█████▋    | 324/576 [02:00<01:32,  2.71it/s]
 56%|█████▋    | 325/576 [02:00<01:32,  2.72it/s]
 57%|█████▋    | 326/576 [02:00<01:31,  2.72it/s]
 57%|█████▋    | 327/576 [02:01<01:31,  2.72it/s]
 57%|█████▋    | 328/576 [02:01<01:31,  2.72it/s]
 57%|█████▋    | 329/576 [02:01<01:30,  2.73it/s]
 57%|█████▋    | 330/576 [02:02<01:30,  2.73it/s]
 57%|█████▋    | 331/576 [02:02<01:29,  2.73it/s]
 58%|█████▊    | 332/576 [02:02<01:29,  2.73it/s]
 58%|█████▊    | 333/576 [02:03<01:29,  2.73it/s]
 58%|█████▊    | 334/576 [02:03<01:28,  2.73it/s]
 58%|█████▊    | 335/576 [02:04<01:28,  2.72it/s]
 58%|█████▊    | 336/576 [02:04<01:28,  2.72it/s]
 59%|█████▊    | 337/576 [02:04<01:27,  2.73it/s]
 59%|█████▊    | 338/576 [02:05<01:27,  2.72it/s]
 59%|█████▉    | 339/576 [02:05<01:27,  2.72it/s]
 59%|█████▉    | 340/576 [02:05<01:26,  2.72it/s]
 59%|█████▉    | 341/576 [02:06<01:26,  2.72it/s]
 59%|█████▉    | 342/576 [02:06<01:26,  2.71it/s]
 60%|█████▉    | 343/576 [02:07<01:25,  2.72it/s]
 60%|█████▉    | 344/576 [02:07<01:25,  2.72it/s]
 60%|█████▉    | 345/576 [02:07<01:25,  2.70it/s]
 60%|██████    | 346/576 [02:08<01:25,  2.70it/s]
 60%|██████    | 347/576 [02:08<01:24,  2.71it/s]
 60%|██████    | 348/576 [02:08<01:23,  2.72it/s]
 61%|██████    | 349/576 [02:09<01:23,  2.71it/s]
 61%|██████    | 350/576 [02:09<01:23,  2.72it/s]
 61%|██████    | 351/576 [02:09<01:23,  2.71it/s]
 61%|██████    | 352/576 [02:10<01:22,  2.72it/s]
 61%|██████▏   | 353/576 [02:10<01:22,  2.72it/s]
 61%|██████▏   | 354/576 [02:11<01:21,  2.71it/s]
 62%|██████▏   | 355/576 [02:11<01:21,  2.70it/s]
 62%|██████▏   | 356/576 [02:11<01:21,  2.69it/s]
 62%|██████▏   | 357/576 [02:12<01:21,  2.68it/s]
 62%|██████▏   | 358/576 [02:12<01:21,  2.69it/s]
 62%|██████▏   | 359/576 [02:12<01:20,  2.70it/s]
 62%|██████▎   | 360/576 [02:13<01:19,  2.71it/s]
 63%|██████▎   | 361/576 [02:13<01:19,  2.70it/s]
 63%|██████▎   | 362/576 [02:14<01:19,  2.70it/s]
 63%|██████▎   | 363/576 [02:14<01:18,  2.71it/s]
 63%|██████▎   | 364/576 [02:14<01:18,  2.71it/s]
 63%|██████▎   | 365/576 [02:15<01:17,  2.72it/s]
 64%|██████▎   | 366/576 [02:15<01:17,  2.72it/s]
 64%|██████▎   | 367/576 [02:15<01:17,  2.71it/s]
 64%|██████▍   | 368/576 [02:16<01:16,  2.71it/s]
 64%|██████▍   | 369/576 [02:16<01:16,  2.70it/s]
 64%|██████▍   | 370/576 [02:17<01:16,  2.71it/s]
 64%|██████▍   | 371/576 [02:17<01:16,  2.69it/s]
 65%|██████▍   | 372/576 [02:17<01:15,  2.70it/s]
 65%|██████▍   | 373/576 [02:18<01:14,  2.71it/s]
 65%|██████▍   | 374/576 [02:18<01:14,  2.70it/s]
 65%|██████▌   | 375/576 [02:18<01:14,  2.69it/s]
 65%|██████▌   | 376/576 [02:19<01:14,  2.69it/s]
 65%|██████▌   | 377/576 [02:19<01:14,  2.68it/s]
 66%|██████▌   | 378/576 [02:19<01:13,  2.68it/s]
 66%|██████▌   | 379/576 [02:20<01:13,  2.69it/s]
 66%|██████▌   | 380/576 [02:20<01:12,  2.70it/s]
 66%|██████▌   | 381/576 [02:21<01:16,  2.54it/s]
 66%|██████▋   | 382/576 [02:21<01:14,  2.59it/s]
 66%|██████▋   | 383/576 [02:21<01:13,  2.63it/s]
 67%|██████▋   | 384/576 [02:22<01:12,  2.64it/s]
 67%|██████▋   | 385/576 [02:22<01:11,  2.66it/s]
 67%|██████▋   | 386/576 [02:23<01:10,  2.68it/s]
 67%|██████▋   | 387/576 [02:23<01:10,  2.67it/s]
 67%|██████▋   | 388/576 [02:23<01:10,  2.67it/s]
 68%|██████▊   | 389/576 [02:24<01:10,  2.67it/s]
 68%|██████▊   | 390/576 [02:24<01:09,  2.68it/s]
 68%|██████▊   | 391/576 [02:24<01:08,  2.68it/s]
 68%|██████▊   | 392/576 [02:25<01:08,  2.69it/s]
 68%|██████▊   | 393/576 [02:25<01:08,  2.69it/s]
 68%|██████▊   | 394/576 [02:25<01:07,  2.69it/s]
 69%|██████▊   | 395/576 [02:26<01:07,  2.69it/s]
 69%|██████▉   | 396/576 [02:26<01:06,  2.69it/s]
 69%|██████▉   | 397/576 [02:27<01:06,  2.70it/s]
 69%|██████▉   | 398/576 [02:27<01:06,  2.69it/s]
 69%|██████▉   | 399/576 [02:27<01:05,  2.70it/s]
 69%|██████▉   | 400/576 [02:28<01:05,  2.70it/s]
 70%|██████▉   | 401/576 [02:28<01:04,  2.69it/s]
 70%|██████▉   | 402/576 [02:28<01:04,  2.70it/s]
 70%|██████▉   | 403/576 [02:29<01:04,  2.69it/s]
 70%|███████   | 404/576 [02:29<01:04,  2.67it/s]
 70%|███████   | 405/576 [02:30<01:04,  2.67it/s]
 70%|███████   | 406/576 [02:30<01:03,  2.67it/s]
 71%|███████   | 407/576 [02:30<01:03,  2.68it/s]
 71%|███████   | 408/576 [02:31<01:02,  2.69it/s]
 71%|███████   | 409/576 [02:31<01:01,  2.70it/s]
 71%|███████   | 410/576 [02:31<01:01,  2.69it/s]
 71%|███████▏  | 411/576 [02:32<01:01,  2.69it/s]
 72%|███████▏  | 412/576 [02:32<01:00,  2.69it/s]
 72%|███████▏  | 413/576 [02:33<01:00,  2.70it/s]
 72%|███████▏  | 414/576 [02:33<00:59,  2.70it/s]
 72%|███████▏  | 415/576 [02:33<00:59,  2.71it/s]
 72%|███████▏  | 416/576 [02:34<00:59,  2.71it/s]
 72%|███████▏  | 417/576 [02:34<00:58,  2.70it/s]
 73%|███████▎  | 418/576 [02:34<00:58,  2.70it/s]
 73%|███████▎  | 419/576 [02:35<00:58,  2.70it/s]
 73%|███████▎  | 420/576 [02:35<00:57,  2.69it/s]
 73%|███████▎  | 421/576 [02:36<00:57,  2.69it/s]
 73%|███████▎  | 422/576 [02:36<00:57,  2.69it/s]
 73%|███████▎  | 423/576 [02:36<00:56,  2.70it/s]
 74%|███████▎  | 424/576 [02:37<00:56,  2.70it/s]
 74%|███████▍  | 425/576 [02:37<00:56,  2.69it/s]
 74%|███████▍  | 426/576 [02:37<00:55,  2.70it/s]
 74%|███████▍  | 427/576 [02:38<00:55,  2.71it/s]
 74%|███████▍  | 428/576 [02:38<00:54,  2.71it/s]
 74%|███████▍  | 429/576 [02:38<00:54,  2.71it/s]
 75%|███████▍  | 430/576 [02:39<00:53,  2.71it/s]
 75%|███████▍  | 431/576 [02:39<00:53,  2.71it/s]
 75%|███████▌  | 432/576 [02:40<00:53,  2.72it/s]
 75%|███████▌  | 433/576 [02:40<00:52,  2.71it/s]
 75%|███████▌  | 434/576 [02:40<00:52,  2.71it/s]
 76%|███████▌  | 435/576 [02:41<00:52,  2.71it/s]
 76%|███████▌  | 436/576 [02:41<00:51,  2.71it/s]
 76%|███████▌  | 437/576 [02:41<00:51,  2.70it/s]
 76%|███████▌  | 438/576 [02:42<00:50,  2.71it/s]
 76%|███████▌  | 439/576 [02:42<00:50,  2.70it/s]
 76%|███████▋  | 440/576 [02:43<00:50,  2.70it/s]
 77%|███████▋  | 441/576 [02:43<00:49,  2.71it/s]
 77%|███████▋  | 442/576 [02:43<00:49,  2.70it/s]
 77%|███████▋  | 443/576 [02:44<00:49,  2.67it/s]
 77%|███████▋  | 444/576 [02:44<00:49,  2.69it/s]
 77%|███████▋  | 445/576 [02:44<00:48,  2.69it/s]
 77%|███████▋  | 446/576 [02:45<00:48,  2.70it/s]
 78%|███████▊  | 447/576 [02:45<00:47,  2.71it/s]
 78%|███████▊  | 448/576 [02:46<00:47,  2.71it/s]
 78%|███████▊  | 449/576 [02:46<00:46,  2.71it/s]
 78%|███████▊  | 450/576 [02:46<00:46,  2.71it/s]
 78%|███████▊  | 451/576 [02:47<00:46,  2.71it/s]
 78%|███████▊  | 452/576 [02:47<00:45,  2.71it/s]
 79%|███████▊  | 453/576 [02:47<00:45,  2.71it/s]
 79%|███████▉  | 454/576 [02:48<00:45,  2.71it/s]
 79%|███████▉  | 455/576 [02:48<00:44,  2.71it/s]
 79%|███████▉  | 456/576 [02:48<00:44,  2.71it/s]
 79%|███████▉  | 457/576 [02:49<00:43,  2.71it/s]
 80%|███████▉  | 458/576 [02:49<00:43,  2.72it/s]
 80%|███████▉  | 459/576 [02:50<00:43,  2.72it/s]
 80%|███████▉  | 460/576 [02:50<00:42,  2.72it/s]
 80%|████████  | 461/576 [02:50<00:42,  2.71it/s]
 80%|████████  | 462/576 [02:51<00:44,  2.55it/s]
 80%|████████  | 463/576 [02:51<00:43,  2.59it/s]
 81%|████████  | 464/576 [02:52<00:43,  2.60it/s]
 81%|████████  | 465/576 [02:52<00:42,  2.63it/s]
 81%|████████  | 466/576 [02:52<00:41,  2.66it/s]
 81%|████████  | 467/576 [02:53<00:40,  2.68it/s]
 81%|████████▏ | 468/576 [02:53<00:40,  2.69it/s]
 81%|████████▏ | 469/576 [02:53<00:39,  2.70it/s]
 82%|████████▏ | 470/576 [02:54<00:39,  2.71it/s]
 82%|████████▏ | 471/576 [02:54<00:38,  2.70it/s]
 82%|████████▏ | 472/576 [02:54<00:38,  2.70it/s]
 82%|████████▏ | 473/576 [02:55<00:38,  2.70it/s]
 82%|████████▏ | 474/576 [02:55<00:37,  2.70it/s]
 82%|████████▏ | 475/576 [02:56<00:37,  2.70it/s]
 83%|████████▎ | 476/576 [02:56<00:37,  2.70it/s]
 83%|████████▎ | 477/576 [02:56<00:36,  2.70it/s]
 83%|████████▎ | 478/576 [02:57<00:36,  2.68it/s]
 83%|████████▎ | 479/576 [02:57<00:36,  2.69it/s]
 83%|████████▎ | 480/576 [02:57<00:35,  2.70it/s]
 84%|████████▎ | 481/576 [02:58<00:35,  2.70it/s]
 84%|████████▎ | 482/576 [02:58<00:34,  2.71it/s]
 84%|████████▍ | 483/576 [02:59<00:34,  2.72it/s]
 84%|████████▍ | 484/576 [02:59<00:34,  2.70it/s]
 84%|████████▍ | 485/576 [02:59<00:33,  2.71it/s]
 84%|████████▍ | 486/576 [03:00<00:33,  2.71it/s]
 85%|████████▍ | 487/576 [03:00<00:32,  2.70it/s]
 85%|████████▍ | 488/576 [03:00<00:32,  2.70it/s]
 85%|████████▍ | 489/576 [03:01<00:32,  2.71it/s]
 85%|████████▌ | 490/576 [03:01<00:31,  2.71it/s]
 85%|████████▌ | 491/576 [03:01<00:31,  2.72it/s]
 85%|████████▌ | 492/576 [03:02<00:30,  2.71it/s]
 86%|████████▌ | 493/576 [03:02<00:30,  2.71it/s]
 86%|████████▌ | 494/576 [03:03<00:30,  2.69it/s]
 86%|████████▌ | 495/576 [03:03<00:29,  2.70it/s]
 86%|████████▌ | 496/576 [03:03<00:29,  2.70it/s]
 86%|████████▋ | 497/576 [03:04<00:29,  2.70it/s]
 86%|████████▋ | 498/576 [03:04<00:28,  2.70it/s]
 87%|████████▋ | 499/576 [03:04<00:28,  2.70it/s]
 87%|████████▋ | 500/576 [03:05<00:28,  2.70it/s]
 87%|████████▋ | 501/576 [03:05<00:27,  2.70it/s]
 87%|████████▋ | 502/576 [03:06<00:27,  2.69it/s]
 87%|████████▋ | 503/576 [03:06<00:27,  2.70it/s]
 88%|████████▊ | 504/576 [03:06<00:26,  2.69it/s]
 88%|████████▊ | 505/576 [03:07<00:26,  2.69it/s]
 88%|████████▊ | 506/576 [03:07<00:25,  2.70it/s]
 88%|████████▊ | 507/576 [03:07<00:25,  2.69it/s]
 88%|████████▊ | 508/576 [03:08<00:25,  2.70it/s]
 88%|████████▊ | 509/576 [03:08<00:24,  2.70it/s]
 89%|████████▊ | 510/576 [03:09<00:24,  2.70it/s]
 89%|████████▊ | 511/576 [03:09<00:24,  2.70it/s]
 89%|████████▉ | 512/576 [03:09<00:23,  2.71it/s]
 89%|████████▉ | 513/576 [03:10<00:23,  2.71it/s]
 89%|████████▉ | 514/576 [03:10<00:22,  2.70it/s]
 89%|████████▉ | 515/576 [03:10<00:22,  2.71it/s]
 90%|████████▉ | 516/576 [03:11<00:22,  2.72it/s]
 90%|████████▉ | 517/576 [03:11<00:21,  2.72it/s]
 90%|████████▉ | 518/576 [03:11<00:21,  2.71it/s]
 90%|█████████ | 519/576 [03:12<00:21,  2.71it/s]
 90%|█████████ | 520/576 [03:12<00:20,  2.71it/s]
 90%|█████████ | 521/576 [03:13<00:20,  2.70it/s]
 91%|█████████ | 522/576 [03:13<00:19,  2.71it/s]
 91%|█████████ | 523/576 [03:13<00:19,  2.71it/s]
 91%|█████████ | 524/576 [03:14<00:19,  2.71it/s]
 91%|█████████ | 525/576 [03:14<00:18,  2.71it/s]
 91%|█████████▏| 526/576 [03:14<00:18,  2.70it/s]
 91%|█████████▏| 527/576 [03:15<00:18,  2.70it/s]
 92%|█████████▏| 528/576 [03:15<00:17,  2.70it/s]
 92%|█████████▏| 529/576 [03:16<00:17,  2.70it/s]
 92%|█████████▏| 530/576 [03:16<00:17,  2.69it/s]
 92%|█████████▏| 531/576 [03:16<00:16,  2.69it/s]
 92%|█████████▏| 532/576 [03:17<00:16,  2.69it/s]
 93%|█████████▎| 533/576 [03:17<00:15,  2.70it/s]
 93%|█████████▎| 534/576 [03:17<00:15,  2.71it/s]
 93%|█████████▎| 535/576 [03:18<00:15,  2.72it/s]
 93%|█████████▎| 536/576 [03:18<00:14,  2.72it/s]
 93%|█████████▎| 537/576 [03:18<00:14,  2.71it/s]
 93%|█████████▎| 538/576 [03:19<00:14,  2.71it/s]
 94%|█████████▎| 539/576 [03:19<00:13,  2.70it/s]
 94%|█████████▍| 540/576 [03:20<00:13,  2.71it/s]
 94%|█████████▍| 541/576 [03:20<00:12,  2.70it/s]
 94%|█████████▍| 542/576 [03:20<00:12,  2.71it/s]
 94%|█████████▍| 543/576 [03:21<00:12,  2.55it/s]
 94%|█████████▍| 544/576 [03:21<00:12,  2.60it/s]
 95%|█████████▍| 545/576 [03:22<00:11,  2.62it/s]
 95%|█████████▍| 546/576 [03:22<00:11,  2.65it/s]
 95%|█████████▍| 547/576 [03:22<00:10,  2.66it/s]
 95%|█████████▌| 548/576 [03:23<00:10,  2.67it/s]
 95%|█████████▌| 549/576 [03:23<00:10,  2.68it/s]
 95%|█████████▌| 550/576 [03:23<00:09,  2.67it/s]
 96%|█████████▌| 551/576 [03:24<00:09,  2.67it/s]
 96%|█████████▌| 552/576 [03:24<00:08,  2.68it/s]
 96%|█████████▌| 553/576 [03:25<00:08,  2.69it/s]
 96%|█████████▌| 554/576 [03:25<00:08,  2.69it/s]
 96%|█████████▋| 555/576 [03:25<00:07,  2.69it/s]
 97%|█████████▋| 556/576 [03:26<00:07,  2.70it/s]
 97%|█████████▋| 557/576 [03:26<00:07,  2.68it/s]
 97%|█████████▋| 558/576 [03:26<00:06,  2.69it/s]
 97%|█████████▋| 559/576 [03:27<00:06,  2.68it/s]
 97%|█████████▋| 560/576 [03:27<00:05,  2.69it/s]
 97%|█████████▋| 561/576 [03:27<00:05,  2.68it/s]
 98%|█████████▊| 562/576 [03:28<00:05,  2.68it/s]
 98%|█████████▊| 563/576 [03:28<00:04,  2.69it/s]
 98%|█████████▊| 564/576 [03:29<00:04,  2.69it/s]
 98%|█████████▊| 565/576 [03:29<00:04,  2.70it/s]
 98%|█████████▊| 566/576 [03:29<00:03,  2.70it/s]
 98%|█████████▊| 567/576 [03:30<00:03,  2.70it/s]
 99%|█████████▊| 568/576 [03:30<00:02,  2.70it/s]
 99%|█████████▉| 569/576 [03:30<00:02,  2.71it/s]
 99%|█████████▉| 570/576 [03:31<00:02,  2.71it/s]
 99%|█████████▉| 571/576 [03:31<00:01,  2.71it/s]
 99%|█████████▉| 572/576 [03:32<00:01,  2.71it/s]
 99%|█████████▉| 573/576 [03:32<00:01,  2.68it/s]
100%|█████████▉| 574/576 [03:32<00:00,  2.69it/s]
100%|█████████▉| 575/576 [03:33<00:00,  2.68it/s]
100%|██████████| 576/576 [03:33<00:00,  2.68it/s]
100%|██████████| 576/576 [03:33<00:00,  2.70it/s]
              masked_sentences obj_label   sub_label relation  uuid  sub_position                                            def_sap                                            def_dap                                            lsp_sap                                            lsp_dap                                     anchor_lsp_sap                                  obj_mask_sentence                            obj_mask_sentence_score                                   obj_mask_def_sap                             obj_mask_def_sap_score                                   obj_mask_lsp_sap                             obj_mask_lsp_sap_score                           subj_anchors                                 subj_anchors_score                  masked_sentences_with_subj_anchor                           def_dap_with_subj_anchor                           lsp_dap_with_subj_anchor                    subj_anchors_combined                              obj_mask_sentence_dap  \
0      [A graver is a [MASK].]    [tool]      graver      IsA     1             2    [A graver is a [MASK]., A graver is an [MASK].]  [A graver or [Z] is a [MASK]., A graver or [Z]...  [[MASK] such as graver., [MASK], including gra...  [[MASK] such as graver and [Z]., [MASK], inclu...  [such as graver and [MASK]., such as graver or...  [tool, vegetable, tree, vehicle, building, flo...  {'tool': 0.03594119846820831, 'vegetable': 0.0...  [tool, insect, vegetable, tree, vehicle, build...  {'tool': 0.018062225492030848, 'insect': 0.001...  [tool, fish, vehicle, building, vegetable, bir...  {'tool': 0.035361048387860215, 'fish': 0.00028...  [grave, heavier, shovel, hammer, saw]  {'grave': 1.0317310001701117, 'heavier': 1.013...  [A graver is a [MASK]., A graver or grave is a...  [A graver or grave is a [MASK]., A graver or h...  [[MASK] such as graver and grave., [MASK] such...   graver grave heavier shovel hammer saw  [tool, building, vehicle, tree, vegetable, flo...   
1  [A smallmouth is a [MASK].]    [fish]  smallmouth      IsA     2             2  [A smallmouth is a [MASK]., A smallmouth is an...  [A smallmouth or [Z] is a [MASK]., A smallmout...  [[MASK] such as smallmouth., [MASK], including...  [[MASK] such as smallmouth and [Z]., [MASK], i...  [such as smallmouth and [MASK]., such as small...  [fish, bird, insect, tool, tree, vegetable, ve...  {'fish': 0.7577883005142212, 'bird': 2.1750909...  [fish, insect, bird, tool, tree, vegetable, bu...  {'fish': 0.39916982129216194, 'insect': 0.0080...  [fish, bird, insect, tool, vehicle, tree, flow...  {'fish': 0.17728878060976663, 'bird': 0.000339...     [bass, catfish, perch, pike, carp]  {'bass': 0.40395475981587714, 'catfish': 0.313...  [A smallmouth is a [MASK]., A smallmouth or ba...  [A smallmouth or bass is a [MASK]., A smallmou...  [[MASK] such as smallmouth and bass., [MASK] s...  smallmouth bass catfish perch pike carp  [fish, bird, tool, insect, vegetable, vehicle,...   
2     [A pelican is a [MASK].]    [bird]     pelican      IsA     3             2  [A pelican is a [MASK]., A pelican is an [MASK].]  [A pelican or [Z] is a [MASK]., A pelican or [...  [[MASK] such as pelican., [MASK], including pe...  [[MASK] such as pelican and [Z]., [MASK], incl...  [such as pelican and [MASK]., such as pelican ...  [bird, fish, tree, vegetable, tool, flower, bu...  {'bird': 0.4259684085845947, 'fish': 0.0227895...  [bird, fish, insect, tree, vegetable, tool, fl...  {'bird': 0.2134234036784619, 'fish': 0.0115261...  [fish, bird, vehicle, insect, tree, tool, vege...  {'fish': 0.05341017331617574, 'bird': 0.051932...  [penguin, heron, parrot, crane, duck]  {'penguin': 0.2222089346498251, 'heron': 0.197...  [A pelican is a [MASK]., A pelican or penguin ...  [A pelican or penguin is a [MASK]., A pelican ...  [[MASK] such as pelican and penguin., [MASK] s...  pelican penguin heron parrot crane duck  [bird, fish, tree, vegetable, tool, vehicle, b...   
3   [A sapsucker is a [MASK].]    [bird]   sapsucker      IsA     4             2  [A sapsucker is a [MASK]., A sapsucker is an [...  [A sapsucker or [Z] is a [MASK]., A sapsucker ...  [[MASK] such as sapsucker., [MASK], including ...  [[MASK] such as sapsucker and [Z]., [MASK], in...  [such as sapsucker and [MASK]., such as sapsuc...  [fish, insect, bird, tool, vegetable, tree, fl...  {'fish': 0.017206013202667236, 'insect': 0.005...  [insect, fish, bird, tool, vegetable, tree, fl...  {'insect': 0.21668003709055483, 'fish': 0.0086...  [insect, fish, bird, tool, vegetable, tree, ve...  {'insect': 0.016781615659056115, 'fish': 0.003...     [snake, monster, toad, rat, demon]  {'snake': 0.16993461682328156, 'monster': 0.15...  [A sapsucker is a [MASK]., A sapsucker or snak...  [A sapsucker or snake is a [MASK]., A sapsucke...  [[MASK] such as sapsucker and snake., [MASK] s...   sapsucker snake monster toad rat demon  [fish, bird, insect, tool, vegetable, tree, ve...   
4        [A mako is a [MASK].]    [fish]        mako      IsA     5             2        [A mako is a [MASK]., A mako is an [MASK].]  [A mako or [Z] is a [MASK]., A mako or [Z] is ...  [[MASK] such as mako., [MASK], including mako....  [[MASK] such as mako and [Z]., [MASK], includi...  [such as mako and [MASK]., such as mako or [MA...  [fish, bird, tree, vegetable, tool, flower, ve...  {'fish': 0.03543541207909584, 'bird': 0.016932...  [fish, insect, bird, tree, vegetable, tool, fl...  {'fish': 0.01793461901252158, 'insect': 0.0097...  [fish, bird, vegetable, tree, insect, tool, fl...  {'fish': 0.027717858979788918, 'bird': 0.00100...          [human, bird, dog, tuna, man]  {'human': 0.2600072519137309, 'bird': 0.168458...  [A mako is a [MASK]., A mako or human is a [MA...  [A mako or human is a [MASK]., A mako or bird ...  [[MASK] such as mako and human., [MASK] such a...             mako human bird dog tuna man  [fish, vegetable, tree, tool, flower, vehicle,...   

                         obj_mask_sentence_dap_score                                   obj_mask_def_dap                             obj_mask_def_dap_score                                   obj_mask_lsp_dap                             obj_mask_lsp_dap_score  
0  {'tool': 0.3017099774442613, 'building': 0.007...  [tool, building, vehicle, insect, tree, vegeta...  {'tool': 0.1807647838651974, 'building': 0.004...  [tool, vehicle, fish, building, vegetable, bir...  {'tool': 0.058314618946466605, 'vehicle': 0.00...  
1  {'fish': 0.7731746037801107, 'bird': 3.1641229...  [fish, insect, bird, tool, vegetable, vehicle,...  {'fish': 0.4000649209716357, 'insect': 0.00427...  [fish, bird, insect, tool, vegetable, tree, ve...  {'fish': 0.38457101136446, 'bird': 1.409751567...  
2  {'bird': 0.5826262185970942, 'fish': 0.0123411...  [bird, fish, insect, tool, vehicle, vegetable,...  {'bird': 0.30792180442949757, 'fish': 0.005175...  [bird, fish, insect, vehicle, tree, vegetable,...  {'bird': 0.09922727173349509, 'fish': 0.028761...  
3  {'fish': 0.009560294670033423, 'bird': 0.00349...  [insect, fish, bird, tool, vegetable, tree, ve...  {'insect': 0.15386246716589086, 'fish': 0.0040...  [insect, fish, bird, tool, vegetable, vehicle,...  {'insect': 0.005744781629618956, 'fish': 0.005...  
4  {'fish': 0.11222832913820942, 'vegetable': 0.0...  [fish, insect, vegetable, tool, tree, flower, ...  {'fish': 0.06461099493440088, 'insect': 0.0037...  [fish, insect, vegetable, tree, tool, vehicle,...  {'fish': 0.1105616329140806, 'insect': 0.00019...  
---------------------------------------- obj_label evaluation ----------------------------------------
begin{tabular}{rlrrrrlrrr}
hline
    	 mask_type    	   p@1 	   p@5 	   p@10 	   mrr 	 relation   	   anchor_wordnet_avg_path 	   anchor_wordnet_coverage 	   mask_type_id 
hline
  0 	 sentence     	  70.8 	  95.7 	  100   	  81.6 	 IsA        	                      7.27 	                     0.977 	              1 
  3 	 sentence_dap 	  75.2 	  91.8 	   94.6 	  82.2 	 IsA        	                      7.27 	                     0.977 	              2 

  1 	 def_sap      	  63   	  93.9 	  100   	  75.5 	 IsA        	                      7.27 	                     0.977 	              3 
  4 	 def_dap      	  70.7 	  91.3 	   94.6 	  78.7 	 IsA        	                      7.27 	                     0.977 	              4 

  2 	 lsp_sap      	  60.9 	  95   	  100   	  74.7 	 IsA        	                      7.27 	                     0.977 	              5 
  5 	 lsp_dap      	  70.5 	  90.3 	   94.6 	  78.3 	 IsA        	                      7.27 	                     0.977 	              6 
hline
end{tabular}
save log/bert-large-uncased/lm_diagnostic_extended/singular/df_all_use_global_dap_True_anchor_type_Coordinate_remove_Y_PUNC_FULL_concate_or_single_max_anchor_num_5_anchor_scorer_probAvg_filter_obj_True_wnp_True_cpt_False.LM_DIAGNOSTIC_EXTENDED.tsv
save log/bert-large-uncased/lm_diagnostic_extended/singular/exp_data_results_anchor_type_Coordinate_remove_Y_PUNC_FULL_concate_or_single_max_anchor_num_5_anchor_scorer_probAvg_filter_obj_True_wnp_True_cpt_False.LM_DIAGNOSTIC_EXTENDED.csv
