debug: False
---------------------------------------- config ----------------------------------------
{'debug': False, 'test_relations': ['IsA'], 'save_all_data': True, 'top_k': 10, 'data_dir': 'data/coordinate/BLESS/', 'mask_string_mapping': {'bert-large-uncased': '[MASK]'}, 'use_dap_global': True, 'return_probs': True, 'anchor_scorer_list': ['probAvg'], 'scorer_target_1_prompt': 'probSum', 'scorer_target_N_prompts': 'probAvg', 'use_original_prompt': True, 'original_prompt_source': 'masked_sentence', 'incorporate_operations': ['concate_or_single'], 'filter_anchors_flag': True, 'filter_objects_flag': True, 'cpt_only': False, 'anchor_types': ['Coordinate_remove_Y_PUNC_FULL'], 'add_cpt_score': False, 'constrain_targets': False, 'add_wordnet_path_score': True, 'anchor_probe': 'plural_probe', 'anchor_col': 'subj_anchors', 'anchor_col_sg': 'subj_anchors_sg', 'anchor_col_pl': 'subj_anchors_pl', 'filter_objects_with_input': False, 'sub_col': 'sub_label', 'sub_col_sg': 'sub_label_sg', 'sub_col_pl': 'sub_label_pl', 'top_k_anchors': 5, 'max_anchor_num_list': [10], 'max_anchor_num': 10, 'sub_col_sgpl': 'sub_label_sgpl', 'filter_objects_with_anchors': False}
---------------------------------------- config ----------------------------------------
Some weights of the model checkpoint at bert-large-uncased were not used when initializing BertForMaskedLM: ['cls.seq_relationship.bias', 'cls.seq_relationship.weight']
- This IS expected if you are initializing BertForMaskedLM from the checkpoint of a model trained on another task or with another architecture (e.g. initializing a BertForSequenceClassification model from a BertForPreTraining model).
- This IS NOT expected if you are initializing BertForMaskedLM from the checkpoint of a model that you expect to be exactly identical (initializing a BertForSequenceClassification model from a BertForSequenceClassification model).
Some weights of the model checkpoint at bert-large-uncased were not used when initializing BertForMaskedLM: ['cls.seq_relationship.bias', 'cls.seq_relationship.weight']
- This IS expected if you are initializing BertForMaskedLM from the checkpoint of a model trained on another task or with another architecture (e.g. initializing a BertForSequenceClassification model from a BertForPreTraining model).
- This IS NOT expected if you are initializing BertForMaskedLM from the checkpoint of a model that you expect to be exactly identical (initializing a BertForSequenceClassification model from a BertForSequenceClassification model).
---------------------------------------- bert-large-uncased-anchor_type: Coordinate_remove_Y_PUNC_FULL-scorer_anchor:probAvg-op:concate_or_single ----------------------------------------
{
    "IsA": {
        "relation": "IsA",
        "def_sap": [
            "A [X] is a [MASK].",
            "A [X] is an [MASK].",
            "An [X] is a [MASK].",
            "An [X] is an [MASK]."
        ],
        "def_dap": [
            "A [X] or [Z] is a [MASK].",
            "A [X] or [Z] is an [MASK].",
            "An [X] or [Z] is a [MASK].",
            "An [X] or [Z] is an [MASK]."
        ],
        "lsp_sap": [
            "[MASK] such as [X].",
            "[MASK], including [X].",
            "[MASK], especially [X].",
            "[X] or other [MASK].",
            "[X] and other [MASK].",
            "such [MASK] as [X]."
        ],
        "lsp_dap": [
            "[MASK] such as [X] and [Z].",
            "[MASK], including [X] and [Z].",
            "[MASK], especially [X] and [Z].",
            "[X], [Z] and other [MASK].",
            "[X], [Z] or other [MASK].",
            "such [MASK] as [X] and [Z]."
        ],
        "use_dap": true,
        "anchor_target": "[X]",
        "anchor_lsp_sap": [
            "such as [X] and [MASK].",
            "such as [X] or [MASK].",
            "such as [X], [MASK],",
            "including [X] and [MASK].",
            "including [X] or [MASK].",
            "including [X], [MASK],",
            "especially [X] and [MASK].",
            "especially [X] or [MASK].",
            "especially [X], [MASK],",
            "[X], [MASK] or other",
            "[X], [MASK] and other"
        ]
    }
}
Processing IsA ... data/coordinate/BLESS//IsA.jsonl
#Test_instances: 200
	 step1: get anchors (fill and filter)
/home/chunhua/.local/lib/python3.8/site-packages/transformers/pipelines/base.py:1043: UserWarning: You seem to be using the pipelines sequentially on GPU. In order to maximize efficiency please use a dataset
  warnings.warn(
--- def_sap
--- lsp_sap
	 step2: insert anchors (skip; using oricle anchors)
	 step3: fill mask in dap anchors

  0%|          | 0/200 [00:00<?, ?it/s]/home/chunhua/.local/lib/python3.8/site-packages/transformers/pipelines/base.py:1043: UserWarning: You seem to be using the pipelines sequentially on GPU. In order to maximize efficiency please use a dataset
  warnings.warn(

  0%|          | 1/200 [00:00<00:25,  7.72it/s]
  1%|          | 2/200 [00:00<00:25,  7.81it/s]
  2%|▏         | 3/200 [00:00<00:24,  7.99it/s]
  2%|▏         | 4/200 [00:00<00:24,  8.11it/s]
  2%|▎         | 5/200 [00:00<00:24,  8.05it/s]
  3%|▎         | 6/200 [00:00<00:24,  7.96it/s]
  4%|▎         | 7/200 [00:00<00:24,  8.04it/s]
  4%|▍         | 8/200 [00:00<00:23,  8.13it/s]
  4%|▍         | 9/200 [00:01<00:23,  8.19it/s]
  5%|▌         | 10/200 [00:01<00:23,  8.24it/s]
  6%|▌         | 11/200 [00:01<00:22,  8.27it/s]
  6%|▌         | 12/200 [00:01<00:22,  8.29it/s]
  6%|▋         | 13/200 [00:01<00:22,  8.30it/s]
  7%|▋         | 14/200 [00:01<00:22,  8.29it/s]
  8%|▊         | 15/200 [00:01<00:22,  8.29it/s]
  8%|▊         | 16/200 [00:01<00:22,  8.30it/s]
  8%|▊         | 17/200 [00:02<00:22,  8.31it/s]
  9%|▉         | 18/200 [00:02<00:21,  8.32it/s]
 10%|▉         | 19/200 [00:02<00:21,  8.32it/s]
 10%|█         | 20/200 [00:02<00:21,  8.30it/s]
 10%|█         | 21/200 [00:02<00:21,  8.30it/s]
 11%|█         | 22/200 [00:02<00:21,  8.30it/s]
 12%|█▏        | 23/200 [00:02<00:21,  8.30it/s]
 12%|█▏        | 24/200 [00:02<00:21,  8.27it/s]
 12%|█▎        | 25/200 [00:03<00:21,  8.29it/s]
 13%|█▎        | 26/200 [00:03<00:21,  8.25it/s]
 14%|█▎        | 27/200 [00:03<00:21,  8.18it/s]
 14%|█▍        | 28/200 [00:03<00:21,  8.18it/s]
 14%|█▍        | 29/200 [00:03<00:20,  8.22it/s]
 15%|█▌        | 30/200 [00:03<00:20,  8.25it/s]
 16%|█▌        | 31/200 [00:03<00:20,  8.27it/s]
 16%|█▌        | 32/200 [00:03<00:20,  8.22it/s]
 16%|█▋        | 33/200 [00:04<00:20,  8.22it/s]
 17%|█▋        | 34/200 [00:04<00:20,  8.25it/s]
 18%|█▊        | 35/200 [00:04<00:19,  8.26it/s]
 18%|█▊        | 36/200 [00:04<00:19,  8.27it/s]
 18%|█▊        | 37/200 [00:04<00:19,  8.27it/s]
 19%|█▉        | 38/200 [00:04<00:19,  8.14it/s]
 20%|█▉        | 39/200 [00:04<00:20,  7.98it/s]
 20%|██        | 40/200 [00:04<00:19,  8.02it/s]
 20%|██        | 41/200 [00:05<00:19,  8.11it/s]
 21%|██        | 42/200 [00:05<00:19,  8.17it/s]
 22%|██▏       | 43/200 [00:05<00:19,  8.03it/s]
 22%|██▏       | 44/200 [00:05<00:19,  7.96it/s]
 22%|██▎       | 45/200 [00:05<00:19,  8.01it/s]
 23%|██▎       | 46/200 [00:05<00:19,  8.10it/s]
 24%|██▎       | 47/200 [00:05<00:18,  8.10it/s]
 24%|██▍       | 48/200 [00:05<00:19,  7.96it/s]
 24%|██▍       | 49/200 [00:05<00:18,  8.03it/s]
 25%|██▌       | 50/200 [00:06<00:18,  8.10it/s]
 26%|██▌       | 51/200 [00:06<00:18,  8.15it/s]
 26%|██▌       | 52/200 [00:06<00:18,  8.03it/s]
 26%|██▋       | 53/200 [00:06<00:18,  7.98it/s]
 27%|██▋       | 54/200 [00:06<00:18,  8.04it/s]
 28%|██▊       | 55/200 [00:06<00:17,  8.14it/s]
 28%|██▊       | 56/200 [00:06<00:17,  8.08it/s]
 28%|██▊       | 57/200 [00:06<00:17,  8.01it/s]
 29%|██▉       | 58/200 [00:07<00:17,  8.00it/s]
 30%|██▉       | 59/200 [00:07<00:17,  8.05it/s]
 30%|███       | 60/200 [00:07<00:17,  8.13it/s]
 30%|███       | 61/200 [00:07<00:17,  8.11it/s]
 31%|███       | 62/200 [00:07<00:17,  8.00it/s]
 32%|███▏      | 63/200 [00:07<00:17,  8.00it/s]
 32%|███▏      | 64/200 [00:07<00:16,  8.09it/s]
 32%|███▎      | 65/200 [00:07<00:16,  8.16it/s]
 33%|███▎      | 66/200 [00:08<00:16,  8.07it/s]
 34%|███▎      | 67/200 [00:08<00:17,  7.78it/s]
 34%|███▍      | 68/200 [00:08<00:16,  7.89it/s]
 34%|███▍      | 69/200 [00:08<00:16,  8.02it/s]
 35%|███▌      | 70/200 [00:08<00:16,  8.07it/s]
 36%|███▌      | 71/200 [00:08<00:16,  7.93it/s]
 36%|███▌      | 72/200 [00:08<00:16,  7.98it/s]
 36%|███▋      | 73/200 [00:08<00:15,  8.08it/s]
 37%|███▋      | 74/200 [00:09<00:15,  8.15it/s]
 38%|███▊      | 75/200 [00:09<00:15,  8.03it/s]
 38%|███▊      | 76/200 [00:09<00:15,  7.98it/s]
 38%|███▊      | 77/200 [00:09<00:15,  8.05it/s]
 39%|███▉      | 78/200 [00:09<00:15,  8.11it/s]
 40%|███▉      | 79/200 [00:09<00:14,  8.12it/s]
 40%|████      | 80/200 [00:09<00:15,  7.98it/s]
 40%|████      | 81/200 [00:09<00:14,  8.03it/s]
 41%|████      | 82/200 [00:10<00:14,  8.10it/s]
 42%|████▏     | 83/200 [00:10<00:14,  8.16it/s]
 42%|████▏     | 84/200 [00:10<00:14,  8.07it/s]
 42%|████▎     | 85/200 [00:10<00:14,  7.97it/s]
 43%|████▎     | 86/200 [00:10<00:14,  8.04it/s]
 44%|████▎     | 87/200 [00:10<00:13,  8.08it/s]
 44%|████▍     | 88/200 [00:10<00:13,  8.10it/s]
 44%|████▍     | 89/200 [00:10<00:13,  7.96it/s]
 45%|████▌     | 90/200 [00:11<00:13,  8.01it/s]
 46%|████▌     | 91/200 [00:11<00:13,  8.10it/s]
 46%|████▌     | 92/200 [00:11<00:13,  8.15it/s]
 46%|████▋     | 93/200 [00:11<00:13,  8.03it/s]
 47%|████▋     | 94/200 [00:11<00:13,  7.97it/s]
 48%|████▊     | 95/200 [00:11<00:13,  8.04it/s]
 48%|████▊     | 96/200 [00:11<00:12,  8.11it/s]
 48%|████▊     | 97/200 [00:11<00:12,  8.10it/s]
 49%|████▉     | 98/200 [00:12<00:13,  7.51it/s]
 50%|████▉     | 99/200 [00:12<00:13,  7.70it/s]
 50%|█████     | 100/200 [00:12<00:12,  7.88it/s]
 50%|█████     | 101/200 [00:12<00:12,  8.01it/s]
 51%|█████     | 102/200 [00:12<00:12,  7.94it/s]
 52%|█████▏    | 103/200 [00:12<00:12,  7.96it/s]
 52%|█████▏    | 104/200 [00:12<00:11,  8.02it/s]
 52%|█████▎    | 105/200 [00:12<00:11,  8.06it/s]
 53%|█████▎    | 106/200 [00:13<00:11,  8.14it/s]
 54%|█████▎    | 107/200 [00:13<00:11,  8.20it/s]
 54%|█████▍    | 108/200 [00:13<00:11,  8.22it/s]
 55%|█████▍    | 109/200 [00:13<00:11,  8.25it/s]
 55%|█████▌    | 110/200 [00:13<00:10,  8.27it/s]
 56%|█████▌    | 111/200 [00:13<00:10,  8.26it/s]
 56%|█████▌    | 112/200 [00:13<00:10,  8.28it/s]
 56%|█████▋    | 113/200 [00:13<00:10,  8.29it/s]
 57%|█████▋    | 114/200 [00:14<00:10,  8.30it/s]
 57%|█████▊    | 115/200 [00:14<00:10,  8.31it/s]
 58%|█████▊    | 116/200 [00:14<00:10,  8.29it/s]
 58%|█████▊    | 117/200 [00:14<00:10,  8.30it/s]
 59%|█████▉    | 118/200 [00:14<00:09,  8.32it/s]
 60%|█████▉    | 119/200 [00:14<00:09,  8.33it/s]
 60%|██████    | 120/200 [00:14<00:09,  8.33it/s]
 60%|██████    | 121/200 [00:14<00:09,  8.30it/s]
 61%|██████    | 122/200 [00:15<00:09,  8.24it/s]
 62%|██████▏   | 123/200 [00:15<00:09,  8.18it/s]
 62%|██████▏   | 124/200 [00:15<00:09,  8.14it/s]
 62%|██████▎   | 125/200 [00:15<00:09,  8.19it/s]
 63%|██████▎   | 126/200 [00:15<00:09,  8.20it/s]
 64%|██████▎   | 127/200 [00:15<00:08,  8.24it/s]
 64%|██████▍   | 128/200 [00:15<00:08,  8.26it/s]
 64%|██████▍   | 129/200 [00:15<00:08,  8.18it/s]
 65%|██████▌   | 130/200 [00:16<00:08,  8.19it/s]
 66%|██████▌   | 131/200 [00:16<00:08,  8.22it/s]
 66%|██████▌   | 132/200 [00:16<00:08,  8.10it/s]
 66%|██████▋   | 133/200 [00:16<00:08,  8.01it/s]
 67%|██████▋   | 134/200 [00:16<00:08,  8.03it/s]
 68%|██████▊   | 135/200 [00:16<00:08,  8.12it/s]
 68%|██████▊   | 136/200 [00:16<00:07,  8.16it/s]
 68%|██████▊   | 137/200 [00:16<00:07,  8.18it/s]
 69%|██████▉   | 138/200 [00:16<00:07,  8.05it/s]
 70%|██████▉   | 139/200 [00:17<00:07,  8.07it/s]
 70%|███████   | 140/200 [00:17<00:07,  8.13it/s]
 70%|███████   | 141/200 [00:17<00:07,  8.13it/s]
 71%|███████   | 142/200 [00:17<00:07,  8.01it/s]
 72%|███████▏  | 143/200 [00:17<00:07,  8.00it/s]
 72%|███████▏  | 144/200 [00:17<00:06,  8.07it/s]
 72%|███████▎  | 145/200 [00:17<00:06,  8.13it/s]
 73%|███████▎  | 146/200 [00:17<00:06,  8.07it/s]
 74%|███████▎  | 147/200 [00:18<00:06,  7.96it/s]
 74%|███████▍  | 148/200 [00:18<00:06,  8.02it/s]
 74%|███████▍  | 149/200 [00:18<00:06,  8.09it/s]
 75%|███████▌  | 150/200 [00:18<00:06,  8.14it/s]
 76%|███████▌  | 151/200 [00:18<00:06,  8.06it/s]
 76%|███████▌  | 152/200 [00:18<00:06,  7.97it/s]
 76%|███████▋  | 153/200 [00:18<00:05,  8.01it/s]
 77%|███████▋  | 154/200 [00:18<00:05,  8.11it/s]
 78%|███████▊  | 155/200 [00:19<00:05,  8.12it/s]
 78%|███████▊  | 156/200 [00:19<00:05,  8.00it/s]
 78%|███████▊  | 157/200 [00:19<00:05,  7.99it/s]
 79%|███████▉  | 158/200 [00:19<00:05,  8.07it/s]
 80%|███████▉  | 159/200 [00:19<00:05,  8.15it/s]
 80%|████████  | 160/200 [00:19<00:04,  8.07it/s]
 80%|████████  | 161/200 [00:19<00:04,  7.99it/s]
 81%|████████  | 162/200 [00:19<00:04,  8.06it/s]
 82%|████████▏ | 163/200 [00:20<00:04,  8.14it/s]
 82%|████████▏ | 164/200 [00:20<00:04,  8.10it/s]
 82%|████████▎ | 165/200 [00:20<00:04,  7.98it/s]
 83%|████████▎ | 166/200 [00:20<00:04,  8.04it/s]
 84%|████████▎ | 167/200 [00:20<00:04,  8.11it/s]
 84%|████████▍ | 168/200 [00:20<00:03,  8.11it/s]
 84%|████████▍ | 169/200 [00:20<00:03,  7.99it/s]
 85%|████████▌ | 170/200 [00:20<00:03,  8.05it/s]
 86%|████████▌ | 171/200 [00:21<00:03,  8.13it/s]
 86%|████████▌ | 172/200 [00:21<00:03,  8.12it/s]
 86%|████████▋ | 173/200 [00:21<00:03,  8.01it/s]
 87%|████████▋ | 174/200 [00:21<00:03,  7.97it/s]
 88%|████████▊ | 175/200 [00:21<00:03,  8.04it/s]
 88%|████████▊ | 176/200 [00:21<00:02,  8.11it/s]
 88%|████████▊ | 177/200 [00:21<00:02,  8.08it/s]
 89%|████████▉ | 178/200 [00:21<00:02,  7.97it/s]
 90%|████████▉ | 179/200 [00:22<00:02,  8.02it/s]
 90%|█████████ | 180/200 [00:22<00:02,  8.08it/s]
 90%|█████████ | 181/200 [00:22<00:02,  8.16it/s]
 91%|█████████ | 182/200 [00:22<00:02,  8.05it/s]
 92%|█████████▏| 183/200 [00:22<00:02,  7.99it/s]
 92%|█████████▏| 184/200 [00:22<00:01,  8.05it/s]
 92%|█████████▎| 185/200 [00:22<00:01,  8.12it/s]
 93%|█████████▎| 186/200 [00:22<00:01,  7.99it/s]
 94%|█████████▎| 187/200 [00:23<00:01,  8.00it/s]
 94%|█████████▍| 188/200 [00:23<00:01,  7.99it/s]
 94%|█████████▍| 189/200 [00:23<00:01,  8.07it/s]
 95%|█████████▌| 190/200 [00:23<00:01,  8.15it/s]
 96%|█████████▌| 191/200 [00:23<00:01,  8.21it/s]
 96%|█████████▌| 192/200 [00:23<00:00,  8.25it/s]
 96%|█████████▋| 193/200 [00:23<00:00,  8.24it/s]
 97%|█████████▋| 194/200 [00:23<00:00,  8.22it/s]
 98%|█████████▊| 195/200 [00:24<00:00,  8.26it/s]
 98%|█████████▊| 196/200 [00:24<00:00,  8.28it/s]
 98%|█████████▊| 197/200 [00:24<00:00,  8.30it/s]
 99%|█████████▉| 198/200 [00:24<00:00,  8.30it/s]
100%|█████████▉| 199/200 [00:24<00:00,  8.30it/s]
100%|██████████| 200/200 [00:24<00:00,  8.32it/s]
100%|██████████| 200/200 [00:24<00:00,  8.11it/s]

  0%|          | 0/200 [00:00<?, ?it/s]
  0%|          | 1/200 [00:00<00:23,  8.36it/s]
  1%|          | 2/200 [00:00<00:23,  8.31it/s]
  2%|▏         | 3/200 [00:00<00:23,  8.32it/s]
  2%|▏         | 4/200 [00:00<00:23,  8.31it/s]
  2%|▎         | 5/200 [00:00<00:23,  8.32it/s]
  3%|▎         | 6/200 [00:00<00:23,  8.31it/s]
  4%|▎         | 7/200 [00:00<00:23,  8.29it/s]
  4%|▍         | 8/200 [00:00<00:23,  8.13it/s]
  4%|▍         | 9/200 [00:01<00:23,  8.02it/s]
  5%|▌         | 10/200 [00:01<00:23,  8.06it/s]
  6%|▌         | 11/200 [00:01<00:23,  8.14it/s]
  6%|▌         | 12/200 [00:01<00:23,  8.17it/s]
  6%|▋         | 13/200 [00:01<00:23,  8.05it/s]
  7%|▋         | 14/200 [00:01<00:23,  8.00it/s]
  8%|▊         | 15/200 [00:01<00:23,  8.03it/s]
  8%|▊         | 16/200 [00:01<00:22,  8.12it/s]
  8%|▊         | 17/200 [00:02<00:22,  8.08it/s]
  9%|▉         | 18/200 [00:02<00:22,  8.03it/s]
 10%|▉         | 19/200 [00:02<00:22,  8.01it/s]
 10%|█         | 20/200 [00:02<00:22,  8.06it/s]
 10%|█         | 21/200 [00:02<00:22,  8.13it/s]
 11%|█         | 22/200 [00:02<00:22,  8.07it/s]
 12%|█▏        | 23/200 [00:02<00:22,  8.02it/s]
 12%|█▏        | 24/200 [00:02<00:21,  8.06it/s]
 12%|█▎        | 25/200 [00:03<00:21,  8.15it/s]
 13%|█▎        | 26/200 [00:03<00:21,  8.12it/s]
 14%|█▎        | 27/200 [00:03<00:21,  8.01it/s]
 14%|█▍        | 28/200 [00:03<00:21,  8.02it/s]
 14%|█▍        | 29/200 [00:03<00:21,  8.10it/s]
 15%|█▌        | 30/200 [00:03<00:20,  8.16it/s]
 16%|█▌        | 31/200 [00:03<00:20,  8.10it/s]
 16%|█▌        | 32/200 [00:03<00:20,  8.10it/s]
 16%|█▋        | 33/200 [00:04<00:20,  8.15it/s]
 17%|█▋        | 34/200 [00:04<00:20,  8.21it/s]
 18%|█▊        | 35/200 [00:04<00:20,  8.24it/s]
 18%|█▊        | 36/200 [00:04<00:20,  8.11it/s]
 18%|█▊        | 37/200 [00:04<00:20,  8.09it/s]
 19%|█▉        | 38/200 [00:04<00:19,  8.13it/s]
 20%|█▉        | 39/200 [00:04<00:19,  8.19it/s]
 20%|██        | 40/200 [00:04<00:19,  8.23it/s]
 20%|██        | 41/200 [00:05<00:19,  8.26it/s]
 21%|██        | 42/200 [00:05<00:19,  8.21it/s]
 22%|██▏       | 43/200 [00:05<00:19,  8.21it/s]
 22%|██▏       | 44/200 [00:05<00:18,  8.25it/s]
 22%|██▎       | 45/200 [00:05<00:18,  8.26it/s]
 23%|██▎       | 46/200 [00:05<00:18,  8.27it/s]
 24%|██▎       | 47/200 [00:05<00:18,  8.28it/s]
 24%|██▍       | 48/200 [00:05<00:18,  8.30it/s]
 24%|██▍       | 49/200 [00:06<00:18,  8.32it/s]
 25%|██▌       | 50/200 [00:06<00:18,  8.31it/s]
 26%|██▌       | 51/200 [00:06<00:17,  8.30it/s]
 26%|██▌       | 52/200 [00:06<00:17,  8.26it/s]
 26%|██▋       | 53/200 [00:06<00:17,  8.29it/s]
 27%|██▋       | 54/200 [00:06<00:17,  8.31it/s]
 28%|██▊       | 55/200 [00:06<00:17,  8.32it/s]
 28%|██▊       | 56/200 [00:06<00:17,  8.32it/s]
 28%|██▊       | 57/200 [00:06<00:17,  8.32it/s]
 29%|██▉       | 58/200 [00:07<00:17,  8.22it/s]
 30%|██▉       | 59/200 [00:07<00:17,  8.24it/s]
 30%|███       | 60/200 [00:07<00:16,  8.27it/s]
 30%|███       | 61/200 [00:07<00:16,  8.28it/s]
 31%|███       | 62/200 [00:07<00:16,  8.28it/s]
 32%|███▏      | 63/200 [00:07<00:16,  8.29it/s]
 32%|███▏      | 64/200 [00:07<00:16,  8.31it/s]
 32%|███▎      | 65/200 [00:07<00:16,  8.32it/s]
 33%|███▎      | 66/200 [00:08<00:16,  8.33it/s]
 34%|███▎      | 67/200 [00:08<00:15,  8.31it/s]
 34%|███▍      | 68/200 [00:08<00:15,  8.32it/s]
 34%|███▍      | 69/200 [00:08<00:15,  8.33it/s]
 35%|███▌      | 70/200 [00:08<00:15,  8.33it/s]
 36%|███▌      | 71/200 [00:08<00:15,  8.29it/s]
 36%|███▌      | 72/200 [00:08<00:15,  8.28it/s]
 36%|███▋      | 73/200 [00:08<00:15,  8.16it/s]
 37%|███▋      | 74/200 [00:09<00:15,  8.21it/s]
 38%|███▊      | 75/200 [00:09<00:15,  8.24it/s]
 38%|███▊      | 76/200 [00:09<00:15,  8.25it/s]
 38%|███▊      | 77/200 [00:09<00:14,  8.28it/s]
 39%|███▉      | 78/200 [00:09<00:14,  8.21it/s]
 40%|███▉      | 79/200 [00:09<00:14,  8.22it/s]
 40%|████      | 80/200 [00:09<00:14,  8.25it/s]
 40%|████      | 81/200 [00:09<00:14,  8.22it/s]
 41%|████      | 82/200 [00:09<00:14,  8.25it/s]
 42%|████▏     | 83/200 [00:10<00:14,  8.27it/s]
 42%|████▏     | 84/200 [00:10<00:14,  8.28it/s]
 42%|████▎     | 85/200 [00:10<00:13,  8.30it/s]
 43%|████▎     | 86/200 [00:10<00:13,  8.31it/s]
 44%|████▎     | 87/200 [00:10<00:13,  8.30it/s]
 44%|████▍     | 88/200 [00:10<00:13,  8.32it/s]
 44%|████▍     | 89/200 [00:10<00:13,  8.31it/s]
 45%|████▌     | 90/200 [00:10<00:13,  8.31it/s]
 46%|████▌     | 91/200 [00:11<00:13,  8.31it/s]
 46%|████▌     | 92/200 [00:11<00:13,  8.25it/s]
 46%|████▋     | 93/200 [00:11<00:12,  8.28it/s]
 47%|████▋     | 94/200 [00:11<00:12,  8.30it/s]
 48%|████▊     | 95/200 [00:11<00:12,  8.31it/s]
 48%|████▊     | 96/200 [00:11<00:12,  8.31it/s]
 48%|████▊     | 97/200 [00:11<00:12,  8.32it/s]
 49%|████▉     | 98/200 [00:11<00:12,  8.17it/s]
 50%|████▉     | 99/200 [00:12<00:12,  8.15it/s]
 50%|█████     | 100/200 [00:12<00:12,  8.08it/s]
 50%|█████     | 101/200 [00:12<00:12,  8.06it/s]
 51%|█████     | 102/200 [00:12<00:12,  8.12it/s]
 52%|█████▏    | 103/200 [00:12<00:11,  8.17it/s]
 52%|█████▏    | 104/200 [00:12<00:11,  8.02it/s]
 52%|█████▎    | 105/200 [00:12<00:11,  8.05it/s]
 53%|█████▎    | 106/200 [00:12<00:11,  8.12it/s]
 54%|█████▎    | 107/200 [00:13<00:11,  8.19it/s]
 54%|█████▍    | 108/200 [00:13<00:11,  8.04it/s]
 55%|█████▍    | 109/200 [00:13<00:11,  8.04it/s]
 55%|█████▌    | 110/200 [00:13<00:11,  8.06it/s]
 56%|█████▌    | 111/200 [00:13<00:10,  8.13it/s]
 56%|█████▌    | 112/200 [00:13<00:10,  8.07it/s]
 56%|█████▋    | 113/200 [00:13<00:10,  8.01it/s]
 57%|█████▋    | 114/200 [00:13<00:10,  8.07it/s]
 57%|█████▊    | 115/200 [00:14<00:10,  8.14it/s]
 58%|█████▊    | 116/200 [00:14<00:10,  8.13it/s]
 58%|█████▊    | 117/200 [00:14<00:10,  8.03it/s]
 59%|█████▉    | 118/200 [00:14<00:10,  8.01it/s]
 60%|█████▉    | 119/200 [00:14<00:10,  8.10it/s]
 60%|██████    | 120/200 [00:14<00:09,  8.16it/s]
 60%|██████    | 121/200 [00:14<00:09,  8.20it/s]
 61%|██████    | 122/200 [00:14<00:09,  8.24it/s]
 62%|██████▏   | 123/200 [00:15<00:09,  8.26it/s]
 62%|██████▏   | 124/200 [00:15<00:09,  8.26it/s]
 62%|██████▎   | 125/200 [00:15<00:09,  8.26it/s]
 63%|██████▎   | 126/200 [00:15<00:08,  8.26it/s]
 64%|██████▎   | 127/200 [00:15<00:08,  8.29it/s]
 64%|██████▍   | 128/200 [00:15<00:08,  8.31it/s]
 64%|██████▍   | 129/200 [00:15<00:08,  8.32it/s]
 65%|██████▌   | 130/200 [00:15<00:08,  8.32it/s]
 66%|██████▌   | 131/200 [00:15<00:08,  8.33it/s]
 66%|██████▌   | 132/200 [00:16<00:08,  8.33it/s]
 66%|██████▋   | 133/200 [00:16<00:08,  8.33it/s]
 67%|██████▋   | 134/200 [00:16<00:07,  8.33it/s]
 68%|██████▊   | 135/200 [00:16<00:07,  8.21it/s]
 68%|██████▊   | 136/200 [00:16<00:07,  8.08it/s]
 68%|██████▊   | 137/200 [00:16<00:07,  8.06it/s]
 69%|██████▉   | 138/200 [00:16<00:07,  8.12it/s]
 70%|██████▉   | 139/200 [00:16<00:07,  8.16it/s]
 70%|███████   | 140/200 [00:17<00:07,  8.09it/s]
 70%|███████   | 141/200 [00:17<00:07,  8.00it/s]
 71%|███████   | 142/200 [00:17<00:07,  8.06it/s]
 72%|███████▏  | 143/200 [00:17<00:07,  7.68it/s]
 72%|███████▏  | 144/200 [00:17<00:07,  7.86it/s]
 72%|███████▎  | 145/200 [00:17<00:06,  7.97it/s]
 73%|███████▎  | 146/200 [00:17<00:06,  8.08it/s]
 74%|███████▎  | 147/200 [00:17<00:06,  8.14it/s]
 74%|███████▍  | 148/200 [00:18<00:06,  8.20it/s]
 74%|███████▍  | 149/200 [00:18<00:06,  8.21it/s]
 75%|███████▌  | 150/200 [00:18<00:06,  8.24it/s]
 76%|███████▌  | 151/200 [00:18<00:05,  8.22it/s]
 76%|███████▌  | 152/200 [00:18<00:05,  8.25it/s]
 76%|███████▋  | 153/200 [00:18<00:05,  8.26it/s]
 77%|███████▋  | 154/200 [00:18<00:05,  8.28it/s]
 78%|███████▊  | 155/200 [00:18<00:05,  8.30it/s]
 78%|███████▊  | 156/200 [00:19<00:05,  8.31it/s]
 78%|███████▊  | 157/200 [00:19<00:05,  8.21it/s]
 79%|███████▉  | 158/200 [00:19<00:05,  8.09it/s]
 80%|███████▉  | 159/200 [00:19<00:05,  8.13it/s]
 80%|████████  | 160/200 [00:19<00:04,  8.18it/s]
 80%|████████  | 161/200 [00:19<00:04,  8.12it/s]
 81%|████████  | 162/200 [00:19<00:04,  8.06it/s]
 82%|████████▏ | 163/200 [00:19<00:04,  8.10it/s]
 82%|████████▏ | 164/200 [00:20<00:04,  8.15it/s]
 82%|████████▎ | 165/200 [00:20<00:04,  8.21it/s]
 83%|████████▎ | 166/200 [00:20<00:04,  8.22it/s]
 84%|████████▎ | 167/200 [00:20<00:04,  8.21it/s]
 84%|████████▍ | 168/200 [00:20<00:03,  8.18it/s]
 84%|████████▍ | 169/200 [00:20<00:03,  8.21it/s]
 85%|████████▌ | 170/200 [00:20<00:03,  8.24it/s]
 86%|████████▌ | 171/200 [00:20<00:03,  8.16it/s]
 86%|████████▌ | 172/200 [00:21<00:03,  8.05it/s]
 86%|████████▋ | 173/200 [00:21<00:03,  8.02it/s]
 87%|████████▋ | 174/200 [00:21<00:03,  8.06it/s]
 88%|████████▊ | 175/200 [00:21<00:03,  8.14it/s]
 88%|████████▊ | 176/200 [00:21<00:02,  8.09it/s]
 88%|████████▊ | 177/200 [00:21<00:02,  8.02it/s]
 89%|████████▉ | 178/200 [00:21<00:02,  8.07it/s]
 90%|████████▉ | 179/200 [00:21<00:02,  8.15it/s]
 90%|█████████ | 180/200 [00:21<00:02,  8.16it/s]
 90%|█████████ | 181/200 [00:22<00:02,  8.01it/s]
 91%|█████████ | 182/200 [00:22<00:02,  7.94it/s]
 92%|█████████▏| 183/200 [00:22<00:02,  8.02it/s]
 92%|█████████▏| 184/200 [00:22<00:01,  8.11it/s]
 92%|█████████▎| 185/200 [00:22<00:01,  8.09it/s]
 93%|█████████▎| 186/200 [00:22<00:01,  7.89it/s]
 94%|█████████▎| 187/200 [00:22<00:01,  7.90it/s]
 94%|█████████▍| 188/200 [00:23<00:01,  7.98it/s]
 94%|█████████▍| 189/200 [00:23<00:01,  8.08it/s]
 95%|█████████▌| 190/200 [00:23<00:01,  8.05it/s]
 96%|█████████▌| 191/200 [00:23<00:01,  7.95it/s]
 96%|█████████▌| 192/200 [00:23<00:00,  8.02it/s]
 96%|█████████▋| 193/200 [00:23<00:00,  8.10it/s]
 97%|█████████▋| 194/200 [00:23<00:00,  8.12it/s]
 98%|█████████▊| 195/200 [00:23<00:00,  8.03it/s]
 98%|█████████▊| 196/200 [00:23<00:00,  8.07it/s]
 98%|█████████▊| 197/200 [00:24<00:00,  8.15it/s]
 99%|█████████▉| 198/200 [00:24<00:00,  8.18it/s]
100%|█████████▉| 199/200 [00:24<00:00,  8.21it/s]
100%|██████████| 200/200 [00:24<00:00,  8.25it/s]
100%|██████████| 200/200 [00:24<00:00,  8.17it/s]

  0%|          | 0/200 [00:00<?, ?it/s]
  0%|          | 1/200 [00:00<01:12,  2.75it/s]
  1%|          | 2/200 [00:00<01:12,  2.75it/s]
  2%|▏         | 3/200 [00:01<01:11,  2.76it/s]
  2%|▏         | 4/200 [00:01<01:10,  2.77it/s]
  2%|▎         | 5/200 [00:01<01:10,  2.77it/s]
  3%|▎         | 6/200 [00:02<01:10,  2.77it/s]
  4%|▎         | 7/200 [00:02<01:09,  2.77it/s]
  4%|▍         | 8/200 [00:02<01:09,  2.78it/s]
  4%|▍         | 9/200 [00:03<01:09,  2.76it/s]
  5%|▌         | 10/200 [00:03<01:08,  2.77it/s]
  6%|▌         | 11/200 [00:03<01:08,  2.76it/s]
  6%|▌         | 12/200 [00:04<01:07,  2.77it/s]
  6%|▋         | 13/200 [00:04<01:08,  2.73it/s]
  7%|▋         | 14/200 [00:05<01:08,  2.72it/s]
  8%|▊         | 15/200 [00:05<01:07,  2.73it/s]
  8%|▊         | 16/200 [00:05<01:08,  2.69it/s]
  8%|▊         | 17/200 [00:06<01:07,  2.70it/s]
  9%|▉         | 18/200 [00:06<01:07,  2.71it/s]
 10%|▉         | 19/200 [00:06<01:07,  2.69it/s]
 10%|█         | 20/200 [00:07<01:06,  2.70it/s]
 10%|█         | 21/200 [00:07<01:06,  2.70it/s]
 11%|█         | 22/200 [00:08<01:05,  2.71it/s]
 12%|█▏        | 23/200 [00:08<01:05,  2.71it/s]
 12%|█▏        | 24/200 [00:08<01:04,  2.73it/s]
 12%|█▎        | 25/200 [00:09<01:03,  2.74it/s]
 13%|█▎        | 26/200 [00:09<01:03,  2.75it/s]
 14%|█▎        | 27/200 [00:09<01:02,  2.76it/s]
 14%|█▍        | 28/200 [00:10<01:02,  2.76it/s]
 14%|█▍        | 29/200 [00:10<01:01,  2.77it/s]
 15%|█▌        | 30/200 [00:10<01:01,  2.77it/s]
 16%|█▌        | 31/200 [00:11<01:00,  2.77it/s]
 16%|█▌        | 32/200 [00:11<01:00,  2.77it/s]
 16%|█▋        | 33/200 [00:12<01:00,  2.76it/s]
 17%|█▋        | 34/200 [00:12<00:59,  2.77it/s]
 18%|█▊        | 35/200 [00:12<00:59,  2.78it/s]
 18%|█▊        | 36/200 [00:13<00:59,  2.78it/s]
 18%|█▊        | 37/200 [00:13<00:58,  2.77it/s]
 19%|█▉        | 38/200 [00:13<00:58,  2.77it/s]
 20%|█▉        | 39/200 [00:14<00:58,  2.75it/s]
 20%|██        | 40/200 [00:14<00:58,  2.72it/s]
 20%|██        | 41/200 [00:14<00:58,  2.73it/s]
 21%|██        | 42/200 [00:15<00:58,  2.71it/s]
 22%|██▏       | 43/200 [00:15<00:57,  2.73it/s]
 22%|██▏       | 44/200 [00:16<00:57,  2.73it/s]
 22%|██▎       | 45/200 [00:16<00:56,  2.75it/s]
 23%|██▎       | 46/200 [00:16<00:55,  2.76it/s]
 24%|██▎       | 47/200 [00:17<00:55,  2.75it/s]
 24%|██▍       | 48/200 [00:17<00:55,  2.74it/s]
 24%|██▍       | 49/200 [00:17<00:55,  2.74it/s]
 25%|██▌       | 50/200 [00:18<00:54,  2.74it/s]
 26%|██▌       | 51/200 [00:18<00:54,  2.74it/s]
 26%|██▌       | 52/200 [00:18<00:53,  2.75it/s]
 26%|██▋       | 53/200 [00:19<00:53,  2.76it/s]
 27%|██▋       | 54/200 [00:19<00:52,  2.76it/s]
 28%|██▊       | 55/200 [00:20<00:52,  2.76it/s]
 28%|██▊       | 56/200 [00:20<00:52,  2.72it/s]
 28%|██▊       | 57/200 [00:20<00:52,  2.73it/s]
 29%|██▉       | 58/200 [00:21<00:52,  2.72it/s]
 30%|██▉       | 59/200 [00:21<00:52,  2.69it/s]
 30%|███       | 60/200 [00:21<00:51,  2.70it/s]
 30%|███       | 61/200 [00:22<00:51,  2.68it/s]
 31%|███       | 62/200 [00:22<00:51,  2.67it/s]
 32%|███▏      | 63/200 [00:23<00:51,  2.65it/s]
 32%|███▏      | 64/200 [00:23<00:51,  2.65it/s]
 32%|███▎      | 65/200 [00:23<00:50,  2.66it/s]
 33%|███▎      | 66/200 [00:24<00:49,  2.70it/s]
 34%|███▎      | 67/200 [00:24<00:49,  2.70it/s]
 34%|███▍      | 68/200 [00:24<00:48,  2.71it/s]
 34%|███▍      | 69/200 [00:25<00:48,  2.72it/s]
 35%|███▌      | 70/200 [00:25<00:47,  2.74it/s]
 36%|███▌      | 71/200 [00:25<00:47,  2.74it/s]
 36%|███▌      | 72/200 [00:26<00:46,  2.73it/s]
 36%|███▋      | 73/200 [00:26<00:46,  2.75it/s]
 37%|███▋      | 74/200 [00:27<00:45,  2.75it/s]
 38%|███▊      | 75/200 [00:27<00:45,  2.75it/s]
 38%|███▊      | 76/200 [00:27<00:45,  2.75it/s]
 38%|███▊      | 77/200 [00:28<00:44,  2.76it/s]
 39%|███▉      | 78/200 [00:28<00:44,  2.75it/s]
 40%|███▉      | 79/200 [00:28<00:44,  2.73it/s]
 40%|████      | 80/200 [00:29<00:44,  2.73it/s]
 40%|████      | 81/200 [00:29<00:43,  2.71it/s]
 41%|████      | 82/200 [00:29<00:43,  2.72it/s]
 42%|████▏     | 83/200 [00:30<00:43,  2.69it/s]
 42%|████▏     | 84/200 [00:30<00:42,  2.70it/s]
 42%|████▎     | 85/200 [00:31<00:42,  2.71it/s]
 43%|████▎     | 86/200 [00:31<00:41,  2.73it/s]
 44%|████▎     | 87/200 [00:31<00:41,  2.75it/s]
 44%|████▍     | 88/200 [00:32<00:40,  2.75it/s]
 44%|████▍     | 89/200 [00:32<00:40,  2.76it/s]
 45%|████▌     | 90/200 [00:32<00:39,  2.76it/s]
 46%|████▌     | 91/200 [00:33<00:39,  2.76it/s]
 46%|████▌     | 92/200 [00:33<00:39,  2.76it/s]
 46%|████▋     | 93/200 [00:33<00:38,  2.77it/s]
 47%|████▋     | 94/200 [00:34<00:38,  2.76it/s]
 48%|████▊     | 95/200 [00:34<00:38,  2.73it/s]
 48%|████▊     | 96/200 [00:35<00:38,  2.73it/s]
 48%|████▊     | 97/200 [00:35<00:37,  2.73it/s]
 49%|████▉     | 98/200 [00:35<00:37,  2.74it/s]
 50%|████▉     | 99/200 [00:36<00:36,  2.75it/s]
 50%|█████     | 100/200 [00:36<00:36,  2.75it/s]
 50%|█████     | 101/200 [00:36<00:35,  2.76it/s]
 51%|█████     | 102/200 [00:37<00:35,  2.77it/s]
 52%|█████▏    | 103/200 [00:37<00:35,  2.77it/s]
 52%|█████▏    | 104/200 [00:37<00:34,  2.77it/s]
 52%|█████▎    | 105/200 [00:38<00:34,  2.78it/s]
 53%|█████▎    | 106/200 [00:38<00:33,  2.78it/s]
 54%|█████▎    | 107/200 [00:39<00:33,  2.74it/s]
 54%|█████▍    | 108/200 [00:39<00:33,  2.75it/s]
 55%|█████▍    | 109/200 [00:39<00:33,  2.73it/s]
 55%|█████▌    | 110/200 [00:40<00:33,  2.72it/s]
 56%|█████▌    | 111/200 [00:40<00:32,  2.71it/s]
 56%|█████▌    | 112/200 [00:40<00:32,  2.68it/s]
 56%|█████▋    | 113/200 [00:41<00:32,  2.69it/s]
 57%|█████▋    | 114/200 [00:41<00:31,  2.69it/s]
 57%|█████▊    | 115/200 [00:42<00:31,  2.68it/s]
 58%|█████▊    | 116/200 [00:42<00:31,  2.69it/s]
 58%|█████▊    | 117/200 [00:42<00:30,  2.69it/s]
 59%|█████▉    | 118/200 [00:43<00:30,  2.70it/s]
 60%|█████▉    | 119/200 [00:43<00:29,  2.71it/s]
 60%|██████    | 120/200 [00:43<00:29,  2.70it/s]
 60%|██████    | 121/200 [00:44<00:29,  2.69it/s]
 61%|██████    | 122/200 [00:44<00:28,  2.71it/s]
 62%|██████▏   | 123/200 [00:45<00:28,  2.70it/s]
 62%|██████▏   | 124/200 [00:45<00:28,  2.71it/s]
 62%|██████▎   | 125/200 [00:45<00:27,  2.73it/s]
 63%|██████▎   | 126/200 [00:46<00:27,  2.74it/s]
 64%|██████▎   | 127/200 [00:46<00:26,  2.74it/s]
 64%|██████▍   | 128/200 [00:46<00:26,  2.73it/s]
 64%|██████▍   | 129/200 [00:47<00:25,  2.75it/s]
 65%|██████▌   | 130/200 [00:47<00:25,  2.75it/s]
 66%|██████▌   | 131/200 [00:47<00:25,  2.73it/s]
 66%|██████▌   | 132/200 [00:48<00:24,  2.73it/s]
 66%|██████▋   | 133/200 [00:48<00:24,  2.71it/s]
 67%|██████▋   | 134/200 [00:49<00:24,  2.72it/s]
 68%|██████▊   | 135/200 [00:49<00:23,  2.71it/s]
 68%|██████▊   | 136/200 [00:49<00:23,  2.69it/s]
 68%|██████▊   | 137/200 [00:50<00:23,  2.71it/s]
 69%|██████▉   | 138/200 [00:50<00:22,  2.71it/s]
 70%|██████▉   | 139/200 [00:50<00:22,  2.70it/s]
 70%|███████   | 140/200 [00:51<00:22,  2.70it/s]
 70%|███████   | 141/200 [00:51<00:21,  2.71it/s]
 71%|███████   | 142/200 [00:52<00:21,  2.70it/s]
 72%|███████▏  | 143/200 [00:52<00:21,  2.71it/s]
 72%|███████▏  | 144/200 [00:52<00:20,  2.70it/s]
 72%|███████▎  | 145/200 [00:53<00:20,  2.66it/s]
 73%|███████▎  | 146/200 [00:53<00:20,  2.70it/s]
 74%|███████▎  | 147/200 [00:53<00:19,  2.72it/s]
 74%|███████▍  | 148/200 [00:54<00:18,  2.74it/s]
 74%|███████▍  | 149/200 [00:54<00:18,  2.75it/s]
 75%|███████▌  | 150/200 [00:54<00:18,  2.75it/s]
 76%|███████▌  | 151/200 [00:55<00:17,  2.73it/s]
 76%|███████▌  | 152/200 [00:55<00:17,  2.71it/s]
 76%|███████▋  | 153/200 [00:56<00:17,  2.71it/s]
 77%|███████▋  | 154/200 [00:56<00:17,  2.70it/s]
 78%|███████▊  | 155/200 [00:56<00:16,  2.70it/s]
 78%|███████▊  | 156/200 [00:57<00:16,  2.69it/s]
 78%|███████▊  | 157/200 [00:57<00:16,  2.68it/s]
 79%|███████▉  | 158/200 [00:57<00:15,  2.69it/s]
 80%|███████▉  | 159/200 [00:58<00:15,  2.71it/s]
 80%|████████  | 160/200 [00:58<00:14,  2.69it/s]
 80%|████████  | 161/200 [00:59<00:14,  2.69it/s]
 81%|████████  | 162/200 [00:59<00:14,  2.70it/s]
 82%|████████▏ | 163/200 [00:59<00:13,  2.70it/s]
 82%|████████▏ | 164/200 [01:00<00:13,  2.72it/s]
 82%|████████▎ | 165/200 [01:00<00:12,  2.72it/s]
 83%|████████▎ | 166/200 [01:00<00:12,  2.74it/s]
 84%|████████▎ | 167/200 [01:01<00:12,  2.74it/s]
 84%|████████▍ | 168/200 [01:01<00:11,  2.74it/s]
 84%|████████▍ | 169/200 [01:01<00:11,  2.73it/s]
 85%|████████▌ | 170/200 [01:02<00:10,  2.73it/s]
 86%|████████▌ | 171/200 [01:02<00:10,  2.71it/s]
 86%|████████▌ | 172/200 [01:03<00:10,  2.70it/s]
 86%|████████▋ | 173/200 [01:03<00:09,  2.71it/s]
 87%|████████▋ | 174/200 [01:03<00:09,  2.69it/s]
 88%|████████▊ | 175/200 [01:04<00:09,  2.68it/s]
 88%|████████▊ | 176/200 [01:04<00:08,  2.68it/s]
 88%|████████▊ | 177/200 [01:04<00:08,  2.69it/s]
 89%|████████▉ | 178/200 [01:05<00:08,  2.67it/s]
 90%|████████▉ | 179/200 [01:05<00:07,  2.69it/s]
 90%|█████████ | 180/200 [01:06<00:07,  2.71it/s]
 90%|█████████ | 181/200 [01:06<00:06,  2.72it/s]
 91%|█████████ | 182/200 [01:06<00:06,  2.74it/s]
 92%|█████████▏| 183/200 [01:07<00:06,  2.74it/s]
 92%|█████████▏| 184/200 [01:07<00:05,  2.75it/s]
 92%|█████████▎| 185/200 [01:07<00:05,  2.76it/s]
 93%|█████████▎| 186/200 [01:08<00:05,  2.72it/s]
 94%|█████████▎| 187/200 [01:08<00:04,  2.73it/s]
 94%|█████████▍| 188/200 [01:08<00:04,  2.71it/s]
 94%|█████████▍| 189/200 [01:09<00:04,  2.71it/s]
 95%|█████████▌| 190/200 [01:09<00:03,  2.71it/s]
 96%|█████████▌| 191/200 [01:10<00:03,  2.71it/s]
 96%|█████████▌| 192/200 [01:10<00:02,  2.73it/s]
 96%|█████████▋| 193/200 [01:10<00:02,  2.73it/s]
 97%|█████████▋| 194/200 [01:11<00:02,  2.73it/s]
 98%|█████████▊| 195/200 [01:11<00:01,  2.75it/s]
 98%|█████████▊| 196/200 [01:11<00:01,  2.75it/s]
 98%|█████████▊| 197/200 [01:12<00:01,  2.74it/s]
 99%|█████████▉| 198/200 [01:12<00:00,  2.75it/s]
100%|█████████▉| 199/200 [01:12<00:00,  2.75it/s]
100%|██████████| 200/200 [01:13<00:00,  2.76it/s]
100%|██████████| 200/200 [01:13<00:00,  2.73it/s]
    sub_label                                          obj_label                                         sub_sister relation                                subj_anchors                                   masked_sentences                  masked_sentences_with_subj_anchor                                            def_sap                           def_dap_with_subj_anchor sub_label_pl                                   subj_anchors_pl                                            lsp_sap                           lsp_dap_with_subj_anchor  sub_position sub_label_sg                                            def_dap                                            lsp_dap                                     anchor_lsp_sap                   sub_label_sgpl                                  obj_mask_sentence                            obj_mask_sentence_score                                   obj_mask_def_sap                             obj_mask_def_sap_score  \
0     acacias                                             [tree]  [birch, cedar, cypress, elm, oak, pine, poplar...      IsA           [pine, elm, birch, willow, cedar]  [an acacia  is a [MASK]., an acacia is an [MAS...  [an acacia or pine is a [MASK]., an acacia or ...  [An acacia is a [MASK]., An acacia is an [MASK].]  [an acacia or pine is a [MASK]., an acacia or ...      acacias           [pines, elms, birches, willows, cedars]  [[MASK] such as acacias., [MASK], including ac...  [[MASK] such as acacias and pines., [MASK], in...             3       acacia  [An acacia or [Z] is a [MASK]., An acacia or [...  [[MASK] such as acacias and [Z]., [MASK], incl...  [such as acacias and [MASK]., such as acacias ...           acacias acacia acacias  [acacia, shrub, tree, plant, oak, vegetable, a...  {'acacia': 0.4983356185257435, 'shrub': 0.4285...  [acacia, shrub, tree, plant, oak, vegetable, a...  {'acacia': 0.4983356185257435, 'shrub': 0.4285...   
1  alligators  [animal, beast, carnivore, chordate, creature,...     [crocodile, frog, lizard, snake, toad, turtle]      IsA         [lizard, toad, snake, frog, turtle]  [an alligator  is a [MASK]., an alligator is a...  [an alligator or lizard is a [MASK]., an allig...  [An alligator is a [MASK]., An alligator is an...  [an alligator or lizard is a [MASK]., an allig...   alligators          [lizards, toads, snakes, frogs, turtles]  [[MASK] such as alligators., [MASK], including...  [[MASK] such as alligators and lizards., [MASK...             3    alligator  [An alligator or [Z] is a [MASK]., An alligato...  [[MASK] such as alligators and [Z]., [MASK], i...  [such as alligators and [MASK]., such as allig...  alligators alligator alligators  [animal, alligator, fish, monster, snake, croc...  {'animal': 0.35219907760620117, 'alligator': 0...  [animal, alligator, fish, monster, snake, croc...  {'animal': 0.35219907760620117, 'alligator': 0...   
2  ambulances          [artefact, artifact, conveyance, vehicle]  [battleship, bicycle, bike, bomber, bus, car, ...      IsA  [scooter, train, bicycle, battleship, bus]  [an ambulance  is a [MASK]., an ambulance is a...  [an ambulance or scooter is a [MASK]., an ambu...  [An ambulance is a [MASK]., An ambulance is an...  [an ambulance or scooter is a [MASK]., an ambu...   ambulances  [scooters, trains, bicycles, battleships, buses]  [[MASK] such as ambulances., [MASK], including...  [[MASK] such as ambulances and scooters., [MAS...             3    ambulance  [An ambulance or [Z] is a [MASK]., An ambulanc...  [[MASK] such as ambulances and [Z]., [MASK], i...  [such as ambulances and [MASK]., such as ambul...  ambulances ambulance ambulances  [ambulance, emergency, accident, car, helicopt...  {'ambulance': 0.2564025754109025, 'emergency':...  [ambulance, emergency, accident, car, helicopt...  {'ambulance': 0.2564025754109025, 'emergency':...   
3        ants  [animal, arthropod, bug, creature, insect, inv...  [bee, beetle, butterfly, cockroach, cricket, d...      IsA  [bee, wasp, locust, butterfly, silverfish]       [an ant  is a [MASK]., an ant is an [MASK].]  [an ant or bee is a [MASK]., an ant or bee is ...        [An ant is a [MASK]., An ant is an [MASK].]  [an ant or bee is a [MASK]., an ant or bee is ...         ants   [bees, wasps, locusts, butterflies, silverfish]  [[MASK] such as ants., [MASK], including ants....  [[MASK] such as ants and bees., [MASK], includ...             3          ant  [An ant or [Z] is a [MASK]., An ant or [Z] is ...  [[MASK] such as ants and [Z]., [MASK], includi...  [such as ants and [MASK]., such as ants or [MA...                    ants ant ants  [animal, ant, insect, bug, species, organism, ...  {'animal': 0.2258305698633194, 'ant': 0.191100...  [animal, ant, insect, bug, specie, organism, p...  {'animal': 0.2258305698633194, 'ant': 0.191100...   
4      apples                             [food, fruit, produce]  [apricot, banana, cherry, coconut, cranberry, ...      IsA  [coconut, apricot, cranberry, grape, lime]   [an apple  is a [MASK]., an apple is an [MASK].]  [an apple or coconut is a [MASK]., an apple or...    [An apple is a [MASK]., An apple is an [MASK].]  [an apple or coconut is a [MASK]., an apple or...       apples  [coconuts, apricots, cranberries, grapes, limes]  [[MASK] such as apples., [MASK], including app...  [[MASK] such as apples and coconuts., [MASK], ...             3        apple  [An apple or [Z] is a [MASK]., An apple or [Z]...  [[MASK] such as apples and [Z]., [MASK], inclu...  [such as apples and [MASK]., such as apples or...              apples apple apples  [apple, tree, fruit, pear, nut, vegetable, per...  {'apple': 0.4679407370276749, 'tree': 0.152786...  [apple, tree, fruit, pear, nut, vegetable, per...  {'apple': 0.4679407370276749, 'tree': 0.152786...   

                                    obj_mask_lsp_sap                             obj_mask_lsp_sap_score                             subj_anchors_sg            subj_anchors_combined                              obj_mask_sentence_dap                        obj_mask_sentence_dap_score                                   obj_mask_def_dap                             obj_mask_def_dap_score                                   obj_mask_lsp_dap                             obj_mask_lsp_dap_score  
0  [tree, plant, acacia, shrub, thing, specie, pa...  {'trees': 0.43923665086428326, 'plants': 0.189...           [pine, elm, birch, willow, cedar]           acacias acacia acacias  [tree, oak, acacia, elm, shrub, example, excep...  {'tree': 0.7251760721206665, 'oak': 0.18851163...  [tree, oak, acacia, elm, shrub, example, excep...  {'tree': 0.7251760721206665, 'oak': 0.18851163...  [tree, shrub, plant, vegetation, forest, speci...  {'trees': 0.6577003916104635, 'shrubs': 0.0723...  
1  [reptile, thing, animal, snake, creature, wild...  {'reptiles': 0.45938984490931034, 'things': 0....         [lizard, toad, snake, frog, turtle]  alligators alligator alligators  [animal, frog, predator, fish, example, mammal...  {'animal': 0.7477146267890931, 'frog': 0.20099...  [animal, frog, predator, fish, example, mammal...  {'animal': 0.7477146267890931, 'frog': 0.20099...  [reptile, snake, animal, thing, specie, creatu...  {'reptiles': 0.6024550313750903, 'snakes': 0.1...  
2  [thing, vehicle, ambulance, service, police, h...  {'things': 0.33095417730510235, 'vehicles': 0....  [scooter, train, bicycle, battleship, bus]  ambulances ambulance ambulances  [ambulance, vehicle, ship, train, example, war...  {'ambulance': 0.454171909019351, 'vehicle': 0....  [ambulance, vehicle, ship, train, example, war...  {'ambulance': 0.454171909019351, 'vehicle': 0....  [vehicle, thing, ship, transportation, transpo...  {'vehicles': 0.3966282200068235, 'things': 0.3...  
3  [insect, animal, thing, people, invertebrate, ...  {'insects': 0.4983338552216689, 'animals': 0.1...  [bee, wasp, locust, butterfly, silverfish]                    ants ant ants  [fish, insect, animal, pest, bug, species, ant...  {'fish': 0.40302160382270813, 'insect': 0.3389...  [fish, insect, animal, pest, bug, specie, ant,...  {'fish': 0.40302160382270813, 'insect': 0.3389...  [insect, thing, animal, specie, bee, invertebr...  {'insects': 0.7521736229459445, 'things': 0.23...  
4  [fruit, thing, vegetable, apple, nuts, berry, ...  {'fruits': 0.3824947439134121, 'fruit': 0.2358...  [coconut, apricot, cranberry, grape, lime]              apples apple apples  [apple, fruit, example, lemon, berry, vegetabl...  {'apple': 0.6573645412921906, 'fruit': 0.48943...  [apple, fruit, example, lemon, berry, vegetabl...  {'apple': 0.6573645412921906, 'fruit': 0.48943...  [fruit, thing, berry, vegetable, grape, item, ...  {'fruits': 0.5646689921617508, 'fruit': 0.2661...  
---------------------------------------- anchor evaluation ----------------------------------------
begin{tabular}{rlrlrrrr}
hline
    	 mask_type       	   p@10 	 relation   	   mAP@10 	   recall@10 	   anchor_wordnet_avg_path 	   anchor_wordnet_coverage 
hline
  0 	 subj_anchors_sg 	   99.5 	 IsA        	     99.6 	        32.2 	                      5.56 	                     0.994 
hline
end{tabular}
---------------------------------------- obj_label evaluation ----------------------------------------
begin{tabular}{rlrrrrrrrrrrlrrr}
hline
    	 mask_type   	   p@1 	   p@5 	   p@10 	   mAP@1 	   mAP@5 	   mAP@10 	   mrr 	   recall@1 	   recall@5 	   recall@10 	 relation   	   anchor_wordnet_avg_path 	   anchor_wordnet_coverage 	   mask_type_id 
hline
  1 	 def_sap     	  43   	  24.3 	   16.1 	    43   	    57.6 	     55.3 	  61   	        8.6 	       21.8 	        28.2 	 IsA        	                      5.56 	                     0.994 	              1 
  2 	 lsp_sap     	  67   	  30.7 	   22.5 	    67   	    72.2 	     63.3 	  78.1 	       14.3 	       26.9 	        38   	 IsA        	                      5.56 	                     0.994 	              3 
  4 	 def_dap     	  64.5 	  27   	   17.2 	    64.5 	    72.2 	     67   	  76.5 	       13   	       24.3 	        29.4 	 IsA        	                      5.56 	                     0.994 	              2 
  5 	 lsp_dap     	  76.5 	  33.4 	   23.2 	    76.5 	    77.4 	     69.2 	  85.6 	       15.7 	       29.4 	        39.7 	 IsA        	                      5.56 	                     0.994 	              4 
hline
end{tabular}
save log/bert-large-uncased/coordinate/BLESS/df_all_use_global_dap_True_anchor_type_Coordinate_remove_Y_PUNC_FULL_concate_or_single_max_anchor_num_10_anchor_scorer_probAvg_filter_obj_True_filter_objects_with_input_False_wnp_True_cpt_False.COORDINATE.tsv
save log/bert-large-uncased/coordinate/BLESS/exp_data_results_anchor_type_Coordinate_remove_Y_PUNC_FULL_concate_or_single_max_anchor_num_10_anchor_scorer_probAvg_filter_obj_True_filter_objects_with_input_False_wnp_True_cpt_False.COORDINATE.csv

& 43 & 57.6 & 21.8 \\ 
& 67 & 72.2 & 26.9 \\ 
& 64.5 & 72.2 & 24.3 \\ 
& 76.5 & 77.4 & 29.4 \\ 