Some weights of the model checkpoint at bert-large-uncased were not used when initializing BertForMaskedLM: ['cls.seq_relationship.weight', 'cls.seq_relationship.bias']
- This IS expected if you are initializing BertForMaskedLM from the checkpoint of a model trained on another task or with another architecture (e.g. initializing a BertForSequenceClassification model from a BertForPreTraining model).
- This IS NOT expected if you are initializing BertForMaskedLM from the checkpoint of a model that you expect to be exactly identical (initializing a BertForSequenceClassification model from a BertForSequenceClassification model).
Some weights of the model checkpoint at bert-large-uncased were not used when initializing BertForMaskedLM: ['cls.seq_relationship.weight', 'cls.seq_relationship.bias']
- This IS expected if you are initializing BertForMaskedLM from the checkpoint of a model trained on another task or with another architecture (e.g. initializing a BertForSequenceClassification model from a BertForPreTraining model).
- This IS NOT expected if you are initializing BertForMaskedLM from the checkpoint of a model that you expect to be exactly identical (initializing a BertForSequenceClassification model from a BertForSequenceClassification model).
Debug: False
#Test_instances: 1079
/home/chunhua/.local/lib/python3.8/site-packages/transformers/pipelines/base.py:1043: UserWarning: You seem to be using the pipelines sequentially on GPU. In order to maximize efficiency please use a dataset
  warnings.warn(
/home/chunhua/.local/lib/python3.8/site-packages/transformers/pipelines/base.py:1043: UserWarning: You seem to be using the pipelines sequentially on GPU. In order to maximize efficiency please use a dataset
  warnings.warn(
/home/chunhua/.local/lib/python3.8/site-packages/transformers/pipelines/base.py:1043: UserWarning: You seem to be using the pipelines sequentially on GPU. In order to maximize efficiency please use a dataset
  warnings.warn(
---------------------------------------- obj_label evaluation ----------------------------------------
pred_col_sg ['obj_mask_sentence_sg_1', 'obj_mask_sentence_sg_2', 'obj_mask_sentence_sg_3']
pred_col_pl ['obj_mask_sentence_pl_1', 'obj_mask_sentence_pl_2', 'obj_mask_sentence_pl_3']
    K  Singular  Plural  Paired Singular-Plural mask_type                               data_dir
0   1      18.8     1.0                     1.0   def_dap  data/clsb/singular/consistency_group/
1  10      54.6    12.1                    12.0   def_dap  data/clsb/singular/consistency_group/
Save log/bert-large-uncased/clsb/singular/consistency_group//IsA.def_dap.csv
Save log/bert-large-uncased/clsb/singular/consistency_group//IsA.def_dap.tsv

#Test_instances: 1079
/home/chunhua/.local/lib/python3.8/site-packages/transformers/pipelines/base.py:1043: UserWarning: You seem to be using the pipelines sequentially on GPU. In order to maximize efficiency please use a dataset
  warnings.warn(
/home/chunhua/.local/lib/python3.8/site-packages/transformers/pipelines/base.py:1043: UserWarning: You seem to be using the pipelines sequentially on GPU. In order to maximize efficiency please use a dataset
  warnings.warn(
/home/chunhua/.local/lib/python3.8/site-packages/transformers/pipelines/base.py:1043: UserWarning: You seem to be using the pipelines sequentially on GPU. In order to maximize efficiency please use a dataset
  warnings.warn(
/home/chunhua/.local/lib/python3.8/site-packages/transformers/pipelines/base.py:1043: UserWarning: You seem to be using the pipelines sequentially on GPU. In order to maximize efficiency please use a dataset
  warnings.warn(
/home/chunhua/.local/lib/python3.8/site-packages/transformers/pipelines/base.py:1043: UserWarning: You seem to be using the pipelines sequentially on GPU. In order to maximize efficiency please use a dataset
  warnings.warn(
/home/chunhua/.local/lib/python3.8/site-packages/transformers/pipelines/base.py:1043: UserWarning: You seem to be using the pipelines sequentially on GPU. In order to maximize efficiency please use a dataset
  warnings.warn(
---------------------------------------- obj_label evaluation ----------------------------------------
pred_col_sg ['obj_mask_sentence_sg_1', 'obj_mask_sentence_sg_2', 'obj_mask_sentence_sg_3', 'obj_mask_sentence_sg_4', 'obj_mask_sentence_sg_5', 'obj_mask_sentence_sg_6']
pred_col_pl ['obj_mask_sentence_pl_1', 'obj_mask_sentence_pl_2', 'obj_mask_sentence_pl_3', 'obj_mask_sentence_pl_4', 'obj_mask_sentence_pl_5', 'obj_mask_sentence_pl_6']
    K  Singular  Plural  Paired Singular-Plural mask_type                               data_dir
0   1      15.4    17.1                    12.6   lsp_dap  data/clsb/singular/consistency_group/
1  10      47.4    56.1                    45.9   lsp_dap  data/clsb/singular/consistency_group/
Save log/bert-large-uncased/clsb/singular/consistency_group//IsA.lsp_dap.csv
Save log/bert-large-uncased/clsb/singular/consistency_group//IsA.lsp_dap.tsv

Some weights of the model checkpoint at bert-large-uncased were not used when initializing BertForMaskedLM: ['cls.seq_relationship.bias', 'cls.seq_relationship.weight']
- This IS expected if you are initializing BertForMaskedLM from the checkpoint of a model trained on another task or with another architecture (e.g. initializing a BertForSequenceClassification model from a BertForPreTraining model).
- This IS NOT expected if you are initializing BertForMaskedLM from the checkpoint of a model that you expect to be exactly identical (initializing a BertForSequenceClassification model from a BertForSequenceClassification model).
Some weights of the model checkpoint at bert-large-uncased were not used when initializing BertForMaskedLM: ['cls.seq_relationship.bias', 'cls.seq_relationship.weight']
- This IS expected if you are initializing BertForMaskedLM from the checkpoint of a model trained on another task or with another architecture (e.g. initializing a BertForSequenceClassification model from a BertForPreTraining model).
- This IS NOT expected if you are initializing BertForMaskedLM from the checkpoint of a model that you expect to be exactly identical (initializing a BertForSequenceClassification model from a BertForSequenceClassification model).
Debug: False
#Test_instances: 935
/home/chunhua/.local/lib/python3.8/site-packages/transformers/pipelines/base.py:1043: UserWarning: You seem to be using the pipelines sequentially on GPU. In order to maximize efficiency please use a dataset
  warnings.warn(
/home/chunhua/.local/lib/python3.8/site-packages/transformers/pipelines/base.py:1043: UserWarning: You seem to be using the pipelines sequentially on GPU. In order to maximize efficiency please use a dataset
  warnings.warn(
/home/chunhua/.local/lib/python3.8/site-packages/transformers/pipelines/base.py:1043: UserWarning: You seem to be using the pipelines sequentially on GPU. In order to maximize efficiency please use a dataset
  warnings.warn(
---------------------------------------- obj_label evaluation ----------------------------------------
pred_col_sg ['obj_mask_sentence_sg_1', 'obj_mask_sentence_sg_2', 'obj_mask_sentence_sg_3']
pred_col_pl ['obj_mask_sentence_pl_1', 'obj_mask_sentence_pl_2', 'obj_mask_sentence_pl_3']
    K  Singular  Plural  Paired Singular-Plural mask_type                                     data_dir
0   1      11.6     0.9                     0.9   def_dap  data/hypernymsuite/BLESS/consistency_group/
1  10      34.0     6.4                     6.4   def_dap  data/hypernymsuite/BLESS/consistency_group/
Save log/bert-large-uncased/hypernymsuite/BLESS/consistency_group//IsA.def_dap.csv
Save log/bert-large-uncased/hypernymsuite/BLESS/consistency_group//IsA.def_dap.tsv

#Test_instances: 935
/home/chunhua/.local/lib/python3.8/site-packages/transformers/pipelines/base.py:1043: UserWarning: You seem to be using the pipelines sequentially on GPU. In order to maximize efficiency please use a dataset
  warnings.warn(
/home/chunhua/.local/lib/python3.8/site-packages/transformers/pipelines/base.py:1043: UserWarning: You seem to be using the pipelines sequentially on GPU. In order to maximize efficiency please use a dataset
  warnings.warn(
/home/chunhua/.local/lib/python3.8/site-packages/transformers/pipelines/base.py:1043: UserWarning: You seem to be using the pipelines sequentially on GPU. In order to maximize efficiency please use a dataset
  warnings.warn(
/home/chunhua/.local/lib/python3.8/site-packages/transformers/pipelines/base.py:1043: UserWarning: You seem to be using the pipelines sequentially on GPU. In order to maximize efficiency please use a dataset
  warnings.warn(
/home/chunhua/.local/lib/python3.8/site-packages/transformers/pipelines/base.py:1043: UserWarning: You seem to be using the pipelines sequentially on GPU. In order to maximize efficiency please use a dataset
  warnings.warn(
/home/chunhua/.local/lib/python3.8/site-packages/transformers/pipelines/base.py:1043: UserWarning: You seem to be using the pipelines sequentially on GPU. In order to maximize efficiency please use a dataset
  warnings.warn(
---------------------------------------- obj_label evaluation ----------------------------------------
pred_col_sg ['obj_mask_sentence_sg_1', 'obj_mask_sentence_sg_2', 'obj_mask_sentence_sg_3', 'obj_mask_sentence_sg_4', 'obj_mask_sentence_sg_5', 'obj_mask_sentence_sg_6']
pred_col_pl ['obj_mask_sentence_pl_1', 'obj_mask_sentence_pl_2', 'obj_mask_sentence_pl_3', 'obj_mask_sentence_pl_4', 'obj_mask_sentence_pl_5', 'obj_mask_sentence_pl_6']
    K  Singular  Plural  Paired Singular-Plural mask_type                                     data_dir
0   1       9.5    12.0                     8.1   lsp_dap  data/hypernymsuite/BLESS/consistency_group/
1  10      26.7    32.7                    25.7   lsp_dap  data/hypernymsuite/BLESS/consistency_group/
Save log/bert-large-uncased/hypernymsuite/BLESS/consistency_group//IsA.lsp_dap.csv
Save log/bert-large-uncased/hypernymsuite/BLESS/consistency_group//IsA.lsp_dap.tsv

Some weights of the model checkpoint at bert-large-uncased were not used when initializing BertForMaskedLM: ['cls.seq_relationship.weight', 'cls.seq_relationship.bias']
- This IS expected if you are initializing BertForMaskedLM from the checkpoint of a model trained on another task or with another architecture (e.g. initializing a BertForSequenceClassification model from a BertForPreTraining model).
- This IS NOT expected if you are initializing BertForMaskedLM from the checkpoint of a model that you expect to be exactly identical (initializing a BertForSequenceClassification model from a BertForSequenceClassification model).
Some weights of the model checkpoint at bert-large-uncased were not used when initializing BertForMaskedLM: ['cls.seq_relationship.weight', 'cls.seq_relationship.bias']
- This IS expected if you are initializing BertForMaskedLM from the checkpoint of a model trained on another task or with another architecture (e.g. initializing a BertForSequenceClassification model from a BertForPreTraining model).
- This IS NOT expected if you are initializing BertForMaskedLM from the checkpoint of a model that you expect to be exactly identical (initializing a BertForSequenceClassification model from a BertForSequenceClassification model).
Debug: False
#Test_instances: 953
/home/chunhua/.local/lib/python3.8/site-packages/transformers/pipelines/base.py:1043: UserWarning: You seem to be using the pipelines sequentially on GPU. In order to maximize efficiency please use a dataset
  warnings.warn(
/home/chunhua/.local/lib/python3.8/site-packages/transformers/pipelines/base.py:1043: UserWarning: You seem to be using the pipelines sequentially on GPU. In order to maximize efficiency please use a dataset
  warnings.warn(
/home/chunhua/.local/lib/python3.8/site-packages/transformers/pipelines/base.py:1043: UserWarning: You seem to be using the pipelines sequentially on GPU. In order to maximize efficiency please use a dataset
  warnings.warn(
---------------------------------------- obj_label evaluation ----------------------------------------
pred_col_sg ['obj_mask_sentence_sg_1', 'obj_mask_sentence_sg_2', 'obj_mask_sentence_sg_3']
pred_col_pl ['obj_mask_sentence_pl_1', 'obj_mask_sentence_pl_2', 'obj_mask_sentence_pl_3']
    K  Singular  Plural  Paired Singular-Plural mask_type                                    data_dir
0   1       5.9     0.4                     0.2   def_dap  data/hypernymsuite/EVAL/consistency_group/
1  10      29.2     4.4                     4.0   def_dap  data/hypernymsuite/EVAL/consistency_group/
Save log/bert-large-uncased/hypernymsuite/EVAL/consistency_group//IsA.def_dap.csv
Save log/bert-large-uncased/hypernymsuite/EVAL/consistency_group//IsA.def_dap.tsv

#Test_instances: 953
/home/chunhua/.local/lib/python3.8/site-packages/transformers/pipelines/base.py:1043: UserWarning: You seem to be using the pipelines sequentially on GPU. In order to maximize efficiency please use a dataset
  warnings.warn(
/home/chunhua/.local/lib/python3.8/site-packages/transformers/pipelines/base.py:1043: UserWarning: You seem to be using the pipelines sequentially on GPU. In order to maximize efficiency please use a dataset
  warnings.warn(
/home/chunhua/.local/lib/python3.8/site-packages/transformers/pipelines/base.py:1043: UserWarning: You seem to be using the pipelines sequentially on GPU. In order to maximize efficiency please use a dataset
  warnings.warn(
/home/chunhua/.local/lib/python3.8/site-packages/transformers/pipelines/base.py:1043: UserWarning: You seem to be using the pipelines sequentially on GPU. In order to maximize efficiency please use a dataset
  warnings.warn(
/home/chunhua/.local/lib/python3.8/site-packages/transformers/pipelines/base.py:1043: UserWarning: You seem to be using the pipelines sequentially on GPU. In order to maximize efficiency please use a dataset
  warnings.warn(
/home/chunhua/.local/lib/python3.8/site-packages/transformers/pipelines/base.py:1043: UserWarning: You seem to be using the pipelines sequentially on GPU. In order to maximize efficiency please use a dataset
  warnings.warn(
---------------------------------------- obj_label evaluation ----------------------------------------
pred_col_sg ['obj_mask_sentence_sg_1', 'obj_mask_sentence_sg_2', 'obj_mask_sentence_sg_3', 'obj_mask_sentence_sg_4', 'obj_mask_sentence_sg_5', 'obj_mask_sentence_sg_6']
pred_col_pl ['obj_mask_sentence_pl_1', 'obj_mask_sentence_pl_2', 'obj_mask_sentence_pl_3', 'obj_mask_sentence_pl_4', 'obj_mask_sentence_pl_5', 'obj_mask_sentence_pl_6']
    K  Singular  Plural  Paired Singular-Plural mask_type                                    data_dir
0   1       1.3     2.3                     0.8   lsp_dap  data/hypernymsuite/EVAL/consistency_group/
1  10      11.1    17.4                     9.9   lsp_dap  data/hypernymsuite/EVAL/consistency_group/
Save log/bert-large-uncased/hypernymsuite/EVAL/consistency_group//IsA.lsp_dap.csv
Save log/bert-large-uncased/hypernymsuite/EVAL/consistency_group//IsA.lsp_dap.tsv

Some weights of the model checkpoint at bert-large-uncased were not used when initializing BertForMaskedLM: ['cls.seq_relationship.bias', 'cls.seq_relationship.weight']
- This IS expected if you are initializing BertForMaskedLM from the checkpoint of a model trained on another task or with another architecture (e.g. initializing a BertForSequenceClassification model from a BertForPreTraining model).
- This IS NOT expected if you are initializing BertForMaskedLM from the checkpoint of a model that you expect to be exactly identical (initializing a BertForSequenceClassification model from a BertForSequenceClassification model).
Some weights of the model checkpoint at bert-large-uncased were not used when initializing BertForMaskedLM: ['cls.seq_relationship.bias', 'cls.seq_relationship.weight']
- This IS expected if you are initializing BertForMaskedLM from the checkpoint of a model trained on another task or with another architecture (e.g. initializing a BertForSequenceClassification model from a BertForPreTraining model).
- This IS NOT expected if you are initializing BertForMaskedLM from the checkpoint of a model that you expect to be exactly identical (initializing a BertForSequenceClassification model from a BertForSequenceClassification model).
Debug: False
#Test_instances: 1262
/home/chunhua/.local/lib/python3.8/site-packages/transformers/pipelines/base.py:1043: UserWarning: You seem to be using the pipelines sequentially on GPU. In order to maximize efficiency please use a dataset
  warnings.warn(
/home/chunhua/.local/lib/python3.8/site-packages/transformers/pipelines/base.py:1043: UserWarning: You seem to be using the pipelines sequentially on GPU. In order to maximize efficiency please use a dataset
  warnings.warn(
/home/chunhua/.local/lib/python3.8/site-packages/transformers/pipelines/base.py:1043: UserWarning: You seem to be using the pipelines sequentially on GPU. In order to maximize efficiency please use a dataset
  warnings.warn(
---------------------------------------- obj_label evaluation ----------------------------------------
pred_col_sg ['obj_mask_sentence_sg_1', 'obj_mask_sentence_sg_2', 'obj_mask_sentence_sg_3']
pred_col_pl ['obj_mask_sentence_pl_1', 'obj_mask_sentence_pl_2', 'obj_mask_sentence_pl_3']
    K  Singular  Plural  Paired Singular-Plural mask_type                                    data_dir
0   1      13.2     1.2                     0.9   def_dap  data/hypernymsuite/LEDS/consistency_group/
1  10      46.7     7.7                     7.0   def_dap  data/hypernymsuite/LEDS/consistency_group/
Save log/bert-large-uncased/hypernymsuite/LEDS/consistency_group//IsA.def_dap.csv
Save log/bert-large-uncased/hypernymsuite/LEDS/consistency_group//IsA.def_dap.tsv

#Test_instances: 1262
/home/chunhua/.local/lib/python3.8/site-packages/transformers/pipelines/base.py:1043: UserWarning: You seem to be using the pipelines sequentially on GPU. In order to maximize efficiency please use a dataset
  warnings.warn(
/home/chunhua/.local/lib/python3.8/site-packages/transformers/pipelines/base.py:1043: UserWarning: You seem to be using the pipelines sequentially on GPU. In order to maximize efficiency please use a dataset
  warnings.warn(
/home/chunhua/.local/lib/python3.8/site-packages/transformers/pipelines/base.py:1043: UserWarning: You seem to be using the pipelines sequentially on GPU. In order to maximize efficiency please use a dataset
  warnings.warn(
/home/chunhua/.local/lib/python3.8/site-packages/transformers/pipelines/base.py:1043: UserWarning: You seem to be using the pipelines sequentially on GPU. In order to maximize efficiency please use a dataset
  warnings.warn(
/home/chunhua/.local/lib/python3.8/site-packages/transformers/pipelines/base.py:1043: UserWarning: You seem to be using the pipelines sequentially on GPU. In order to maximize efficiency please use a dataset
  warnings.warn(
/home/chunhua/.local/lib/python3.8/site-packages/transformers/pipelines/base.py:1043: UserWarning: You seem to be using the pipelines sequentially on GPU. In order to maximize efficiency please use a dataset
  warnings.warn(
---------------------------------------- obj_label evaluation ----------------------------------------
pred_col_sg ['obj_mask_sentence_sg_1', 'obj_mask_sentence_sg_2', 'obj_mask_sentence_sg_3', 'obj_mask_sentence_sg_4', 'obj_mask_sentence_sg_5', 'obj_mask_sentence_sg_6']
pred_col_pl ['obj_mask_sentence_pl_1', 'obj_mask_sentence_pl_2', 'obj_mask_sentence_pl_3', 'obj_mask_sentence_pl_4', 'obj_mask_sentence_pl_5', 'obj_mask_sentence_pl_6']
    K  Singular  Plural  Paired Singular-Plural mask_type                                    data_dir
0   1       5.2     8.5                     4.0   lsp_dap  data/hypernymsuite/LEDS/consistency_group/
1  10      29.2    41.0                    27.7   lsp_dap  data/hypernymsuite/LEDS/consistency_group/
Save log/bert-large-uncased/hypernymsuite/LEDS/consistency_group//IsA.lsp_dap.csv
Save log/bert-large-uncased/hypernymsuite/LEDS/consistency_group//IsA.lsp_dap.tsv

Some weights of the model checkpoint at bert-large-uncased were not used when initializing BertForMaskedLM: ['cls.seq_relationship.bias', 'cls.seq_relationship.weight']
- This IS expected if you are initializing BertForMaskedLM from the checkpoint of a model trained on another task or with another architecture (e.g. initializing a BertForSequenceClassification model from a BertForPreTraining model).
- This IS NOT expected if you are initializing BertForMaskedLM from the checkpoint of a model that you expect to be exactly identical (initializing a BertForSequenceClassification model from a BertForSequenceClassification model).
Some weights of the model checkpoint at bert-large-uncased were not used when initializing BertForMaskedLM: ['cls.seq_relationship.bias', 'cls.seq_relationship.weight']
- This IS expected if you are initializing BertForMaskedLM from the checkpoint of a model trained on another task or with another architecture (e.g. initializing a BertForSequenceClassification model from a BertForPreTraining model).
- This IS NOT expected if you are initializing BertForMaskedLM from the checkpoint of a model that you expect to be exactly identical (initializing a BertForSequenceClassification model from a BertForSequenceClassification model).
Debug: False
#Test_instances: 576
/home/chunhua/.local/lib/python3.8/site-packages/transformers/pipelines/base.py:1043: UserWarning: You seem to be using the pipelines sequentially on GPU. In order to maximize efficiency please use a dataset
  warnings.warn(
/home/chunhua/.local/lib/python3.8/site-packages/transformers/pipelines/base.py:1043: UserWarning: You seem to be using the pipelines sequentially on GPU. In order to maximize efficiency please use a dataset
  warnings.warn(
/home/chunhua/.local/lib/python3.8/site-packages/transformers/pipelines/base.py:1043: UserWarning: You seem to be using the pipelines sequentially on GPU. In order to maximize efficiency please use a dataset
  warnings.warn(
---------------------------------------- obj_label evaluation ----------------------------------------
pred_col_sg ['obj_mask_sentence_sg_1', 'obj_mask_sentence_sg_2', 'obj_mask_sentence_sg_3']
pred_col_pl ['obj_mask_sentence_pl_1', 'obj_mask_sentence_pl_2', 'obj_mask_sentence_pl_3']
    K  Singular  Plural  Paired Singular-Plural mask_type                                           data_dir
0   1      27.6     0.2                     0.2   def_dap  data/lm_diagnostic_extended/singular/consisten...
1  10      61.5     8.2                     8.2   def_dap  data/lm_diagnostic_extended/singular/consisten...
Save log/bert-large-uncased/lm_diagnostic_extended/singular/consistency_group//IsA.def_dap.csv
Save log/bert-large-uncased/lm_diagnostic_extended/singular/consistency_group//IsA.def_dap.tsv

#Test_instances: 576
/home/chunhua/.local/lib/python3.8/site-packages/transformers/pipelines/base.py:1043: UserWarning: You seem to be using the pipelines sequentially on GPU. In order to maximize efficiency please use a dataset
  warnings.warn(
/home/chunhua/.local/lib/python3.8/site-packages/transformers/pipelines/base.py:1043: UserWarning: You seem to be using the pipelines sequentially on GPU. In order to maximize efficiency please use a dataset
  warnings.warn(
/home/chunhua/.local/lib/python3.8/site-packages/transformers/pipelines/base.py:1043: UserWarning: You seem to be using the pipelines sequentially on GPU. In order to maximize efficiency please use a dataset
  warnings.warn(
/home/chunhua/.local/lib/python3.8/site-packages/transformers/pipelines/base.py:1043: UserWarning: You seem to be using the pipelines sequentially on GPU. In order to maximize efficiency please use a dataset
  warnings.warn(
/home/chunhua/.local/lib/python3.8/site-packages/transformers/pipelines/base.py:1043: UserWarning: You seem to be using the pipelines sequentially on GPU. In order to maximize efficiency please use a dataset
  warnings.warn(
/home/chunhua/.local/lib/python3.8/site-packages/transformers/pipelines/base.py:1043: UserWarning: You seem to be using the pipelines sequentially on GPU. In order to maximize efficiency please use a dataset
  warnings.warn(
---------------------------------------- obj_label evaluation ----------------------------------------
pred_col_sg ['obj_mask_sentence_sg_1', 'obj_mask_sentence_sg_2', 'obj_mask_sentence_sg_3', 'obj_mask_sentence_sg_4', 'obj_mask_sentence_sg_5', 'obj_mask_sentence_sg_6']
pred_col_pl ['obj_mask_sentence_pl_1', 'obj_mask_sentence_pl_2', 'obj_mask_sentence_pl_3', 'obj_mask_sentence_pl_4', 'obj_mask_sentence_pl_5', 'obj_mask_sentence_pl_6']
    K  Singular  Plural  Paired Singular-Plural mask_type                                           data_dir
0   1      17.0    19.6                    16.1   lsp_dap  data/lm_diagnostic_extended/singular/consisten...
1  10      39.6    40.8                    37.5   lsp_dap  data/lm_diagnostic_extended/singular/consisten...
Save log/bert-large-uncased/lm_diagnostic_extended/singular/consistency_group//IsA.lsp_dap.csv
Save log/bert-large-uncased/lm_diagnostic_extended/singular/consistency_group//IsA.lsp_dap.tsv

Some weights of the model checkpoint at bert-large-uncased were not used when initializing BertForMaskedLM: ['cls.seq_relationship.bias', 'cls.seq_relationship.weight']
- This IS expected if you are initializing BertForMaskedLM from the checkpoint of a model trained on another task or with another architecture (e.g. initializing a BertForSequenceClassification model from a BertForPreTraining model).
- This IS NOT expected if you are initializing BertForMaskedLM from the checkpoint of a model that you expect to be exactly identical (initializing a BertForSequenceClassification model from a BertForSequenceClassification model).
Some weights of the model checkpoint at bert-large-uncased were not used when initializing BertForMaskedLM: ['cls.seq_relationship.bias', 'cls.seq_relationship.weight']
- This IS expected if you are initializing BertForMaskedLM from the checkpoint of a model trained on another task or with another architecture (e.g. initializing a BertForSequenceClassification model from a BertForPreTraining model).
- This IS NOT expected if you are initializing BertForMaskedLM from the checkpoint of a model that you expect to be exactly identical (initializing a BertForSequenceClassification model from a BertForSequenceClassification model).
Debug: False
#Test_instances: 12724
/home/chunhua/.local/lib/python3.8/site-packages/transformers/pipelines/base.py:1043: UserWarning: You seem to be using the pipelines sequentially on GPU. In order to maximize efficiency please use a dataset
  warnings.warn(
/home/chunhua/.local/lib/python3.8/site-packages/transformers/pipelines/base.py:1043: UserWarning: You seem to be using the pipelines sequentially on GPU. In order to maximize efficiency please use a dataset
  warnings.warn(
/home/chunhua/.local/lib/python3.8/site-packages/transformers/pipelines/base.py:1043: UserWarning: You seem to be using the pipelines sequentially on GPU. In order to maximize efficiency please use a dataset
  warnings.warn(
---------------------------------------- obj_label evaluation ----------------------------------------
pred_col_sg ['obj_mask_sentence_sg_1', 'obj_mask_sentence_sg_2', 'obj_mask_sentence_sg_3']
pred_col_pl ['obj_mask_sentence_pl_1', 'obj_mask_sentence_pl_2', 'obj_mask_sentence_pl_3']
    K  Singular  Plural  Paired Singular-Plural mask_type                                       data_dir
0   1       1.6     0.3                     0.2   def_dap  data/hypernymsuite/SHWARTZ/consistency_group/
1  10       8.8     3.0                     2.0   def_dap  data/hypernymsuite/SHWARTZ/consistency_group/
Save log/bert-large-uncased/hypernymsuite/SHWARTZ/consistency_group//IsA.def_dap.csv
Save log/bert-large-uncased/hypernymsuite/SHWARTZ/consistency_group//IsA.def_dap.tsv

#Test_instances: 12724
/home/chunhua/.local/lib/python3.8/site-packages/transformers/pipelines/base.py:1043: UserWarning: You seem to be using the pipelines sequentially on GPU. In order to maximize efficiency please use a dataset
  warnings.warn(
/home/chunhua/.local/lib/python3.8/site-packages/transformers/pipelines/base.py:1043: UserWarning: You seem to be using the pipelines sequentially on GPU. In order to maximize efficiency please use a dataset
  warnings.warn(
/home/chunhua/.local/lib/python3.8/site-packages/transformers/pipelines/base.py:1043: UserWarning: You seem to be using the pipelines sequentially on GPU. In order to maximize efficiency please use a dataset
  warnings.warn(
/home/chunhua/.local/lib/python3.8/site-packages/transformers/pipelines/base.py:1043: UserWarning: You seem to be using the pipelines sequentially on GPU. In order to maximize efficiency please use a dataset
  warnings.warn(
/home/chunhua/.local/lib/python3.8/site-packages/transformers/pipelines/base.py:1043: UserWarning: You seem to be using the pipelines sequentially on GPU. In order to maximize efficiency please use a dataset
  warnings.warn(
/home/chunhua/.local/lib/python3.8/site-packages/transformers/pipelines/base.py:1043: UserWarning: You seem to be using the pipelines sequentially on GPU. In order to maximize efficiency please use a dataset
  warnings.warn(
---------------------------------------- obj_label evaluation ----------------------------------------
pred_col_sg ['obj_mask_sentence_sg_1', 'obj_mask_sentence_sg_2', 'obj_mask_sentence_sg_3', 'obj_mask_sentence_sg_4', 'obj_mask_sentence_sg_5', 'obj_mask_sentence_sg_6']
pred_col_pl ['obj_mask_sentence_pl_1', 'obj_mask_sentence_pl_2', 'obj_mask_sentence_pl_3', 'obj_mask_sentence_pl_4', 'obj_mask_sentence_pl_5', 'obj_mask_sentence_pl_6']
    K  Singular  Plural  Paired Singular-Plural mask_type                                       data_dir
0   1       0.3     0.6                     0.2   lsp_dap  data/hypernymsuite/SHWARTZ/consistency_group/
1  10       3.1     5.5                     2.5   lsp_dap  data/hypernymsuite/SHWARTZ/consistency_group/
Save log/bert-large-uncased/hypernymsuite/SHWARTZ/consistency_group//IsA.lsp_dap.csv
Save log/bert-large-uncased/hypernymsuite/SHWARTZ/consistency_group//IsA.lsp_dap.tsv

