Some weights of the model checkpoint at bert-large-uncased were not used when initializing BertForMaskedLM: ['cls.seq_relationship.weight', 'cls.seq_relationship.bias']
- This IS expected if you are initializing BertForMaskedLM from the checkpoint of a model trained on another task or with another architecture (e.g. initializing a BertForSequenceClassification model from a BertForPreTraining model).
- This IS NOT expected if you are initializing BertForMaskedLM from the checkpoint of a model that you expect to be exactly identical (initializing a BertForSequenceClassification model from a BertForSequenceClassification model).
Some weights of the model checkpoint at bert-large-uncased were not used when initializing BertForMaskedLM: ['cls.seq_relationship.weight', 'cls.seq_relationship.bias']
- This IS expected if you are initializing BertForMaskedLM from the checkpoint of a model trained on another task or with another architecture (e.g. initializing a BertForSequenceClassification model from a BertForPreTraining model).
- This IS NOT expected if you are initializing BertForMaskedLM from the checkpoint of a model that you expect to be exactly identical (initializing a BertForSequenceClassification model from a BertForSequenceClassification model).
Debug: False
#Test_instances: 1079
/home/chunhua/.local/lib/python3.8/site-packages/transformers/pipelines/base.py:1043: UserWarning: You seem to be using the pipelines sequentially on GPU. In order to maximize efficiency please use a dataset
  warnings.warn(
---------------------------------------- obj_label evaluation ----------------------------------------
   P@K  Singular  Plural  Paired Accuracy  Paired Consistency mask_type                         data_dir
0    1      34.0     0.3              0.1                65.9   def_sap  data/clsb/singular/consistency/
1   10      69.5     3.9              3.5                33.6   def_sap  data/clsb/singular/consistency/
Save log/bert-large-uncased/singular/consistency/IsA.def_sap.csv
Save log/bert-large-uncased/singular/consistency/IsA.def_sap.tsv

#Test_instances: 1079
/home/chunhua/.local/lib/python3.8/site-packages/transformers/pipelines/base.py:1043: UserWarning: You seem to be using the pipelines sequentially on GPU. In order to maximize efficiency please use a dataset
  warnings.warn(
---------------------------------------- obj_label evaluation ----------------------------------------
   P@K  Singular  Plural  Paired Accuracy  Paired Consistency mask_type                         data_dir
0    1      38.3     0.0              0.0                61.7   def_dap  data/clsb/singular/consistency/
1   10      71.5     0.6              0.6                29.1   def_dap  data/clsb/singular/consistency/
Save log/bert-large-uncased/singular/consistency/IsA.def_dap.csv
Save log/bert-large-uncased/singular/consistency/IsA.def_dap.tsv

#Test_instances: 1079
/home/chunhua/.local/lib/python3.8/site-packages/transformers/pipelines/base.py:1043: UserWarning: You seem to be using the pipelines sequentially on GPU. In order to maximize efficiency please use a dataset
  warnings.warn(
---------------------------------------- obj_label evaluation ----------------------------------------
   P@K  Singular  Plural  Paired Accuracy  Paired Consistency mask_type                         data_dir
0    1      25.2    28.0             20.6                88.0   lsp_sap  data/clsb/singular/consistency/
1   10      64.8    68.9             60.9                88.1   lsp_sap  data/clsb/singular/consistency/
Save log/bert-large-uncased/singular/consistency/IsA.lsp_sap.csv
Save log/bert-large-uncased/singular/consistency/IsA.lsp_sap.tsv

#Test_instances: 1079
/home/chunhua/.local/lib/python3.8/site-packages/transformers/pipelines/base.py:1043: UserWarning: You seem to be using the pipelines sequentially on GPU. In order to maximize efficiency please use a dataset
  warnings.warn(
---------------------------------------- obj_label evaluation ----------------------------------------
   P@K  Singular  Plural  Paired Accuracy  Paired Consistency mask_type                         data_dir
0    1      29.3    29.3             25.8                93.0   lsp_dap  data/clsb/singular/consistency/
1   10      70.0    68.6             64.4                90.3   lsp_dap  data/clsb/singular/consistency/
Save log/bert-large-uncased/singular/consistency/IsA.lsp_dap.csv
Save log/bert-large-uncased/singular/consistency/IsA.lsp_dap.tsv

Some weights of the model checkpoint at bert-large-uncased were not used when initializing BertForMaskedLM: ['cls.seq_relationship.weight', 'cls.seq_relationship.bias']
- This IS expected if you are initializing BertForMaskedLM from the checkpoint of a model trained on another task or with another architecture (e.g. initializing a BertForSequenceClassification model from a BertForPreTraining model).
- This IS NOT expected if you are initializing BertForMaskedLM from the checkpoint of a model that you expect to be exactly identical (initializing a BertForSequenceClassification model from a BertForSequenceClassification model).
Some weights of the model checkpoint at bert-large-uncased were not used when initializing BertForMaskedLM: ['cls.seq_relationship.weight', 'cls.seq_relationship.bias']
- This IS expected if you are initializing BertForMaskedLM from the checkpoint of a model trained on another task or with another architecture (e.g. initializing a BertForSequenceClassification model from a BertForPreTraining model).
- This IS NOT expected if you are initializing BertForMaskedLM from the checkpoint of a model that you expect to be exactly identical (initializing a BertForSequenceClassification model from a BertForSequenceClassification model).
Debug: False
#Test_instances: 935
/home/chunhua/.local/lib/python3.8/site-packages/transformers/pipelines/base.py:1043: UserWarning: You seem to be using the pipelines sequentially on GPU. In order to maximize efficiency please use a dataset
  warnings.warn(
---------------------------------------- obj_label evaluation ----------------------------------------
   P@K  Singular  Plural  Paired Accuracy  Paired Consistency mask_type                               data_dir
0    1      20.4     0.3              0.1                79.5   def_sap  data/hypernymsuite/BLESS/consistency/
1   10      44.8     4.7              2.7                55.8   def_sap  data/hypernymsuite/BLESS/consistency/
Save log/bert-large-uncased/BLESS/consistency/IsA.def_sap.csv
Save log/bert-large-uncased/BLESS/consistency/IsA.def_sap.tsv

#Test_instances: 935
/home/chunhua/.local/lib/python3.8/site-packages/transformers/pipelines/base.py:1043: UserWarning: You seem to be using the pipelines sequentially on GPU. In order to maximize efficiency please use a dataset
  warnings.warn(
---------------------------------------- obj_label evaluation ----------------------------------------
   P@K  Singular  Plural  Paired Accuracy  Paired Consistency mask_type                               data_dir
0    1      23.5     0.2              0.0                76.3   def_dap  data/hypernymsuite/BLESS/consistency/
1   10      48.3     2.2              0.5                50.5   def_dap  data/hypernymsuite/BLESS/consistency/
Save log/bert-large-uncased/BLESS/consistency/IsA.def_dap.csv
Save log/bert-large-uncased/BLESS/consistency/IsA.def_dap.tsv

#Test_instances: 935
/home/chunhua/.local/lib/python3.8/site-packages/transformers/pipelines/base.py:1043: UserWarning: You seem to be using the pipelines sequentially on GPU. In order to maximize efficiency please use a dataset
  warnings.warn(
---------------------------------------- obj_label evaluation ----------------------------------------
   P@K  Singular  Plural  Paired Accuracy  Paired Consistency mask_type                               data_dir
0    1      16.3    17.2             13.0                92.6   lsp_sap  data/hypernymsuite/BLESS/consistency/
1   10      59.5    56.8             51.2                86.2   lsp_sap  data/hypernymsuite/BLESS/consistency/
Save log/bert-large-uncased/BLESS/consistency/IsA.lsp_sap.csv
Save log/bert-large-uncased/BLESS/consistency/IsA.lsp_sap.tsv

#Test_instances: 935
/home/chunhua/.local/lib/python3.8/site-packages/transformers/pipelines/base.py:1043: UserWarning: You seem to be using the pipelines sequentially on GPU. In order to maximize efficiency please use a dataset
  warnings.warn(
---------------------------------------- obj_label evaluation ----------------------------------------
   P@K  Singular  Plural  Paired Accuracy  Paired Consistency mask_type                               data_dir
0    1      18.1    18.5             16.4                96.1   lsp_dap  data/hypernymsuite/BLESS/consistency/
1   10      56.8    50.8             47.6                87.6   lsp_dap  data/hypernymsuite/BLESS/consistency/
Save log/bert-large-uncased/BLESS/consistency/IsA.lsp_dap.csv
Save log/bert-large-uncased/BLESS/consistency/IsA.lsp_dap.tsv

Some weights of the model checkpoint at bert-large-uncased were not used when initializing BertForMaskedLM: ['cls.seq_relationship.bias', 'cls.seq_relationship.weight']
- This IS expected if you are initializing BertForMaskedLM from the checkpoint of a model trained on another task or with another architecture (e.g. initializing a BertForSequenceClassification model from a BertForPreTraining model).
- This IS NOT expected if you are initializing BertForMaskedLM from the checkpoint of a model that you expect to be exactly identical (initializing a BertForSequenceClassification model from a BertForSequenceClassification model).
Some weights of the model checkpoint at bert-large-uncased were not used when initializing BertForMaskedLM: ['cls.seq_relationship.bias', 'cls.seq_relationship.weight']
- This IS expected if you are initializing BertForMaskedLM from the checkpoint of a model trained on another task or with another architecture (e.g. initializing a BertForSequenceClassification model from a BertForPreTraining model).
- This IS NOT expected if you are initializing BertForMaskedLM from the checkpoint of a model that you expect to be exactly identical (initializing a BertForSequenceClassification model from a BertForSequenceClassification model).
Debug: False
#Test_instances: 953
/home/chunhua/.local/lib/python3.8/site-packages/transformers/pipelines/base.py:1043: UserWarning: You seem to be using the pipelines sequentially on GPU. In order to maximize efficiency please use a dataset
  warnings.warn(
---------------------------------------- obj_label evaluation ----------------------------------------
   P@K  Singular  Plural  Paired Accuracy  Paired Consistency mask_type                              data_dir
0    1      14.6     0.2              0.0                85.2   def_sap  data/hypernymsuite/EVAL/consistency/
1   10      44.2     2.0              1.7                57.2   def_sap  data/hypernymsuite/EVAL/consistency/
Save log/bert-large-uncased/EVAL/consistency/IsA.def_sap.csv
Save log/bert-large-uncased/EVAL/consistency/IsA.def_sap.tsv

#Test_instances: 953
/home/chunhua/.local/lib/python3.8/site-packages/transformers/pipelines/base.py:1043: UserWarning: You seem to be using the pipelines sequentially on GPU. In order to maximize efficiency please use a dataset
  warnings.warn(
---------------------------------------- obj_label evaluation ----------------------------------------
   P@K  Singular  Plural  Paired Accuracy  Paired Consistency mask_type                              data_dir
0    1      13.6     0.0              0.0                86.4   def_dap  data/hypernymsuite/EVAL/consistency/
1   10      41.4     0.6              0.5                59.0   def_dap  data/hypernymsuite/EVAL/consistency/
Save log/bert-large-uncased/EVAL/consistency/IsA.def_dap.csv
Save log/bert-large-uncased/EVAL/consistency/IsA.def_dap.tsv

#Test_instances: 953
/home/chunhua/.local/lib/python3.8/site-packages/transformers/pipelines/base.py:1043: UserWarning: You seem to be using the pipelines sequentially on GPU. In order to maximize efficiency please use a dataset
  warnings.warn(
---------------------------------------- obj_label evaluation ----------------------------------------
   P@K  Singular  Plural  Paired Accuracy  Paired Consistency mask_type                              data_dir
0    1       5.4     8.9              3.7                93.1   lsp_sap  data/hypernymsuite/EVAL/consistency/
1   10      31.3    37.0             26.2                84.2   lsp_sap  data/hypernymsuite/EVAL/consistency/
Save log/bert-large-uncased/EVAL/consistency/IsA.lsp_sap.csv
Save log/bert-large-uncased/EVAL/consistency/IsA.lsp_sap.tsv

#Test_instances: 953
/home/chunhua/.local/lib/python3.8/site-packages/transformers/pipelines/base.py:1043: UserWarning: You seem to be using the pipelines sequentially on GPU. In order to maximize efficiency please use a dataset
  warnings.warn(
---------------------------------------- obj_label evaluation ----------------------------------------
   P@K  Singular  Plural  Paired Accuracy  Paired Consistency mask_type                              data_dir
0    1       9.7    10.0              6.5                93.4   lsp_dap  data/hypernymsuite/EVAL/consistency/
1   10      37.7    39.9             33.7                89.8   lsp_dap  data/hypernymsuite/EVAL/consistency/
Save log/bert-large-uncased/EVAL/consistency/IsA.lsp_dap.csv
Save log/bert-large-uncased/EVAL/consistency/IsA.lsp_dap.tsv

Some weights of the model checkpoint at bert-large-uncased were not used when initializing BertForMaskedLM: ['cls.seq_relationship.weight', 'cls.seq_relationship.bias']
- This IS expected if you are initializing BertForMaskedLM from the checkpoint of a model trained on another task or with another architecture (e.g. initializing a BertForSequenceClassification model from a BertForPreTraining model).
- This IS NOT expected if you are initializing BertForMaskedLM from the checkpoint of a model that you expect to be exactly identical (initializing a BertForSequenceClassification model from a BertForSequenceClassification model).
Some weights of the model checkpoint at bert-large-uncased were not used when initializing BertForMaskedLM: ['cls.seq_relationship.weight', 'cls.seq_relationship.bias']
- This IS expected if you are initializing BertForMaskedLM from the checkpoint of a model trained on another task or with another architecture (e.g. initializing a BertForSequenceClassification model from a BertForPreTraining model).
- This IS NOT expected if you are initializing BertForMaskedLM from the checkpoint of a model that you expect to be exactly identical (initializing a BertForSequenceClassification model from a BertForSequenceClassification model).
Debug: False
#Test_instances: 1262
/home/chunhua/.local/lib/python3.8/site-packages/transformers/pipelines/base.py:1043: UserWarning: You seem to be using the pipelines sequentially on GPU. In order to maximize efficiency please use a dataset
  warnings.warn(
---------------------------------------- obj_label evaluation ----------------------------------------
   P@K  Singular  Plural  Paired Accuracy  Paired Consistency mask_type                              data_dir
0    1      24.5     0.6              0.4                75.7   def_sap  data/hypernymsuite/LEDS/consistency/
1   10      60.9     4.5              4.2                43.0   def_sap  data/hypernymsuite/LEDS/consistency/
Save log/bert-large-uncased/LEDS/consistency/IsA.def_sap.csv
Save log/bert-large-uncased/LEDS/consistency/IsA.def_sap.tsv

#Test_instances: 1262
/home/chunhua/.local/lib/python3.8/site-packages/transformers/pipelines/base.py:1043: UserWarning: You seem to be using the pipelines sequentially on GPU. In order to maximize efficiency please use a dataset
  warnings.warn(
---------------------------------------- obj_label evaluation ----------------------------------------
   P@K  Singular  Plural  Paired Accuracy  Paired Consistency mask_type                              data_dir
0    1      29.0     0.2              0.2                71.2   def_dap  data/hypernymsuite/LEDS/consistency/
1   10      66.3     2.1              2.0                35.6   def_dap  data/hypernymsuite/LEDS/consistency/
Save log/bert-large-uncased/LEDS/consistency/IsA.def_dap.csv
Save log/bert-large-uncased/LEDS/consistency/IsA.def_dap.tsv

#Test_instances: 1262
/home/chunhua/.local/lib/python3.8/site-packages/transformers/pipelines/base.py:1043: UserWarning: You seem to be using the pipelines sequentially on GPU. In order to maximize efficiency please use a dataset
  warnings.warn(
---------------------------------------- obj_label evaluation ----------------------------------------
   P@K  Singular  Plural  Paired Accuracy  Paired Consistency mask_type                              data_dir
0    1      11.9    18.9              9.8                88.9   lsp_sap  data/hypernymsuite/LEDS/consistency/
1   10      44.6    56.6             40.6                80.1   lsp_sap  data/hypernymsuite/LEDS/consistency/
Save log/bert-large-uncased/LEDS/consistency/IsA.lsp_sap.csv
Save log/bert-large-uncased/LEDS/consistency/IsA.lsp_sap.tsv

#Test_instances: 1262
/home/chunhua/.local/lib/python3.8/site-packages/transformers/pipelines/base.py:1043: UserWarning: You seem to be using the pipelines sequentially on GPU. In order to maximize efficiency please use a dataset
  warnings.warn(
---------------------------------------- obj_label evaluation ----------------------------------------
   P@K  Singular  Plural  Paired Accuracy  Paired Consistency mask_type                              data_dir
0    1      20.3    22.2             16.6                90.6   lsp_dap  data/hypernymsuite/LEDS/consistency/
1   10      60.5    60.3             53.4                86.0   lsp_dap  data/hypernymsuite/LEDS/consistency/
Save log/bert-large-uncased/LEDS/consistency/IsA.lsp_dap.csv
Save log/bert-large-uncased/LEDS/consistency/IsA.lsp_dap.tsv

Some weights of the model checkpoint at bert-large-uncased were not used when initializing BertForMaskedLM: ['cls.seq_relationship.bias', 'cls.seq_relationship.weight']
- This IS expected if you are initializing BertForMaskedLM from the checkpoint of a model trained on another task or with another architecture (e.g. initializing a BertForSequenceClassification model from a BertForPreTraining model).
- This IS NOT expected if you are initializing BertForMaskedLM from the checkpoint of a model that you expect to be exactly identical (initializing a BertForSequenceClassification model from a BertForSequenceClassification model).
Some weights of the model checkpoint at bert-large-uncased were not used when initializing BertForMaskedLM: ['cls.seq_relationship.bias', 'cls.seq_relationship.weight']
- This IS expected if you are initializing BertForMaskedLM from the checkpoint of a model trained on another task or with another architecture (e.g. initializing a BertForSequenceClassification model from a BertForPreTraining model).
- This IS NOT expected if you are initializing BertForMaskedLM from the checkpoint of a model that you expect to be exactly identical (initializing a BertForSequenceClassification model from a BertForSequenceClassification model).
Debug: False
#Test_instances: 576
/home/chunhua/.local/lib/python3.8/site-packages/transformers/pipelines/base.py:1043: UserWarning: You seem to be using the pipelines sequentially on GPU. In order to maximize efficiency please use a dataset
  warnings.warn(
---------------------------------------- obj_label evaluation ----------------------------------------
   P@K  Singular  Plural  Paired Accuracy  Paired Consistency mask_type                                           data_dir
0    1      27.6     0.9              0.5                72.6   def_sap  data/lm_diagnostic_extended/singular/consistency/
1   10      63.7     4.9              4.5                40.5   def_sap  data/lm_diagnostic_extended/singular/consistency/
Save log/bert-large-uncased/singular/consistency/IsA.def_sap.csv
Save log/bert-large-uncased/singular/consistency/IsA.def_sap.tsv

#Test_instances: 576
/home/chunhua/.local/lib/python3.8/site-packages/transformers/pipelines/base.py:1043: UserWarning: You seem to be using the pipelines sequentially on GPU. In order to maximize efficiency please use a dataset
  warnings.warn(
---------------------------------------- obj_label evaluation ----------------------------------------
   P@K  Singular  Plural  Paired Accuracy  Paired Consistency mask_type                                           data_dir
0    1      39.9     0.7              0.0                59.4   def_dap  data/lm_diagnostic_extended/singular/consistency/
1   10      70.1     7.1              6.8                36.3   def_dap  data/lm_diagnostic_extended/singular/consistency/
Save log/bert-large-uncased/singular/consistency/IsA.def_dap.csv
Save log/bert-large-uncased/singular/consistency/IsA.def_dap.tsv

#Test_instances: 576
/home/chunhua/.local/lib/python3.8/site-packages/transformers/pipelines/base.py:1043: UserWarning: You seem to be using the pipelines sequentially on GPU. In order to maximize efficiency please use a dataset
  warnings.warn(
---------------------------------------- obj_label evaluation ----------------------------------------
   P@K  Singular  Plural  Paired Accuracy  Paired Consistency mask_type                                           data_dir
0    1      24.5    28.0             20.8                89.2   lsp_sap  data/lm_diagnostic_extended/singular/consistency/
1   10      53.0    53.8             46.0                85.2   lsp_sap  data/lm_diagnostic_extended/singular/consistency/
Save log/bert-large-uncased/singular/consistency/IsA.lsp_sap.csv
Save log/bert-large-uncased/singular/consistency/IsA.lsp_sap.tsv

#Test_instances: 576
/home/chunhua/.local/lib/python3.8/site-packages/transformers/pipelines/base.py:1043: UserWarning: You seem to be using the pipelines sequentially on GPU. In order to maximize efficiency please use a dataset
  warnings.warn(
---------------------------------------- obj_label evaluation ----------------------------------------
   P@K  Singular  Plural  Paired Accuracy  Paired Consistency mask_type                                           data_dir
0    1      39.8    39.9             34.9                90.1   lsp_dap  data/lm_diagnostic_extended/singular/consistency/
1   10      72.0    62.8             62.0                89.1   lsp_dap  data/lm_diagnostic_extended/singular/consistency/
Save log/bert-large-uncased/singular/consistency/IsA.lsp_dap.csv
Save log/bert-large-uncased/singular/consistency/IsA.lsp_dap.tsv

Some weights of the model checkpoint at bert-large-uncased were not used when initializing BertForMaskedLM: ['cls.seq_relationship.weight', 'cls.seq_relationship.bias']
- This IS expected if you are initializing BertForMaskedLM from the checkpoint of a model trained on another task or with another architecture (e.g. initializing a BertForSequenceClassification model from a BertForPreTraining model).
- This IS NOT expected if you are initializing BertForMaskedLM from the checkpoint of a model that you expect to be exactly identical (initializing a BertForSequenceClassification model from a BertForSequenceClassification model).
Some weights of the model checkpoint at bert-large-uncased were not used when initializing BertForMaskedLM: ['cls.seq_relationship.weight', 'cls.seq_relationship.bias']
- This IS expected if you are initializing BertForMaskedLM from the checkpoint of a model trained on another task or with another architecture (e.g. initializing a BertForSequenceClassification model from a BertForPreTraining model).
- This IS NOT expected if you are initializing BertForMaskedLM from the checkpoint of a model that you expect to be exactly identical (initializing a BertForSequenceClassification model from a BertForSequenceClassification model).
Debug: False
#Test_instances: 12724
/home/chunhua/.local/lib/python3.8/site-packages/transformers/pipelines/base.py:1043: UserWarning: You seem to be using the pipelines sequentially on GPU. In order to maximize efficiency please use a dataset
  warnings.warn(
---------------------------------------- obj_label evaluation ----------------------------------------
   P@K  Singular  Plural  Paired Accuracy  Paired Consistency mask_type                                 data_dir
0    1       5.7     0.1              0.0                94.3   def_sap  data/hypernymsuite/SHWARTZ/consistency/
1   10      18.0     0.5              0.4                82.4   def_sap  data/hypernymsuite/SHWARTZ/consistency/
Save log/bert-large-uncased/SHWARTZ/consistency/IsA.def_sap.csv
Save log/bert-large-uncased/SHWARTZ/consistency/IsA.def_sap.tsv

#Test_instances: 12724
/home/chunhua/.local/lib/python3.8/site-packages/transformers/pipelines/base.py:1043: UserWarning: You seem to be using the pipelines sequentially on GPU. In order to maximize efficiency please use a dataset
  warnings.warn(
---------------------------------------- obj_label evaluation ----------------------------------------
   P@K  Singular  Plural  Paired Accuracy  Paired Consistency mask_type                                 data_dir
0    1       3.9     0.0              0.0                96.1   def_dap  data/hypernymsuite/SHWARTZ/consistency/
1   10      17.4     0.2              0.1                82.6   def_dap  data/hypernymsuite/SHWARTZ/consistency/
Save log/bert-large-uncased/SHWARTZ/consistency/IsA.def_dap.csv
Save log/bert-large-uncased/SHWARTZ/consistency/IsA.def_dap.tsv

#Test_instances: 12724
/home/chunhua/.local/lib/python3.8/site-packages/transformers/pipelines/base.py:1043: UserWarning: You seem to be using the pipelines sequentially on GPU. In order to maximize efficiency please use a dataset
  warnings.warn(
---------------------------------------- obj_label evaluation ----------------------------------------
   P@K  Singular  Plural  Paired Accuracy  Paired Consistency mask_type                                 data_dir
0    1       1.2     4.3              0.9                96.3   lsp_sap  data/hypernymsuite/SHWARTZ/consistency/
1   10       5.5    17.3              4.4                86.1   lsp_sap  data/hypernymsuite/SHWARTZ/consistency/
Save log/bert-large-uncased/SHWARTZ/consistency/IsA.lsp_sap.csv
Save log/bert-large-uncased/SHWARTZ/consistency/IsA.lsp_sap.tsv

#Test_instances: 12724
/home/chunhua/.local/lib/python3.8/site-packages/transformers/pipelines/base.py:1043: UserWarning: You seem to be using the pipelines sequentially on GPU. In order to maximize efficiency please use a dataset
  warnings.warn(
---------------------------------------- obj_label evaluation ----------------------------------------
   P@K  Singular  Plural  Paired Accuracy  Paired Consistency mask_type                                 data_dir
0    1       2.9     3.6              1.9                97.3   lsp_dap  data/hypernymsuite/SHWARTZ/consistency/
1   10      12.9    14.5              9.5                91.7   lsp_dap  data/hypernymsuite/SHWARTZ/consistency/
Save log/bert-large-uncased/SHWARTZ/consistency/IsA.lsp_dap.csv
Save log/bert-large-uncased/SHWARTZ/consistency/IsA.lsp_dap.tsv

