Some weights of the model checkpoint at bert-large-uncased were not used when initializing BertForMaskedLM: ['cls.seq_relationship.bias', 'cls.seq_relationship.weight']
- This IS expected if you are initializing BertForMaskedLM from the checkpoint of a model trained on another task or with another architecture (e.g. initializing a BertForSequenceClassification model from a BertForPreTraining model).
- This IS NOT expected if you are initializing BertForMaskedLM from the checkpoint of a model that you expect to be exactly identical (initializing a BertForSequenceClassification model from a BertForSequenceClassification model).
Some weights of the model checkpoint at bert-large-uncased were not used when initializing BertForMaskedLM: ['cls.seq_relationship.bias', 'cls.seq_relationship.weight']
- This IS expected if you are initializing BertForMaskedLM from the checkpoint of a model trained on another task or with another architecture (e.g. initializing a BertForSequenceClassification model from a BertForPreTraining model).
- This IS NOT expected if you are initializing BertForMaskedLM from the checkpoint of a model that you expect to be exactly identical (initializing a BertForSequenceClassification model from a BertForSequenceClassification model).
Debug: False
#Test_instances: 1079
/home/chunhua/.local/lib/python3.8/site-packages/transformers/pipelines/base.py:1043: UserWarning: You seem to be using the pipelines sequentially on GPU. In order to maximize efficiency please use a dataset
  warnings.warn(
---------------------------------------- obj_label evaluation ----------------------------------------
   P@K  Singular  Plural  Paired Accuracy  Paired Consistency mask_type                         data_dir
0    1      33.9     0.0              0.0                66.1   def_sap  data/clsb/singular/consistency/
1   10      69.2     0.2              0.1                30.8   def_sap  data/clsb/singular/consistency/
Save log/bert-large-uncased/clsb/singular/consistency//IsA.def_sap.csv
Save log/bert-large-uncased/clsb/singular/consistency//IsA.def_sap.tsv

#Test_instances: 1079
/home/chunhua/.local/lib/python3.8/site-packages/transformers/pipelines/base.py:1043: UserWarning: You seem to be using the pipelines sequentially on GPU. In order to maximize efficiency please use a dataset
  warnings.warn(
---------------------------------------- obj_label evaluation ----------------------------------------
   P@K  Singular  Plural  Paired Accuracy  Paired Consistency mask_type                         data_dir
0    1      38.0     0.0              0.0                62.0   def_dap  data/clsb/singular/consistency/
1   10      75.5     0.0              0.0                24.5   def_dap  data/clsb/singular/consistency/
Save log/bert-large-uncased/clsb/singular/consistency//IsA.def_dap.csv
Save log/bert-large-uncased/clsb/singular/consistency//IsA.def_dap.tsv

#Test_instances: 1079
/home/chunhua/.local/lib/python3.8/site-packages/transformers/pipelines/base.py:1043: UserWarning: You seem to be using the pipelines sequentially on GPU. In order to maximize efficiency please use a dataset
  warnings.warn(
---------------------------------------- obj_label evaluation ----------------------------------------
   P@K  Singular  Plural  Paired Accuracy  Paired Consistency mask_type                         data_dir
0    1      25.2    27.9             20.6                88.0   lsp_sap  data/clsb/singular/consistency/
1   10      64.8    68.7             60.9                88.3   lsp_sap  data/clsb/singular/consistency/
Save log/bert-large-uncased/clsb/singular/consistency//IsA.lsp_sap.csv
Save log/bert-large-uncased/clsb/singular/consistency//IsA.lsp_sap.tsv

#Test_instances: 1079
/home/chunhua/.local/lib/python3.8/site-packages/transformers/pipelines/base.py:1043: UserWarning: You seem to be using the pipelines sequentially on GPU. In order to maximize efficiency please use a dataset
  warnings.warn(
---------------------------------------- obj_label evaluation ----------------------------------------
   P@K  Singular  Plural  Paired Accuracy  Paired Consistency mask_type                         data_dir
0    1      28.2    29.0             24.3                91.4   lsp_dap  data/clsb/singular/consistency/
1   10      69.3    70.0             65.0                90.6   lsp_dap  data/clsb/singular/consistency/
Save log/bert-large-uncased/clsb/singular/consistency//IsA.lsp_dap.csv
Save log/bert-large-uncased/clsb/singular/consistency//IsA.lsp_dap.tsv

Some weights of the model checkpoint at bert-large-uncased were not used when initializing BertForMaskedLM: ['cls.seq_relationship.bias', 'cls.seq_relationship.weight']
- This IS expected if you are initializing BertForMaskedLM from the checkpoint of a model trained on another task or with another architecture (e.g. initializing a BertForSequenceClassification model from a BertForPreTraining model).
- This IS NOT expected if you are initializing BertForMaskedLM from the checkpoint of a model that you expect to be exactly identical (initializing a BertForSequenceClassification model from a BertForSequenceClassification model).
Some weights of the model checkpoint at bert-large-uncased were not used when initializing BertForMaskedLM: ['cls.seq_relationship.bias', 'cls.seq_relationship.weight']
- This IS expected if you are initializing BertForMaskedLM from the checkpoint of a model trained on another task or with another architecture (e.g. initializing a BertForSequenceClassification model from a BertForPreTraining model).
- This IS NOT expected if you are initializing BertForMaskedLM from the checkpoint of a model that you expect to be exactly identical (initializing a BertForSequenceClassification model from a BertForSequenceClassification model).
Debug: False
#Test_instances: 935
/home/chunhua/.local/lib/python3.8/site-packages/transformers/pipelines/base.py:1043: UserWarning: You seem to be using the pipelines sequentially on GPU. In order to maximize efficiency please use a dataset
  warnings.warn(
---------------------------------------- obj_label evaluation ----------------------------------------
   P@K  Singular  Plural  Paired Accuracy  Paired Consistency mask_type                               data_dir
0    1      20.3     0.0              0.0                79.7   def_sap  data/hypernymsuite/BLESS/consistency/
1   10      43.5     0.3              0.0                56.1   def_sap  data/hypernymsuite/BLESS/consistency/
Save log/bert-large-uncased/hypernymsuite/BLESS/consistency//IsA.def_sap.csv
Save log/bert-large-uncased/hypernymsuite/BLESS/consistency//IsA.def_sap.tsv

#Test_instances: 935
/home/chunhua/.local/lib/python3.8/site-packages/transformers/pipelines/base.py:1043: UserWarning: You seem to be using the pipelines sequentially on GPU. In order to maximize efficiency please use a dataset
  warnings.warn(
---------------------------------------- obj_label evaluation ----------------------------------------
   P@K  Singular  Plural  Paired Accuracy  Paired Consistency mask_type                               data_dir
0    1      23.5     0.0              0.0                76.5   def_dap  data/hypernymsuite/BLESS/consistency/
1   10      50.4     0.0              0.0                49.6   def_dap  data/hypernymsuite/BLESS/consistency/
Save log/bert-large-uncased/hypernymsuite/BLESS/consistency//IsA.def_dap.csv
Save log/bert-large-uncased/hypernymsuite/BLESS/consistency//IsA.def_dap.tsv

#Test_instances: 935
/home/chunhua/.local/lib/python3.8/site-packages/transformers/pipelines/base.py:1043: UserWarning: You seem to be using the pipelines sequentially on GPU. In order to maximize efficiency please use a dataset
  warnings.warn(
---------------------------------------- obj_label evaluation ----------------------------------------
   P@K  Singular  Plural  Paired Accuracy  Paired Consistency mask_type                               data_dir
0    1      16.3    17.2             13.0                92.6   lsp_sap  data/hypernymsuite/BLESS/consistency/
1   10      59.5    56.8             51.2                86.2   lsp_sap  data/hypernymsuite/BLESS/consistency/
Save log/bert-large-uncased/hypernymsuite/BLESS/consistency//IsA.lsp_sap.csv
Save log/bert-large-uncased/hypernymsuite/BLESS/consistency//IsA.lsp_sap.tsv

#Test_instances: 935
/home/chunhua/.local/lib/python3.8/site-packages/transformers/pipelines/base.py:1043: UserWarning: You seem to be using the pipelines sequentially on GPU. In order to maximize efficiency please use a dataset
  warnings.warn(
---------------------------------------- obj_label evaluation ----------------------------------------
   P@K  Singular  Plural  Paired Accuracy  Paired Consistency mask_type                               data_dir
0    1      17.5    17.9             15.2                95.0   lsp_dap  data/hypernymsuite/BLESS/consistency/
1   10      58.9    55.3             51.2                88.2   lsp_dap  data/hypernymsuite/BLESS/consistency/
Save log/bert-large-uncased/hypernymsuite/BLESS/consistency//IsA.lsp_dap.csv
Save log/bert-large-uncased/hypernymsuite/BLESS/consistency//IsA.lsp_dap.tsv

Some weights of the model checkpoint at bert-large-uncased were not used when initializing BertForMaskedLM: ['cls.seq_relationship.bias', 'cls.seq_relationship.weight']
- This IS expected if you are initializing BertForMaskedLM from the checkpoint of a model trained on another task or with another architecture (e.g. initializing a BertForSequenceClassification model from a BertForPreTraining model).
- This IS NOT expected if you are initializing BertForMaskedLM from the checkpoint of a model that you expect to be exactly identical (initializing a BertForSequenceClassification model from a BertForSequenceClassification model).
Some weights of the model checkpoint at bert-large-uncased were not used when initializing BertForMaskedLM: ['cls.seq_relationship.bias', 'cls.seq_relationship.weight']
- This IS expected if you are initializing BertForMaskedLM from the checkpoint of a model trained on another task or with another architecture (e.g. initializing a BertForSequenceClassification model from a BertForPreTraining model).
- This IS NOT expected if you are initializing BertForMaskedLM from the checkpoint of a model that you expect to be exactly identical (initializing a BertForSequenceClassification model from a BertForSequenceClassification model).
Debug: False
#Test_instances: 953
/home/chunhua/.local/lib/python3.8/site-packages/transformers/pipelines/base.py:1043: UserWarning: You seem to be using the pipelines sequentially on GPU. In order to maximize efficiency please use a dataset
  warnings.warn(
---------------------------------------- obj_label evaluation ----------------------------------------
   P@K  Singular  Plural  Paired Accuracy  Paired Consistency mask_type                              data_dir
0    1      14.6     0.1              0.0                85.3   def_sap  data/hypernymsuite/EVAL/consistency/
1   10      44.2     0.4              0.2                55.8   def_sap  data/hypernymsuite/EVAL/consistency/
Save log/bert-large-uncased/hypernymsuite/EVAL/consistency//IsA.def_sap.csv
Save log/bert-large-uncased/hypernymsuite/EVAL/consistency//IsA.def_sap.tsv

#Test_instances: 953
/home/chunhua/.local/lib/python3.8/site-packages/transformers/pipelines/base.py:1043: UserWarning: You seem to be using the pipelines sequentially on GPU. In order to maximize efficiency please use a dataset
  warnings.warn(
---------------------------------------- obj_label evaluation ----------------------------------------
   P@K  Singular  Plural  Paired Accuracy  Paired Consistency mask_type                              data_dir
0    1      15.5     0.0              0.0                84.5   def_dap  data/hypernymsuite/EVAL/consistency/
1   10      45.1     0.1              0.0                54.8   def_dap  data/hypernymsuite/EVAL/consistency/
Save log/bert-large-uncased/hypernymsuite/EVAL/consistency//IsA.def_dap.csv
Save log/bert-large-uncased/hypernymsuite/EVAL/consistency//IsA.def_dap.tsv

#Test_instances: 953
/home/chunhua/.local/lib/python3.8/site-packages/transformers/pipelines/base.py:1043: UserWarning: You seem to be using the pipelines sequentially on GPU. In order to maximize efficiency please use a dataset
  warnings.warn(
---------------------------------------- obj_label evaluation ----------------------------------------
   P@K  Singular  Plural  Paired Accuracy  Paired Consistency mask_type                              data_dir
0    1       5.4     8.9              3.7                93.1   lsp_sap  data/hypernymsuite/EVAL/consistency/
1   10      31.3    37.0             26.2                84.2   lsp_sap  data/hypernymsuite/EVAL/consistency/
Save log/bert-large-uncased/hypernymsuite/EVAL/consistency//IsA.lsp_sap.csv
Save log/bert-large-uncased/hypernymsuite/EVAL/consistency//IsA.lsp_sap.tsv

#Test_instances: 953
/home/chunhua/.local/lib/python3.8/site-packages/transformers/pipelines/base.py:1043: UserWarning: You seem to be using the pipelines sequentially on GPU. In order to maximize efficiency please use a dataset
  warnings.warn(
---------------------------------------- obj_label evaluation ----------------------------------------
   P@K  Singular  Plural  Paired Accuracy  Paired Consistency mask_type                              data_dir
0    1       9.4     9.8              6.5                93.8   lsp_dap  data/hypernymsuite/EVAL/consistency/
1   10      35.7    39.9             32.5                89.5   lsp_dap  data/hypernymsuite/EVAL/consistency/
Save log/bert-large-uncased/hypernymsuite/EVAL/consistency//IsA.lsp_dap.csv
Save log/bert-large-uncased/hypernymsuite/EVAL/consistency//IsA.lsp_dap.tsv

Some weights of the model checkpoint at bert-large-uncased were not used when initializing BertForMaskedLM: ['cls.seq_relationship.bias', 'cls.seq_relationship.weight']
- This IS expected if you are initializing BertForMaskedLM from the checkpoint of a model trained on another task or with another architecture (e.g. initializing a BertForSequenceClassification model from a BertForPreTraining model).
- This IS NOT expected if you are initializing BertForMaskedLM from the checkpoint of a model that you expect to be exactly identical (initializing a BertForSequenceClassification model from a BertForSequenceClassification model).
Some weights of the model checkpoint at bert-large-uncased were not used when initializing BertForMaskedLM: ['cls.seq_relationship.bias', 'cls.seq_relationship.weight']
- This IS expected if you are initializing BertForMaskedLM from the checkpoint of a model trained on another task or with another architecture (e.g. initializing a BertForSequenceClassification model from a BertForPreTraining model).
- This IS NOT expected if you are initializing BertForMaskedLM from the checkpoint of a model that you expect to be exactly identical (initializing a BertForSequenceClassification model from a BertForSequenceClassification model).
Debug: False
#Test_instances: 1262
/home/chunhua/.local/lib/python3.8/site-packages/transformers/pipelines/base.py:1043: UserWarning: You seem to be using the pipelines sequentially on GPU. In order to maximize efficiency please use a dataset
  warnings.warn(
---------------------------------------- obj_label evaluation ----------------------------------------
   P@K  Singular  Plural  Paired Accuracy  Paired Consistency mask_type                              data_dir
0    1      24.0     0.0              0.0                76.0   def_sap  data/hypernymsuite/LEDS/consistency/
1   10      59.0     0.6              0.6                41.5   def_sap  data/hypernymsuite/LEDS/consistency/
Save log/bert-large-uncased/hypernymsuite/LEDS/consistency//IsA.def_sap.csv
Save log/bert-large-uncased/hypernymsuite/LEDS/consistency//IsA.def_sap.tsv

#Test_instances: 1262
/home/chunhua/.local/lib/python3.8/site-packages/transformers/pipelines/base.py:1043: UserWarning: You seem to be using the pipelines sequentially on GPU. In order to maximize efficiency please use a dataset
  warnings.warn(
---------------------------------------- obj_label evaluation ----------------------------------------
   P@K  Singular  Plural  Paired Accuracy  Paired Consistency mask_type                              data_dir
0    1      28.4     0.0              0.0                71.6   def_dap  data/hypernymsuite/LEDS/consistency/
1   10      64.4     0.1              0.1                35.7   def_dap  data/hypernymsuite/LEDS/consistency/
Save log/bert-large-uncased/hypernymsuite/LEDS/consistency//IsA.def_dap.csv
Save log/bert-large-uncased/hypernymsuite/LEDS/consistency//IsA.def_dap.tsv

#Test_instances: 1262
/home/chunhua/.local/lib/python3.8/site-packages/transformers/pipelines/base.py:1043: UserWarning: You seem to be using the pipelines sequentially on GPU. In order to maximize efficiency please use a dataset
  warnings.warn(
---------------------------------------- obj_label evaluation ----------------------------------------
   P@K  Singular  Plural  Paired Accuracy  Paired Consistency mask_type                              data_dir
0    1      11.9    18.8              9.8                89.0   lsp_sap  data/hypernymsuite/LEDS/consistency/
1   10      44.6    56.4             40.6                80.3   lsp_sap  data/hypernymsuite/LEDS/consistency/
Save log/bert-large-uncased/hypernymsuite/LEDS/consistency//IsA.lsp_sap.csv
Save log/bert-large-uncased/hypernymsuite/LEDS/consistency//IsA.lsp_sap.tsv

#Test_instances: 1262
/home/chunhua/.local/lib/python3.8/site-packages/transformers/pipelines/base.py:1043: UserWarning: You seem to be using the pipelines sequentially on GPU. In order to maximize efficiency please use a dataset
  warnings.warn(
---------------------------------------- obj_label evaluation ----------------------------------------
   P@K  Singular  Plural  Paired Accuracy  Paired Consistency mask_type                              data_dir
0    1      18.6    20.4             15.4                91.8   lsp_dap  data/hypernymsuite/LEDS/consistency/
1   10      58.2    60.1             52.5                86.6   lsp_dap  data/hypernymsuite/LEDS/consistency/
Save log/bert-large-uncased/hypernymsuite/LEDS/consistency//IsA.lsp_dap.csv
Save log/bert-large-uncased/hypernymsuite/LEDS/consistency//IsA.lsp_dap.tsv

Some weights of the model checkpoint at bert-large-uncased were not used when initializing BertForMaskedLM: ['cls.seq_relationship.bias', 'cls.seq_relationship.weight']
- This IS expected if you are initializing BertForMaskedLM from the checkpoint of a model trained on another task or with another architecture (e.g. initializing a BertForSequenceClassification model from a BertForPreTraining model).
- This IS NOT expected if you are initializing BertForMaskedLM from the checkpoint of a model that you expect to be exactly identical (initializing a BertForSequenceClassification model from a BertForSequenceClassification model).
Some weights of the model checkpoint at bert-large-uncased were not used when initializing BertForMaskedLM: ['cls.seq_relationship.bias', 'cls.seq_relationship.weight']
- This IS expected if you are initializing BertForMaskedLM from the checkpoint of a model trained on another task or with another architecture (e.g. initializing a BertForSequenceClassification model from a BertForPreTraining model).
- This IS NOT expected if you are initializing BertForMaskedLM from the checkpoint of a model that you expect to be exactly identical (initializing a BertForSequenceClassification model from a BertForSequenceClassification model).
Debug: False
#Test_instances: 576
/home/chunhua/.local/lib/python3.8/site-packages/transformers/pipelines/base.py:1043: UserWarning: You seem to be using the pipelines sequentially on GPU. In order to maximize efficiency please use a dataset
  warnings.warn(
---------------------------------------- obj_label evaluation ----------------------------------------
   P@K  Singular  Plural  Paired Accuracy  Paired Consistency mask_type                                           data_dir
0    1      25.9     0.0              0.0                74.1   def_sap  data/lm_diagnostic_extended/singular/consistency/
1   10      54.2     0.0              0.0                45.8   def_sap  data/lm_diagnostic_extended/singular/consistency/
Save log/bert-large-uncased/lm_diagnostic_extended/singular/consistency//IsA.def_sap.csv
Save log/bert-large-uncased/lm_diagnostic_extended/singular/consistency//IsA.def_sap.tsv

#Test_instances: 576
/home/chunhua/.local/lib/python3.8/site-packages/transformers/pipelines/base.py:1043: UserWarning: You seem to be using the pipelines sequentially on GPU. In order to maximize efficiency please use a dataset
  warnings.warn(
---------------------------------------- obj_label evaluation ----------------------------------------
   P@K  Singular  Plural  Paired Accuracy  Paired Consistency mask_type                                           data_dir
0    1      30.7     0.0              0.0                69.3   def_dap  data/lm_diagnostic_extended/singular/consistency/
1   10      53.6     0.2              0.2                46.5   def_dap  data/lm_diagnostic_extended/singular/consistency/
Save log/bert-large-uncased/lm_diagnostic_extended/singular/consistency//IsA.def_dap.csv
Save log/bert-large-uncased/lm_diagnostic_extended/singular/consistency//IsA.def_dap.tsv

#Test_instances: 576
/home/chunhua/.local/lib/python3.8/site-packages/transformers/pipelines/base.py:1043: UserWarning: You seem to be using the pipelines sequentially on GPU. In order to maximize efficiency please use a dataset
  warnings.warn(
---------------------------------------- obj_label evaluation ----------------------------------------
   P@K  Singular  Plural  Paired Accuracy  Paired Consistency mask_type                                           data_dir
0    1      24.5    28.0             20.8                89.2   lsp_sap  data/lm_diagnostic_extended/singular/consistency/
1   10      53.0    53.8             46.0                85.2   lsp_sap  data/lm_diagnostic_extended/singular/consistency/
Save log/bert-large-uncased/lm_diagnostic_extended/singular/consistency//IsA.lsp_sap.csv
Save log/bert-large-uncased/lm_diagnostic_extended/singular/consistency//IsA.lsp_sap.tsv

#Test_instances: 576
/home/chunhua/.local/lib/python3.8/site-packages/transformers/pipelines/base.py:1043: UserWarning: You seem to be using the pipelines sequentially on GPU. In order to maximize efficiency please use a dataset
  warnings.warn(
---------------------------------------- obj_label evaluation ----------------------------------------
   P@K  Singular  Plural  Paired Accuracy  Paired Consistency mask_type                                           data_dir
0    1      28.8    29.0             26.4                95.0   lsp_dap  data/lm_diagnostic_extended/singular/consistency/
1   10      61.1    54.9             51.6                87.2   lsp_dap  data/lm_diagnostic_extended/singular/consistency/
Save log/bert-large-uncased/lm_diagnostic_extended/singular/consistency//IsA.lsp_dap.csv
Save log/bert-large-uncased/lm_diagnostic_extended/singular/consistency//IsA.lsp_dap.tsv

Some weights of the model checkpoint at bert-large-uncased were not used when initializing BertForMaskedLM: ['cls.seq_relationship.bias', 'cls.seq_relationship.weight']
- This IS expected if you are initializing BertForMaskedLM from the checkpoint of a model trained on another task or with another architecture (e.g. initializing a BertForSequenceClassification model from a BertForPreTraining model).
- This IS NOT expected if you are initializing BertForMaskedLM from the checkpoint of a model that you expect to be exactly identical (initializing a BertForSequenceClassification model from a BertForSequenceClassification model).
Some weights of the model checkpoint at bert-large-uncased were not used when initializing BertForMaskedLM: ['cls.seq_relationship.bias', 'cls.seq_relationship.weight']
- This IS expected if you are initializing BertForMaskedLM from the checkpoint of a model trained on another task or with another architecture (e.g. initializing a BertForSequenceClassification model from a BertForPreTraining model).
- This IS NOT expected if you are initializing BertForMaskedLM from the checkpoint of a model that you expect to be exactly identical (initializing a BertForSequenceClassification model from a BertForSequenceClassification model).
Debug: False
#Test_instances: 12724
/home/chunhua/.local/lib/python3.8/site-packages/transformers/pipelines/base.py:1043: UserWarning: You seem to be using the pipelines sequentially on GPU. In order to maximize efficiency please use a dataset
  warnings.warn(
---------------------------------------- obj_label evaluation ----------------------------------------
   P@K  Singular  Plural  Paired Accuracy  Paired Consistency mask_type                                 data_dir
0    1       5.6     0.0              0.0                94.4   def_sap  data/hypernymsuite/SHWARTZ/consistency/
1   10      17.9     0.1              0.1                82.1   def_sap  data/hypernymsuite/SHWARTZ/consistency/
Save log/bert-large-uncased/hypernymsuite/SHWARTZ/consistency//IsA.def_sap.csv
Save log/bert-large-uncased/hypernymsuite/SHWARTZ/consistency//IsA.def_sap.tsv

#Test_instances: 12724
/home/chunhua/.local/lib/python3.8/site-packages/transformers/pipelines/base.py:1043: UserWarning: You seem to be using the pipelines sequentially on GPU. In order to maximize efficiency please use a dataset
  warnings.warn(
---------------------------------------- obj_label evaluation ----------------------------------------
   P@K  Singular  Plural  Paired Accuracy  Paired Consistency mask_type                                 data_dir
0    1       5.0     0.0              0.0                95.0   def_dap  data/hypernymsuite/SHWARTZ/consistency/
1   10      20.6     0.0              0.0                79.4   def_dap  data/hypernymsuite/SHWARTZ/consistency/
Save log/bert-large-uncased/hypernymsuite/SHWARTZ/consistency//IsA.def_dap.csv
Save log/bert-large-uncased/hypernymsuite/SHWARTZ/consistency//IsA.def_dap.tsv

#Test_instances: 12724
/home/chunhua/.local/lib/python3.8/site-packages/transformers/pipelines/base.py:1043: UserWarning: You seem to be using the pipelines sequentially on GPU. In order to maximize efficiency please use a dataset
  warnings.warn(
---------------------------------------- obj_label evaluation ----------------------------------------
   P@K  Singular  Plural  Paired Accuracy  Paired Consistency mask_type                                 data_dir
0    1       1.2     4.3              0.9                96.2   lsp_sap  data/hypernymsuite/SHWARTZ/consistency/
1   10       5.5    16.9              4.5                86.5   lsp_sap  data/hypernymsuite/SHWARTZ/consistency/
Save log/bert-large-uncased/hypernymsuite/SHWARTZ/consistency//IsA.lsp_sap.csv
Save log/bert-large-uncased/hypernymsuite/SHWARTZ/consistency//IsA.lsp_sap.tsv

#Test_instances: 12724
/home/chunhua/.local/lib/python3.8/site-packages/transformers/pipelines/base.py:1043: UserWarning: You seem to be using the pipelines sequentially on GPU. In order to maximize efficiency please use a dataset
  warnings.warn(
---------------------------------------- obj_label evaluation ----------------------------------------
   P@K  Singular  Plural  Paired Accuracy  Paired Consistency mask_type                                 data_dir
0    1       3.0     3.8              1.8                96.9   lsp_dap  data/hypernymsuite/SHWARTZ/consistency/
1   10      13.6    14.9             10.4                92.3   lsp_dap  data/hypernymsuite/SHWARTZ/consistency/
Save log/bert-large-uncased/hypernymsuite/SHWARTZ/consistency//IsA.lsp_dap.csv
Save log/bert-large-uncased/hypernymsuite/SHWARTZ/consistency//IsA.lsp_dap.tsv

