Some weights of the model checkpoint at bert-large-uncased were not used when initializing BertForMaskedLM: ['cls.seq_relationship.bias', 'cls.seq_relationship.weight']
- This IS expected if you are initializing BertForMaskedLM from the checkpoint of a model trained on another task or with another architecture (e.g. initializing a BertForSequenceClassification model from a BertForPreTraining model).
- This IS NOT expected if you are initializing BertForMaskedLM from the checkpoint of a model that you expect to be exactly identical (initializing a BertForSequenceClassification model from a BertForSequenceClassification model).
Some weights of the model checkpoint at bert-large-uncased were not used when initializing BertForMaskedLM: ['cls.seq_relationship.bias', 'cls.seq_relationship.weight']
- This IS expected if you are initializing BertForMaskedLM from the checkpoint of a model trained on another task or with another architecture (e.g. initializing a BertForSequenceClassification model from a BertForPreTraining model).
- This IS NOT expected if you are initializing BertForMaskedLM from the checkpoint of a model that you expect to be exactly identical (initializing a BertForSequenceClassification model from a BertForSequenceClassification model).
Debug: False
#Test_instances: 12994
/home/chunhua/.local/lib/python3.8/site-packages/transformers/pipelines/base.py:1043: UserWarning: You seem to be using the pipelines sequentially on GPU. In order to maximize efficiency please use a dataset
  warnings.warn(
/home/chunhua/.local/lib/python3.8/site-packages/transformers/pipelines/base.py:1043: UserWarning: You seem to be using the pipelines sequentially on GPU. In order to maximize efficiency please use a dataset
  warnings.warn(
/home/chunhua/.local/lib/python3.8/site-packages/transformers/pipelines/base.py:1043: UserWarning: You seem to be using the pipelines sequentially on GPU. In order to maximize efficiency please use a dataset
  warnings.warn(
/home/chunhua/.local/lib/python3.8/site-packages/transformers/pipelines/base.py:1043: UserWarning: You seem to be using the pipelines sequentially on GPU. In order to maximize efficiency please use a dataset
  warnings.warn(
/home/chunhua/.local/lib/python3.8/site-packages/transformers/pipelines/base.py:1043: UserWarning: You seem to be using the pipelines sequentially on GPU. In order to maximize efficiency please use a dataset
  warnings.warn(
/home/chunhua/.local/lib/python3.8/site-packages/transformers/pipelines/base.py:1043: UserWarning: You seem to be using the pipelines sequentially on GPU. In order to maximize efficiency please use a dataset
  warnings.warn(
---------------------------------------- obj_label evaluation ----------------------------------------
pred_col_sg ['obj_mask_sentence_sg_1', 'obj_mask_sentence_sg_2', 'obj_mask_sentence_sg_3', 'obj_mask_sentence_sg_4', 'obj_mask_sentence_sg_5', 'obj_mask_sentence_sg_6']
pred_col_pl ['obj_mask_sentence_pl_1', 'obj_mask_sentence_pl_2', 'obj_mask_sentence_pl_3', 'obj_mask_sentence_pl_4', 'obj_mask_sentence_pl_5', 'obj_mask_sentence_pl_6']
    K  Singular  Plural  Paired Singular-Plural mask_type                                       data_dir
0   1       0.2     0.6                     0.2   lsp_dap  data/hypernymsuite/SHWARTZ/consistency_group/
1  10       3.0     5.4                     2.5   lsp_dap  data/hypernymsuite/SHWARTZ/consistency_group/
2  50       9.0    14.2                     7.8   lsp_dap  data/hypernymsuite/SHWARTZ/consistency_group/
Save log/bert-large-uncased/SHWARTZ/consistency_group/IsA.lsp_dap.csv
Save log/bert-large-uncased/SHWARTZ/consistency_group/IsA.lsp_dap.tsv

