Some weights of the model checkpoint at bert-large-uncased were not used when initializing BertForMaskedLM: ['cls.seq_relationship.weight', 'cls.seq_relationship.bias']
- This IS expected if you are initializing BertForMaskedLM from the checkpoint of a model trained on another task or with another architecture (e.g. initializing a BertForSequenceClassification model from a BertForPreTraining model).
- This IS NOT expected if you are initializing BertForMaskedLM from the checkpoint of a model that you expect to be exactly identical (initializing a BertForSequenceClassification model from a BertForSequenceClassification model).
Some weights of the model checkpoint at bert-large-uncased were not used when initializing BertForMaskedLM: ['cls.seq_relationship.weight', 'cls.seq_relationship.bias']
- This IS expected if you are initializing BertForMaskedLM from the checkpoint of a model trained on another task or with another architecture (e.g. initializing a BertForSequenceClassification model from a BertForPreTraining model).
- This IS NOT expected if you are initializing BertForMaskedLM from the checkpoint of a model that you expect to be exactly identical (initializing a BertForSequenceClassification model from a BertForSequenceClassification model).
Debug: False
#Test_instances: 1079
/home/chunhua/.local/lib/python3.8/site-packages/transformers/pipelines/base.py:1043: UserWarning: You seem to be using the pipelines sequentially on GPU. In order to maximize efficiency please use a dataset
  warnings.warn(
/home/chunhua/.local/lib/python3.8/site-packages/transformers/pipelines/base.py:1043: UserWarning: You seem to be using the pipelines sequentially on GPU. In order to maximize efficiency please use a dataset
  warnings.warn(
/home/chunhua/.local/lib/python3.8/site-packages/transformers/pipelines/base.py:1043: UserWarning: You seem to be using the pipelines sequentially on GPU. In order to maximize efficiency please use a dataset
  warnings.warn(
---------------------------------------- obj_label evaluation ----------------------------------------
pred_col_sg ['obj_mask_sentence_sg_1', 'obj_mask_sentence_sg_2', 'obj_mask_sentence_sg_3']
pred_col_pl ['obj_mask_sentence_pl_1', 'obj_mask_sentence_pl_2', 'obj_mask_sentence_pl_3']
    K  Singular  Plural  Paired Singular-Plural mask_type                               data_dir
0   1      12.2     0.4                     0.2   def_sap  data/clsb/singular/consistency_group/
1  10      44.7    10.5                     9.9   def_sap  data/clsb/singular/consistency_group/
Save log/bert-large-uncased/clsb/singular/consistency_group//IsA.def_sap.csv
Save log/bert-large-uncased/clsb/singular/consistency_group//IsA.def_sap.tsv

#Test_instances: 1079
/home/chunhua/.local/lib/python3.8/site-packages/transformers/pipelines/base.py:1043: UserWarning: You seem to be using the pipelines sequentially on GPU. In order to maximize efficiency please use a dataset
  warnings.warn(
/home/chunhua/.local/lib/python3.8/site-packages/transformers/pipelines/base.py:1043: UserWarning: You seem to be using the pipelines sequentially on GPU. In order to maximize efficiency please use a dataset
  warnings.warn(
/home/chunhua/.local/lib/python3.8/site-packages/transformers/pipelines/base.py:1043: UserWarning: You seem to be using the pipelines sequentially on GPU. In order to maximize efficiency please use a dataset
  warnings.warn(
---------------------------------------- obj_label evaluation ----------------------------------------
pred_col_sg ['obj_mask_sentence_sg_1', 'obj_mask_sentence_sg_2', 'obj_mask_sentence_sg_3']
pred_col_pl ['obj_mask_sentence_pl_1', 'obj_mask_sentence_pl_2', 'obj_mask_sentence_pl_3']
    K  Singular  Plural  Paired Singular-Plural mask_type                               data_dir
0   1      20.8     0.8                     0.8   def_dap  data/clsb/singular/consistency_group/
1  10      55.7    12.9                    12.9   def_dap  data/clsb/singular/consistency_group/
Save log/bert-large-uncased/clsb/singular/consistency_group//IsA.def_dap.csv
Save log/bert-large-uncased/clsb/singular/consistency_group//IsA.def_dap.tsv

#Test_instances: 1079
/home/chunhua/.local/lib/python3.8/site-packages/transformers/pipelines/base.py:1043: UserWarning: You seem to be using the pipelines sequentially on GPU. In order to maximize efficiency please use a dataset
  warnings.warn(
/home/chunhua/.local/lib/python3.8/site-packages/transformers/pipelines/base.py:1043: UserWarning: You seem to be using the pipelines sequentially on GPU. In order to maximize efficiency please use a dataset
  warnings.warn(
/home/chunhua/.local/lib/python3.8/site-packages/transformers/pipelines/base.py:1043: UserWarning: You seem to be using the pipelines sequentially on GPU. In order to maximize efficiency please use a dataset
  warnings.warn(
/home/chunhua/.local/lib/python3.8/site-packages/transformers/pipelines/base.py:1043: UserWarning: You seem to be using the pipelines sequentially on GPU. In order to maximize efficiency please use a dataset
  warnings.warn(
/home/chunhua/.local/lib/python3.8/site-packages/transformers/pipelines/base.py:1043: UserWarning: You seem to be using the pipelines sequentially on GPU. In order to maximize efficiency please use a dataset
  warnings.warn(
/home/chunhua/.local/lib/python3.8/site-packages/transformers/pipelines/base.py:1043: UserWarning: You seem to be using the pipelines sequentially on GPU. In order to maximize efficiency please use a dataset
  warnings.warn(
---------------------------------------- obj_label evaluation ----------------------------------------
pred_col_sg ['obj_mask_sentence_sg_1', 'obj_mask_sentence_sg_2', 'obj_mask_sentence_sg_3', 'obj_mask_sentence_sg_4', 'obj_mask_sentence_sg_5', 'obj_mask_sentence_sg_6']
pred_col_pl ['obj_mask_sentence_pl_1', 'obj_mask_sentence_pl_2', 'obj_mask_sentence_pl_3', 'obj_mask_sentence_pl_4', 'obj_mask_sentence_pl_5', 'obj_mask_sentence_pl_6']
    K  Singular  Plural  Paired Singular-Plural mask_type                               data_dir
0   1       3.9    12.0                     3.1   lsp_sap  data/clsb/singular/consistency_group/
1  10      27.8    48.7                    26.1   lsp_sap  data/clsb/singular/consistency_group/
Save log/bert-large-uncased/clsb/singular/consistency_group//IsA.lsp_sap.csv
Save log/bert-large-uncased/clsb/singular/consistency_group//IsA.lsp_sap.tsv

#Test_instances: 1079
/home/chunhua/.local/lib/python3.8/site-packages/transformers/pipelines/base.py:1043: UserWarning: You seem to be using the pipelines sequentially on GPU. In order to maximize efficiency please use a dataset
  warnings.warn(
/home/chunhua/.local/lib/python3.8/site-packages/transformers/pipelines/base.py:1043: UserWarning: You seem to be using the pipelines sequentially on GPU. In order to maximize efficiency please use a dataset
  warnings.warn(
/home/chunhua/.local/lib/python3.8/site-packages/transformers/pipelines/base.py:1043: UserWarning: You seem to be using the pipelines sequentially on GPU. In order to maximize efficiency please use a dataset
  warnings.warn(
/home/chunhua/.local/lib/python3.8/site-packages/transformers/pipelines/base.py:1043: UserWarning: You seem to be using the pipelines sequentially on GPU. In order to maximize efficiency please use a dataset
  warnings.warn(
/home/chunhua/.local/lib/python3.8/site-packages/transformers/pipelines/base.py:1043: UserWarning: You seem to be using the pipelines sequentially on GPU. In order to maximize efficiency please use a dataset
  warnings.warn(
/home/chunhua/.local/lib/python3.8/site-packages/transformers/pipelines/base.py:1043: UserWarning: You seem to be using the pipelines sequentially on GPU. In order to maximize efficiency please use a dataset
  warnings.warn(
---------------------------------------- obj_label evaluation ----------------------------------------
pred_col_sg ['obj_mask_sentence_sg_1', 'obj_mask_sentence_sg_2', 'obj_mask_sentence_sg_3', 'obj_mask_sentence_sg_4', 'obj_mask_sentence_sg_5', 'obj_mask_sentence_sg_6']
pred_col_pl ['obj_mask_sentence_pl_1', 'obj_mask_sentence_pl_2', 'obj_mask_sentence_pl_3', 'obj_mask_sentence_pl_4', 'obj_mask_sentence_pl_5', 'obj_mask_sentence_pl_6']
    K  Singular  Plural  Paired Singular-Plural mask_type                               data_dir
0   1      18.4    19.9                    15.4   lsp_dap  data/clsb/singular/consistency_group/
1  10      49.6    56.7                    47.2   lsp_dap  data/clsb/singular/consistency_group/
Save log/bert-large-uncased/clsb/singular/consistency_group//IsA.lsp_dap.csv
Save log/bert-large-uncased/clsb/singular/consistency_group//IsA.lsp_dap.tsv

Some weights of the model checkpoint at bert-large-uncased were not used when initializing BertForMaskedLM: ['cls.seq_relationship.bias', 'cls.seq_relationship.weight']
- This IS expected if you are initializing BertForMaskedLM from the checkpoint of a model trained on another task or with another architecture (e.g. initializing a BertForSequenceClassification model from a BertForPreTraining model).
- This IS NOT expected if you are initializing BertForMaskedLM from the checkpoint of a model that you expect to be exactly identical (initializing a BertForSequenceClassification model from a BertForSequenceClassification model).
Some weights of the model checkpoint at bert-large-uncased were not used when initializing BertForMaskedLM: ['cls.seq_relationship.bias', 'cls.seq_relationship.weight']
- This IS expected if you are initializing BertForMaskedLM from the checkpoint of a model trained on another task or with another architecture (e.g. initializing a BertForSequenceClassification model from a BertForPreTraining model).
- This IS NOT expected if you are initializing BertForMaskedLM from the checkpoint of a model that you expect to be exactly identical (initializing a BertForSequenceClassification model from a BertForSequenceClassification model).
Debug: False
#Test_instances: 935
/home/chunhua/.local/lib/python3.8/site-packages/transformers/pipelines/base.py:1043: UserWarning: You seem to be using the pipelines sequentially on GPU. In order to maximize efficiency please use a dataset
  warnings.warn(
/home/chunhua/.local/lib/python3.8/site-packages/transformers/pipelines/base.py:1043: UserWarning: You seem to be using the pipelines sequentially on GPU. In order to maximize efficiency please use a dataset
  warnings.warn(
/home/chunhua/.local/lib/python3.8/site-packages/transformers/pipelines/base.py:1043: UserWarning: You seem to be using the pipelines sequentially on GPU. In order to maximize efficiency please use a dataset
  warnings.warn(
---------------------------------------- obj_label evaluation ----------------------------------------
pred_col_sg ['obj_mask_sentence_sg_1', 'obj_mask_sentence_sg_2', 'obj_mask_sentence_sg_3']
pred_col_pl ['obj_mask_sentence_pl_1', 'obj_mask_sentence_pl_2', 'obj_mask_sentence_pl_3']
    K  Singular  Plural  Paired Singular-Plural mask_type                                     data_dir
0   1       7.8     0.2                     0.2   def_sap  data/hypernymsuite/BLESS/consistency_group/
1  10      28.3     5.5                     3.7   def_sap  data/hypernymsuite/BLESS/consistency_group/
Save log/bert-large-uncased/hypernymsuite/BLESS/consistency_group//IsA.def_sap.csv
Save log/bert-large-uncased/hypernymsuite/BLESS/consistency_group//IsA.def_sap.tsv

#Test_instances: 935
/home/chunhua/.local/lib/python3.8/site-packages/transformers/pipelines/base.py:1043: UserWarning: You seem to be using the pipelines sequentially on GPU. In order to maximize efficiency please use a dataset
  warnings.warn(
/home/chunhua/.local/lib/python3.8/site-packages/transformers/pipelines/base.py:1043: UserWarning: You seem to be using the pipelines sequentially on GPU. In order to maximize efficiency please use a dataset
  warnings.warn(
/home/chunhua/.local/lib/python3.8/site-packages/transformers/pipelines/base.py:1043: UserWarning: You seem to be using the pipelines sequentially on GPU. In order to maximize efficiency please use a dataset
  warnings.warn(
---------------------------------------- obj_label evaluation ----------------------------------------
pred_col_sg ['obj_mask_sentence_sg_1', 'obj_mask_sentence_sg_2', 'obj_mask_sentence_sg_3']
pred_col_pl ['obj_mask_sentence_pl_1', 'obj_mask_sentence_pl_2', 'obj_mask_sentence_pl_3']
    K  Singular  Plural  Paired Singular-Plural mask_type                                     data_dir
0   1      12.5     0.9                     0.9   def_dap  data/hypernymsuite/BLESS/consistency_group/
1  10      35.0     6.6                     6.4   def_dap  data/hypernymsuite/BLESS/consistency_group/
Save log/bert-large-uncased/hypernymsuite/BLESS/consistency_group//IsA.def_dap.csv
Save log/bert-large-uncased/hypernymsuite/BLESS/consistency_group//IsA.def_dap.tsv

#Test_instances: 935
/home/chunhua/.local/lib/python3.8/site-packages/transformers/pipelines/base.py:1043: UserWarning: You seem to be using the pipelines sequentially on GPU. In order to maximize efficiency please use a dataset
  warnings.warn(
/home/chunhua/.local/lib/python3.8/site-packages/transformers/pipelines/base.py:1043: UserWarning: You seem to be using the pipelines sequentially on GPU. In order to maximize efficiency please use a dataset
  warnings.warn(
/home/chunhua/.local/lib/python3.8/site-packages/transformers/pipelines/base.py:1043: UserWarning: You seem to be using the pipelines sequentially on GPU. In order to maximize efficiency please use a dataset
  warnings.warn(
/home/chunhua/.local/lib/python3.8/site-packages/transformers/pipelines/base.py:1043: UserWarning: You seem to be using the pipelines sequentially on GPU. In order to maximize efficiency please use a dataset
  warnings.warn(
/home/chunhua/.local/lib/python3.8/site-packages/transformers/pipelines/base.py:1043: UserWarning: You seem to be using the pipelines sequentially on GPU. In order to maximize efficiency please use a dataset
  warnings.warn(
/home/chunhua/.local/lib/python3.8/site-packages/transformers/pipelines/base.py:1043: UserWarning: You seem to be using the pipelines sequentially on GPU. In order to maximize efficiency please use a dataset
  warnings.warn(
---------------------------------------- obj_label evaluation ----------------------------------------
pred_col_sg ['obj_mask_sentence_sg_1', 'obj_mask_sentence_sg_2', 'obj_mask_sentence_sg_3', 'obj_mask_sentence_sg_4', 'obj_mask_sentence_sg_5', 'obj_mask_sentence_sg_6']
pred_col_pl ['obj_mask_sentence_pl_1', 'obj_mask_sentence_pl_2', 'obj_mask_sentence_pl_3', 'obj_mask_sentence_pl_4', 'obj_mask_sentence_pl_5', 'obj_mask_sentence_pl_6']
    K  Singular  Plural  Paired Singular-Plural mask_type                                     data_dir
0   1       1.8     8.3                     1.7   lsp_sap  data/hypernymsuite/BLESS/consistency_group/
1  10      14.3    28.2                    13.6   lsp_sap  data/hypernymsuite/BLESS/consistency_group/
Save log/bert-large-uncased/hypernymsuite/BLESS/consistency_group//IsA.lsp_sap.csv
Save log/bert-large-uncased/hypernymsuite/BLESS/consistency_group//IsA.lsp_sap.tsv

#Test_instances: 935
/home/chunhua/.local/lib/python3.8/site-packages/transformers/pipelines/base.py:1043: UserWarning: You seem to be using the pipelines sequentially on GPU. In order to maximize efficiency please use a dataset
  warnings.warn(
/home/chunhua/.local/lib/python3.8/site-packages/transformers/pipelines/base.py:1043: UserWarning: You seem to be using the pipelines sequentially on GPU. In order to maximize efficiency please use a dataset
  warnings.warn(
/home/chunhua/.local/lib/python3.8/site-packages/transformers/pipelines/base.py:1043: UserWarning: You seem to be using the pipelines sequentially on GPU. In order to maximize efficiency please use a dataset
  warnings.warn(
/home/chunhua/.local/lib/python3.8/site-packages/transformers/pipelines/base.py:1043: UserWarning: You seem to be using the pipelines sequentially on GPU. In order to maximize efficiency please use a dataset
  warnings.warn(
/home/chunhua/.local/lib/python3.8/site-packages/transformers/pipelines/base.py:1043: UserWarning: You seem to be using the pipelines sequentially on GPU. In order to maximize efficiency please use a dataset
  warnings.warn(
/home/chunhua/.local/lib/python3.8/site-packages/transformers/pipelines/base.py:1043: UserWarning: You seem to be using the pipelines sequentially on GPU. In order to maximize efficiency please use a dataset
  warnings.warn(
---------------------------------------- obj_label evaluation ----------------------------------------
pred_col_sg ['obj_mask_sentence_sg_1', 'obj_mask_sentence_sg_2', 'obj_mask_sentence_sg_3', 'obj_mask_sentence_sg_4', 'obj_mask_sentence_sg_5', 'obj_mask_sentence_sg_6']
pred_col_pl ['obj_mask_sentence_pl_1', 'obj_mask_sentence_pl_2', 'obj_mask_sentence_pl_3', 'obj_mask_sentence_pl_4', 'obj_mask_sentence_pl_5', 'obj_mask_sentence_pl_6']
    K  Singular  Plural  Paired Singular-Plural mask_type                                     data_dir
0   1      10.9    12.4                     9.4   lsp_dap  data/hypernymsuite/BLESS/consistency_group/
1  10      27.7    34.7                    26.5   lsp_dap  data/hypernymsuite/BLESS/consistency_group/
Save log/bert-large-uncased/hypernymsuite/BLESS/consistency_group//IsA.lsp_dap.csv
Save log/bert-large-uncased/hypernymsuite/BLESS/consistency_group//IsA.lsp_dap.tsv

Some weights of the model checkpoint at bert-large-uncased were not used when initializing BertForMaskedLM: ['cls.seq_relationship.weight', 'cls.seq_relationship.bias']
- This IS expected if you are initializing BertForMaskedLM from the checkpoint of a model trained on another task or with another architecture (e.g. initializing a BertForSequenceClassification model from a BertForPreTraining model).
- This IS NOT expected if you are initializing BertForMaskedLM from the checkpoint of a model that you expect to be exactly identical (initializing a BertForSequenceClassification model from a BertForSequenceClassification model).
Some weights of the model checkpoint at bert-large-uncased were not used when initializing BertForMaskedLM: ['cls.seq_relationship.weight', 'cls.seq_relationship.bias']
- This IS expected if you are initializing BertForMaskedLM from the checkpoint of a model trained on another task or with another architecture (e.g. initializing a BertForSequenceClassification model from a BertForPreTraining model).
- This IS NOT expected if you are initializing BertForMaskedLM from the checkpoint of a model that you expect to be exactly identical (initializing a BertForSequenceClassification model from a BertForSequenceClassification model).
Debug: False
#Test_instances: 953
/home/chunhua/.local/lib/python3.8/site-packages/transformers/pipelines/base.py:1043: UserWarning: You seem to be using the pipelines sequentially on GPU. In order to maximize efficiency please use a dataset
  warnings.warn(
/home/chunhua/.local/lib/python3.8/site-packages/transformers/pipelines/base.py:1043: UserWarning: You seem to be using the pipelines sequentially on GPU. In order to maximize efficiency please use a dataset
  warnings.warn(
/home/chunhua/.local/lib/python3.8/site-packages/transformers/pipelines/base.py:1043: UserWarning: You seem to be using the pipelines sequentially on GPU. In order to maximize efficiency please use a dataset
  warnings.warn(
---------------------------------------- obj_label evaluation ----------------------------------------
pred_col_sg ['obj_mask_sentence_sg_1', 'obj_mask_sentence_sg_2', 'obj_mask_sentence_sg_3']
pred_col_pl ['obj_mask_sentence_pl_1', 'obj_mask_sentence_pl_2', 'obj_mask_sentence_pl_3']
    K  Singular  Plural  Paired Singular-Plural mask_type                                    data_dir
0   1       2.8     0.2                     0.1   def_sap  data/hypernymsuite/EVAL/consistency_group/
1  10      21.6     2.6                     2.0   def_sap  data/hypernymsuite/EVAL/consistency_group/
Save log/bert-large-uncased/hypernymsuite/EVAL/consistency_group//IsA.def_sap.csv
Save log/bert-large-uncased/hypernymsuite/EVAL/consistency_group//IsA.def_sap.tsv

#Test_instances: 953
/home/chunhua/.local/lib/python3.8/site-packages/transformers/pipelines/base.py:1043: UserWarning: You seem to be using the pipelines sequentially on GPU. In order to maximize efficiency please use a dataset
  warnings.warn(
/home/chunhua/.local/lib/python3.8/site-packages/transformers/pipelines/base.py:1043: UserWarning: You seem to be using the pipelines sequentially on GPU. In order to maximize efficiency please use a dataset
  warnings.warn(
/home/chunhua/.local/lib/python3.8/site-packages/transformers/pipelines/base.py:1043: UserWarning: You seem to be using the pipelines sequentially on GPU. In order to maximize efficiency please use a dataset
  warnings.warn(
---------------------------------------- obj_label evaluation ----------------------------------------
pred_col_sg ['obj_mask_sentence_sg_1', 'obj_mask_sentence_sg_2', 'obj_mask_sentence_sg_3']
pred_col_pl ['obj_mask_sentence_pl_1', 'obj_mask_sentence_pl_2', 'obj_mask_sentence_pl_3']
    K  Singular  Plural  Paired Singular-Plural mask_type                                    data_dir
0   1       6.9     0.4                     0.3   def_dap  data/hypernymsuite/EVAL/consistency_group/
1  10      31.0     5.1                     4.5   def_dap  data/hypernymsuite/EVAL/consistency_group/
Save log/bert-large-uncased/hypernymsuite/EVAL/consistency_group//IsA.def_dap.csv
Save log/bert-large-uncased/hypernymsuite/EVAL/consistency_group//IsA.def_dap.tsv

#Test_instances: 953
/home/chunhua/.local/lib/python3.8/site-packages/transformers/pipelines/base.py:1043: UserWarning: You seem to be using the pipelines sequentially on GPU. In order to maximize efficiency please use a dataset
  warnings.warn(
/home/chunhua/.local/lib/python3.8/site-packages/transformers/pipelines/base.py:1043: UserWarning: You seem to be using the pipelines sequentially on GPU. In order to maximize efficiency please use a dataset
  warnings.warn(
/home/chunhua/.local/lib/python3.8/site-packages/transformers/pipelines/base.py:1043: UserWarning: You seem to be using the pipelines sequentially on GPU. In order to maximize efficiency please use a dataset
  warnings.warn(
/home/chunhua/.local/lib/python3.8/site-packages/transformers/pipelines/base.py:1043: UserWarning: You seem to be using the pipelines sequentially on GPU. In order to maximize efficiency please use a dataset
  warnings.warn(
/home/chunhua/.local/lib/python3.8/site-packages/transformers/pipelines/base.py:1043: UserWarning: You seem to be using the pipelines sequentially on GPU. In order to maximize efficiency please use a dataset
  warnings.warn(
/home/chunhua/.local/lib/python3.8/site-packages/transformers/pipelines/base.py:1043: UserWarning: You seem to be using the pipelines sequentially on GPU. In order to maximize efficiency please use a dataset
  warnings.warn(
---------------------------------------- obj_label evaluation ----------------------------------------
pred_col_sg ['obj_mask_sentence_sg_1', 'obj_mask_sentence_sg_2', 'obj_mask_sentence_sg_3', 'obj_mask_sentence_sg_4', 'obj_mask_sentence_sg_5', 'obj_mask_sentence_sg_6']
pred_col_pl ['obj_mask_sentence_pl_1', 'obj_mask_sentence_pl_2', 'obj_mask_sentence_pl_3', 'obj_mask_sentence_pl_4', 'obj_mask_sentence_pl_5', 'obj_mask_sentence_pl_6']
    K  Singular  Plural  Paired Singular-Plural mask_type                                    data_dir
0   1       0.0     1.4                     0.0   lsp_sap  data/hypernymsuite/EVAL/consistency_group/
1  10       3.4    14.3                     3.0   lsp_sap  data/hypernymsuite/EVAL/consistency_group/
Save log/bert-large-uncased/hypernymsuite/EVAL/consistency_group//IsA.lsp_sap.csv
Save log/bert-large-uncased/hypernymsuite/EVAL/consistency_group//IsA.lsp_sap.tsv

#Test_instances: 953
/home/chunhua/.local/lib/python3.8/site-packages/transformers/pipelines/base.py:1043: UserWarning: You seem to be using the pipelines sequentially on GPU. In order to maximize efficiency please use a dataset
  warnings.warn(
/home/chunhua/.local/lib/python3.8/site-packages/transformers/pipelines/base.py:1043: UserWarning: You seem to be using the pipelines sequentially on GPU. In order to maximize efficiency please use a dataset
  warnings.warn(
/home/chunhua/.local/lib/python3.8/site-packages/transformers/pipelines/base.py:1043: UserWarning: You seem to be using the pipelines sequentially on GPU. In order to maximize efficiency please use a dataset
  warnings.warn(
/home/chunhua/.local/lib/python3.8/site-packages/transformers/pipelines/base.py:1043: UserWarning: You seem to be using the pipelines sequentially on GPU. In order to maximize efficiency please use a dataset
  warnings.warn(
/home/chunhua/.local/lib/python3.8/site-packages/transformers/pipelines/base.py:1043: UserWarning: You seem to be using the pipelines sequentially on GPU. In order to maximize efficiency please use a dataset
  warnings.warn(
/home/chunhua/.local/lib/python3.8/site-packages/transformers/pipelines/base.py:1043: UserWarning: You seem to be using the pipelines sequentially on GPU. In order to maximize efficiency please use a dataset
  warnings.warn(
---------------------------------------- obj_label evaluation ----------------------------------------
pred_col_sg ['obj_mask_sentence_sg_1', 'obj_mask_sentence_sg_2', 'obj_mask_sentence_sg_3', 'obj_mask_sentence_sg_4', 'obj_mask_sentence_sg_5', 'obj_mask_sentence_sg_6']
pred_col_pl ['obj_mask_sentence_pl_1', 'obj_mask_sentence_pl_2', 'obj_mask_sentence_pl_3', 'obj_mask_sentence_pl_4', 'obj_mask_sentence_pl_5', 'obj_mask_sentence_pl_6']
    K  Singular  Plural  Paired Singular-Plural mask_type                                    data_dir
0   1       1.3     2.7                     0.8   lsp_dap  data/hypernymsuite/EVAL/consistency_group/
1  10      12.0    18.0                    10.7   lsp_dap  data/hypernymsuite/EVAL/consistency_group/
Save log/bert-large-uncased/hypernymsuite/EVAL/consistency_group//IsA.lsp_dap.csv
Save log/bert-large-uncased/hypernymsuite/EVAL/consistency_group//IsA.lsp_dap.tsv

Some weights of the model checkpoint at bert-large-uncased were not used when initializing BertForMaskedLM: ['cls.seq_relationship.weight', 'cls.seq_relationship.bias']
- This IS expected if you are initializing BertForMaskedLM from the checkpoint of a model trained on another task or with another architecture (e.g. initializing a BertForSequenceClassification model from a BertForPreTraining model).
- This IS NOT expected if you are initializing BertForMaskedLM from the checkpoint of a model that you expect to be exactly identical (initializing a BertForSequenceClassification model from a BertForSequenceClassification model).
Some weights of the model checkpoint at bert-large-uncased were not used when initializing BertForMaskedLM: ['cls.seq_relationship.weight', 'cls.seq_relationship.bias']
- This IS expected if you are initializing BertForMaskedLM from the checkpoint of a model trained on another task or with another architecture (e.g. initializing a BertForSequenceClassification model from a BertForPreTraining model).
- This IS NOT expected if you are initializing BertForMaskedLM from the checkpoint of a model that you expect to be exactly identical (initializing a BertForSequenceClassification model from a BertForSequenceClassification model).
Debug: False
#Test_instances: 1262
/home/chunhua/.local/lib/python3.8/site-packages/transformers/pipelines/base.py:1043: UserWarning: You seem to be using the pipelines sequentially on GPU. In order to maximize efficiency please use a dataset
  warnings.warn(
/home/chunhua/.local/lib/python3.8/site-packages/transformers/pipelines/base.py:1043: UserWarning: You seem to be using the pipelines sequentially on GPU. In order to maximize efficiency please use a dataset
  warnings.warn(
/home/chunhua/.local/lib/python3.8/site-packages/transformers/pipelines/base.py:1043: UserWarning: You seem to be using the pipelines sequentially on GPU. In order to maximize efficiency please use a dataset
  warnings.warn(
---------------------------------------- obj_label evaluation ----------------------------------------
pred_col_sg ['obj_mask_sentence_sg_1', 'obj_mask_sentence_sg_2', 'obj_mask_sentence_sg_3']
pred_col_pl ['obj_mask_sentence_pl_1', 'obj_mask_sentence_pl_2', 'obj_mask_sentence_pl_3']
    K  Singular  Plural  Paired Singular-Plural mask_type                                    data_dir
0   1       5.4     0.2                     0.2   def_sap  data/hypernymsuite/LEDS/consistency_group/
1  10      32.1     5.6                     4.8   def_sap  data/hypernymsuite/LEDS/consistency_group/
Save log/bert-large-uncased/hypernymsuite/LEDS/consistency_group//IsA.def_sap.csv
Save log/bert-large-uncased/hypernymsuite/LEDS/consistency_group//IsA.def_sap.tsv

#Test_instances: 1262
/home/chunhua/.local/lib/python3.8/site-packages/transformers/pipelines/base.py:1043: UserWarning: You seem to be using the pipelines sequentially on GPU. In order to maximize efficiency please use a dataset
  warnings.warn(
/home/chunhua/.local/lib/python3.8/site-packages/transformers/pipelines/base.py:1043: UserWarning: You seem to be using the pipelines sequentially on GPU. In order to maximize efficiency please use a dataset
  warnings.warn(
/home/chunhua/.local/lib/python3.8/site-packages/transformers/pipelines/base.py:1043: UserWarning: You seem to be using the pipelines sequentially on GPU. In order to maximize efficiency please use a dataset
  warnings.warn(
---------------------------------------- obj_label evaluation ----------------------------------------
pred_col_sg ['obj_mask_sentence_sg_1', 'obj_mask_sentence_sg_2', 'obj_mask_sentence_sg_3']
pred_col_pl ['obj_mask_sentence_pl_1', 'obj_mask_sentence_pl_2', 'obj_mask_sentence_pl_3']
    K  Singular  Plural  Paired Singular-Plural mask_type                                    data_dir
0   1      16.0     1.3                     1.2   def_dap  data/hypernymsuite/LEDS/consistency_group/
1  10      50.7     8.5                     8.0   def_dap  data/hypernymsuite/LEDS/consistency_group/
Save log/bert-large-uncased/hypernymsuite/LEDS/consistency_group//IsA.def_dap.csv
Save log/bert-large-uncased/hypernymsuite/LEDS/consistency_group//IsA.def_dap.tsv

#Test_instances: 1262
/home/chunhua/.local/lib/python3.8/site-packages/transformers/pipelines/base.py:1043: UserWarning: You seem to be using the pipelines sequentially on GPU. In order to maximize efficiency please use a dataset
  warnings.warn(
/home/chunhua/.local/lib/python3.8/site-packages/transformers/pipelines/base.py:1043: UserWarning: You seem to be using the pipelines sequentially on GPU. In order to maximize efficiency please use a dataset
  warnings.warn(
/home/chunhua/.local/lib/python3.8/site-packages/transformers/pipelines/base.py:1043: UserWarning: You seem to be using the pipelines sequentially on GPU. In order to maximize efficiency please use a dataset
  warnings.warn(
/home/chunhua/.local/lib/python3.8/site-packages/transformers/pipelines/base.py:1043: UserWarning: You seem to be using the pipelines sequentially on GPU. In order to maximize efficiency please use a dataset
  warnings.warn(
/home/chunhua/.local/lib/python3.8/site-packages/transformers/pipelines/base.py:1043: UserWarning: You seem to be using the pipelines sequentially on GPU. In order to maximize efficiency please use a dataset
  warnings.warn(
/home/chunhua/.local/lib/python3.8/site-packages/transformers/pipelines/base.py:1043: UserWarning: You seem to be using the pipelines sequentially on GPU. In order to maximize efficiency please use a dataset
  warnings.warn(
---------------------------------------- obj_label evaluation ----------------------------------------
pred_col_sg ['obj_mask_sentence_sg_1', 'obj_mask_sentence_sg_2', 'obj_mask_sentence_sg_3', 'obj_mask_sentence_sg_4', 'obj_mask_sentence_sg_5', 'obj_mask_sentence_sg_6']
pred_col_pl ['obj_mask_sentence_pl_1', 'obj_mask_sentence_pl_2', 'obj_mask_sentence_pl_3', 'obj_mask_sentence_pl_4', 'obj_mask_sentence_pl_5', 'obj_mask_sentence_pl_6']
    K  Singular  Plural  Paired Singular-Plural mask_type                                    data_dir
0   1       1.4     6.1                     1.3   lsp_sap  data/hypernymsuite/LEDS/consistency_group/
1  10      13.9    35.3                    13.1   lsp_sap  data/hypernymsuite/LEDS/consistency_group/
Save log/bert-large-uncased/hypernymsuite/LEDS/consistency_group//IsA.lsp_sap.csv
Save log/bert-large-uncased/hypernymsuite/LEDS/consistency_group//IsA.lsp_sap.tsv

#Test_instances: 1262
/home/chunhua/.local/lib/python3.8/site-packages/transformers/pipelines/base.py:1043: UserWarning: You seem to be using the pipelines sequentially on GPU. In order to maximize efficiency please use a dataset
  warnings.warn(
/home/chunhua/.local/lib/python3.8/site-packages/transformers/pipelines/base.py:1043: UserWarning: You seem to be using the pipelines sequentially on GPU. In order to maximize efficiency please use a dataset
  warnings.warn(
/home/chunhua/.local/lib/python3.8/site-packages/transformers/pipelines/base.py:1043: UserWarning: You seem to be using the pipelines sequentially on GPU. In order to maximize efficiency please use a dataset
  warnings.warn(
/home/chunhua/.local/lib/python3.8/site-packages/transformers/pipelines/base.py:1043: UserWarning: You seem to be using the pipelines sequentially on GPU. In order to maximize efficiency please use a dataset
  warnings.warn(
/home/chunhua/.local/lib/python3.8/site-packages/transformers/pipelines/base.py:1043: UserWarning: You seem to be using the pipelines sequentially on GPU. In order to maximize efficiency please use a dataset
  warnings.warn(
/home/chunhua/.local/lib/python3.8/site-packages/transformers/pipelines/base.py:1043: UserWarning: You seem to be using the pipelines sequentially on GPU. In order to maximize efficiency please use a dataset
  warnings.warn(
---------------------------------------- obj_label evaluation ----------------------------------------
pred_col_sg ['obj_mask_sentence_sg_1', 'obj_mask_sentence_sg_2', 'obj_mask_sentence_sg_3', 'obj_mask_sentence_sg_4', 'obj_mask_sentence_sg_5', 'obj_mask_sentence_sg_6']
pred_col_pl ['obj_mask_sentence_pl_1', 'obj_mask_sentence_pl_2', 'obj_mask_sentence_pl_3', 'obj_mask_sentence_pl_4', 'obj_mask_sentence_pl_5', 'obj_mask_sentence_pl_6']
    K  Singular  Plural  Paired Singular-Plural mask_type                                    data_dir
0   1       6.3     9.8                     5.0   lsp_dap  data/hypernymsuite/LEDS/consistency_group/
1  10      32.6    45.2                    30.7   lsp_dap  data/hypernymsuite/LEDS/consistency_group/
Save log/bert-large-uncased/hypernymsuite/LEDS/consistency_group//IsA.lsp_dap.csv
Save log/bert-large-uncased/hypernymsuite/LEDS/consistency_group//IsA.lsp_dap.tsv

Some weights of the model checkpoint at bert-large-uncased were not used when initializing BertForMaskedLM: ['cls.seq_relationship.weight', 'cls.seq_relationship.bias']
- This IS expected if you are initializing BertForMaskedLM from the checkpoint of a model trained on another task or with another architecture (e.g. initializing a BertForSequenceClassification model from a BertForPreTraining model).
- This IS NOT expected if you are initializing BertForMaskedLM from the checkpoint of a model that you expect to be exactly identical (initializing a BertForSequenceClassification model from a BertForSequenceClassification model).
Some weights of the model checkpoint at bert-large-uncased were not used when initializing BertForMaskedLM: ['cls.seq_relationship.weight', 'cls.seq_relationship.bias']
- This IS expected if you are initializing BertForMaskedLM from the checkpoint of a model trained on another task or with another architecture (e.g. initializing a BertForSequenceClassification model from a BertForPreTraining model).
- This IS NOT expected if you are initializing BertForMaskedLM from the checkpoint of a model that you expect to be exactly identical (initializing a BertForSequenceClassification model from a BertForSequenceClassification model).
Debug: False
#Test_instances: 576
/home/chunhua/.local/lib/python3.8/site-packages/transformers/pipelines/base.py:1043: UserWarning: You seem to be using the pipelines sequentially on GPU. In order to maximize efficiency please use a dataset
  warnings.warn(
/home/chunhua/.local/lib/python3.8/site-packages/transformers/pipelines/base.py:1043: UserWarning: You seem to be using the pipelines sequentially on GPU. In order to maximize efficiency please use a dataset
  warnings.warn(
/home/chunhua/.local/lib/python3.8/site-packages/transformers/pipelines/base.py:1043: UserWarning: You seem to be using the pipelines sequentially on GPU. In order to maximize efficiency please use a dataset
  warnings.warn(
---------------------------------------- obj_label evaluation ----------------------------------------
pred_col_sg ['obj_mask_sentence_sg_1', 'obj_mask_sentence_sg_2', 'obj_mask_sentence_sg_3']
pred_col_pl ['obj_mask_sentence_pl_1', 'obj_mask_sentence_pl_2', 'obj_mask_sentence_pl_3']
    K  Singular  Plural  Paired Singular-Plural mask_type                                           data_dir
0   1      13.7     0.7                     0.7   def_sap  data/lm_diagnostic_extended/singular/consisten...
1  10      50.9     9.9                     9.7   def_sap  data/lm_diagnostic_extended/singular/consisten...
Save log/bert-large-uncased/lm_diagnostic_extended/singular/consistency_group//IsA.def_sap.csv
Save log/bert-large-uncased/lm_diagnostic_extended/singular/consistency_group//IsA.def_sap.tsv

#Test_instances: 576
/home/chunhua/.local/lib/python3.8/site-packages/transformers/pipelines/base.py:1043: UserWarning: You seem to be using the pipelines sequentially on GPU. In order to maximize efficiency please use a dataset
  warnings.warn(
/home/chunhua/.local/lib/python3.8/site-packages/transformers/pipelines/base.py:1043: UserWarning: You seem to be using the pipelines sequentially on GPU. In order to maximize efficiency please use a dataset
  warnings.warn(
/home/chunhua/.local/lib/python3.8/site-packages/transformers/pipelines/base.py:1043: UserWarning: You seem to be using the pipelines sequentially on GPU. In order to maximize efficiency please use a dataset
  warnings.warn(
---------------------------------------- obj_label evaluation ----------------------------------------
pred_col_sg ['obj_mask_sentence_sg_1', 'obj_mask_sentence_sg_2', 'obj_mask_sentence_sg_3']
pred_col_pl ['obj_mask_sentence_pl_1', 'obj_mask_sentence_pl_2', 'obj_mask_sentence_pl_3']
    K  Singular  Plural  Paired Singular-Plural mask_type                                           data_dir
0   1      37.5     0.3                     0.3   def_dap  data/lm_diagnostic_extended/singular/consisten...
1  10      72.6    10.2                    10.2   def_dap  data/lm_diagnostic_extended/singular/consisten...
Save log/bert-large-uncased/lm_diagnostic_extended/singular/consistency_group//IsA.def_dap.csv
Save log/bert-large-uncased/lm_diagnostic_extended/singular/consistency_group//IsA.def_dap.tsv

#Test_instances: 576
/home/chunhua/.local/lib/python3.8/site-packages/transformers/pipelines/base.py:1043: UserWarning: You seem to be using the pipelines sequentially on GPU. In order to maximize efficiency please use a dataset
  warnings.warn(
/home/chunhua/.local/lib/python3.8/site-packages/transformers/pipelines/base.py:1043: UserWarning: You seem to be using the pipelines sequentially on GPU. In order to maximize efficiency please use a dataset
  warnings.warn(
/home/chunhua/.local/lib/python3.8/site-packages/transformers/pipelines/base.py:1043: UserWarning: You seem to be using the pipelines sequentially on GPU. In order to maximize efficiency please use a dataset
  warnings.warn(
/home/chunhua/.local/lib/python3.8/site-packages/transformers/pipelines/base.py:1043: UserWarning: You seem to be using the pipelines sequentially on GPU. In order to maximize efficiency please use a dataset
  warnings.warn(
/home/chunhua/.local/lib/python3.8/site-packages/transformers/pipelines/base.py:1043: UserWarning: You seem to be using the pipelines sequentially on GPU. In order to maximize efficiency please use a dataset
  warnings.warn(
/home/chunhua/.local/lib/python3.8/site-packages/transformers/pipelines/base.py:1043: UserWarning: You seem to be using the pipelines sequentially on GPU. In order to maximize efficiency please use a dataset
  warnings.warn(
---------------------------------------- obj_label evaluation ----------------------------------------
pred_col_sg ['obj_mask_sentence_sg_1', 'obj_mask_sentence_sg_2', 'obj_mask_sentence_sg_3', 'obj_mask_sentence_sg_4', 'obj_mask_sentence_sg_5', 'obj_mask_sentence_sg_6']
pred_col_pl ['obj_mask_sentence_pl_1', 'obj_mask_sentence_pl_2', 'obj_mask_sentence_pl_3', 'obj_mask_sentence_pl_4', 'obj_mask_sentence_pl_5', 'obj_mask_sentence_pl_6']
    K  Singular  Plural  Paired Singular-Plural mask_type                                           data_dir
0   1       5.9    14.1                     5.2   lsp_sap  data/lm_diagnostic_extended/singular/consisten...
1  10      23.4    36.8                    20.5   lsp_sap  data/lm_diagnostic_extended/singular/consisten...
Save log/bert-large-uncased/lm_diagnostic_extended/singular/consistency_group//IsA.lsp_sap.csv
Save log/bert-large-uncased/lm_diagnostic_extended/singular/consistency_group//IsA.lsp_sap.tsv

#Test_instances: 576
/home/chunhua/.local/lib/python3.8/site-packages/transformers/pipelines/base.py:1043: UserWarning: You seem to be using the pipelines sequentially on GPU. In order to maximize efficiency please use a dataset
  warnings.warn(
/home/chunhua/.local/lib/python3.8/site-packages/transformers/pipelines/base.py:1043: UserWarning: You seem to be using the pipelines sequentially on GPU. In order to maximize efficiency please use a dataset
  warnings.warn(
/home/chunhua/.local/lib/python3.8/site-packages/transformers/pipelines/base.py:1043: UserWarning: You seem to be using the pipelines sequentially on GPU. In order to maximize efficiency please use a dataset
  warnings.warn(
/home/chunhua/.local/lib/python3.8/site-packages/transformers/pipelines/base.py:1043: UserWarning: You seem to be using the pipelines sequentially on GPU. In order to maximize efficiency please use a dataset
  warnings.warn(
/home/chunhua/.local/lib/python3.8/site-packages/transformers/pipelines/base.py:1043: UserWarning: You seem to be using the pipelines sequentially on GPU. In order to maximize efficiency please use a dataset
  warnings.warn(
/home/chunhua/.local/lib/python3.8/site-packages/transformers/pipelines/base.py:1043: UserWarning: You seem to be using the pipelines sequentially on GPU. In order to maximize efficiency please use a dataset
  warnings.warn(
---------------------------------------- obj_label evaluation ----------------------------------------
pred_col_sg ['obj_mask_sentence_sg_1', 'obj_mask_sentence_sg_2', 'obj_mask_sentence_sg_3', 'obj_mask_sentence_sg_4', 'obj_mask_sentence_sg_5', 'obj_mask_sentence_sg_6']
pred_col_pl ['obj_mask_sentence_pl_1', 'obj_mask_sentence_pl_2', 'obj_mask_sentence_pl_3', 'obj_mask_sentence_pl_4', 'obj_mask_sentence_pl_5', 'obj_mask_sentence_pl_6']
    K  Singular  Plural  Paired Singular-Plural mask_type                                           data_dir
0   1      23.8    28.0                    21.4   lsp_dap  data/lm_diagnostic_extended/singular/consisten...
1  10      51.0    53.0                    48.8   lsp_dap  data/lm_diagnostic_extended/singular/consisten...
Save log/bert-large-uncased/lm_diagnostic_extended/singular/consistency_group//IsA.lsp_dap.csv
Save log/bert-large-uncased/lm_diagnostic_extended/singular/consistency_group//IsA.lsp_dap.tsv

Some weights of the model checkpoint at bert-large-uncased were not used when initializing BertForMaskedLM: ['cls.seq_relationship.bias', 'cls.seq_relationship.weight']
- This IS expected if you are initializing BertForMaskedLM from the checkpoint of a model trained on another task or with another architecture (e.g. initializing a BertForSequenceClassification model from a BertForPreTraining model).
- This IS NOT expected if you are initializing BertForMaskedLM from the checkpoint of a model that you expect to be exactly identical (initializing a BertForSequenceClassification model from a BertForSequenceClassification model).
Some weights of the model checkpoint at bert-large-uncased were not used when initializing BertForMaskedLM: ['cls.seq_relationship.bias', 'cls.seq_relationship.weight']
- This IS expected if you are initializing BertForMaskedLM from the checkpoint of a model trained on another task or with another architecture (e.g. initializing a BertForSequenceClassification model from a BertForPreTraining model).
- This IS NOT expected if you are initializing BertForMaskedLM from the checkpoint of a model that you expect to be exactly identical (initializing a BertForSequenceClassification model from a BertForSequenceClassification model).
Debug: False
#Test_instances: 12724
/home/chunhua/.local/lib/python3.8/site-packages/transformers/pipelines/base.py:1043: UserWarning: You seem to be using the pipelines sequentially on GPU. In order to maximize efficiency please use a dataset
  warnings.warn(
/home/chunhua/.local/lib/python3.8/site-packages/transformers/pipelines/base.py:1043: UserWarning: You seem to be using the pipelines sequentially on GPU. In order to maximize efficiency please use a dataset
  warnings.warn(
/home/chunhua/.local/lib/python3.8/site-packages/transformers/pipelines/base.py:1043: UserWarning: You seem to be using the pipelines sequentially on GPU. In order to maximize efficiency please use a dataset
  warnings.warn(
---------------------------------------- obj_label evaluation ----------------------------------------
pred_col_sg ['obj_mask_sentence_sg_1', 'obj_mask_sentence_sg_2', 'obj_mask_sentence_sg_3']
pred_col_pl ['obj_mask_sentence_pl_1', 'obj_mask_sentence_pl_2', 'obj_mask_sentence_pl_3']
    K  Singular  Plural  Paired Singular-Plural mask_type                                       data_dir
0   1       0.4     0.1                     0.0   def_sap  data/hypernymsuite/SHWARTZ/consistency_group/
1  10       2.8     1.3                     0.5   def_sap  data/hypernymsuite/SHWARTZ/consistency_group/
Save log/bert-large-uncased/hypernymsuite/SHWARTZ/consistency_group//IsA.def_sap.csv
Save log/bert-large-uncased/hypernymsuite/SHWARTZ/consistency_group//IsA.def_sap.tsv

#Test_instances: 12724
/home/chunhua/.local/lib/python3.8/site-packages/transformers/pipelines/base.py:1043: UserWarning: You seem to be using the pipelines sequentially on GPU. In order to maximize efficiency please use a dataset
  warnings.warn(
/home/chunhua/.local/lib/python3.8/site-packages/transformers/pipelines/base.py:1043: UserWarning: You seem to be using the pipelines sequentially on GPU. In order to maximize efficiency please use a dataset
  warnings.warn(
/home/chunhua/.local/lib/python3.8/site-packages/transformers/pipelines/base.py:1043: UserWarning: You seem to be using the pipelines sequentially on GPU. In order to maximize efficiency please use a dataset
  warnings.warn(
---------------------------------------- obj_label evaluation ----------------------------------------
pred_col_sg ['obj_mask_sentence_sg_1', 'obj_mask_sentence_sg_2', 'obj_mask_sentence_sg_3']
pred_col_pl ['obj_mask_sentence_pl_1', 'obj_mask_sentence_pl_2', 'obj_mask_sentence_pl_3']
    K  Singular  Plural  Paired Singular-Plural mask_type                                       data_dir
0   1       1.9     0.3                     0.2   def_dap  data/hypernymsuite/SHWARTZ/consistency_group/
1  10       9.1     3.3                     2.2   def_dap  data/hypernymsuite/SHWARTZ/consistency_group/
Save log/bert-large-uncased/hypernymsuite/SHWARTZ/consistency_group//IsA.def_dap.csv
Save log/bert-large-uncased/hypernymsuite/SHWARTZ/consistency_group//IsA.def_dap.tsv

#Test_instances: 12724
/home/chunhua/.local/lib/python3.8/site-packages/transformers/pipelines/base.py:1043: UserWarning: You seem to be using the pipelines sequentially on GPU. In order to maximize efficiency please use a dataset
  warnings.warn(
/home/chunhua/.local/lib/python3.8/site-packages/transformers/pipelines/base.py:1043: UserWarning: You seem to be using the pipelines sequentially on GPU. In order to maximize efficiency please use a dataset
  warnings.warn(
/home/chunhua/.local/lib/python3.8/site-packages/transformers/pipelines/base.py:1043: UserWarning: You seem to be using the pipelines sequentially on GPU. In order to maximize efficiency please use a dataset
  warnings.warn(
/home/chunhua/.local/lib/python3.8/site-packages/transformers/pipelines/base.py:1043: UserWarning: You seem to be using the pipelines sequentially on GPU. In order to maximize efficiency please use a dataset
  warnings.warn(
/home/chunhua/.local/lib/python3.8/site-packages/transformers/pipelines/base.py:1043: UserWarning: You seem to be using the pipelines sequentially on GPU. In order to maximize efficiency please use a dataset
  warnings.warn(
/home/chunhua/.local/lib/python3.8/site-packages/transformers/pipelines/base.py:1043: UserWarning: You seem to be using the pipelines sequentially on GPU. In order to maximize efficiency please use a dataset
  warnings.warn(
---------------------------------------- obj_label evaluation ----------------------------------------
pred_col_sg ['obj_mask_sentence_sg_1', 'obj_mask_sentence_sg_2', 'obj_mask_sentence_sg_3', 'obj_mask_sentence_sg_4', 'obj_mask_sentence_sg_5', 'obj_mask_sentence_sg_6']
pred_col_pl ['obj_mask_sentence_pl_1', 'obj_mask_sentence_pl_2', 'obj_mask_sentence_pl_3', 'obj_mask_sentence_pl_4', 'obj_mask_sentence_pl_5', 'obj_mask_sentence_pl_6']
    K  Singular  Plural  Paired Singular-Plural mask_type                                       data_dir
0   1       0.1     0.4                     0.1   lsp_sap  data/hypernymsuite/SHWARTZ/consistency_group/
1  10       1.0     3.3                     0.7   lsp_sap  data/hypernymsuite/SHWARTZ/consistency_group/
Save log/bert-large-uncased/hypernymsuite/SHWARTZ/consistency_group//IsA.lsp_sap.csv
Save log/bert-large-uncased/hypernymsuite/SHWARTZ/consistency_group//IsA.lsp_sap.tsv

#Test_instances: 12724
/home/chunhua/.local/lib/python3.8/site-packages/transformers/pipelines/base.py:1043: UserWarning: You seem to be using the pipelines sequentially on GPU. In order to maximize efficiency please use a dataset
  warnings.warn(
/home/chunhua/.local/lib/python3.8/site-packages/transformers/pipelines/base.py:1043: UserWarning: You seem to be using the pipelines sequentially on GPU. In order to maximize efficiency please use a dataset
  warnings.warn(
/home/chunhua/.local/lib/python3.8/site-packages/transformers/pipelines/base.py:1043: UserWarning: You seem to be using the pipelines sequentially on GPU. In order to maximize efficiency please use a dataset
  warnings.warn(
/home/chunhua/.local/lib/python3.8/site-packages/transformers/pipelines/base.py:1043: UserWarning: You seem to be using the pipelines sequentially on GPU. In order to maximize efficiency please use a dataset
  warnings.warn(
/home/chunhua/.local/lib/python3.8/site-packages/transformers/pipelines/base.py:1043: UserWarning: You seem to be using the pipelines sequentially on GPU. In order to maximize efficiency please use a dataset
  warnings.warn(
/home/chunhua/.local/lib/python3.8/site-packages/transformers/pipelines/base.py:1043: UserWarning: You seem to be using the pipelines sequentially on GPU. In order to maximize efficiency please use a dataset
  warnings.warn(
---------------------------------------- obj_label evaluation ----------------------------------------
pred_col_sg ['obj_mask_sentence_sg_1', 'obj_mask_sentence_sg_2', 'obj_mask_sentence_sg_3', 'obj_mask_sentence_sg_4', 'obj_mask_sentence_sg_5', 'obj_mask_sentence_sg_6']
pred_col_pl ['obj_mask_sentence_pl_1', 'obj_mask_sentence_pl_2', 'obj_mask_sentence_pl_3', 'obj_mask_sentence_pl_4', 'obj_mask_sentence_pl_5', 'obj_mask_sentence_pl_6']
    K  Singular  Plural  Paired Singular-Plural mask_type                                       data_dir
0   1       0.2     0.6                     0.2   lsp_dap  data/hypernymsuite/SHWARTZ/consistency_group/
1  10       3.2     5.7                     2.6   lsp_dap  data/hypernymsuite/SHWARTZ/consistency_group/
Save log/bert-large-uncased/hypernymsuite/SHWARTZ/consistency_group//IsA.lsp_dap.csv
Save log/bert-large-uncased/hypernymsuite/SHWARTZ/consistency_group//IsA.lsp_dap.tsv

