Some weights of the model checkpoint at bert-large-uncased were not used when initializing BertForMaskedLM: ['cls.seq_relationship.weight', 'cls.seq_relationship.bias']
- This IS expected if you are initializing BertForMaskedLM from the checkpoint of a model trained on another task or with another architecture (e.g. initializing a BertForSequenceClassification model from a BertForPreTraining model).
- This IS NOT expected if you are initializing BertForMaskedLM from the checkpoint of a model that you expect to be exactly identical (initializing a BertForSequenceClassification model from a BertForSequenceClassification model).
Some weights of the model checkpoint at bert-large-uncased were not used when initializing BertForMaskedLM: ['cls.seq_relationship.weight', 'cls.seq_relationship.bias']
- This IS expected if you are initializing BertForMaskedLM from the checkpoint of a model trained on another task or with another architecture (e.g. initializing a BertForSequenceClassification model from a BertForPreTraining model).
- This IS NOT expected if you are initializing BertForMaskedLM from the checkpoint of a model that you expect to be exactly identical (initializing a BertForSequenceClassification model from a BertForSequenceClassification model).
Debug: False
#Test_instances: 4773
/home/chunhua/.local/lib/python3.8/site-packages/transformers/pipelines/base.py:1043: UserWarning: You seem to be using the pipelines sequentially on GPU. In order to maximize efficiency please use a dataset
  warnings.warn(
/home/chunhua/.local/lib/python3.8/site-packages/transformers/pipelines/base.py:1043: UserWarning: You seem to be using the pipelines sequentially on GPU. In order to maximize efficiency please use a dataset
  warnings.warn(
/home/chunhua/.local/lib/python3.8/site-packages/transformers/pipelines/base.py:1043: UserWarning: You seem to be using the pipelines sequentially on GPU. In order to maximize efficiency please use a dataset
  warnings.warn(
---------------------------------------- obj_label evaluation ----------------------------------------
pred_col_sg ['obj_mask_sentence_sg_1', 'obj_mask_sentence_sg_2', 'obj_mask_sentence_sg_3']
pred_col_pl ['obj_mask_sentence_pl_1', 'obj_mask_sentence_pl_2', 'obj_mask_sentence_pl_3']
    K  Singular  Plural  Paired Singular-Plural mask_type                                         data_dir
0   1       2.9     0.5                     0.4   def_sap  data/hypernymsuite/ALL/LM/consistency_rw_group/
1  10      14.8     2.7                     2.2   def_sap  data/hypernymsuite/ALL/LM/consistency_rw_group/
Save log/bert-large-uncased/hypernymsuite/ALL/LM/consistency_rw_group//IsA.def_sap.csv
Save log/bert-large-uncased/hypernymsuite/ALL/LM/consistency_rw_group//IsA.def_sap.tsv

#Test_instances: 4773
/home/chunhua/.local/lib/python3.8/site-packages/transformers/pipelines/base.py:1043: UserWarning: You seem to be using the pipelines sequentially on GPU. In order to maximize efficiency please use a dataset
  warnings.warn(
/home/chunhua/.local/lib/python3.8/site-packages/transformers/pipelines/base.py:1043: UserWarning: You seem to be using the pipelines sequentially on GPU. In order to maximize efficiency please use a dataset
  warnings.warn(
/home/chunhua/.local/lib/python3.8/site-packages/transformers/pipelines/base.py:1043: UserWarning: You seem to be using the pipelines sequentially on GPU. In order to maximize efficiency please use a dataset
  warnings.warn(
---------------------------------------- obj_label evaluation ----------------------------------------
pred_col_sg ['obj_mask_sentence_sg_1', 'obj_mask_sentence_sg_2', 'obj_mask_sentence_sg_3']
pred_col_pl ['obj_mask_sentence_pl_1', 'obj_mask_sentence_pl_2', 'obj_mask_sentence_pl_3']
    K  Singular  Plural  Paired Singular-Plural mask_type                                         data_dir
0   1       4.2     1.0                     0.8   def_dap  data/hypernymsuite/ALL/LM/consistency_rw_group/
1  10      18.4     5.9                     5.6   def_dap  data/hypernymsuite/ALL/LM/consistency_rw_group/
Save log/bert-large-uncased/hypernymsuite/ALL/LM/consistency_rw_group//IsA.def_dap.csv
Save log/bert-large-uncased/hypernymsuite/ALL/LM/consistency_rw_group//IsA.def_dap.tsv

#Test_instances: 4773
/home/chunhua/.local/lib/python3.8/site-packages/transformers/pipelines/base.py:1043: UserWarning: You seem to be using the pipelines sequentially on GPU. In order to maximize efficiency please use a dataset
  warnings.warn(
/home/chunhua/.local/lib/python3.8/site-packages/transformers/pipelines/base.py:1043: UserWarning: You seem to be using the pipelines sequentially on GPU. In order to maximize efficiency please use a dataset
  warnings.warn(
/home/chunhua/.local/lib/python3.8/site-packages/transformers/pipelines/base.py:1043: UserWarning: You seem to be using the pipelines sequentially on GPU. In order to maximize efficiency please use a dataset
  warnings.warn(
/home/chunhua/.local/lib/python3.8/site-packages/transformers/pipelines/base.py:1043: UserWarning: You seem to be using the pipelines sequentially on GPU. In order to maximize efficiency please use a dataset
  warnings.warn(
/home/chunhua/.local/lib/python3.8/site-packages/transformers/pipelines/base.py:1043: UserWarning: You seem to be using the pipelines sequentially on GPU. In order to maximize efficiency please use a dataset
  warnings.warn(
/home/chunhua/.local/lib/python3.8/site-packages/transformers/pipelines/base.py:1043: UserWarning: You seem to be using the pipelines sequentially on GPU. In order to maximize efficiency please use a dataset
  warnings.warn(
---------------------------------------- obj_label evaluation ----------------------------------------
pred_col_sg ['obj_mask_sentence_sg_1', 'obj_mask_sentence_sg_2', 'obj_mask_sentence_sg_3', 'obj_mask_sentence_sg_4', 'obj_mask_sentence_sg_5', 'obj_mask_sentence_sg_6']
pred_col_pl ['obj_mask_sentence_pl_1', 'obj_mask_sentence_pl_2', 'obj_mask_sentence_pl_3', 'obj_mask_sentence_pl_4', 'obj_mask_sentence_pl_5', 'obj_mask_sentence_pl_6']
    K  Singular  Plural  Paired Singular-Plural mask_type                                         data_dir
0   1       0.0     0.3                     0.0   lsp_sap  data/hypernymsuite/ALL/LM/consistency_rw_group/
1  10       0.7     7.8                     0.5   lsp_sap  data/hypernymsuite/ALL/LM/consistency_rw_group/
Save log/bert-large-uncased/hypernymsuite/ALL/LM/consistency_rw_group//IsA.lsp_sap.csv
Save log/bert-large-uncased/hypernymsuite/ALL/LM/consistency_rw_group//IsA.lsp_sap.tsv

#Test_instances: 4773
/home/chunhua/.local/lib/python3.8/site-packages/transformers/pipelines/base.py:1043: UserWarning: You seem to be using the pipelines sequentially on GPU. In order to maximize efficiency please use a dataset
  warnings.warn(
/home/chunhua/.local/lib/python3.8/site-packages/transformers/pipelines/base.py:1043: UserWarning: You seem to be using the pipelines sequentially on GPU. In order to maximize efficiency please use a dataset
  warnings.warn(
/home/chunhua/.local/lib/python3.8/site-packages/transformers/pipelines/base.py:1043: UserWarning: You seem to be using the pipelines sequentially on GPU. In order to maximize efficiency please use a dataset
  warnings.warn(
/home/chunhua/.local/lib/python3.8/site-packages/transformers/pipelines/base.py:1043: UserWarning: You seem to be using the pipelines sequentially on GPU. In order to maximize efficiency please use a dataset
  warnings.warn(
/home/chunhua/.local/lib/python3.8/site-packages/transformers/pipelines/base.py:1043: UserWarning: You seem to be using the pipelines sequentially on GPU. In order to maximize efficiency please use a dataset
  warnings.warn(
/home/chunhua/.local/lib/python3.8/site-packages/transformers/pipelines/base.py:1043: UserWarning: You seem to be using the pipelines sequentially on GPU. In order to maximize efficiency please use a dataset
  warnings.warn(
---------------------------------------- obj_label evaluation ----------------------------------------
pred_col_sg ['obj_mask_sentence_sg_1', 'obj_mask_sentence_sg_2', 'obj_mask_sentence_sg_3', 'obj_mask_sentence_sg_4', 'obj_mask_sentence_sg_5', 'obj_mask_sentence_sg_6']
pred_col_pl ['obj_mask_sentence_pl_1', 'obj_mask_sentence_pl_2', 'obj_mask_sentence_pl_3', 'obj_mask_sentence_pl_4', 'obj_mask_sentence_pl_5', 'obj_mask_sentence_pl_6']
    K  Singular  Plural  Paired Singular-Plural mask_type                                         data_dir
0   1       0.0     1.0                     0.0   lsp_dap  data/hypernymsuite/ALL/LM/consistency_rw_group/
1  10       2.3    12.1                     2.1   lsp_dap  data/hypernymsuite/ALL/LM/consistency_rw_group/
Save log/bert-large-uncased/hypernymsuite/ALL/LM/consistency_rw_group//IsA.lsp_dap.csv
Save log/bert-large-uncased/hypernymsuite/ALL/LM/consistency_rw_group//IsA.lsp_dap.tsv

Some weights of the model checkpoint at bert-large-uncased were not used when initializing BertForMaskedLM: ['cls.seq_relationship.bias', 'cls.seq_relationship.weight']
- This IS expected if you are initializing BertForMaskedLM from the checkpoint of a model trained on another task or with another architecture (e.g. initializing a BertForSequenceClassification model from a BertForPreTraining model).
- This IS NOT expected if you are initializing BertForMaskedLM from the checkpoint of a model that you expect to be exactly identical (initializing a BertForSequenceClassification model from a BertForSequenceClassification model).
Some weights of the model checkpoint at bert-large-uncased were not used when initializing BertForMaskedLM: ['cls.seq_relationship.bias', 'cls.seq_relationship.weight']
- This IS expected if you are initializing BertForMaskedLM from the checkpoint of a model trained on another task or with another architecture (e.g. initializing a BertForSequenceClassification model from a BertForPreTraining model).
- This IS NOT expected if you are initializing BertForMaskedLM from the checkpoint of a model that you expect to be exactly identical (initializing a BertForSequenceClassification model from a BertForSequenceClassification model).
Debug: False
#Test_instances: 4773
/home/chunhua/.local/lib/python3.8/site-packages/transformers/pipelines/base.py:1043: UserWarning: You seem to be using the pipelines sequentially on GPU. In order to maximize efficiency please use a dataset
  warnings.warn(
/home/chunhua/.local/lib/python3.8/site-packages/transformers/pipelines/base.py:1043: UserWarning: You seem to be using the pipelines sequentially on GPU. In order to maximize efficiency please use a dataset
  warnings.warn(
/home/chunhua/.local/lib/python3.8/site-packages/transformers/pipelines/base.py:1043: UserWarning: You seem to be using the pipelines sequentially on GPU. In order to maximize efficiency please use a dataset
  warnings.warn(
---------------------------------------- obj_label evaluation ----------------------------------------
pred_col_sg ['obj_mask_sentence_sg_1', 'obj_mask_sentence_sg_2', 'obj_mask_sentence_sg_3']
pred_col_pl ['obj_mask_sentence_pl_1', 'obj_mask_sentence_pl_2', 'obj_mask_sentence_pl_3']
    K  Singular  Plural  Paired Singular-Plural mask_type                                           data_dir
0   1       2.9     0.5                     0.4   def_sap  data/hypernymsuite/ALL/ShareSWOWSimilar/consis...
1  10      14.8     2.7                     2.2   def_sap  data/hypernymsuite/ALL/ShareSWOWSimilar/consis...
Save log/bert-large-uncased/hypernymsuite/ALL/ShareSWOWSimilar/consistency_rw_group//IsA.def_sap.csv
Save log/bert-large-uncased/hypernymsuite/ALL/ShareSWOWSimilar/consistency_rw_group//IsA.def_sap.tsv

#Test_instances: 4773
/home/chunhua/.local/lib/python3.8/site-packages/transformers/pipelines/base.py:1043: UserWarning: You seem to be using the pipelines sequentially on GPU. In order to maximize efficiency please use a dataset
  warnings.warn(
/home/chunhua/.local/lib/python3.8/site-packages/transformers/pipelines/base.py:1043: UserWarning: You seem to be using the pipelines sequentially on GPU. In order to maximize efficiency please use a dataset
  warnings.warn(
/home/chunhua/.local/lib/python3.8/site-packages/transformers/pipelines/base.py:1043: UserWarning: You seem to be using the pipelines sequentially on GPU. In order to maximize efficiency please use a dataset
  warnings.warn(
---------------------------------------- obj_label evaluation ----------------------------------------
pred_col_sg ['obj_mask_sentence_sg_1', 'obj_mask_sentence_sg_2', 'obj_mask_sentence_sg_3']
pred_col_pl ['obj_mask_sentence_pl_1', 'obj_mask_sentence_pl_2', 'obj_mask_sentence_pl_3']
    K  Singular  Plural  Paired Singular-Plural mask_type                                           data_dir
0   1       4.0     1.1                     0.7   def_dap  data/hypernymsuite/ALL/ShareSWOWSimilar/consis...
1  10      19.2     6.7                     6.3   def_dap  data/hypernymsuite/ALL/ShareSWOWSimilar/consis...
Save log/bert-large-uncased/hypernymsuite/ALL/ShareSWOWSimilar/consistency_rw_group//IsA.def_dap.csv
Save log/bert-large-uncased/hypernymsuite/ALL/ShareSWOWSimilar/consistency_rw_group//IsA.def_dap.tsv

#Test_instances: 4773
/home/chunhua/.local/lib/python3.8/site-packages/transformers/pipelines/base.py:1043: UserWarning: You seem to be using the pipelines sequentially on GPU. In order to maximize efficiency please use a dataset
  warnings.warn(
/home/chunhua/.local/lib/python3.8/site-packages/transformers/pipelines/base.py:1043: UserWarning: You seem to be using the pipelines sequentially on GPU. In order to maximize efficiency please use a dataset
  warnings.warn(
/home/chunhua/.local/lib/python3.8/site-packages/transformers/pipelines/base.py:1043: UserWarning: You seem to be using the pipelines sequentially on GPU. In order to maximize efficiency please use a dataset
  warnings.warn(
/home/chunhua/.local/lib/python3.8/site-packages/transformers/pipelines/base.py:1043: UserWarning: You seem to be using the pipelines sequentially on GPU. In order to maximize efficiency please use a dataset
  warnings.warn(
/home/chunhua/.local/lib/python3.8/site-packages/transformers/pipelines/base.py:1043: UserWarning: You seem to be using the pipelines sequentially on GPU. In order to maximize efficiency please use a dataset
  warnings.warn(
/home/chunhua/.local/lib/python3.8/site-packages/transformers/pipelines/base.py:1043: UserWarning: You seem to be using the pipelines sequentially on GPU. In order to maximize efficiency please use a dataset
  warnings.warn(
---------------------------------------- obj_label evaluation ----------------------------------------
pred_col_sg ['obj_mask_sentence_sg_1', 'obj_mask_sentence_sg_2', 'obj_mask_sentence_sg_3', 'obj_mask_sentence_sg_4', 'obj_mask_sentence_sg_5', 'obj_mask_sentence_sg_6']
pred_col_pl ['obj_mask_sentence_pl_1', 'obj_mask_sentence_pl_2', 'obj_mask_sentence_pl_3', 'obj_mask_sentence_pl_4', 'obj_mask_sentence_pl_5', 'obj_mask_sentence_pl_6']
    K  Singular  Plural  Paired Singular-Plural mask_type                                           data_dir
0   1       0.0     0.3                     0.0   lsp_sap  data/hypernymsuite/ALL/ShareSWOWSimilar/consis...
1  10       0.7     7.8                     0.5   lsp_sap  data/hypernymsuite/ALL/ShareSWOWSimilar/consis...
Save log/bert-large-uncased/hypernymsuite/ALL/ShareSWOWSimilar/consistency_rw_group//IsA.lsp_sap.csv
Save log/bert-large-uncased/hypernymsuite/ALL/ShareSWOWSimilar/consistency_rw_group//IsA.lsp_sap.tsv

#Test_instances: 4773
/home/chunhua/.local/lib/python3.8/site-packages/transformers/pipelines/base.py:1043: UserWarning: You seem to be using the pipelines sequentially on GPU. In order to maximize efficiency please use a dataset
  warnings.warn(
/home/chunhua/.local/lib/python3.8/site-packages/transformers/pipelines/base.py:1043: UserWarning: You seem to be using the pipelines sequentially on GPU. In order to maximize efficiency please use a dataset
  warnings.warn(
/home/chunhua/.local/lib/python3.8/site-packages/transformers/pipelines/base.py:1043: UserWarning: You seem to be using the pipelines sequentially on GPU. In order to maximize efficiency please use a dataset
  warnings.warn(
/home/chunhua/.local/lib/python3.8/site-packages/transformers/pipelines/base.py:1043: UserWarning: You seem to be using the pipelines sequentially on GPU. In order to maximize efficiency please use a dataset
  warnings.warn(
/home/chunhua/.local/lib/python3.8/site-packages/transformers/pipelines/base.py:1043: UserWarning: You seem to be using the pipelines sequentially on GPU. In order to maximize efficiency please use a dataset
  warnings.warn(
/home/chunhua/.local/lib/python3.8/site-packages/transformers/pipelines/base.py:1043: UserWarning: You seem to be using the pipelines sequentially on GPU. In order to maximize efficiency please use a dataset
  warnings.warn(
---------------------------------------- obj_label evaluation ----------------------------------------
pred_col_sg ['obj_mask_sentence_sg_1', 'obj_mask_sentence_sg_2', 'obj_mask_sentence_sg_3', 'obj_mask_sentence_sg_4', 'obj_mask_sentence_sg_5', 'obj_mask_sentence_sg_6']
pred_col_pl ['obj_mask_sentence_pl_1', 'obj_mask_sentence_pl_2', 'obj_mask_sentence_pl_3', 'obj_mask_sentence_pl_4', 'obj_mask_sentence_pl_5', 'obj_mask_sentence_pl_6']
    K  Singular  Plural  Paired Singular-Plural mask_type                                           data_dir
0   1       0.0     0.9                     0.0   lsp_dap  data/hypernymsuite/ALL/ShareSWOWSimilar/consis...
1  10       2.0    11.8                     1.9   lsp_dap  data/hypernymsuite/ALL/ShareSWOWSimilar/consis...
Save log/bert-large-uncased/hypernymsuite/ALL/ShareSWOWSimilar/consistency_rw_group//IsA.lsp_dap.csv
Save log/bert-large-uncased/hypernymsuite/ALL/ShareSWOWSimilar/consistency_rw_group//IsA.lsp_dap.tsv

Some weights of the model checkpoint at bert-large-uncased were not used when initializing BertForMaskedLM: ['cls.seq_relationship.bias', 'cls.seq_relationship.weight']
- This IS expected if you are initializing BertForMaskedLM from the checkpoint of a model trained on another task or with another architecture (e.g. initializing a BertForSequenceClassification model from a BertForPreTraining model).
- This IS NOT expected if you are initializing BertForMaskedLM from the checkpoint of a model that you expect to be exactly identical (initializing a BertForSequenceClassification model from a BertForSequenceClassification model).
Some weights of the model checkpoint at bert-large-uncased were not used when initializing BertForMaskedLM: ['cls.seq_relationship.bias', 'cls.seq_relationship.weight']
- This IS expected if you are initializing BertForMaskedLM from the checkpoint of a model trained on another task or with another architecture (e.g. initializing a BertForSequenceClassification model from a BertForPreTraining model).
- This IS NOT expected if you are initializing BertForMaskedLM from the checkpoint of a model that you expect to be exactly identical (initializing a BertForSequenceClassification model from a BertForSequenceClassification model).
Debug: False
#Test_instances: 4773
/home/chunhua/.local/lib/python3.8/site-packages/transformers/pipelines/base.py:1043: UserWarning: You seem to be using the pipelines sequentially on GPU. In order to maximize efficiency please use a dataset
  warnings.warn(
/home/chunhua/.local/lib/python3.8/site-packages/transformers/pipelines/base.py:1043: UserWarning: You seem to be using the pipelines sequentially on GPU. In order to maximize efficiency please use a dataset
  warnings.warn(
/home/chunhua/.local/lib/python3.8/site-packages/transformers/pipelines/base.py:1043: UserWarning: You seem to be using the pipelines sequentially on GPU. In order to maximize efficiency please use a dataset
  warnings.warn(
---------------------------------------- obj_label evaluation ----------------------------------------
pred_col_sg ['obj_mask_sentence_sg_1', 'obj_mask_sentence_sg_2', 'obj_mask_sentence_sg_3']
pred_col_pl ['obj_mask_sentence_pl_1', 'obj_mask_sentence_pl_2', 'obj_mask_sentence_pl_3']
    K  Singular  Plural  Paired Singular-Plural mask_type                                           data_dir
0   1       2.9     0.5                     0.4   def_sap  data/hypernymsuite/ALL/ShareSWOWStrength/consi...
1  10      14.8     2.7                     2.2   def_sap  data/hypernymsuite/ALL/ShareSWOWStrength/consi...
Save log/bert-large-uncased/hypernymsuite/ALL/ShareSWOWStrength/consistency_rw_group//IsA.def_sap.csv
Save log/bert-large-uncased/hypernymsuite/ALL/ShareSWOWStrength/consistency_rw_group//IsA.def_sap.tsv

#Test_instances: 4773
/home/chunhua/.local/lib/python3.8/site-packages/transformers/pipelines/base.py:1043: UserWarning: You seem to be using the pipelines sequentially on GPU. In order to maximize efficiency please use a dataset
  warnings.warn(
/home/chunhua/.local/lib/python3.8/site-packages/transformers/pipelines/base.py:1043: UserWarning: You seem to be using the pipelines sequentially on GPU. In order to maximize efficiency please use a dataset
  warnings.warn(
/home/chunhua/.local/lib/python3.8/site-packages/transformers/pipelines/base.py:1043: UserWarning: You seem to be using the pipelines sequentially on GPU. In order to maximize efficiency please use a dataset
  warnings.warn(
---------------------------------------- obj_label evaluation ----------------------------------------
pred_col_sg ['obj_mask_sentence_sg_1', 'obj_mask_sentence_sg_2', 'obj_mask_sentence_sg_3']
pred_col_pl ['obj_mask_sentence_pl_1', 'obj_mask_sentence_pl_2', 'obj_mask_sentence_pl_3']
    K  Singular  Plural  Paired Singular-Plural mask_type                                           data_dir
0   1       4.2     1.2                     0.9   def_dap  data/hypernymsuite/ALL/ShareSWOWStrength/consi...
1  10      18.8     6.4                     6.0   def_dap  data/hypernymsuite/ALL/ShareSWOWStrength/consi...
Save log/bert-large-uncased/hypernymsuite/ALL/ShareSWOWStrength/consistency_rw_group//IsA.def_dap.csv
Save log/bert-large-uncased/hypernymsuite/ALL/ShareSWOWStrength/consistency_rw_group//IsA.def_dap.tsv

#Test_instances: 4773
/home/chunhua/.local/lib/python3.8/site-packages/transformers/pipelines/base.py:1043: UserWarning: You seem to be using the pipelines sequentially on GPU. In order to maximize efficiency please use a dataset
  warnings.warn(
/home/chunhua/.local/lib/python3.8/site-packages/transformers/pipelines/base.py:1043: UserWarning: You seem to be using the pipelines sequentially on GPU. In order to maximize efficiency please use a dataset
  warnings.warn(
/home/chunhua/.local/lib/python3.8/site-packages/transformers/pipelines/base.py:1043: UserWarning: You seem to be using the pipelines sequentially on GPU. In order to maximize efficiency please use a dataset
  warnings.warn(
/home/chunhua/.local/lib/python3.8/site-packages/transformers/pipelines/base.py:1043: UserWarning: You seem to be using the pipelines sequentially on GPU. In order to maximize efficiency please use a dataset
  warnings.warn(
/home/chunhua/.local/lib/python3.8/site-packages/transformers/pipelines/base.py:1043: UserWarning: You seem to be using the pipelines sequentially on GPU. In order to maximize efficiency please use a dataset
  warnings.warn(
/home/chunhua/.local/lib/python3.8/site-packages/transformers/pipelines/base.py:1043: UserWarning: You seem to be using the pipelines sequentially on GPU. In order to maximize efficiency please use a dataset
  warnings.warn(
---------------------------------------- obj_label evaluation ----------------------------------------
pred_col_sg ['obj_mask_sentence_sg_1', 'obj_mask_sentence_sg_2', 'obj_mask_sentence_sg_3', 'obj_mask_sentence_sg_4', 'obj_mask_sentence_sg_5', 'obj_mask_sentence_sg_6']
pred_col_pl ['obj_mask_sentence_pl_1', 'obj_mask_sentence_pl_2', 'obj_mask_sentence_pl_3', 'obj_mask_sentence_pl_4', 'obj_mask_sentence_pl_5', 'obj_mask_sentence_pl_6']
    K  Singular  Plural  Paired Singular-Plural mask_type                                           data_dir
0   1       0.0     0.3                     0.0   lsp_sap  data/hypernymsuite/ALL/ShareSWOWStrength/consi...
1  10       0.7     7.8                     0.5   lsp_sap  data/hypernymsuite/ALL/ShareSWOWStrength/consi...
Save log/bert-large-uncased/hypernymsuite/ALL/ShareSWOWStrength/consistency_rw_group//IsA.lsp_sap.csv
Save log/bert-large-uncased/hypernymsuite/ALL/ShareSWOWStrength/consistency_rw_group//IsA.lsp_sap.tsv

#Test_instances: 4773
/home/chunhua/.local/lib/python3.8/site-packages/transformers/pipelines/base.py:1043: UserWarning: You seem to be using the pipelines sequentially on GPU. In order to maximize efficiency please use a dataset
  warnings.warn(
/home/chunhua/.local/lib/python3.8/site-packages/transformers/pipelines/base.py:1043: UserWarning: You seem to be using the pipelines sequentially on GPU. In order to maximize efficiency please use a dataset
  warnings.warn(
/home/chunhua/.local/lib/python3.8/site-packages/transformers/pipelines/base.py:1043: UserWarning: You seem to be using the pipelines sequentially on GPU. In order to maximize efficiency please use a dataset
  warnings.warn(
/home/chunhua/.local/lib/python3.8/site-packages/transformers/pipelines/base.py:1043: UserWarning: You seem to be using the pipelines sequentially on GPU. In order to maximize efficiency please use a dataset
  warnings.warn(
/home/chunhua/.local/lib/python3.8/site-packages/transformers/pipelines/base.py:1043: UserWarning: You seem to be using the pipelines sequentially on GPU. In order to maximize efficiency please use a dataset
  warnings.warn(
/home/chunhua/.local/lib/python3.8/site-packages/transformers/pipelines/base.py:1043: UserWarning: You seem to be using the pipelines sequentially on GPU. In order to maximize efficiency please use a dataset
  warnings.warn(
---------------------------------------- obj_label evaluation ----------------------------------------
pred_col_sg ['obj_mask_sentence_sg_1', 'obj_mask_sentence_sg_2', 'obj_mask_sentence_sg_3', 'obj_mask_sentence_sg_4', 'obj_mask_sentence_sg_5', 'obj_mask_sentence_sg_6']
pred_col_pl ['obj_mask_sentence_pl_1', 'obj_mask_sentence_pl_2', 'obj_mask_sentence_pl_3', 'obj_mask_sentence_pl_4', 'obj_mask_sentence_pl_5', 'obj_mask_sentence_pl_6']
    K  Singular  Plural  Paired Singular-Plural mask_type                                           data_dir
0   1       0.0     1.0                     0.0   lsp_dap  data/hypernymsuite/ALL/ShareSWOWStrength/consi...
1  10       2.0    11.5                     1.8   lsp_dap  data/hypernymsuite/ALL/ShareSWOWStrength/consi...
Save log/bert-large-uncased/hypernymsuite/ALL/ShareSWOWStrength/consistency_rw_group//IsA.lsp_dap.csv
Save log/bert-large-uncased/hypernymsuite/ALL/ShareSWOWStrength/consistency_rw_group//IsA.lsp_dap.tsv

Some weights of the model checkpoint at bert-large-uncased were not used when initializing BertForMaskedLM: ['cls.seq_relationship.bias', 'cls.seq_relationship.weight']
- This IS expected if you are initializing BertForMaskedLM from the checkpoint of a model trained on another task or with another architecture (e.g. initializing a BertForSequenceClassification model from a BertForPreTraining model).
- This IS NOT expected if you are initializing BertForMaskedLM from the checkpoint of a model that you expect to be exactly identical (initializing a BertForSequenceClassification model from a BertForSequenceClassification model).
Some weights of the model checkpoint at bert-large-uncased were not used when initializing BertForMaskedLM: ['cls.seq_relationship.bias', 'cls.seq_relationship.weight']
- This IS expected if you are initializing BertForMaskedLM from the checkpoint of a model trained on another task or with another architecture (e.g. initializing a BertForSequenceClassification model from a BertForPreTraining model).
- This IS NOT expected if you are initializing BertForMaskedLM from the checkpoint of a model that you expect to be exactly identical (initializing a BertForSequenceClassification model from a BertForSequenceClassification model).
Debug: False
#Test_instances: 4773
/home/chunhua/.local/lib/python3.8/site-packages/transformers/pipelines/base.py:1043: UserWarning: You seem to be using the pipelines sequentially on GPU. In order to maximize efficiency please use a dataset
  warnings.warn(
/home/chunhua/.local/lib/python3.8/site-packages/transformers/pipelines/base.py:1043: UserWarning: You seem to be using the pipelines sequentially on GPU. In order to maximize efficiency please use a dataset
  warnings.warn(
/home/chunhua/.local/lib/python3.8/site-packages/transformers/pipelines/base.py:1043: UserWarning: You seem to be using the pipelines sequentially on GPU. In order to maximize efficiency please use a dataset
  warnings.warn(
---------------------------------------- obj_label evaluation ----------------------------------------
pred_col_sg ['obj_mask_sentence_sg_1', 'obj_mask_sentence_sg_2', 'obj_mask_sentence_sg_3']
pred_col_pl ['obj_mask_sentence_pl_1', 'obj_mask_sentence_pl_2', 'obj_mask_sentence_pl_3']
    K  Singular  Plural  Paired Singular-Plural mask_type                                           data_dir
0   1       2.9     0.5                     0.4   def_sap  data/hypernymsuite/ALL/SWOWSimilar/consistency...
1  10      14.8     2.7                     2.2   def_sap  data/hypernymsuite/ALL/SWOWSimilar/consistency...
Save log/bert-large-uncased/hypernymsuite/ALL/SWOWSimilar/consistency_rw_group//IsA.def_sap.csv
Save log/bert-large-uncased/hypernymsuite/ALL/SWOWSimilar/consistency_rw_group//IsA.def_sap.tsv

#Test_instances: 4773
/home/chunhua/.local/lib/python3.8/site-packages/transformers/pipelines/base.py:1043: UserWarning: You seem to be using the pipelines sequentially on GPU. In order to maximize efficiency please use a dataset
  warnings.warn(
/home/chunhua/.local/lib/python3.8/site-packages/transformers/pipelines/base.py:1043: UserWarning: You seem to be using the pipelines sequentially on GPU. In order to maximize efficiency please use a dataset
  warnings.warn(
/home/chunhua/.local/lib/python3.8/site-packages/transformers/pipelines/base.py:1043: UserWarning: You seem to be using the pipelines sequentially on GPU. In order to maximize efficiency please use a dataset
  warnings.warn(
---------------------------------------- obj_label evaluation ----------------------------------------
pred_col_sg ['obj_mask_sentence_sg_1', 'obj_mask_sentence_sg_2', 'obj_mask_sentence_sg_3']
pred_col_pl ['obj_mask_sentence_pl_1', 'obj_mask_sentence_pl_2', 'obj_mask_sentence_pl_3']
    K  Singular  Plural  Paired Singular-Plural mask_type                                           data_dir
0   1       4.3     1.2                     0.9   def_dap  data/hypernymsuite/ALL/SWOWSimilar/consistency...
1  10      19.3     6.6                     6.2   def_dap  data/hypernymsuite/ALL/SWOWSimilar/consistency...
Save log/bert-large-uncased/hypernymsuite/ALL/SWOWSimilar/consistency_rw_group//IsA.def_dap.csv
Save log/bert-large-uncased/hypernymsuite/ALL/SWOWSimilar/consistency_rw_group//IsA.def_dap.tsv

#Test_instances: 4773
/home/chunhua/.local/lib/python3.8/site-packages/transformers/pipelines/base.py:1043: UserWarning: You seem to be using the pipelines sequentially on GPU. In order to maximize efficiency please use a dataset
  warnings.warn(
/home/chunhua/.local/lib/python3.8/site-packages/transformers/pipelines/base.py:1043: UserWarning: You seem to be using the pipelines sequentially on GPU. In order to maximize efficiency please use a dataset
  warnings.warn(
/home/chunhua/.local/lib/python3.8/site-packages/transformers/pipelines/base.py:1043: UserWarning: You seem to be using the pipelines sequentially on GPU. In order to maximize efficiency please use a dataset
  warnings.warn(
/home/chunhua/.local/lib/python3.8/site-packages/transformers/pipelines/base.py:1043: UserWarning: You seem to be using the pipelines sequentially on GPU. In order to maximize efficiency please use a dataset
  warnings.warn(
/home/chunhua/.local/lib/python3.8/site-packages/transformers/pipelines/base.py:1043: UserWarning: You seem to be using the pipelines sequentially on GPU. In order to maximize efficiency please use a dataset
  warnings.warn(
/home/chunhua/.local/lib/python3.8/site-packages/transformers/pipelines/base.py:1043: UserWarning: You seem to be using the pipelines sequentially on GPU. In order to maximize efficiency please use a dataset
  warnings.warn(
---------------------------------------- obj_label evaluation ----------------------------------------
pred_col_sg ['obj_mask_sentence_sg_1', 'obj_mask_sentence_sg_2', 'obj_mask_sentence_sg_3', 'obj_mask_sentence_sg_4', 'obj_mask_sentence_sg_5', 'obj_mask_sentence_sg_6']
pred_col_pl ['obj_mask_sentence_pl_1', 'obj_mask_sentence_pl_2', 'obj_mask_sentence_pl_3', 'obj_mask_sentence_pl_4', 'obj_mask_sentence_pl_5', 'obj_mask_sentence_pl_6']
    K  Singular  Plural  Paired Singular-Plural mask_type                                           data_dir
0   1       0.0     0.3                     0.0   lsp_sap  data/hypernymsuite/ALL/SWOWSimilar/consistency...
1  10       0.7     7.8                     0.5   lsp_sap  data/hypernymsuite/ALL/SWOWSimilar/consistency...
Save log/bert-large-uncased/hypernymsuite/ALL/SWOWSimilar/consistency_rw_group//IsA.lsp_sap.csv
Save log/bert-large-uncased/hypernymsuite/ALL/SWOWSimilar/consistency_rw_group//IsA.lsp_sap.tsv

#Test_instances: 4773
/home/chunhua/.local/lib/python3.8/site-packages/transformers/pipelines/base.py:1043: UserWarning: You seem to be using the pipelines sequentially on GPU. In order to maximize efficiency please use a dataset
  warnings.warn(
/home/chunhua/.local/lib/python3.8/site-packages/transformers/pipelines/base.py:1043: UserWarning: You seem to be using the pipelines sequentially on GPU. In order to maximize efficiency please use a dataset
  warnings.warn(
/home/chunhua/.local/lib/python3.8/site-packages/transformers/pipelines/base.py:1043: UserWarning: You seem to be using the pipelines sequentially on GPU. In order to maximize efficiency please use a dataset
  warnings.warn(
/home/chunhua/.local/lib/python3.8/site-packages/transformers/pipelines/base.py:1043: UserWarning: You seem to be using the pipelines sequentially on GPU. In order to maximize efficiency please use a dataset
  warnings.warn(
/home/chunhua/.local/lib/python3.8/site-packages/transformers/pipelines/base.py:1043: UserWarning: You seem to be using the pipelines sequentially on GPU. In order to maximize efficiency please use a dataset
  warnings.warn(
/home/chunhua/.local/lib/python3.8/site-packages/transformers/pipelines/base.py:1043: UserWarning: You seem to be using the pipelines sequentially on GPU. In order to maximize efficiency please use a dataset
  warnings.warn(
---------------------------------------- obj_label evaluation ----------------------------------------
pred_col_sg ['obj_mask_sentence_sg_1', 'obj_mask_sentence_sg_2', 'obj_mask_sentence_sg_3', 'obj_mask_sentence_sg_4', 'obj_mask_sentence_sg_5', 'obj_mask_sentence_sg_6']
pred_col_pl ['obj_mask_sentence_pl_1', 'obj_mask_sentence_pl_2', 'obj_mask_sentence_pl_3', 'obj_mask_sentence_pl_4', 'obj_mask_sentence_pl_5', 'obj_mask_sentence_pl_6']
    K  Singular  Plural  Paired Singular-Plural mask_type                                           data_dir
0   1       0.0     0.9                     0.0   lsp_dap  data/hypernymsuite/ALL/SWOWSimilar/consistency...
1  10       2.3    12.5                     2.1   lsp_dap  data/hypernymsuite/ALL/SWOWSimilar/consistency...
Save log/bert-large-uncased/hypernymsuite/ALL/SWOWSimilar/consistency_rw_group//IsA.lsp_dap.csv
Save log/bert-large-uncased/hypernymsuite/ALL/SWOWSimilar/consistency_rw_group//IsA.lsp_dap.tsv

Some weights of the model checkpoint at bert-large-uncased were not used when initializing BertForMaskedLM: ['cls.seq_relationship.bias', 'cls.seq_relationship.weight']
- This IS expected if you are initializing BertForMaskedLM from the checkpoint of a model trained on another task or with another architecture (e.g. initializing a BertForSequenceClassification model from a BertForPreTraining model).
- This IS NOT expected if you are initializing BertForMaskedLM from the checkpoint of a model that you expect to be exactly identical (initializing a BertForSequenceClassification model from a BertForSequenceClassification model).
Some weights of the model checkpoint at bert-large-uncased were not used when initializing BertForMaskedLM: ['cls.seq_relationship.bias', 'cls.seq_relationship.weight']
- This IS expected if you are initializing BertForMaskedLM from the checkpoint of a model trained on another task or with another architecture (e.g. initializing a BertForSequenceClassification model from a BertForPreTraining model).
- This IS NOT expected if you are initializing BertForMaskedLM from the checkpoint of a model that you expect to be exactly identical (initializing a BertForSequenceClassification model from a BertForSequenceClassification model).
Debug: False
#Test_instances: 4773
/home/chunhua/.local/lib/python3.8/site-packages/transformers/pipelines/base.py:1043: UserWarning: You seem to be using the pipelines sequentially on GPU. In order to maximize efficiency please use a dataset
  warnings.warn(
/home/chunhua/.local/lib/python3.8/site-packages/transformers/pipelines/base.py:1043: UserWarning: You seem to be using the pipelines sequentially on GPU. In order to maximize efficiency please use a dataset
  warnings.warn(
/home/chunhua/.local/lib/python3.8/site-packages/transformers/pipelines/base.py:1043: UserWarning: You seem to be using the pipelines sequentially on GPU. In order to maximize efficiency please use a dataset
  warnings.warn(
---------------------------------------- obj_label evaluation ----------------------------------------
pred_col_sg ['obj_mask_sentence_sg_1', 'obj_mask_sentence_sg_2', 'obj_mask_sentence_sg_3']
pred_col_pl ['obj_mask_sentence_pl_1', 'obj_mask_sentence_pl_2', 'obj_mask_sentence_pl_3']
    K  Singular  Plural  Paired Singular-Plural mask_type                                           data_dir
0   1       2.9     0.5                     0.4   def_sap  data/hypernymsuite/ALL/SWOWStrength/consistenc...
1  10      14.8     2.7                     2.2   def_sap  data/hypernymsuite/ALL/SWOWStrength/consistenc...
Save log/bert-large-uncased/hypernymsuite/ALL/SWOWStrength/consistency_rw_group//IsA.def_sap.csv
Save log/bert-large-uncased/hypernymsuite/ALL/SWOWStrength/consistency_rw_group//IsA.def_sap.tsv

#Test_instances: 4773
/home/chunhua/.local/lib/python3.8/site-packages/transformers/pipelines/base.py:1043: UserWarning: You seem to be using the pipelines sequentially on GPU. In order to maximize efficiency please use a dataset
  warnings.warn(
/home/chunhua/.local/lib/python3.8/site-packages/transformers/pipelines/base.py:1043: UserWarning: You seem to be using the pipelines sequentially on GPU. In order to maximize efficiency please use a dataset
  warnings.warn(
/home/chunhua/.local/lib/python3.8/site-packages/transformers/pipelines/base.py:1043: UserWarning: You seem to be using the pipelines sequentially on GPU. In order to maximize efficiency please use a dataset
  warnings.warn(
---------------------------------------- obj_label evaluation ----------------------------------------
pred_col_sg ['obj_mask_sentence_sg_1', 'obj_mask_sentence_sg_2', 'obj_mask_sentence_sg_3']
pred_col_pl ['obj_mask_sentence_pl_1', 'obj_mask_sentence_pl_2', 'obj_mask_sentence_pl_3']
    K  Singular  Plural  Paired Singular-Plural mask_type                                           data_dir
0   1       4.4     1.1                     0.8   def_dap  data/hypernymsuite/ALL/SWOWStrength/consistenc...
1  10      19.2     6.6                     6.3   def_dap  data/hypernymsuite/ALL/SWOWStrength/consistenc...
Save log/bert-large-uncased/hypernymsuite/ALL/SWOWStrength/consistency_rw_group//IsA.def_dap.csv
Save log/bert-large-uncased/hypernymsuite/ALL/SWOWStrength/consistency_rw_group//IsA.def_dap.tsv

#Test_instances: 4773
/home/chunhua/.local/lib/python3.8/site-packages/transformers/pipelines/base.py:1043: UserWarning: You seem to be using the pipelines sequentially on GPU. In order to maximize efficiency please use a dataset
  warnings.warn(
/home/chunhua/.local/lib/python3.8/site-packages/transformers/pipelines/base.py:1043: UserWarning: You seem to be using the pipelines sequentially on GPU. In order to maximize efficiency please use a dataset
  warnings.warn(
/home/chunhua/.local/lib/python3.8/site-packages/transformers/pipelines/base.py:1043: UserWarning: You seem to be using the pipelines sequentially on GPU. In order to maximize efficiency please use a dataset
  warnings.warn(
/home/chunhua/.local/lib/python3.8/site-packages/transformers/pipelines/base.py:1043: UserWarning: You seem to be using the pipelines sequentially on GPU. In order to maximize efficiency please use a dataset
  warnings.warn(
/home/chunhua/.local/lib/python3.8/site-packages/transformers/pipelines/base.py:1043: UserWarning: You seem to be using the pipelines sequentially on GPU. In order to maximize efficiency please use a dataset
  warnings.warn(
/home/chunhua/.local/lib/python3.8/site-packages/transformers/pipelines/base.py:1043: UserWarning: You seem to be using the pipelines sequentially on GPU. In order to maximize efficiency please use a dataset
  warnings.warn(
---------------------------------------- obj_label evaluation ----------------------------------------
pred_col_sg ['obj_mask_sentence_sg_1', 'obj_mask_sentence_sg_2', 'obj_mask_sentence_sg_3', 'obj_mask_sentence_sg_4', 'obj_mask_sentence_sg_5', 'obj_mask_sentence_sg_6']
pred_col_pl ['obj_mask_sentence_pl_1', 'obj_mask_sentence_pl_2', 'obj_mask_sentence_pl_3', 'obj_mask_sentence_pl_4', 'obj_mask_sentence_pl_5', 'obj_mask_sentence_pl_6']
    K  Singular  Plural  Paired Singular-Plural mask_type                                           data_dir
0   1       0.0     0.3                     0.0   lsp_sap  data/hypernymsuite/ALL/SWOWStrength/consistenc...
1  10       0.7     7.8                     0.5   lsp_sap  data/hypernymsuite/ALL/SWOWStrength/consistenc...
Save log/bert-large-uncased/hypernymsuite/ALL/SWOWStrength/consistency_rw_group//IsA.lsp_sap.csv
Save log/bert-large-uncased/hypernymsuite/ALL/SWOWStrength/consistency_rw_group//IsA.lsp_sap.tsv

#Test_instances: 4773
/home/chunhua/.local/lib/python3.8/site-packages/transformers/pipelines/base.py:1043: UserWarning: You seem to be using the pipelines sequentially on GPU. In order to maximize efficiency please use a dataset
  warnings.warn(
/home/chunhua/.local/lib/python3.8/site-packages/transformers/pipelines/base.py:1043: UserWarning: You seem to be using the pipelines sequentially on GPU. In order to maximize efficiency please use a dataset
  warnings.warn(
/home/chunhua/.local/lib/python3.8/site-packages/transformers/pipelines/base.py:1043: UserWarning: You seem to be using the pipelines sequentially on GPU. In order to maximize efficiency please use a dataset
  warnings.warn(
/home/chunhua/.local/lib/python3.8/site-packages/transformers/pipelines/base.py:1043: UserWarning: You seem to be using the pipelines sequentially on GPU. In order to maximize efficiency please use a dataset
  warnings.warn(
/home/chunhua/.local/lib/python3.8/site-packages/transformers/pipelines/base.py:1043: UserWarning: You seem to be using the pipelines sequentially on GPU. In order to maximize efficiency please use a dataset
  warnings.warn(
/home/chunhua/.local/lib/python3.8/site-packages/transformers/pipelines/base.py:1043: UserWarning: You seem to be using the pipelines sequentially on GPU. In order to maximize efficiency please use a dataset
  warnings.warn(
---------------------------------------- obj_label evaluation ----------------------------------------
pred_col_sg ['obj_mask_sentence_sg_1', 'obj_mask_sentence_sg_2', 'obj_mask_sentence_sg_3', 'obj_mask_sentence_sg_4', 'obj_mask_sentence_sg_5', 'obj_mask_sentence_sg_6']
pred_col_pl ['obj_mask_sentence_pl_1', 'obj_mask_sentence_pl_2', 'obj_mask_sentence_pl_3', 'obj_mask_sentence_pl_4', 'obj_mask_sentence_pl_5', 'obj_mask_sentence_pl_6']
    K  Singular  Plural  Paired Singular-Plural mask_type                                           data_dir
0   1       0.0     1.0                     0.0   lsp_dap  data/hypernymsuite/ALL/SWOWStrength/consistenc...
1  10       2.2    12.0                     2.0   lsp_dap  data/hypernymsuite/ALL/SWOWStrength/consistenc...
Save log/bert-large-uncased/hypernymsuite/ALL/SWOWStrength/consistency_rw_group//IsA.lsp_dap.csv
Save log/bert-large-uncased/hypernymsuite/ALL/SWOWStrength/consistency_rw_group//IsA.lsp_dap.tsv

