debug: False
---------------------------------------- config ----------------------------------------
{'debug': False, 'test_relations': ['IsA'], 'save_all_data': True, 'top_k': 10, 'data_dir': 'data/hypernymsuite/ALL/SWOWStrength/', 'mask_string_mapping': {'bert-large-uncased': '[MASK]'}, 'use_dap_global': True, 'return_probs': True, 'anchor_scorer_list': ['probAvg'], 'scorer_target_1_prompt': 'probSum', 'scorer_target_N_prompts': 'freqProbLogSum', 'use_original_prompt': True, 'original_prompt_source': 'masked_sentence', 'incorporate_operations': ['concate_or_single'], 'filter_anchors_flag': True, 'filter_objects_flag': True, 'cpt_only': False, 'anchor_types': ['Coordinate_remove_Y_PUNC_FULL'], 'add_cpt_score': False, 'constrain_targets': False, 'only_wordnet_anchor': True, 'add_wordnet_path_score': False, 'add_wordnet_filter': False, 'anchor_probe': 'plural_probe', 'anchor_col_prefix': 'subj_anchors_wordnet', 'anchor_col': 'subj_anchors_swow', 'anchor_col_sg': 'subj_anchors_swow_sg', 'anchor_col_pl': 'subj_anchors_swow_pl', 'anchor_col_all': 'anchor_col_all', 'filter_objects_with_input': True, 'sub_col': 'sub_label', 'sub_col_sg': 'sub_label_sg', 'sub_col_pl': 'sub_label_pl', 'top_k_anchors': 5, 'max_anchor_num_list': [10], 'max_anchor_num': 10, 'sub_col_sgpl': 'sub_label_sgpl', 'filter_objects_with_anchors': False, 'oracle_anchor_inserted': False, 'use_oracle_anchor': True, 'anchor_source': 'WordNet', 'only_swow_anchor': False, 'add_swow_score': False, 'swow_score_source': 'None', 'add_swow_filter': False, 'dataset': 'ALLSWOW'}
---------------------------------------- config ----------------------------------------
reading cohyponyms: pre_post_process/log/word_to_cohyponyms_score_pl.json
Some weights of the model checkpoint at bert-large-uncased were not used when initializing BertForMaskedLM: ['cls.seq_relationship.weight', 'cls.seq_relationship.bias']
- This IS expected if you are initializing BertForMaskedLM from the checkpoint of a model trained on another task or with another architecture (e.g. initializing a BertForSequenceClassification model from a BertForPreTraining model).
- This IS NOT expected if you are initializing BertForMaskedLM from the checkpoint of a model that you expect to be exactly identical (initializing a BertForSequenceClassification model from a BertForSequenceClassification model).
Some weights of the model checkpoint at bert-large-uncased were not used when initializing BertForMaskedLM: ['cls.seq_relationship.weight', 'cls.seq_relationship.bias']
- This IS expected if you are initializing BertForMaskedLM from the checkpoint of a model trained on another task or with another architecture (e.g. initializing a BertForSequenceClassification model from a BertForPreTraining model).
- This IS NOT expected if you are initializing BertForMaskedLM from the checkpoint of a model that you expect to be exactly identical (initializing a BertForSequenceClassification model from a BertForSequenceClassification model).
---------------------------------------- bert-large-uncased-anchor_type: Coordinate_remove_Y_PUNC_FULL-scorer_anchor:probAvg-op:concate_or_single ----------------------------------------
{
    "IsA": {
        "relation": "IsA",
        "def_sap": [
            "[X] is a [MASK].",
            "[X] is a type of [MASK].",
            "[X] is a kind of [MASK]."
        ],
        "def_dap": [
            "[X] or [Z] is a [MASK].",
            "[X] or [Z] is a type of [MASK].",
            "[X] or [Z] is a kind of [MASK]."
        ],
        "lsp_sap": [
            "[MASK] such as [X].",
            "[MASK], including [X].",
            "[MASK], especially [X].",
            "[X] or other [MASK].",
            "[X] and other [MASK].",
            "such [MASK] as [X]."
        ],
        "lsp_dap": [
            "[MASK] such as [X] and [Z].",
            "[MASK], including [X] and [Z].",
            "[MASK], especially [X] and [Z].",
            "[X], [Z] and other [MASK].",
            "[X], [Z] or other [MASK].",
            "such [MASK] as [X] and [Z]."
        ],
        "use_dap": true,
        "anchor_target": "[X]",
        "anchor_lsp_sap": [
            "such as [X] and [MASK].",
            "such as [X] or [MASK].",
            "such as [X], [MASK],",
            "including [X] and [MASK].",
            "including [X] or [MASK].",
            "including [X], [MASK],",
            "especially [X] and [MASK].",
            "especially [X] or [MASK].",
            "especially [X], [MASK],",
            "[X], [MASK] or other",
            "[X], [MASK] and other"
        ]
    }
}
Processing IsA ... data/hypernymsuite/ALL/SWOWStrength//IsA.jsonl
#All Instances: 2078
#Valid Instances: 2078 in ALLSWOW (hyper in BERT)
	 step1: get anchors (fill and filter)
/home/chunhua/.local/lib/python3.8/site-packages/transformers/pipelines/base.py:1043: UserWarning: You seem to be using the pipelines sequentially on GPU. In order to maximize efficiency please use a dataset
  warnings.warn(
--- def_sap
--- lsp_sap
relation: IsA 	 use_dap: True
	 step2: insert anchors
sub_col sub_label
                                                def_dap                          subj_anchors_wordnet_sg
0     [a catfish or [Z] is a [MASK]., a catfish or [...      [mudcat, bream, sunfish, carp, buffalofish]
1     [a lemon or [Z] is a [MASK]., a lemon or [Z] i...  [citrus, orange, citron, calamondin, freestone]
2     [a turtle or [Z] is a [MASK]., a turtle or [Z]...                                        [MISSING]
3     [a bag or [Z] is a [MASK]., a bag or [Z] is a ...                                        [MISSING]
4     [a rabbit or [Z] is a [MASK]., a rabbit or [Z]...                                        [MISSING]
...                                                 ...                                              ...
2073  [a world or [Z] is a [MASK]., a world or [Z] i...                                        [MISSING]
2074  [a world or [Z] is a [MASK]., a world or [Z] i...                                        [MISSING]
2075  [a world or [Z] is a [MASK]., a world or [Z] i...                                        [MISSING]
2076  [a writer or [Z] is a [MASK]., a writer or [Z]...                                        [MISSING]
2077  [a yard or [Z] is a [MASK]., a yard or [Z] is ...            [lea, lot, ground, desert, grassland]

[2019 rows x 2 columns]
                                                lsp_dap                            subj_anchors_wordnet_pl
0     [[MASK] such as catfish and [Z]., [MASK], incl...       [mudcat, breams, sunfish, carp, buffalofish]
1     [[MASK] such as lemon and [Z]., [MASK], includ...  [citruses, orange, citrons, calamondin, freest...
2     [[MASK] such as turtles and [Z]., [MASK], incl...                                          [MISSING]
3     [[MASK] such as bags and [Z]., [MASK], includi...                                          [MISSING]
4     [[MASK] such as rabbits and [Z]., [MASK], incl...                                          [MISSING]
...                                                 ...                                                ...
2073  [[MASK] such as worlds and [Z]., [MASK], inclu...                                          [MISSING]
2074  [[MASK] such as worlds and [Z]., [MASK], inclu...                                          [MISSING]
2075  [[MASK] such as worlds and [Z]., [MASK], inclu...                                          [MISSING]
2076  [[MASK] such as writers and [Z]., [MASK], incl...                                          [MISSING]
2077  [[MASK] such as yard and [Z]., [MASK], includi...         [leas, lots, grounds, deserts, grasslands]

[2019 rows x 2 columns]
	 step3: fill mask in dap anchors

  0%|          | 0/2019 [00:00<?, ?it/s]/home/chunhua/.local/lib/python3.8/site-packages/transformers/pipelines/base.py:1043: UserWarning: You seem to be using the pipelines sequentially on GPU. In order to maximize efficiency please use a dataset
  warnings.warn(

 32%|███▏      | 643/2019 [01:00<02:08, 10.71it/s]
 32%|███▏      | 643/2019 [01:20<02:08, 10.71it/s]
 67%|██████▋   | 1355/2019 [02:00<00:58, 11.39it/s]
 67%|██████▋   | 1355/2019 [02:20<00:58, 11.39it/s]
100%|██████████| 2019/2019 [02:42<00:00, 12.45it/s]

  0%|          | 0/2019 [00:00<?, ?it/s]
 17%|█▋        | 340/2019 [01:00<04:57,  5.64it/s]
 17%|█▋        | 340/2019 [01:17<04:57,  5.64it/s]
 32%|███▏      | 652/2019 [02:00<04:14,  5.37it/s]
 32%|███▏      | 652/2019 [02:17<04:14,  5.37it/s]
 49%|████▉     | 987/2019 [03:00<03:08,  5.46it/s]
 49%|████▉     | 987/2019 [03:17<03:08,  5.46it/s]
 68%|██████▊   | 1369/2019 [04:00<01:51,  5.81it/s]
 68%|██████▊   | 1369/2019 [04:17<01:51,  5.81it/s]
 90%|█████████ | 1818/2019 [05:00<00:31,  6.41it/s]
 90%|█████████ | 1818/2019 [05:17<00:31,  6.41it/s]
100%|██████████| 2019/2019 [05:22<00:00,  6.25it/s]
  sub_label   obj_label relation         masked_sentences                                         sub_sister  uuid  sub_position sub_label_sg sub_label_pl                                            def_sap                                            def_dap                                            lsp_sap                                            lsp_dap                                     anchor_lsp_sap           sub_label_sgpl                                  subj_anchors_swow                                       subj_anchors  obj_in_BERT                                  obj_mask_sentence                            obj_mask_sentence_score                                   obj_mask_def_sap                             obj_mask_def_sap_score                                   obj_mask_lsp_sap                             obj_mask_lsp_sap_score                               subj_anchors_wordnet                          subj_anchors_wordnet_sg  \
0   catfish      [fish]      IsA  [A catfish is a [MASK]]  ['kingfish', 'bream', 'perch', 'butterfish', '...     1             2      catfish      catfish  [a catfish is a [MASK]., a catfish is a type o...  [a catfish or [Z] is a [MASK]., a catfish or [...  [[MASK] such as catfish., [MASK], including ca...  [[MASK] such as catfish and [Z]., [MASK], incl...  [such as catfish and [MASK]., such as catfish ...  catfish catfish catfish                                [whiskers, catsups]  ['bass', 'carp', 'shrimp', 'perch', 'alligator...            1  [fish, boat, river, genus, gastropod, lizard, ...  {'fish': -17.492517940945792, 'boat': -19.0523...  [fish, shrimp, mollusk, swimmer, salmon, bird,...  {'fish': -4.442973047064299, 'shrimp': -12.345...  [fish, species, animal, seafood, reptile, inve...  {'fish': -4.942579534624883, 'species': -9.299...  [mudcat, breams, sunfish, carp, buffalofish, m...      [mudcat, bream, sunfish, carp, buffalofish]   
1     lemon   [produce]      IsA    [A lemon is a [MASK]]  ['orange', 'tangerine', 'mandarin', 'kumquat',...     2             2        lemon        lemon  [a lemon is a [MASK]., a lemon is a type of [M...  [a lemon or [Z] is a [MASK]., a lemon or [Z] i...  [[MASK] such as lemon., [MASK], including lemo...  [[MASK] such as lemon and [Z]., [MASK], includ...  [such as lemon and [MASK]., such as lemon or [...        lemon lemon lemon  [limes, sour, citruses, yellow, rinds, lemonad...  ['lime', 'orange', 'apple', 'yes', 'cherry', '...            1  [fruit, tree, person, bottle, key, seed, twist...  {'fruit': -15.145185477808239, 'tree': -15.459...  [fruit, drink, lime, candy, apple, orange, ber...  {'fruit': -7.934486012665629, 'drink': -10.454...  [fruit, citrus, apple, thing, orange, lime, wa...  {'fruit': -7.175187479938773, 'fruits': -7.897...  [citruses, orange, citrons, calamondin, freest...  [citrus, orange, citron, calamondin, freestone]   
2   turtles     [beast]      IsA   [A turtle is a [MASK]]  ['turtleneck', 'camise', 'daishiki', 'dashiki'...     3             2       turtle      turtles  [a turtle is a [MASK]., a turtle is a type of ...  [a turtle or [Z] is a [MASK]., a turtle or [Z]...  [[MASK] such as turtles., [MASK], including tu...  [[MASK] such as turtles and [Z]., [MASK], incl...  [such as turtles and [MASK]., such as turtles ...   turtles turtle turtles  [tortoises, shells, slow, ninja, reptile, seas...  ['snakes', 'birds', 'fish', 'lizards', 'frogs'...            1   [lizard, person, shell, boat, human, fish, tree]  {'lizard': -16.036533980021577, 'person': -16....  [bird, animal, fish, mammal, creature, lizard,...  {'bird': -6.983079495727402, 'animal': -7.2181...  [reptile, animal, bird, creature, wildlife, in...  {'reptiles': -6.12624919356388, 'animals': -6....                                          [MISSING]                                        [MISSING]   
3      bags   [luggage]      IsA      [A bag is a [MASK]]  ['tank', 'bowl', 'tin', 'case', 'carriage', 'p...     4             2          bag         bags  [a bag is a [MASK]., a bag is a type of [MASK]...  [a bag or [Z] is a [MASK]., a bag or [Z] is a ...  [[MASK] such as bags., [MASK], including bags....  [[MASK] such as bags and [Z]., [MASK], includi...  [such as bags and [MASK]., such as bags or [MA...            bags bag bags  [tote, satchel, sack, purses, plastics, shoppi...  ['boxes', 'yes', 'shoes', 'cases', 'obviously'...            1  [person, box, pouch, pack, container, suitcase...  {'person': -15.800401335816666, 'box': -16.478...  [container, luggage, backpack, suitcase, sack,...  {'container': -8.861242617076943, 'luggage': -...  [thing, item, object, luggage, belongings, acc...  {'things': -7.206912668513597, 'items': -8.137...                                          [MISSING]                                        [MISSING]   
4   rabbits  [creature]      IsA   [A rabbit is a [MASK]]  ['lambskin', 'lapin', 'astrakhan', 'bearskin',...     5             2       rabbit      rabbits  [a rabbit is a [MASK]., a rabbit is a type of ...  [a rabbit or [Z] is a [MASK]., a rabbit or [Z]...  [[MASK] such as rabbits., [MASK], including ra...  [[MASK] such as rabbits and [Z]., [MASK], incl...  [such as rabbits and [MASK]., such as rabbits ...   rabbits rabbit rabbits  [bunny, roger, carrots, white, rodent, jack, l...  ['foxes', 'deer', 'squirrels', 'mice', 'rodent...            1  [person, horse, human, dog, man, child, pig, k...  {'person': -15.755672171378398, 'horse': -15.9...  [animal, mammal, dog, bird, cat, fox, pig, har...  {'animal': -6.5751558948461675, 'mammal': -8.9...  [animal, rodent, mammal, wildlife, livestock, ...  {'animals': -5.903334231711103, 'rodents': -7....                                          [MISSING]                                        [MISSING]   

                             subj_anchors_wordnet_pl                           subj_anchors_wordnet_all    subj_anchors_combined  anchor_num                           def_dap_with_subj_anchor                           lsp_dap_with_subj_anchor                                   obj_mask_def_dap                             obj_mask_def_dap_score                                   obj_mask_lsp_dap                             obj_mask_lsp_dap_score  
0       [mudcat, breams, sunfish, carp, buffalofish]  [mudcat, bream, sunfish, carp, buffalofish, mu...  catfish catfish catfish         191  [a catfish or a mudcat is a [MASK]., a catfish...  [[MASK] such as catfish and mudcat., [MASK] su...  [fish, species, predator, shrimp, shark, turtl...  {'fish': -4.437850521787569, 'species': -12.64...  [fish, species, animal, seafood, invertebrates...  {'fish': -4.879427159427449, 'species': -8.914...  
1  [citruses, orange, citrons, calamondin, freest...  [citrus, orange, citron, calamondin, freestone...        lemon lemon lemon         276  [a lemon or a citrus is a [MASK]., a lemon or ...  [[MASK] such as lemon and citruses., [MASK] su...  [fruit, stone, drink, apple, orange, vegetable...  {'fruit': -6.073434723068917, 'stone': -9.9601...  [fruit, citrus, thing, product, flavor, ingred...  {'fruits': -6.198236676543512, 'fruit': -7.184...  
2                                          [MISSING]                                          [MISSING]   turtles turtle turtles           1  [a turtle or [Z] is a [MASK]., a turtle or [Z]...  [[MASK] such as turtles and [Z]., [MASK], incl...  [bird, fish, animal, shell, snail, duck, lizar...  {'bird': -7.980826094404212, 'fish': -8.558966...  [animal, reptile, thing, bird, creature, snake...  {'animals': -6.863669549475578, 'reptiles': -7...  
3                                          [MISSING]                                          [MISSING]            bags bag bags           1  [a bag or [Z] is a [MASK]., a bag or [Z] is a ...  [[MASK] such as bags and [Z]., [MASK], includi...  [container, sack, luggage, suitcase, object, b...  {'container': -7.355772950266757, 'sack': -9.9...  [thing, word, item, clothing, poems, object, l...  {'things': -8.5176718835673, 'words': -9.41557...  
4                                          [MISSING]                                          [MISSING]   rabbits rabbit rabbits           1  [a rabbit or [Z] is a [MASK]., a rabbit or [Z]...  [[MASK] such as rabbits and [Z]., [MASK], incl...  [animal, mammal, bird, dog, cat, rat, pig, mou...  {'animal': -7.455460180575899, 'mammal': -9.00...  [animal, mammal, thing, rodent, creature, pet,...  {'animals': -5.855872195803257, 'mammals': -8....  
---------------------------------------- anchor evaluation ----------------------------------------
begin{tabular}{rlrrrr}
hline
    	 mask_type                	   p@1 	   p@5 	   p@10 	   mrr 
hline
  0 	 subj_anchors_wordnet_sg  	  25.7 	  28.4 	   28.4 	    27 
  1 	 subj_anchors_wordnet_all 	  25.7 	  28.4 	   28.4 	    27 
hline
end{tabular}
---------------------------------------- obj_label evaluation ----------------------------------------
begin{tabular}{rlrrrrr}
hline
    	 mask_type   	   p@1 	   p@5 	   p@10 	   mrr 	   mask_type_id 
hline
  1 	 def_sap     	  13   	  36.5 	   46.6 	  22.9 	              1 
  2 	 lsp_sap     	  12.3 	  32.8 	   44.4 	  21.2 	              3 
  3 	 def_dap     	  13.4 	  34.4 	   44   	  22.4 	              2 
  4 	 lsp_dap     	  10.5 	  32.5 	   43.1 	  19.8 	              4 
hline
end{tabular}
save log/bert-large-uncased/ALL/SWOWStrength/df_all_use_global_dap_True_max_anchor_num_5_anchor_scorer_probAvg_filter_obj_True_filter_objects_with_input_True_anchor_source_WordNet_wns_False_wnf_False_swow_score_source_None.ALLSWOW.tsv
save log/bert-large-uncased/ALL/SWOWStrength/df_all_use_global_dap_True_max_anchor_num_5_anchor_scorer_probAvg_filter_obj_True_filter_objects_with_input_True_anchor_source_WordNet_wns_False_wnf_False_swow_score_source_None.ALLSWOW.csv
debug: False
---------------------------------------- config ----------------------------------------
{'debug': False, 'test_relations': ['IsA'], 'save_all_data': True, 'top_k': 10, 'data_dir': 'data/hypernymsuite/ALL/SWOWStrength/', 'mask_string_mapping': {'bert-large-uncased': '[MASK]'}, 'use_dap_global': True, 'return_probs': True, 'anchor_scorer_list': ['probAvg'], 'scorer_target_1_prompt': 'probSum', 'scorer_target_N_prompts': 'freqProbLogSum', 'use_original_prompt': True, 'original_prompt_source': 'masked_sentence', 'incorporate_operations': ['concate_or_single'], 'filter_anchors_flag': True, 'filter_objects_flag': True, 'cpt_only': False, 'anchor_types': ['Coordinate_remove_Y_PUNC_FULL'], 'add_cpt_score': False, 'constrain_targets': False, 'only_wordnet_anchor': False, 'add_wordnet_path_score': False, 'add_wordnet_filter': True, 'anchor_probe': 'plural_probe', 'anchor_col_prefix': 'subj_anchors_wordnet', 'anchor_col': 'subj_anchors_swow', 'anchor_col_sg': 'subj_anchors_swow_sg', 'anchor_col_pl': 'subj_anchors_swow_pl', 'anchor_col_all': 'anchor_col_all', 'filter_objects_with_input': True, 'sub_col': 'sub_label', 'sub_col_sg': 'sub_label_sg', 'sub_col_pl': 'sub_label_pl', 'top_k_anchors': 5, 'max_anchor_num_list': [10], 'max_anchor_num': 10, 'sub_col_sgpl': 'sub_label_sgpl', 'filter_objects_with_anchors': False, 'oracle_anchor_inserted': False, 'use_oracle_anchor': False, 'anchor_source': 'WordNet', 'only_swow_anchor': False, 'add_swow_score': False, 'swow_score_source': 'None', 'add_swow_filter': False, 'dataset': 'ALLSWOW'}
---------------------------------------- config ----------------------------------------
reading cohyponyms: pre_post_process/log/word_to_cohyponyms_score_pl.json
Some weights of the model checkpoint at bert-large-uncased were not used when initializing BertForMaskedLM: ['cls.seq_relationship.bias', 'cls.seq_relationship.weight']
- This IS expected if you are initializing BertForMaskedLM from the checkpoint of a model trained on another task or with another architecture (e.g. initializing a BertForSequenceClassification model from a BertForPreTraining model).
- This IS NOT expected if you are initializing BertForMaskedLM from the checkpoint of a model that you expect to be exactly identical (initializing a BertForSequenceClassification model from a BertForSequenceClassification model).
Some weights of the model checkpoint at bert-large-uncased were not used when initializing BertForMaskedLM: ['cls.seq_relationship.bias', 'cls.seq_relationship.weight']
- This IS expected if you are initializing BertForMaskedLM from the checkpoint of a model trained on another task or with another architecture (e.g. initializing a BertForSequenceClassification model from a BertForPreTraining model).
- This IS NOT expected if you are initializing BertForMaskedLM from the checkpoint of a model that you expect to be exactly identical (initializing a BertForSequenceClassification model from a BertForSequenceClassification model).
---------------------------------------- bert-large-uncased-anchor_type: Coordinate_remove_Y_PUNC_FULL-scorer_anchor:probAvg-op:concate_or_single ----------------------------------------
{
    "IsA": {
        "relation": "IsA",
        "def_sap": [
            "[X] is a [MASK].",
            "[X] is a type of [MASK].",
            "[X] is a kind of [MASK]."
        ],
        "def_dap": [
            "[X] or [Z] is a [MASK].",
            "[X] or [Z] is a type of [MASK].",
            "[X] or [Z] is a kind of [MASK]."
        ],
        "lsp_sap": [
            "[MASK] such as [X].",
            "[MASK], including [X].",
            "[MASK], especially [X].",
            "[X] or other [MASK].",
            "[X] and other [MASK].",
            "such [MASK] as [X]."
        ],
        "lsp_dap": [
            "[MASK] such as [X] and [Z].",
            "[MASK], including [X] and [Z].",
            "[MASK], especially [X] and [Z].",
            "[X], [Z] and other [MASK].",
            "[X], [Z] or other [MASK].",
            "such [MASK] as [X] and [Z]."
        ],
        "use_dap": true,
        "anchor_target": "[X]",
        "anchor_lsp_sap": [
            "such as [X] and [MASK].",
            "such as [X] or [MASK].",
            "such as [X], [MASK],",
            "including [X] and [MASK].",
            "including [X] or [MASK].",
            "including [X], [MASK],",
            "especially [X] and [MASK].",
            "especially [X] or [MASK].",
            "especially [X], [MASK],",
            "[X], [MASK] or other",
            "[X], [MASK] and other"
        ]
    }
}
Processing IsA ... data/hypernymsuite/ALL/SWOWStrength//IsA.jsonl
#All Instances: 2078
#Valid Instances: 2078 in ALLSWOW (hyper in BERT)
	 step1: get anchors (fill and filter)
/home/chunhua/.local/lib/python3.8/site-packages/transformers/pipelines/base.py:1043: UserWarning: You seem to be using the pipelines sequentially on GPU. In order to maximize efficiency please use a dataset
  warnings.warn(
--- def_sap
--- lsp_sap
/home/chunhua/.local/lib/python3.8/site-packages/transformers/pipelines/base.py:1043: UserWarning: You seem to be using the pipelines sequentially on GPU. In order to maximize efficiency please use a dataset
  warnings.warn(
relation: IsA 	 use_dap: True
	 step2: insert anchors
sub_col sub_label
                                                def_dap                  subj_anchors_wordnet_sg
0     [a catfish or [Z] is a [MASK]., a catfish or [...                                   [carp]
1     [a lemon or [Z] is a [MASK]., a lemon or [Z] i...                         [yellow, orange]
2     [a turtle or [Z] is a [MASK]., a turtle or [Z]...        [snake, bird, fish, lizard, frog]
3     [a bag or [Z] is a [MASK]., a bag or [Z] is a ...                        [shoe, case, box]
4     [a rabbit or [Z] is a [MASK]., a rabbit or [Z]...                                    [fox]
...                                                 ...                                      ...
2073  [a world or [Z] is a [MASK]., a world or [Z] i...   [human, dimension, people, maybe, yes]
2074  [a world or [Z] is a [MASK]., a world or [Z] i...   [human, dimension, people, maybe, yes]
2075  [a world or [Z] is a [MASK]., a world or [Z] i...   [human, dimension, people, maybe, yes]
2076  [a writer or [Z] is a [MASK]., a writer or [Z]...  [artist, poet, editor, actor, musician]
2077  [a yard or [Z] is a [MASK]., a yard or [Z] is ...      [house, shed, barn, garden, street]

[2078 rows x 2 columns]
                                                lsp_dap                       subj_anchors_wordnet_pl
0     [[MASK] such as catfish and [Z]., [MASK], incl...                                        [carp]
1     [[MASK] such as lemon and [Z]., [MASK], includ...                              [yellow, orange]
2     [[MASK] such as turtles and [Z]., [MASK], incl...       [snakes, birds, fishes, lizards, frogs]
3     [[MASK] such as bags and [Z]., [MASK], includi...                         [shoes, cases, boxes]
4     [[MASK] such as rabbits and [Z]., [MASK], incl...                                         [fox]
...                                                 ...                                           ...
2073  [[MASK] such as worlds and [Z]., [MASK], inclu...       [human, dimensions, people, maybe, yes]
2074  [[MASK] such as worlds and [Z]., [MASK], inclu...       [human, dimensions, people, maybe, yes]
2075  [[MASK] such as worlds and [Z]., [MASK], inclu...       [human, dimensions, people, maybe, yes]
2076  [[MASK] such as writers and [Z]., [MASK], incl...  [artists, poets, editors, actors, musicians]
2077  [[MASK] such as yard and [Z]., [MASK], includi...        [houses, shed, barn, gardens, streets]

[2078 rows x 2 columns]
	 step3: fill mask in dap anchors

  0%|          | 0/2078 [00:00<?, ?it/s]/home/chunhua/.local/lib/python3.8/site-packages/transformers/pipelines/base.py:1043: UserWarning: You seem to be using the pipelines sequentially on GPU. In order to maximize efficiency please use a dataset
  warnings.warn(

 23%|██▎       | 485/2078 [01:00<03:17,  8.08it/s]
 23%|██▎       | 485/2078 [01:20<03:17,  8.08it/s]
 46%|████▌     | 956/2078 [02:00<02:21,  7.94it/s]
 46%|████▌     | 956/2078 [02:20<02:21,  7.94it/s]
 67%|██████▋   | 1391/2078 [03:00<01:30,  7.62it/s]
 67%|██████▋   | 1391/2078 [03:20<01:30,  7.62it/s]
 86%|████████▋ | 1797/2078 [04:00<00:38,  7.28it/s]
 86%|████████▋ | 1797/2078 [04:20<00:38,  7.28it/s]
100%|██████████| 2078/2078 [04:41<00:00,  7.37it/s]

  0%|          | 0/2078 [00:00<?, ?it/s]
 12%|█▏        | 256/2078 [01:00<07:08,  4.26it/s]
 12%|█▏        | 256/2078 [01:18<07:08,  4.26it/s]
 24%|██▎       | 493/2078 [02:00<06:28,  4.08it/s]
 24%|██▎       | 493/2078 [02:18<06:28,  4.08it/s]
 35%|███▍      | 721/2078 [03:00<05:43,  3.95it/s]
 35%|███▍      | 721/2078 [03:18<05:43,  3.95it/s]
 46%|████▋     | 963/2078 [04:00<04:40,  3.97it/s]
 46%|████▋     | 963/2078 [04:18<04:40,  3.97it/s]
 57%|█████▋    | 1182/2078 [05:00<03:52,  3.85it/s]
 57%|█████▋    | 1182/2078 [05:18<03:52,  3.85it/s]
 67%|██████▋   | 1401/2078 [06:01<02:59,  3.78it/s]
 67%|██████▋   | 1401/2078 [06:18<02:59,  3.78it/s]
 78%|███████▊  | 1613/2078 [07:01<02:05,  3.70it/s]
 78%|███████▊  | 1613/2078 [07:18<02:05,  3.70it/s]
 87%|████████▋ | 1811/2078 [08:01<01:14,  3.56it/s]
 87%|████████▋ | 1811/2078 [08:18<01:14,  3.56it/s]
 97%|█████████▋| 2015/2078 [09:01<00:17,  3.51it/s]
 97%|█████████▋| 2015/2078 [09:18<00:17,  3.51it/s]
100%|██████████| 2078/2078 [09:19<00:00,  3.72it/s]
  sub_label   obj_label relation         masked_sentences                                         sub_sister  uuid  sub_position sub_label_sg sub_label_pl                                            def_sap                                            def_dap                                            lsp_sap                                            lsp_dap                                     anchor_lsp_sap           sub_label_sgpl                                  subj_anchors_swow                                       subj_anchors  obj_in_BERT                                  obj_mask_sentence                            obj_mask_sentence_score                                   obj_mask_def_sap                             obj_mask_def_sap_score                                   obj_mask_lsp_sap                             obj_mask_lsp_sap_score                               subj_anchors_wordnet                         subj_anchors_wordnet_score            subj_anchors_wordnet_sg  \
0   catfish      [fish]      IsA  [A catfish is a [MASK]]  ['kingfish', 'bream', 'perch', 'butterfish', '...     1             2      catfish      catfish  [a catfish is a [MASK]., a catfish is a type o...  [a catfish or [Z] is a [MASK]., a catfish or [...  [[MASK] such as catfish., [MASK], including ca...  [[MASK] such as catfish and [Z]., [MASK], incl...  [such as catfish and [MASK]., such as catfish ...  catfish catfish catfish                                [whiskers, catsups]  ['bass', 'carp', 'shrimp', 'perch', 'alligator...            1  [fish, boat, river, genus, gastropod, lizard, ...  {'fish': -17.492517940945792, 'boat': -19.0523...  [fish, shrimp, mollusk, swimmer, salmon, bird,...  {'fish': -4.442973047064299, 'shrimp': -12.345...  [fish, species, animal, seafood, reptile, inve...  {'fish': -4.942579534624883, 'species': -9.299...                                             [carp]  {'bass': 0.39879070899703284, 'carp': 0.181602...                             [carp]   
1     lemon   [produce]      IsA    [A lemon is a [MASK]]  ['orange', 'tangerine', 'mandarin', 'kumquat',...     2             2        lemon        lemon  [a lemon is a [MASK]., a lemon is a type of [M...  [a lemon or [Z] is a [MASK]., a lemon or [Z] i...  [[MASK] such as lemon., [MASK], including lemo...  [[MASK] such as lemon and [Z]., [MASK], includ...  [such as lemon and [MASK]., such as lemon or [...        lemon lemon lemon  [limes, sour, citruses, yellow, rinds, lemonad...  ['lime', 'orange', 'apple', 'yes', 'cherry', '...            1  [fruit, tree, person, bottle, key, seed, twist...  {'fruit': -15.145185477808239, 'tree': -15.459...  [fruit, drink, lime, candy, apple, orange, ber...  {'fruit': -7.934486012665629, 'drink': -10.454...  [fruit, citrus, apple, thing, orange, lime, wa...  {'fruit': -7.175187479938773, 'fruits': -7.897...                                   [yellow, orange]  {'lime': 0.5027932287617163, 'orange': 0.15136...                   [yellow, orange]   
2   turtles     [beast]      IsA   [A turtle is a [MASK]]  ['turtleneck', 'camise', 'daishiki', 'dashiki'...     3             2       turtle      turtles  [a turtle is a [MASK]., a turtle is a type of ...  [a turtle or [Z] is a [MASK]., a turtle or [Z]...  [[MASK] such as turtles., [MASK], including tu...  [[MASK] such as turtles and [Z]., [MASK], incl...  [such as turtles and [MASK]., such as turtles ...   turtles turtle turtles  [tortoises, shells, slow, ninja, reptile, seas...  ['snakes', 'birds', 'fish', 'lizards', 'frogs'...            1   [lizard, person, shell, boat, human, fish, tree]  {'lizard': -16.036533980021577, 'person': -16....  [bird, animal, fish, mammal, creature, lizard,...  {'bird': -6.983079495727402, 'animal': -7.2181...  [reptile, animal, bird, creature, wildlife, in...  {'reptiles': -6.12624919356388, 'animals': -6....  [snakes, birds, fish, lizards, frogs, dragons,...  {'snakes': 0.3146660774946213, 'birds': 0.1580...  [snake, bird, fish, lizard, frog]   
3      bags   [luggage]      IsA      [A bag is a [MASK]]  ['tank', 'bowl', 'tin', 'case', 'carriage', 'p...     4             2          bag         bags  [a bag is a [MASK]., a bag is a type of [MASK]...  [a bag or [Z] is a [MASK]., a bag or [Z] is a ...  [[MASK] such as bags., [MASK], including bags....  [[MASK] such as bags and [Z]., [MASK], includi...  [such as bags and [MASK]., such as bags or [MA...            bags bag bags  [tote, satchel, sack, purses, plastics, shoppi...  ['boxes', 'yes', 'shoes', 'cases', 'obviously'...            1  [person, box, pouch, pack, container, suitcase...  {'person': -15.800401335816666, 'box': -16.478...  [container, luggage, backpack, suitcase, sack,...  {'container': -8.861242617076943, 'luggage': -...  [thing, item, object, luggage, belongings, acc...  {'things': -7.206912668513597, 'items': -8.137...                              [shoes, cases, boxes]  {'boxes': 0.1638453546911478, 'yes': 0.0626923...                  [shoe, case, box]   
4   rabbits  [creature]      IsA   [A rabbit is a [MASK]]  ['lambskin', 'lapin', 'astrakhan', 'bearskin',...     5             2       rabbit      rabbits  [a rabbit is a [MASK]., a rabbit is a type of ...  [a rabbit or [Z] is a [MASK]., a rabbit or [Z]...  [[MASK] such as rabbits., [MASK], including ra...  [[MASK] such as rabbits and [Z]., [MASK], incl...  [such as rabbits and [MASK]., such as rabbits ...   rabbits rabbit rabbits  [bunny, roger, carrots, white, rodent, jack, l...  ['foxes', 'deer', 'squirrels', 'mice', 'rodent...            1  [person, horse, human, dog, man, child, pig, k...  {'person': -15.755672171378398, 'horse': -15.9...  [animal, mammal, dog, bird, cat, fox, pig, har...  {'animal': -6.5751558948461675, 'mammal': -8.9...  [animal, rodent, mammal, wildlife, livestock, ...  {'animals': -5.903334231711103, 'rodents': -7....                                              [fox]  {'foxes': 0.21225315535610373, 'deer': 0.16438...                              [fox]   

                   subj_anchors_wordnet_pl                           subj_anchors_wordnet_all    subj_anchors_combined  anchor_num                           def_dap_with_subj_anchor                           lsp_dap_with_subj_anchor                                   obj_mask_def_dap                             obj_mask_def_dap_score                                   obj_mask_lsp_dap                             obj_mask_lsp_dap_score  
0                                   [carp]                                             [carp]  catfish catfish catfish           1  [a catfish or a carp is a [MASK]., a catfish o...  [[MASK] such as catfish and carp., [MASK], inc...  [fish, species, carp, freshwater, salmon, pred...  {'fish': -4.270898285899183, 'species': -13.02...  [fish, species, carp, fishing, animal, reptile...  {'fish': -4.8170564855226266, 'species': -8.71...  
1                         [yellow, orange]                                   [yellow, orange]        lemon lemon lemon           2  [a lemon or a yellow is a [MASK]., a lemon or ...  [[MASK] such as lemon and yellow., [MASK] such...  [fruit, orange, apple, drink, vegetable, flowe...  {'fruit': -6.5065366113085785, 'orange': -9.51...  [color, fruit, colour, citrus, orange, thing, ...  {'colors': -7.5100483771391415, 'fruits': -8.3...  
2  [snakes, birds, fishes, lizards, frogs]  [snake, bird, fish, lizard, frog, dragon, shar...   turtles turtle turtles          10  [a turtle or a snake is a [MASK]., a turtle or...  [[MASK] such as turtles and snakes., [MASK] su...  [animal, bird, fish, mammal, creature, lizard,...  {'animal': -7.5255446660385035, 'bird': -7.676...  [reptile, animal, wildlife, invertebrates, bir...  {'reptiles': -6.164623090730166, 'animals': -6...  
3                    [shoes, cases, boxes]                                  [shoe, case, box]            bags bag bags           3  [a bag or a shoe is a [MASK]., a bag or a case...  [[MASK] such as bags and shoes., [MASK] such a...  [container, luggage, backpack, shoe, suitcase,...  {'container': -6.884412308109528, 'luggage': -...  [thing, item, luggage, object, good, stuff, be...  {'things': -7.439967636523844, 'items': -7.616...  
4                                    [fox]                                              [fox]   rabbits rabbit rabbits           1  [a rabbit or a fox is a [MASK]., a rabbit or a...  [[MASK] such as rabbits and fox., [MASK], incl...  [animal, mammal, fox, dog, cat, bird, creature...  {'animal': -6.896906227081929, 'mammal': -7.01...  [mammal, animal, rodent, wildlife, species, li...  {'mammals': -6.182236475088136, 'animals': -6....  
---------------------------------------- anchor evaluation ----------------------------------------
begin{tabular}{rlrrrr}
hline
    	 mask_type                	   p@1 	   p@5 	   p@10 	   mrr 
hline
  0 	 subj_anchors_wordnet_sg  	  59.5 	  66.5 	   66.5 	  62.1 
  1 	 subj_anchors_wordnet_all 	  59.5 	  66.5 	   68.5 	  62.4 
hline
end{tabular}
---------------------------------------- obj_label evaluation ----------------------------------------
begin{tabular}{rlrrrrr}
hline
    	 mask_type   	   p@1 	   p@5 	   p@10 	   mrr 	   mask_type_id 
hline
  1 	 def_sap     	  13.2 	  36.6 	   46.6 	  23   	              1 
  2 	 lsp_sap     	  12.2 	  33   	   44.3 	  21.1 	              3 
  3 	 def_dap     	  14.5 	  37.4 	   49.4 	  24.5 	              2 
  4 	 lsp_dap     	  13.4 	  33.4 	   45.6 	  22.3 	              4 
hline
end{tabular}
save log/bert-large-uncased/ALL/SWOWStrength/df_all_use_global_dap_True_max_anchor_num_5_anchor_scorer_probAvg_filter_obj_True_filter_objects_with_input_True_anchor_source_WordNet_wns_False_wnf_True_swow_score_source_None.ALLSWOW.tsv
save log/bert-large-uncased/ALL/SWOWStrength/df_all_use_global_dap_True_max_anchor_num_5_anchor_scorer_probAvg_filter_obj_True_filter_objects_with_input_True_anchor_source_WordNet_wns_False_wnf_True_swow_score_source_None.ALLSWOW.csv
