debug: True
---------------------------------------- config ----------------------------------------
{'debug': True, 'test_relations': ['IsA'], 'save_all_data': True, 'top_k': 10, 'data_dir': 'data/hypernymsuite/ALL/swow_rw/', 'mask_string_mapping': {'bert-large-uncased': '[MASK]'}, 'use_dap_global': True, 'return_probs': True, 'anchor_scorer_list': ['probAvg'], 'scorer_target_1_prompt': 'probSum', 'scorer_target_N_prompts': 'freqProbLogSum', 'use_original_prompt': True, 'original_prompt_source': 'masked_sentence', 'incorporate_operations': ['concate_or_single'], 'filter_anchors_flag': True, 'filter_objects_flag': True, 'cpt_only': False, 'anchor_types': ['Coordinate_remove_Y_PUNC_FULL'], 'add_cpt_score': False, 'constrain_targets': False, 'only_wordnet_anchor': False, 'add_wordnet_path_score': False, 'add_wordnet_filter': False, 'anchor_probe': 'plural_probe', 'anchor_col_prefix': 'subj_anchors', 'anchor_col': 'subj_anchors_swow', 'anchor_col_sg': 'subj_anchors_swow_sg', 'anchor_col_pl': 'subj_anchors_swow_pl', 'anchor_col_all': 'anchor_col_all', 'filter_objects_with_input': True, 'sub_col': 'sub_label', 'sub_col_sg': 'sub_label_sg', 'sub_col_pl': 'sub_label_pl', 'top_k_anchors': 5, 'max_anchor_num_list': [10], 'max_anchor_num': 10, 'sub_col_sgpl': 'sub_label_sgpl', 'filter_objects_with_anchors': False, 'oracle_anchor_inserted': False, 'use_oracle_anchor': False, 'anchor_source': 'SWOW', 'only_swow_anchor': False, 'add_swow_score': False, 'swow_score_source': 'OnlySWOWSimilar', 'add_swow_filter': False, 'dataset': 'ALLSWOW'}
---------------------------------------- config ----------------------------------------
reading cohyponyms: pre_post_process/log/word_to_cohyponyms_score_pl.json
reading cohyponyms: pre_post_process/log/word_to_cohyponyms_score_pl.json
Some weights of the model checkpoint at bert-large-uncased were not used when initializing BertForMaskedLM: ['cls.seq_relationship.bias', 'cls.seq_relationship.weight']
- This IS expected if you are initializing BertForMaskedLM from the checkpoint of a model trained on another task or with another architecture (e.g. initializing a BertForSequenceClassification model from a BertForPreTraining model).
- This IS NOT expected if you are initializing BertForMaskedLM from the checkpoint of a model that you expect to be exactly identical (initializing a BertForSequenceClassification model from a BertForSequenceClassification model).
Some weights of the model checkpoint at bert-large-uncased were not used when initializing BertForMaskedLM: ['cls.seq_relationship.bias', 'cls.seq_relationship.weight']
- This IS expected if you are initializing BertForMaskedLM from the checkpoint of a model trained on another task or with another architecture (e.g. initializing a BertForSequenceClassification model from a BertForPreTraining model).
- This IS NOT expected if you are initializing BertForMaskedLM from the checkpoint of a model that you expect to be exactly identical (initializing a BertForSequenceClassification model from a BertForSequenceClassification model).
---------------------------------------- bert-large-uncased-anchor_type: Coordinate_remove_Y_PUNC_FULL-scorer_anchor:probAvg-op:concate_or_single ----------------------------------------
{
    "IsA": {
        "relation": "IsA",
        "def_sap": [
            "[X] is a [MASK].",
            "[X] is a type of [MASK].",
            "[X] is a kind of [MASK]."
        ],
        "def_dap": [
            "[X] or [Z] is a [MASK].",
            "[X] or [Z] is a type of [MASK].",
            "[X] or [Z] is a kind of [MASK]."
        ],
        "lsp_sap": [
            "[MASK] such as [X].",
            "[MASK], including [X].",
            "[MASK], especially [X].",
            "[X] or other [MASK].",
            "[X] and other [MASK].",
            "such [MASK] as [X]."
        ],
        "lsp_dap": [
            "[MASK] such as [X] and [Z].",
            "[MASK], including [X] and [Z].",
            "[MASK], especially [X] and [Z].",
            "[X], [Z] and other [MASK].",
            "[X], [Z] or other [MASK].",
            "such [MASK] as [X] and [Z]."
        ],
        "use_dap": true,
        "anchor_target": "[X]",
        "anchor_lsp_sap": [
            "such as [X] and [MASK].",
            "such as [X] or [MASK].",
            "such as [X], [MASK],",
            "including [X] and [MASK].",
            "including [X] or [MASK].",
            "including [X], [MASK],",
            "especially [X] and [MASK].",
            "especially [X] or [MASK].",
            "especially [X], [MASK],",
            "[X], [MASK] or other",
            "[X], [MASK] and other"
        ]
    }
}
Processing IsA ... data/hypernymsuite/ALL/swow_rw//IsA.jsonl
#All Instances: 2094
#Valid Instances: 2094 in ALLSWOW (hyper in BERT)
	 step1: get anchors (fill and filter)
/home/chunhua/.local/lib/python3.8/site-packages/transformers/pipelines/base.py:1043: UserWarning: You seem to be using the pipelines sequentially on GPU. In order to maximize efficiency please use a dataset
  warnings.warn(
--- def_sap
--- lsp_sap
relation: IsA 	 use_dap: True
	 step2: insert anchors
sub_col sub_label
                                             def_dap                                subj_anchors_sg
0  [a catfish or [Z] is a [MASK]., a catfish or [...         [bass, carp, shrimp, perch, alligator]
1  [a lemon or [Z] is a [MASK]., a lemon or [Z] i...             [lime, orange, apple, yes, cherry]
2  [a turtle or [Z] is a [MASK]., a turtle or [Z]...              [snake, bird, fish, lizard, frog]
3  [a bag or [Z] is a [MASK]., a bag or [Z] is a ...              [box, yes, shoe, case, obviously]
4  [a rabbit or [Z] is a [MASK]., a rabbit or [Z]...          [fox, deer, squirrels, mouse, rodent]
5  [a bowl or [Z] is a [MASK]., a bowl or [Z] is ...               [plate, cup, pitcher, dish, yes]
6  [a squirrel or [Z] is a [MASK]., a squirrel or...           [rabbit, deer, fox, squirrels, bear]
7  [a piano or [Z] is a [MASK]., a piano or [Z] i...   [organ, guitar, violin, keyboard, amplifier]
8  [a catfish or [Z] is a [MASK]., a catfish or [...         [bass, carp, shrimp, perch, alligator]
9  [a missile or [Z] is a [MASK]., a missile or [...  [rocket, bomb, artillery, torpedo, explosive]
                                             lsp_dap                                    subj_anchors_pl
0  [[MASK] such as catfish and [Z]., [MASK], incl...       [basses, carp, shrimps, perches, alligators]
1  [[MASK] such as lemon and [Z]., [MASK], includ...             [limes, orange, apples, yes, cherries]
2  [[MASK] such as turtles and [Z]., [MASK], incl...            [snakes, birds, fishes, lizards, frogs]
3  [[MASK] such as bags and [Z]., [MASK], includi...              [boxes, yes, shoes, cases, obviously]
4  [[MASK] such as rabbits and [Z]., [MASK], incl...            [foxes, deer, squirrels, mice, rodents]
5  [[MASK] such as bowls and [Z]., [MASK], includ...              [plates, cups, pitchers, dishes, yes]
6  [[MASK] such as squirrel and [Z]., [MASK], inc...              [rabbits, deer, fox, squirrels, bear]
7  [[MASK] such as pianos and [Z]., [MASK], inclu...  [organs, guitars, violins, keyboards, amplifiers]
8  [[MASK] such as catfish and [Z]., [MASK], incl...       [basses, carp, shrimps, perches, alligators]
9  [[MASK] such as missiles and [Z]., [MASK], inc...  [rockets, bombs, artillery, torpedoes, explosi...
	 step3: fill mask in dap anchors
  0%|          | 0/10 [00:00<?, ?it/s]/home/chunhua/.local/lib/python3.8/site-packages/transformers/pipelines/base.py:1043: UserWarning: You seem to be using the pipelines sequentially on GPU. In order to maximize efficiency please use a dataset
  warnings.warn(
100%|██████████| 10/10 [00:02<00:00,  4.61it/s]
  0%|          | 0/10 [00:00<?, ?it/s]100%|██████████| 10/10 [00:04<00:00,  2.33it/s]
  sub_label   obj_label relation  obj_in_BERT         masked_sentences  uuid  sub_position sub_label_sg sub_label_pl                                            def_sap                                            def_dap                                            lsp_sap                                            lsp_dap                                     anchor_lsp_sap           sub_label_sgpl                                  obj_mask_sentence                            obj_mask_sentence_score                                   obj_mask_def_sap                             obj_mask_def_sap_score                                   obj_mask_lsp_sap                             obj_mask_lsp_sap_score                                       subj_anchors                                 subj_anchors_score                         subj_anchors_sg                               subj_anchors_pl                                   subj_anchors_all    subj_anchors_combined  anchor_num  \
0   catfish      [fish]      IsA            1  [A catfish is a [MASK]]     1             2      catfish      catfish  [a catfish is a [MASK]., a catfish is a type o...  [a catfish or [Z] is a [MASK]., a catfish or [...  [[MASK] such as catfish., [MASK], including ca...  [[MASK] such as catfish and [Z]., [MASK], incl...  [such as catfish and [MASK]., such as catfish ...  catfish catfish catfish  [fish, boat, river, genus, gastropod, lizard, ...  {'fish': -17.492517940945792, 'boat': -19.0523...  [fish, shrimp, mollusk, swimmer, salmon, bird,...  {'fish': -4.442973047064299, 'shrimp': -12.345...  [fish, species, animal, seafood, reptile, inve...  {'fish': -4.942579534624883, 'species': -9.299...  [bass, carp, shrimp, perch, alligator, trout, ...  {'bass': 0.39879070899703284, 'carp': 0.181602...  [bass, carp, shrimp, perch, alligator]  [basses, carp, shrimps, perches, alligators]  [bass, carp, shrimp, perch, alligator, trout, ...  catfish catfish catfish          10   
1     lemon   [produce]      IsA            1    [A lemon is a [MASK]]     2             2        lemon        lemon  [a lemon is a [MASK]., a lemon is a type of [M...  [a lemon or [Z] is a [MASK]., a lemon or [Z] i...  [[MASK] such as lemon., [MASK], including lemo...  [[MASK] such as lemon and [Z]., [MASK], includ...  [such as lemon and [MASK]., such as lemon or [...        lemon lemon lemon  [fruit, tree, person, bottle, key, seed, twist...  {'fruit': -15.145185477808239, 'tree': -15.459...  [fruit, drink, lime, candy, apple, orange, ber...  {'fruit': -7.934486012665629, 'drink': -10.454...  [fruit, citrus, apple, thing, orange, lime, wa...  {'fruit': -7.175187479938773, 'fruits': -7.897...  [lime, orange, apple, yes, cherry, water, pepp...  {'lime': 0.5027932287617163, 'orange': 0.15136...      [lime, orange, apple, yes, cherry]        [limes, orange, apples, yes, cherries]  [lime, orange, apple, yes, cherry, water, pepp...        lemon lemon lemon          10   
2   turtles     [beast]      IsA            1   [A turtle is a [MASK]]     3             2       turtle      turtles  [a turtle is a [MASK]., a turtle is a type of ...  [a turtle or [Z] is a [MASK]., a turtle or [Z]...  [[MASK] such as turtles., [MASK], including tu...  [[MASK] such as turtles and [Z]., [MASK], incl...  [such as turtles and [MASK]., such as turtles ...   turtles turtle turtles   [lizard, person, shell, boat, human, fish, tree]  {'lizard': -16.036533980021577, 'person': -16....  [bird, animal, fish, mammal, creature, lizard,...  {'bird': -6.983079495727402, 'animal': -7.2181...  [reptile, animal, bird, creature, wildlife, in...  {'reptiles': -6.12624919356388, 'animals': -6....  [snakes, birds, fish, lizards, frogs, dragons,...  {'snakes': 0.3146660774946213, 'birds': 0.1580...       [snake, bird, fish, lizard, frog]       [snakes, birds, fishes, lizards, frogs]  [snake, bird, fish, lizard, frog, dragon, shar...   turtles turtle turtles          10   
3      bags   [luggage]      IsA            1      [A bag is a [MASK]]     4             2          bag         bags  [a bag is a [MASK]., a bag is a type of [MASK]...  [a bag or [Z] is a [MASK]., a bag or [Z] is a ...  [[MASK] such as bags., [MASK], including bags....  [[MASK] such as bags and [Z]., [MASK], includi...  [such as bags and [MASK]., such as bags or [MA...            bags bag bags  [person, box, pouch, pack, container, suitcase...  {'person': -15.800401335816666, 'box': -16.478...  [container, luggage, backpack, suitcase, sack,...  {'container': -8.861242617076943, 'luggage': -...  [thing, item, object, luggage, belongings, acc...  {'things': -7.206912668513597, 'items': -8.137...  [boxes, yes, shoes, cases, obviously, yeah, cl...  {'boxes': 0.1638453546911478, 'yes': 0.0626923...       [box, yes, shoe, case, obviously]         [boxes, yes, shoes, cases, obviously]  [box, yes, shoe, case, obviously, yeah, clothe...            bags bag bags          10   
4   rabbits  [creature]      IsA            1   [A rabbit is a [MASK]]     5             2       rabbit      rabbits  [a rabbit is a [MASK]., a rabbit is a type of ...  [a rabbit or [Z] is a [MASK]., a rabbit or [Z]...  [[MASK] such as rabbits., [MASK], including ra...  [[MASK] such as rabbits and [Z]., [MASK], incl...  [such as rabbits and [MASK]., such as rabbits ...   rabbits rabbit rabbits  [person, horse, human, dog, man, child, pig, k...  {'person': -15.755672171378398, 'horse': -15.9...  [animal, mammal, dog, bird, cat, fox, pig, har...  {'animal': -6.5751558948461675, 'mammal': -8.9...  [animal, rodent, mammal, wildlife, livestock, ...  {'animals': -5.903334231711103, 'rodents': -7....  [foxes, deer, squirrels, mice, rodents, rats, ...  {'foxes': 0.21225315535610373, 'deer': 0.16438...   [fox, deer, squirrels, mouse, rodent]       [foxes, deer, squirrels, mice, rodents]  [fox, deer, squirrels, mouse, rodent, rat, dog...   rabbits rabbit rabbits          10   

                            def_dap_with_subj_anchor                           lsp_dap_with_subj_anchor                                   obj_mask_def_dap                             obj_mask_def_dap_score                                   obj_mask_lsp_dap                             obj_mask_lsp_dap_score  
0  [a catfish or a bass is a [MASK]., a catfish o...  [[MASK] such as catfish and basses., [MASK] su...  [fish, species, turtle, shrimp, crocodile, pre...  {'fish': -4.49076650378941, 'species': -12.787...  [fish, species, animal, seafood, invertebrates...  {'fish': -5.132430900941943, 'species': -9.238...  
1  [a lemon or a lime is a [MASK]., a lemon or an...  [[MASK] such as lemon and limes., [MASK] such ...  [fruit, drink, apple, lime, candy, yes, berry,...  {'fruit': -6.215222270411444, 'drink': -9.5472...  [fruit, thing, citrus, lime, yes, apple, flavo...  {'fruits': -6.38605876173733, 'fruit': -6.9349...  
2  [a turtle or a snake is a [MASK]., a turtle or...  [[MASK] such as turtles and snakes., [MASK] su...  [animal, bird, fish, mammal, creature, lizard,...  {'animal': -7.5255446660385035, 'bird': -7.676...  [reptile, animal, wildlife, invertebrates, bir...  {'reptiles': -6.164623090730166, 'animals': -6...  
3  [a bag or a box is a [MASK]., a bag or a yes i...  [[MASK] such as bags and boxes., [MASK] such a...  [container, luggage, backpack, suitcase, yes, ...  {'container': -7.19792714910603, 'luggage': -8...  [thing, item, stuff, luggage, object, yes, goo...  {'things': -7.003505253732369, 'items': -8.343...  
4  [a rabbit or a fox is a [MASK]., a rabbit or a...  [[MASK] such as rabbits and foxes., [MASK] suc...  [mammal, animal, dog, mouse, creature, bird, c...  {'mammal': -6.555871063773531, 'animal': -6.69...  [animal, rodent, mammal, wildlife, livestock, ...  {'animals': -5.978859688699233, 'rodents': -7....  
---------------------------------------- anchor evaluation ----------------------------------------
begin{tabular}{rlrrrr}
hline
    	 mask_type        	   p@1 	   p@5 	   p@10 	   mrr 
hline
  0 	 subj_anchors_sg  	    30 	    70 	     70 	  50   
  1 	 subj_anchors_all 	    30 	    70 	     80 	  51.1 
hline
end{tabular}
---------------------------------------- obj_label evaluation ----------------------------------------
begin{tabular}{rlrrrrr}
hline
    	 mask_type   	   p@1 	   p@5 	   p@10 	   mrr 	   mask_type_id 
hline
  1 	 def_sap     	    10 	    20 	     30 	  16   	              1 
  2 	 lsp_sap     	    10 	    20 	     30 	  13.9 	              3 
  3 	 def_dap     	    10 	    30 	     30 	  17   	              2 
  4 	 lsp_dap     	    10 	    20 	     20 	  12.5 	              4 
hline
end{tabular}
debug: True
---------------------------------------- config ----------------------------------------
{'debug': True, 'test_relations': ['IsA'], 'save_all_data': True, 'top_k': 10, 'data_dir': 'data/hypernymsuite/ALL/swow_rw/', 'mask_string_mapping': {'bert-large-uncased': '[MASK]'}, 'use_dap_global': True, 'return_probs': True, 'anchor_scorer_list': ['probAvg'], 'scorer_target_1_prompt': 'probSum', 'scorer_target_N_prompts': 'freqProbLogSum', 'use_original_prompt': True, 'original_prompt_source': 'masked_sentence', 'incorporate_operations': ['concate_or_single'], 'filter_anchors_flag': True, 'filter_objects_flag': True, 'cpt_only': False, 'anchor_types': ['Coordinate_remove_Y_PUNC_FULL'], 'add_cpt_score': False, 'constrain_targets': False, 'only_wordnet_anchor': False, 'add_wordnet_path_score': False, 'add_wordnet_filter': False, 'anchor_probe': 'plural_probe', 'anchor_col_prefix': 'subj_anchors', 'anchor_col': 'subj_anchors_swow', 'anchor_col_sg': 'subj_anchors_swow_sg', 'anchor_col_pl': 'subj_anchors_swow_pl', 'anchor_col_all': 'anchor_col_all', 'filter_objects_with_input': True, 'sub_col': 'sub_label', 'sub_col_sg': 'sub_label_sg', 'sub_col_pl': 'sub_label_pl', 'top_k_anchors': 5, 'max_anchor_num_list': [10], 'max_anchor_num': 10, 'sub_col_sgpl': 'sub_label_sgpl', 'filter_objects_with_anchors': False, 'oracle_anchor_inserted': False, 'use_oracle_anchor': False, 'anchor_source': 'SWOW', 'only_swow_anchor': False, 'add_swow_score': False, 'swow_score_source': 'OnlySWOWStrength', 'add_swow_filter': False, 'dataset': 'ALLSWOW'}
---------------------------------------- config ----------------------------------------
reading cohyponyms: pre_post_process/log/word_to_cohyponyms_score_pl.json
reading cohyponyms: pre_post_process/log/word_to_cohyponyms_score_pl.json
Some weights of the model checkpoint at bert-large-uncased were not used when initializing BertForMaskedLM: ['cls.seq_relationship.weight', 'cls.seq_relationship.bias']
- This IS expected if you are initializing BertForMaskedLM from the checkpoint of a model trained on another task or with another architecture (e.g. initializing a BertForSequenceClassification model from a BertForPreTraining model).
- This IS NOT expected if you are initializing BertForMaskedLM from the checkpoint of a model that you expect to be exactly identical (initializing a BertForSequenceClassification model from a BertForSequenceClassification model).
Some weights of the model checkpoint at bert-large-uncased were not used when initializing BertForMaskedLM: ['cls.seq_relationship.weight', 'cls.seq_relationship.bias']
- This IS expected if you are initializing BertForMaskedLM from the checkpoint of a model trained on another task or with another architecture (e.g. initializing a BertForSequenceClassification model from a BertForPreTraining model).
- This IS NOT expected if you are initializing BertForMaskedLM from the checkpoint of a model that you expect to be exactly identical (initializing a BertForSequenceClassification model from a BertForSequenceClassification model).
---------------------------------------- bert-large-uncased-anchor_type: Coordinate_remove_Y_PUNC_FULL-scorer_anchor:probAvg-op:concate_or_single ----------------------------------------
{
    "IsA": {
        "relation": "IsA",
        "def_sap": [
            "[X] is a [MASK].",
            "[X] is a type of [MASK].",
            "[X] is a kind of [MASK]."
        ],
        "def_dap": [
            "[X] or [Z] is a [MASK].",
            "[X] or [Z] is a type of [MASK].",
            "[X] or [Z] is a kind of [MASK]."
        ],
        "lsp_sap": [
            "[MASK] such as [X].",
            "[MASK], including [X].",
            "[MASK], especially [X].",
            "[X] or other [MASK].",
            "[X] and other [MASK].",
            "such [MASK] as [X]."
        ],
        "lsp_dap": [
            "[MASK] such as [X] and [Z].",
            "[MASK], including [X] and [Z].",
            "[MASK], especially [X] and [Z].",
            "[X], [Z] and other [MASK].",
            "[X], [Z] or other [MASK].",
            "such [MASK] as [X] and [Z]."
        ],
        "use_dap": true,
        "anchor_target": "[X]",
        "anchor_lsp_sap": [
            "such as [X] and [MASK].",
            "such as [X] or [MASK].",
            "such as [X], [MASK],",
            "including [X] and [MASK].",
            "including [X] or [MASK].",
            "including [X], [MASK],",
            "especially [X] and [MASK].",
            "especially [X] or [MASK].",
            "especially [X], [MASK],",
            "[X], [MASK] or other",
            "[X], [MASK] and other"
        ]
    }
}
Processing IsA ... data/hypernymsuite/ALL/swow_rw//IsA.jsonl
#All Instances: 2094
#Valid Instances: 2094 in ALLSWOW (hyper in BERT)
	 step1: get anchors (fill and filter)
/home/chunhua/.local/lib/python3.8/site-packages/transformers/pipelines/base.py:1043: UserWarning: You seem to be using the pipelines sequentially on GPU. In order to maximize efficiency please use a dataset
  warnings.warn(
--- def_sap
--- lsp_sap
relation: IsA 	 use_dap: True
	 step2: insert anchors
sub_col sub_label
                                             def_dap                                subj_anchors_sg
0  [a catfish or [Z] is a [MASK]., a catfish or [...         [bass, carp, shrimp, perch, alligator]
1  [a lemon or [Z] is a [MASK]., a lemon or [Z] i...             [lime, orange, apple, yes, cherry]
2  [a turtle or [Z] is a [MASK]., a turtle or [Z]...              [snake, bird, fish, lizard, frog]
3  [a bag or [Z] is a [MASK]., a bag or [Z] is a ...              [box, yes, shoe, case, obviously]
4  [a rabbit or [Z] is a [MASK]., a rabbit or [Z]...          [fox, deer, squirrels, mouse, rodent]
5  [a bowl or [Z] is a [MASK]., a bowl or [Z] is ...               [plate, cup, pitcher, dish, yes]
6  [a squirrel or [Z] is a [MASK]., a squirrel or...           [rabbit, deer, fox, squirrels, bear]
7  [a piano or [Z] is a [MASK]., a piano or [Z] i...   [organ, guitar, violin, keyboard, amplifier]
8  [a catfish or [Z] is a [MASK]., a catfish or [...         [bass, carp, shrimp, perch, alligator]
9  [a missile or [Z] is a [MASK]., a missile or [...  [rocket, bomb, artillery, torpedo, explosive]
                                             lsp_dap                                    subj_anchors_pl
0  [[MASK] such as catfish and [Z]., [MASK], incl...       [basses, carp, shrimps, perches, alligators]
1  [[MASK] such as lemon and [Z]., [MASK], includ...             [limes, orange, apples, yes, cherries]
2  [[MASK] such as turtles and [Z]., [MASK], incl...            [snakes, birds, fishes, lizards, frogs]
3  [[MASK] such as bags and [Z]., [MASK], includi...              [boxes, yes, shoes, cases, obviously]
4  [[MASK] such as rabbits and [Z]., [MASK], incl...            [foxes, deer, squirrels, mice, rodents]
5  [[MASK] such as bowls and [Z]., [MASK], includ...              [plates, cups, pitchers, dishes, yes]
6  [[MASK] such as squirrel and [Z]., [MASK], inc...              [rabbits, deer, fox, squirrels, bear]
7  [[MASK] such as pianos and [Z]., [MASK], inclu...  [organs, guitars, violins, keyboards, amplifiers]
8  [[MASK] such as catfish and [Z]., [MASK], incl...       [basses, carp, shrimps, perches, alligators]
9  [[MASK] such as missiles and [Z]., [MASK], inc...  [rockets, bombs, artillery, torpedoes, explosi...
	 step3: fill mask in dap anchors
  0%|          | 0/10 [00:00<?, ?it/s]/home/chunhua/.local/lib/python3.8/site-packages/transformers/pipelines/base.py:1043: UserWarning: You seem to be using the pipelines sequentially on GPU. In order to maximize efficiency please use a dataset
  warnings.warn(
100%|██████████| 10/10 [00:02<00:00,  4.64it/s]
  0%|          | 0/10 [00:00<?, ?it/s]100%|██████████| 10/10 [00:04<00:00,  2.36it/s]
  sub_label   obj_label relation  obj_in_BERT         masked_sentences  uuid  sub_position sub_label_sg sub_label_pl                                            def_sap                                            def_dap                                            lsp_sap                                            lsp_dap                                     anchor_lsp_sap           sub_label_sgpl                                  obj_mask_sentence                            obj_mask_sentence_score                                   obj_mask_def_sap                             obj_mask_def_sap_score                                   obj_mask_lsp_sap                             obj_mask_lsp_sap_score                                       subj_anchors                                 subj_anchors_score                         subj_anchors_sg                               subj_anchors_pl                                   subj_anchors_all    subj_anchors_combined  anchor_num  \
0   catfish      [fish]      IsA            1  [A catfish is a [MASK]]     1             2      catfish      catfish  [a catfish is a [MASK]., a catfish is a type o...  [a catfish or [Z] is a [MASK]., a catfish or [...  [[MASK] such as catfish., [MASK], including ca...  [[MASK] such as catfish and [Z]., [MASK], incl...  [such as catfish and [MASK]., such as catfish ...  catfish catfish catfish  [fish, boat, river, genus, gastropod, lizard, ...  {'fish': -17.492517940945792, 'boat': -19.0523...  [fish, shrimp, mollusk, swimmer, salmon, bird,...  {'fish': -4.442973047064299, 'shrimp': -12.345...  [fish, species, animal, seafood, reptile, inve...  {'fish': -4.942579534624883, 'species': -9.299...  [bass, carp, shrimp, perch, alligator, trout, ...  {'bass': 0.39879070899703284, 'carp': 0.181602...  [bass, carp, shrimp, perch, alligator]  [basses, carp, shrimps, perches, alligators]  [bass, carp, shrimp, perch, alligator, trout, ...  catfish catfish catfish          10   
1     lemon   [produce]      IsA            1    [A lemon is a [MASK]]     2             2        lemon        lemon  [a lemon is a [MASK]., a lemon is a type of [M...  [a lemon or [Z] is a [MASK]., a lemon or [Z] i...  [[MASK] such as lemon., [MASK], including lemo...  [[MASK] such as lemon and [Z]., [MASK], includ...  [such as lemon and [MASK]., such as lemon or [...        lemon lemon lemon  [fruit, tree, person, bottle, key, seed, twist...  {'fruit': -15.145185477808239, 'tree': -15.459...  [fruit, drink, lime, candy, apple, orange, ber...  {'fruit': -7.934486012665629, 'drink': -10.454...  [fruit, citrus, apple, thing, orange, lime, wa...  {'fruit': -7.175187479938773, 'fruits': -7.897...  [lime, orange, apple, yes, cherry, water, pepp...  {'lime': 0.5027932287617163, 'orange': 0.15136...      [lime, orange, apple, yes, cherry]        [limes, orange, apples, yes, cherries]  [lime, orange, apple, yes, cherry, water, pepp...        lemon lemon lemon          10   
2   turtles     [beast]      IsA            1   [A turtle is a [MASK]]     3             2       turtle      turtles  [a turtle is a [MASK]., a turtle is a type of ...  [a turtle or [Z] is a [MASK]., a turtle or [Z]...  [[MASK] such as turtles., [MASK], including tu...  [[MASK] such as turtles and [Z]., [MASK], incl...  [such as turtles and [MASK]., such as turtles ...   turtles turtle turtles   [lizard, person, shell, boat, human, fish, tree]  {'lizard': -16.036533980021577, 'person': -16....  [bird, animal, fish, mammal, creature, lizard,...  {'bird': -6.983079495727402, 'animal': -7.2181...  [reptile, animal, bird, creature, wildlife, in...  {'reptiles': -6.12624919356388, 'animals': -6....  [snakes, birds, fish, lizards, frogs, dragons,...  {'snakes': 0.3146660774946213, 'birds': 0.1580...       [snake, bird, fish, lizard, frog]       [snakes, birds, fishes, lizards, frogs]  [snake, bird, fish, lizard, frog, dragon, shar...   turtles turtle turtles          10   
3      bags   [luggage]      IsA            1      [A bag is a [MASK]]     4             2          bag         bags  [a bag is a [MASK]., a bag is a type of [MASK]...  [a bag or [Z] is a [MASK]., a bag or [Z] is a ...  [[MASK] such as bags., [MASK], including bags....  [[MASK] such as bags and [Z]., [MASK], includi...  [such as bags and [MASK]., such as bags or [MA...            bags bag bags  [person, box, pouch, pack, container, suitcase...  {'person': -15.800401335816666, 'box': -16.478...  [container, luggage, backpack, suitcase, sack,...  {'container': -8.861242617076943, 'luggage': -...  [thing, item, object, luggage, belongings, acc...  {'things': -7.206912668513597, 'items': -8.137...  [boxes, yes, shoes, cases, obviously, yeah, cl...  {'boxes': 0.1638453546911478, 'yes': 0.0626923...       [box, yes, shoe, case, obviously]         [boxes, yes, shoes, cases, obviously]  [box, yes, shoe, case, obviously, yeah, clothe...            bags bag bags          10   
4   rabbits  [creature]      IsA            1   [A rabbit is a [MASK]]     5             2       rabbit      rabbits  [a rabbit is a [MASK]., a rabbit is a type of ...  [a rabbit or [Z] is a [MASK]., a rabbit or [Z]...  [[MASK] such as rabbits., [MASK], including ra...  [[MASK] such as rabbits and [Z]., [MASK], incl...  [such as rabbits and [MASK]., such as rabbits ...   rabbits rabbit rabbits  [person, horse, human, dog, man, child, pig, k...  {'person': -15.755672171378398, 'horse': -15.9...  [animal, mammal, dog, bird, cat, fox, pig, har...  {'animal': -6.5751558948461675, 'mammal': -8.9...  [animal, rodent, mammal, wildlife, livestock, ...  {'animals': -5.903334231711103, 'rodents': -7....  [foxes, deer, squirrels, mice, rodents, rats, ...  {'foxes': 0.21225315535610373, 'deer': 0.16438...   [fox, deer, squirrels, mouse, rodent]       [foxes, deer, squirrels, mice, rodents]  [fox, deer, squirrels, mouse, rodent, rat, dog...   rabbits rabbit rabbits          10   

                            def_dap_with_subj_anchor                           lsp_dap_with_subj_anchor                                   obj_mask_def_dap                             obj_mask_def_dap_score                                   obj_mask_lsp_dap                             obj_mask_lsp_dap_score  
0  [a catfish or a bass is a [MASK]., a catfish o...  [[MASK] such as catfish and basses., [MASK] su...  [fish, species, turtle, shrimp, crocodile, pre...  {'fish': -4.49076650378941, 'species': -12.787...  [fish, species, animal, seafood, invertebrates...  {'fish': -5.132430900941943, 'species': -9.238...  
1  [a lemon or a lime is a [MASK]., a lemon or an...  [[MASK] such as lemon and limes., [MASK] such ...  [fruit, drink, apple, lime, candy, yes, berry,...  {'fruit': -6.215222270411444, 'drink': -9.5472...  [fruit, thing, citrus, lime, yes, apple, flavo...  {'fruits': -6.38605876173733, 'fruit': -6.9349...  
2  [a turtle or a snake is a [MASK]., a turtle or...  [[MASK] such as turtles and snakes., [MASK] su...  [animal, bird, fish, mammal, creature, lizard,...  {'animal': -7.5255446660385035, 'bird': -7.676...  [reptile, animal, wildlife, invertebrates, bir...  {'reptiles': -6.164623090730166, 'animals': -6...  
3  [a bag or a box is a [MASK]., a bag or a yes i...  [[MASK] such as bags and boxes., [MASK] such a...  [container, luggage, backpack, suitcase, yes, ...  {'container': -7.19792714910603, 'luggage': -8...  [thing, item, stuff, luggage, object, yes, goo...  {'things': -7.003505253732369, 'items': -8.343...  
4  [a rabbit or a fox is a [MASK]., a rabbit or a...  [[MASK] such as rabbits and foxes., [MASK] suc...  [mammal, animal, dog, mouse, creature, bird, c...  {'mammal': -6.555871063773531, 'animal': -6.69...  [animal, rodent, mammal, wildlife, livestock, ...  {'animals': -5.978859688699233, 'rodents': -7....  
---------------------------------------- anchor evaluation ----------------------------------------
begin{tabular}{rlrrrr}
hline
    	 mask_type        	   p@1 	   p@5 	   p@10 	   mrr 
hline
  0 	 subj_anchors_sg  	    30 	    70 	     70 	  50   
  1 	 subj_anchors_all 	    30 	    70 	     80 	  51.1 
hline
end{tabular}
---------------------------------------- obj_label evaluation ----------------------------------------
begin{tabular}{rlrrrrr}
hline
    	 mask_type   	   p@1 	   p@5 	   p@10 	   mrr 	   mask_type_id 
hline
  1 	 def_sap     	    10 	    20 	     30 	  16   	              1 
  2 	 lsp_sap     	    10 	    20 	     30 	  13.9 	              3 
  3 	 def_dap     	    10 	    30 	     30 	  17   	              2 
  4 	 lsp_dap     	    10 	    20 	     20 	  12.5 	              4 
hline
end{tabular}
debug: True
---------------------------------------- config ----------------------------------------
{'debug': True, 'test_relations': ['IsA'], 'save_all_data': True, 'top_k': 10, 'data_dir': 'data/hypernymsuite/ALL/swow_rw/', 'mask_string_mapping': {'bert-large-uncased': '[MASK]'}, 'use_dap_global': True, 'return_probs': True, 'anchor_scorer_list': ['probAvg'], 'scorer_target_1_prompt': 'probSum', 'scorer_target_N_prompts': 'freqProbLogSum', 'use_original_prompt': True, 'original_prompt_source': 'masked_sentence', 'incorporate_operations': ['concate_or_single'], 'filter_anchors_flag': True, 'filter_objects_flag': True, 'cpt_only': False, 'anchor_types': ['Coordinate_remove_Y_PUNC_FULL'], 'add_cpt_score': False, 'constrain_targets': False, 'only_wordnet_anchor': False, 'add_wordnet_path_score': False, 'add_wordnet_filter': False, 'anchor_probe': 'plural_probe', 'anchor_col_prefix': 'subj_anchors', 'anchor_col': 'subj_anchors_swow', 'anchor_col_sg': 'subj_anchors_swow_sg', 'anchor_col_pl': 'subj_anchors_swow_pl', 'anchor_col_all': 'anchor_col_all', 'filter_objects_with_input': True, 'sub_col': 'sub_label', 'sub_col_sg': 'sub_label_sg', 'sub_col_pl': 'sub_label_pl', 'top_k_anchors': 5, 'max_anchor_num_list': [10], 'max_anchor_num': 10, 'sub_col_sgpl': 'sub_label_sgpl', 'filter_objects_with_anchors': False, 'oracle_anchor_inserted': False, 'use_oracle_anchor': False, 'anchor_source': 'LM', 'only_swow_anchor': False, 'add_swow_score': False, 'swow_score_source': 'ShareSWOWStrength', 'add_swow_filter': True, 'dataset': 'ALLSWOW'}
---------------------------------------- config ----------------------------------------
reading cohyponyms: pre_post_process/log/word_to_cohyponyms_score_pl.json
reading cohyponyms: pre_post_process/log/word_to_cohyponyms_score_pl.json
Some weights of the model checkpoint at bert-large-uncased were not used when initializing BertForMaskedLM: ['cls.seq_relationship.weight', 'cls.seq_relationship.bias']
- This IS expected if you are initializing BertForMaskedLM from the checkpoint of a model trained on another task or with another architecture (e.g. initializing a BertForSequenceClassification model from a BertForPreTraining model).
- This IS NOT expected if you are initializing BertForMaskedLM from the checkpoint of a model that you expect to be exactly identical (initializing a BertForSequenceClassification model from a BertForSequenceClassification model).
Some weights of the model checkpoint at bert-large-uncased were not used when initializing BertForMaskedLM: ['cls.seq_relationship.weight', 'cls.seq_relationship.bias']
- This IS expected if you are initializing BertForMaskedLM from the checkpoint of a model trained on another task or with another architecture (e.g. initializing a BertForSequenceClassification model from a BertForPreTraining model).
- This IS NOT expected if you are initializing BertForMaskedLM from the checkpoint of a model that you expect to be exactly identical (initializing a BertForSequenceClassification model from a BertForSequenceClassification model).
---------------------------------------- bert-large-uncased-anchor_type: Coordinate_remove_Y_PUNC_FULL-scorer_anchor:probAvg-op:concate_or_single ----------------------------------------
{
    "IsA": {
        "relation": "IsA",
        "def_sap": [
            "[X] is a [MASK].",
            "[X] is a type of [MASK].",
            "[X] is a kind of [MASK]."
        ],
        "def_dap": [
            "[X] or [Z] is a [MASK].",
            "[X] or [Z] is a type of [MASK].",
            "[X] or [Z] is a kind of [MASK]."
        ],
        "lsp_sap": [
            "[MASK] such as [X].",
            "[MASK], including [X].",
            "[MASK], especially [X].",
            "[X] or other [MASK].",
            "[X] and other [MASK].",
            "such [MASK] as [X]."
        ],
        "lsp_dap": [
            "[MASK] such as [X] and [Z].",
            "[MASK], including [X] and [Z].",
            "[MASK], especially [X] and [Z].",
            "[X], [Z] and other [MASK].",
            "[X], [Z] or other [MASK].",
            "such [MASK] as [X] and [Z]."
        ],
        "use_dap": true,
        "anchor_target": "[X]",
        "anchor_lsp_sap": [
            "such as [X] and [MASK].",
            "such as [X] or [MASK].",
            "such as [X], [MASK],",
            "including [X] and [MASK].",
            "including [X] or [MASK].",
            "including [X], [MASK],",
            "especially [X] and [MASK].",
            "especially [X] or [MASK].",
            "especially [X], [MASK],",
            "[X], [MASK] or other",
            "[X], [MASK] and other"
        ]
    }
}
Processing IsA ... data/hypernymsuite/ALL/swow_rw//IsA.jsonl
#All Instances: 2094
#Valid Instances: 2094 in ALLSWOW (hyper in BERT)
	 step1: get anchors (fill and filter)
/home/chunhua/.local/lib/python3.8/site-packages/transformers/pipelines/base.py:1043: UserWarning: You seem to be using the pipelines sequentially on GPU. In order to maximize efficiency please use a dataset
  warnings.warn(
--- def_sap
--- lsp_sap
relation: IsA 	 use_dap: True
	 step2: insert anchors
sub_col sub_label
                                             def_dap                                    subj_anchors_sg
0  [a catfish or [Z] is a [MASK]., a catfish or [...             [bass, carp, shrimp, perch, alligator]
1  [a lemon or [Z] is a [MASK]., a lemon or [Z] i...                                   [yellow, orange]
2  [a turtle or [Z] is a [MASK]., a turtle or [Z]...                  [snake, bird, fish, lizard, frog]
3  [a bag or [Z] is a [MASK]., a bag or [Z] is a ...                                       [shoe, case]
4  [a rabbit or [Z] is a [MASK]., a rabbit or [Z]...              [fox, deer, squirrels, mouse, rodent]
5  [a bowl or [Z] is a [MASK]., a bowl or [Z] is ...                              [plate, bowling, pot]
6  [a squirrel or [Z] is a [MASK]., a squirrel or...               [rabbit, deer, fox, squirrels, bear]
7  [a piano or [Z] is a [MASK]., a piano or [Z] i...  [keyboard, organ, synthesizer, instrument, vio...
8  [a catfish or [Z] is a [MASK]., a catfish or [...             [bass, carp, shrimp, perch, alligator]
9  [a missile or [Z] is a [MASK]., a missile or [...                                [rocket, submarine]
                                             lsp_dap                                    subj_anchors_pl
0  [[MASK] such as catfish and [Z]., [MASK], incl...       [basses, carp, shrimps, perches, alligators]
1  [[MASK] such as lemon and [Z]., [MASK], includ...                                   [yellow, orange]
2  [[MASK] such as turtles and [Z]., [MASK], incl...            [snakes, birds, fishes, lizards, frogs]
3  [[MASK] such as bags and [Z]., [MASK], includi...                                     [shoes, cases]
4  [[MASK] such as rabbits and [Z]., [MASK], incl...            [foxes, deer, squirrels, mice, rodents]
5  [[MASK] such as bowls and [Z]., [MASK], includ...                            [plates, bowling, pots]
6  [[MASK] such as squirrel and [Z]., [MASK], inc...              [rabbits, deer, fox, squirrels, bear]
7  [[MASK] such as pianos and [Z]., [MASK], inclu...  [keyboards, organ, synthesizers, instruments, ...
8  [[MASK] such as catfish and [Z]., [MASK], incl...       [basses, carp, shrimps, perches, alligators]
9  [[MASK] such as missiles and [Z]., [MASK], inc...                              [rockets, submarines]
	 step3: fill mask in dap anchors
  0%|          | 0/10 [00:00<?, ?it/s]/home/chunhua/.local/lib/python3.8/site-packages/transformers/pipelines/base.py:1043: UserWarning: You seem to be using the pipelines sequentially on GPU. In order to maximize efficiency please use a dataset
  warnings.warn(
100%|██████████| 10/10 [00:01<00:00,  5.98it/s]
  0%|          | 0/10 [00:00<?, ?it/s]100%|██████████| 10/10 [00:03<00:00,  3.03it/s]
  sub_label   obj_label relation  obj_in_BERT         masked_sentences  uuid  sub_position sub_label_sg sub_label_pl                                            def_sap                                            def_dap                                            lsp_sap                                            lsp_dap                                     anchor_lsp_sap           sub_label_sgpl                                  obj_mask_sentence                            obj_mask_sentence_score                                   obj_mask_def_sap                             obj_mask_def_sap_score                                   obj_mask_lsp_sap                             obj_mask_lsp_sap_score                                       subj_anchors                                 subj_anchors_score                         subj_anchors_sg                               subj_anchors_pl                                   subj_anchors_all    subj_anchors_combined  anchor_num  \
0   catfish      [fish]      IsA            1  [A catfish is a [MASK]]     1             2      catfish      catfish  [a catfish is a [MASK]., a catfish is a type o...  [a catfish or [Z] is a [MASK]., a catfish or [...  [[MASK] such as catfish., [MASK], including ca...  [[MASK] such as catfish and [Z]., [MASK], incl...  [such as catfish and [MASK]., such as catfish ...  catfish catfish catfish  [fish, boat, river, genus, gastropod, lizard, ...  {'fish': -17.492517940945792, 'boat': -19.0523...  [fish, shrimp, mollusk, swimmer, salmon, bird,...  {'fish': -4.442973047064299, 'shrimp': -12.345...  [fish, species, animal, seafood, reptile, inve...  {'fish': -4.942579534624883, 'species': -9.299...  [bass, carp, shrimp, perch, alligator, trout, ...  {'bass': 0.39879070899703284, 'carp': 0.181602...  [bass, carp, shrimp, perch, alligator]  [basses, carp, shrimps, perches, alligators]  [bass, carp, shrimp, perch, alligator, trout, ...  catfish catfish catfish          10   
1     lemon   [produce]      IsA            1    [A lemon is a [MASK]]     2             2        lemon        lemon  [a lemon is a [MASK]., a lemon is a type of [M...  [a lemon or [Z] is a [MASK]., a lemon or [Z] i...  [[MASK] such as lemon., [MASK], including lemo...  [[MASK] such as lemon and [Z]., [MASK], includ...  [such as lemon and [MASK]., such as lemon or [...        lemon lemon lemon  [fruit, tree, person, bottle, key, seed, twist...  {'fruit': -15.145185477808239, 'tree': -15.459...  [fruit, drink, lime, candy, apple, orange, ber...  {'fruit': -7.934486012665629, 'drink': -10.454...  [fruit, citrus, apple, thing, orange, lime, wa...  {'fruit': -7.175187479938773, 'fruits': -7.897...                                   [yellow, orange]  {'lime': 0.5027932287617163, 'orange': 0.15136...                        [yellow, orange]                              [yellow, orange]                                   [yellow, orange]        lemon lemon lemon           2   
2   turtles     [beast]      IsA            1   [A turtle is a [MASK]]     3             2       turtle      turtles  [a turtle is a [MASK]., a turtle is a type of ...  [a turtle or [Z] is a [MASK]., a turtle or [Z]...  [[MASK] such as turtles., [MASK], including tu...  [[MASK] such as turtles and [Z]., [MASK], incl...  [such as turtles and [MASK]., such as turtles ...   turtles turtle turtles   [lizard, person, shell, boat, human, fish, tree]  {'lizard': -16.036533980021577, 'person': -16....  [bird, animal, fish, mammal, creature, lizard,...  {'bird': -6.983079495727402, 'animal': -7.2181...  [reptile, animal, bird, creature, wildlife, in...  {'reptiles': -6.12624919356388, 'animals': -6....  [snakes, birds, fish, lizards, frogs, dragons,...  {'snakes': 0.3146660774946213, 'birds': 0.1580...       [snake, bird, fish, lizard, frog]       [snakes, birds, fishes, lizards, frogs]  [snake, bird, fish, lizard, frog, dragon, shar...   turtles turtle turtles          10   
3      bags   [luggage]      IsA            1      [A bag is a [MASK]]     4             2          bag         bags  [a bag is a [MASK]., a bag is a type of [MASK]...  [a bag or [Z] is a [MASK]., a bag or [Z] is a ...  [[MASK] such as bags., [MASK], including bags....  [[MASK] such as bags and [Z]., [MASK], includi...  [such as bags and [MASK]., such as bags or [MA...            bags bag bags  [person, box, pouch, pack, container, suitcase...  {'person': -15.800401335816666, 'box': -16.478...  [container, luggage, backpack, suitcase, sack,...  {'container': -8.861242617076943, 'luggage': -...  [thing, item, object, luggage, belongings, acc...  {'things': -7.206912668513597, 'items': -8.137...                                     [shoes, cases]  {'boxes': 0.1638453546911478, 'yes': 0.0626923...                            [shoe, case]                                [shoes, cases]                                       [shoe, case]            bags bag bags           2   
4   rabbits  [creature]      IsA            1   [A rabbit is a [MASK]]     5             2       rabbit      rabbits  [a rabbit is a [MASK]., a rabbit is a type of ...  [a rabbit or [Z] is a [MASK]., a rabbit or [Z]...  [[MASK] such as rabbits., [MASK], including ra...  [[MASK] such as rabbits and [Z]., [MASK], incl...  [such as rabbits and [MASK]., such as rabbits ...   rabbits rabbit rabbits  [person, horse, human, dog, man, child, pig, k...  {'person': -15.755672171378398, 'horse': -15.9...  [animal, mammal, dog, bird, cat, fox, pig, har...  {'animal': -6.5751558948461675, 'mammal': -8.9...  [animal, rodent, mammal, wildlife, livestock, ...  {'animals': -5.903334231711103, 'rodents': -7....  [foxes, deer, squirrels, mice, rodents, rats, ...  {'foxes': 0.21225315535610373, 'deer': 0.16438...   [fox, deer, squirrels, mouse, rodent]       [foxes, deer, squirrels, mice, rodents]  [fox, deer, squirrels, mouse, rodent, rat, dog...   rabbits rabbit rabbits          10   

                            def_dap_with_subj_anchor                           lsp_dap_with_subj_anchor                                   obj_mask_def_dap                             obj_mask_def_dap_score                                   obj_mask_lsp_dap                             obj_mask_lsp_dap_score  
0  [a catfish or a bass is a [MASK]., a catfish o...  [[MASK] such as catfish and basses., [MASK] su...  [fish, species, turtle, shrimp, crocodile, pre...  {'fish': -4.49076650378941, 'species': -12.787...  [fish, species, animal, seafood, invertebrates...  {'fish': -5.132430900941943, 'species': -9.238...  
1  [a lemon or a yellow is a [MASK]., a lemon or ...  [[MASK] such as lemon and yellow., [MASK] such...  [fruit, orange, apple, drink, vegetable, flowe...  {'fruit': -6.5065366113085785, 'orange': -9.51...  [color, fruit, colour, citrus, orange, thing, ...  {'colors': -7.5100483771391415, 'fruits': -8.3...  
2  [a turtle or a snake is a [MASK]., a turtle or...  [[MASK] such as turtles and snakes., [MASK] su...  [animal, bird, fish, mammal, creature, lizard,...  {'animal': -7.5255446660385035, 'bird': -7.676...  [reptile, animal, wildlife, invertebrates, bir...  {'reptiles': -6.164623090730166, 'animals': -6...  
3  [a bag or a shoe is a [MASK]., a bag or a case...  [[MASK] such as bags and shoes., [MASK] such a...  [luggage, container, shoe, clothing, backpack,...  {'luggage': -7.433512193122445, 'container': -...  [item, thing, luggage, object, good, clothing,...  {'items': -7.71317658247203, 'things': -7.7782...  
4  [a rabbit or a fox is a [MASK]., a rabbit or a...  [[MASK] such as rabbits and foxes., [MASK] suc...  [mammal, animal, dog, mouse, creature, bird, c...  {'mammal': -6.555871063773531, 'animal': -6.69...  [animal, rodent, mammal, wildlife, livestock, ...  {'animals': -5.978859688699233, 'rodents': -7....  
---------------------------------------- anchor evaluation ----------------------------------------
begin{tabular}{rlrrrr}
hline
    	 mask_type        	   p@1 	   p@5 	   p@10 	   mrr 
hline
  0 	 subj_anchors_sg  	    20 	    60 	     60 	    40 
  1 	 subj_anchors_all 	    20 	    60 	     60 	    40 
hline
end{tabular}
---------------------------------------- obj_label evaluation ----------------------------------------
begin{tabular}{rlrrrrr}
hline
    	 mask_type   	   p@1 	   p@5 	   p@10 	   mrr 	   mask_type_id 
hline
  1 	 def_sap     	    10 	    20 	     30 	  16   	              1 
  2 	 lsp_sap     	    10 	    20 	     30 	  13.9 	              3 
  3 	 def_dap     	    20 	    30 	     40 	  23   	              2 
  4 	 lsp_dap     	    10 	    20 	     20 	  13.3 	              4 
hline
end{tabular}
debug: True
---------------------------------------- config ----------------------------------------
{'debug': True, 'test_relations': ['IsA'], 'save_all_data': True, 'top_k': 10, 'data_dir': 'data/hypernymsuite/ALL/swow_rw/', 'mask_string_mapping': {'bert-large-uncased': '[MASK]'}, 'use_dap_global': True, 'return_probs': True, 'anchor_scorer_list': ['probAvg'], 'scorer_target_1_prompt': 'probSum', 'scorer_target_N_prompts': 'freqProbLogSum', 'use_original_prompt': True, 'original_prompt_source': 'masked_sentence', 'incorporate_operations': ['concate_or_single'], 'filter_anchors_flag': True, 'filter_objects_flag': True, 'cpt_only': False, 'anchor_types': ['Coordinate_remove_Y_PUNC_FULL'], 'add_cpt_score': False, 'constrain_targets': False, 'only_wordnet_anchor': False, 'add_wordnet_path_score': False, 'add_wordnet_filter': False, 'anchor_probe': 'plural_probe', 'anchor_col_prefix': 'subj_anchors', 'anchor_col': 'subj_anchors_swow', 'anchor_col_sg': 'subj_anchors_swow_sg', 'anchor_col_pl': 'subj_anchors_swow_pl', 'anchor_col_all': 'anchor_col_all', 'filter_objects_with_input': True, 'sub_col': 'sub_label', 'sub_col_sg': 'sub_label_sg', 'sub_col_pl': 'sub_label_pl', 'top_k_anchors': 5, 'max_anchor_num_list': [10], 'max_anchor_num': 10, 'sub_col_sgpl': 'sub_label_sgpl', 'filter_objects_with_anchors': False, 'oracle_anchor_inserted': False, 'use_oracle_anchor': False, 'anchor_source': 'LM', 'only_swow_anchor': False, 'add_swow_score': False, 'swow_score_source': 'ShareSWOWSimilar', 'add_swow_filter': True, 'dataset': 'ALLSWOW'}
---------------------------------------- config ----------------------------------------
reading cohyponyms: pre_post_process/log/word_to_cohyponyms_score_pl.json
reading cohyponyms: pre_post_process/log/word_to_cohyponyms_score_pl.json
Some weights of the model checkpoint at bert-large-uncased were not used when initializing BertForMaskedLM: ['cls.seq_relationship.weight', 'cls.seq_relationship.bias']
- This IS expected if you are initializing BertForMaskedLM from the checkpoint of a model trained on another task or with another architecture (e.g. initializing a BertForSequenceClassification model from a BertForPreTraining model).
- This IS NOT expected if you are initializing BertForMaskedLM from the checkpoint of a model that you expect to be exactly identical (initializing a BertForSequenceClassification model from a BertForSequenceClassification model).
Some weights of the model checkpoint at bert-large-uncased were not used when initializing BertForMaskedLM: ['cls.seq_relationship.weight', 'cls.seq_relationship.bias']
- This IS expected if you are initializing BertForMaskedLM from the checkpoint of a model trained on another task or with another architecture (e.g. initializing a BertForSequenceClassification model from a BertForPreTraining model).
- This IS NOT expected if you are initializing BertForMaskedLM from the checkpoint of a model that you expect to be exactly identical (initializing a BertForSequenceClassification model from a BertForSequenceClassification model).
---------------------------------------- bert-large-uncased-anchor_type: Coordinate_remove_Y_PUNC_FULL-scorer_anchor:probAvg-op:concate_or_single ----------------------------------------
{
    "IsA": {
        "relation": "IsA",
        "def_sap": [
            "[X] is a [MASK].",
            "[X] is a type of [MASK].",
            "[X] is a kind of [MASK]."
        ],
        "def_dap": [
            "[X] or [Z] is a [MASK].",
            "[X] or [Z] is a type of [MASK].",
            "[X] or [Z] is a kind of [MASK]."
        ],
        "lsp_sap": [
            "[MASK] such as [X].",
            "[MASK], including [X].",
            "[MASK], especially [X].",
            "[X] or other [MASK].",
            "[X] and other [MASK].",
            "such [MASK] as [X]."
        ],
        "lsp_dap": [
            "[MASK] such as [X] and [Z].",
            "[MASK], including [X] and [Z].",
            "[MASK], especially [X] and [Z].",
            "[X], [Z] and other [MASK].",
            "[X], [Z] or other [MASK].",
            "such [MASK] as [X] and [Z]."
        ],
        "use_dap": true,
        "anchor_target": "[X]",
        "anchor_lsp_sap": [
            "such as [X] and [MASK].",
            "such as [X] or [MASK].",
            "such as [X], [MASK],",
            "including [X] and [MASK].",
            "including [X] or [MASK].",
            "including [X], [MASK],",
            "especially [X] and [MASK].",
            "especially [X] or [MASK].",
            "especially [X], [MASK],",
            "[X], [MASK] or other",
            "[X], [MASK] and other"
        ]
    }
}
Processing IsA ... data/hypernymsuite/ALL/swow_rw//IsA.jsonl
#All Instances: 2094
#Valid Instances: 2094 in ALLSWOW (hyper in BERT)
	 step1: get anchors (fill and filter)
/home/chunhua/.local/lib/python3.8/site-packages/transformers/pipelines/base.py:1043: UserWarning: You seem to be using the pipelines sequentially on GPU. In order to maximize efficiency please use a dataset
  warnings.warn(
--- def_sap
--- lsp_sap
relation: IsA 	 use_dap: True
	 step2: insert anchors
sub_col sub_label
                                             def_dap                               subj_anchors_sg
0  [a catfish or [Z] is a [MASK]., a catfish or [...                                       [trout]
1  [a lemon or [Z] is a [MASK]., a lemon or [Z] i...            [lime, orange, apple, yes, cherry]
2  [a turtle or [Z] is a [MASK]., a turtle or [Z]...             [snake, bird, fish, lizard, frog]
3  [a bag or [Z] is a [MASK]., a bag or [Z] is a ...             [box, yes, shoe, case, obviously]
4  [a rabbit or [Z] is a [MASK]., a rabbit or [Z]...                                      [rodent]
5  [a bowl or [Z] is a [MASK]., a bowl or [Z] is ...                            [cup, plate, dish]
6  [a squirrel or [Z] is a [MASK]., a squirrel or...          [rabbit, deer, fox, squirrels, bear]
7  [a piano or [Z] is a [MASK]., a piano or [Z] i...  [organ, guitar, violin, keyboard, amplifier]
8  [a catfish or [Z] is a [MASK]., a catfish or [...                                       [trout]
9  [a missile or [Z] is a [MASK]., a missile or [...                                [bomb, rocket]
                                             lsp_dap                                    subj_anchors_pl
0  [[MASK] such as catfish and [Z]., [MASK], incl...                                            [trout]
1  [[MASK] such as lemon and [Z]., [MASK], includ...             [limes, orange, apples, yes, cherries]
2  [[MASK] such as turtles and [Z]., [MASK], incl...            [snakes, birds, fishes, lizards, frogs]
3  [[MASK] such as bags and [Z]., [MASK], includi...              [boxes, yes, shoes, cases, obviously]
4  [[MASK] such as rabbits and [Z]., [MASK], incl...                                          [rodents]
5  [[MASK] such as bowls and [Z]., [MASK], includ...                             [cups, plates, dishes]
6  [[MASK] such as squirrel and [Z]., [MASK], inc...              [rabbits, deer, fox, squirrels, bear]
7  [[MASK] such as pianos and [Z]., [MASK], inclu...  [organs, guitars, violins, keyboards, amplifiers]
8  [[MASK] such as catfish and [Z]., [MASK], incl...                                            [trout]
9  [[MASK] such as missiles and [Z]., [MASK], inc...                                   [bombs, rockets]
	 step3: fill mask in dap anchors
  0%|          | 0/10 [00:00<?, ?it/s]/home/chunhua/.local/lib/python3.8/site-packages/transformers/pipelines/base.py:1043: UserWarning: You seem to be using the pipelines sequentially on GPU. In order to maximize efficiency please use a dataset
  warnings.warn(
100%|██████████| 10/10 [00:01<00:00,  6.94it/s]
  0%|          | 0/10 [00:00<?, ?it/s]100%|██████████| 10/10 [00:02<00:00,  3.54it/s]
  sub_label   obj_label relation  obj_in_BERT         masked_sentences  uuid  sub_position sub_label_sg sub_label_pl                                            def_sap                                            def_dap                                            lsp_sap                                            lsp_dap                                     anchor_lsp_sap           sub_label_sgpl                                  obj_mask_sentence                            obj_mask_sentence_score                                   obj_mask_def_sap                             obj_mask_def_sap_score                                   obj_mask_lsp_sap                             obj_mask_lsp_sap_score                                       subj_anchors                                 subj_anchors_score                     subj_anchors_sg                          subj_anchors_pl                                   subj_anchors_all    subj_anchors_combined  anchor_num  \
0   catfish      [fish]      IsA            1  [A catfish is a [MASK]]     1             2      catfish      catfish  [a catfish is a [MASK]., a catfish is a type o...  [a catfish or [Z] is a [MASK]., a catfish or [...  [[MASK] such as catfish., [MASK], including ca...  [[MASK] such as catfish and [Z]., [MASK], incl...  [such as catfish and [MASK]., such as catfish ...  catfish catfish catfish  [fish, boat, river, genus, gastropod, lizard, ...  {'fish': -17.492517940945792, 'boat': -19.0523...  [fish, shrimp, mollusk, swimmer, salmon, bird,...  {'fish': -4.442973047064299, 'shrimp': -12.345...  [fish, species, animal, seafood, reptile, inve...  {'fish': -4.942579534624883, 'species': -9.299...                                            [trout]  {'bass': 0.39879070899703284, 'carp': 0.181602...                             [trout]                                  [trout]                                            [trout]  catfish catfish catfish           1   
1     lemon   [produce]      IsA            1    [A lemon is a [MASK]]     2             2        lemon        lemon  [a lemon is a [MASK]., a lemon is a type of [M...  [a lemon or [Z] is a [MASK]., a lemon or [Z] i...  [[MASK] such as lemon., [MASK], including lemo...  [[MASK] such as lemon and [Z]., [MASK], includ...  [such as lemon and [MASK]., such as lemon or [...        lemon lemon lemon  [fruit, tree, person, bottle, key, seed, twist...  {'fruit': -15.145185477808239, 'tree': -15.459...  [fruit, drink, lime, candy, apple, orange, ber...  {'fruit': -7.934486012665629, 'drink': -10.454...  [fruit, citrus, apple, thing, orange, lime, wa...  {'fruit': -7.175187479938773, 'fruits': -7.897...  [lime, orange, apple, yes, cherry, water, pepp...  {'lime': 0.5027932287617163, 'orange': 0.15136...  [lime, orange, apple, yes, cherry]   [limes, orange, apples, yes, cherries]  [lime, orange, apple, yes, cherry, water, pepp...        lemon lemon lemon          10   
2   turtles     [beast]      IsA            1   [A turtle is a [MASK]]     3             2       turtle      turtles  [a turtle is a [MASK]., a turtle is a type of ...  [a turtle or [Z] is a [MASK]., a turtle or [Z]...  [[MASK] such as turtles., [MASK], including tu...  [[MASK] such as turtles and [Z]., [MASK], incl...  [such as turtles and [MASK]., such as turtles ...   turtles turtle turtles   [lizard, person, shell, boat, human, fish, tree]  {'lizard': -16.036533980021577, 'person': -16....  [bird, animal, fish, mammal, creature, lizard,...  {'bird': -6.983079495727402, 'animal': -7.2181...  [reptile, animal, bird, creature, wildlife, in...  {'reptiles': -6.12624919356388, 'animals': -6....  [snakes, birds, fish, lizards, frogs, dragons,...  {'snakes': 0.3146660774946213, 'birds': 0.1580...   [snake, bird, fish, lizard, frog]  [snakes, birds, fishes, lizards, frogs]  [snake, bird, fish, lizard, frog, dragon, shar...   turtles turtle turtles          10   
3      bags   [luggage]      IsA            1      [A bag is a [MASK]]     4             2          bag         bags  [a bag is a [MASK]., a bag is a type of [MASK]...  [a bag or [Z] is a [MASK]., a bag or [Z] is a ...  [[MASK] such as bags., [MASK], including bags....  [[MASK] such as bags and [Z]., [MASK], includi...  [such as bags and [MASK]., such as bags or [MA...            bags bag bags  [person, box, pouch, pack, container, suitcase...  {'person': -15.800401335816666, 'box': -16.478...  [container, luggage, backpack, suitcase, sack,...  {'container': -8.861242617076943, 'luggage': -...  [thing, item, object, luggage, belongings, acc...  {'things': -7.206912668513597, 'items': -8.137...  [boxes, yes, shoes, cases, obviously, yeah, cl...  {'boxes': 0.1638453546911478, 'yes': 0.0626923...   [box, yes, shoe, case, obviously]    [boxes, yes, shoes, cases, obviously]  [box, yes, shoe, case, obviously, yeah, clothe...            bags bag bags          10   
4   rabbits  [creature]      IsA            1   [A rabbit is a [MASK]]     5             2       rabbit      rabbits  [a rabbit is a [MASK]., a rabbit is a type of ...  [a rabbit or [Z] is a [MASK]., a rabbit or [Z]...  [[MASK] such as rabbits., [MASK], including ra...  [[MASK] such as rabbits and [Z]., [MASK], incl...  [such as rabbits and [MASK]., such as rabbits ...   rabbits rabbit rabbits  [person, horse, human, dog, man, child, pig, k...  {'person': -15.755672171378398, 'horse': -15.9...  [animal, mammal, dog, bird, cat, fox, pig, har...  {'animal': -6.5751558948461675, 'mammal': -8.9...  [animal, rodent, mammal, wildlife, livestock, ...  {'animals': -5.903334231711103, 'rodents': -7....                                          [rodents]  {'foxes': 0.21225315535610373, 'deer': 0.16438...                            [rodent]                                [rodents]                                           [rodent]   rabbits rabbit rabbits           1   

                            def_dap_with_subj_anchor                           lsp_dap_with_subj_anchor                                   obj_mask_def_dap                             obj_mask_def_dap_score                                   obj_mask_lsp_dap                             obj_mask_lsp_dap_score  
0  [a catfish or a trout is a [MASK]., a catfish ...  [[MASK] such as catfish and trout., [MASK], in...  [fish, species, salmon, trout, freshwater, pre...  {'fish': -4.253217245046752, 'species': -12.24...  [fish, species, fishing, fishery, animal, seaf...  {'fish': -5.0773572713633035, 'species': -7.86...  
1  [a lemon or a lime is a [MASK]., a lemon or an...  [[MASK] such as lemon and limes., [MASK] such ...  [fruit, drink, apple, lime, candy, yes, berry,...  {'fruit': -6.215222270411444, 'drink': -9.5472...  [fruit, thing, citrus, lime, yes, apple, flavo...  {'fruits': -6.38605876173733, 'fruit': -6.9349...  
2  [a turtle or a snake is a [MASK]., a turtle or...  [[MASK] such as turtles and snakes., [MASK] su...  [animal, bird, fish, mammal, creature, lizard,...  {'animal': -7.5255446660385035, 'bird': -7.676...  [reptile, animal, wildlife, invertebrates, bir...  {'reptiles': -6.164623090730166, 'animals': -6...  
3  [a bag or a box is a [MASK]., a bag or a yes i...  [[MASK] such as bags and boxes., [MASK] such a...  [container, luggage, backpack, suitcase, yes, ...  {'container': -7.19792714910603, 'luggage': -8...  [thing, item, stuff, luggage, object, yes, goo...  {'things': -7.003505253732369, 'items': -8.343...  
4  [a rabbit or a rodent is a [MASK]., a rabbit o...  [[MASK] such as rabbits and rodents., [MASK], ...  [mammal, animal, species, creature, predator, ...  {'mammal': -5.311165544519599, 'animal': -6.29...  [animal, rodent, mammal, wildlife, livestock, ...  {'animals': -5.68861383113838, 'rodents': -6.7...  
---------------------------------------- anchor evaluation ----------------------------------------
begin{tabular}{rlrrrr}
hline
    	 mask_type        	   p@1 	   p@5 	   p@10 	   mrr 
hline
  0 	 subj_anchors_sg  	    30 	    40 	     40 	  35   
  1 	 subj_anchors_all 	    30 	    40 	     50 	  36.1 
hline
end{tabular}
---------------------------------------- obj_label evaluation ----------------------------------------
begin{tabular}{rlrrrrr}
hline
    	 mask_type   	   p@1 	   p@5 	   p@10 	   mrr 	   mask_type_id 
hline
  1 	 def_sap     	    10 	    20 	     30 	  16   	              1 
  2 	 lsp_sap     	    10 	    20 	     30 	  13.9 	              3 
  3 	 def_dap     	    10 	    30 	     40 	  18.6 	              2 
  4 	 lsp_dap     	    10 	    20 	     30 	  13.6 	              4 
hline
end{tabular}
