debug: True
---------------------------------------- config ----------------------------------------
{'debug': True, 'test_relations': ['IsA'], 'save_all_data': True, 'top_k': 10, 'data_dir': 'data/hypernymsuite/ALL/SWOWStrength/', 'mask_string_mapping': {'bert-large-uncased': '[MASK]'}, 'use_dap_global': True, 'return_probs': True, 'anchor_scorer_list': ['probAvg'], 'scorer_target_1_prompt': 'probSum', 'scorer_target_N_prompts': 'freqProbLogSum', 'use_original_prompt': True, 'original_prompt_source': 'masked_sentence', 'incorporate_operations': ['concate_or_single'], 'filter_anchors_flag': True, 'filter_objects_flag': True, 'cpt_only': False, 'anchor_types': ['Coordinate_remove_Y_PUNC_FULL'], 'add_cpt_score': False, 'constrain_targets': False, 'only_wordnet_anchor': True, 'add_wordnet_path_score': False, 'anchor_probe': 'plural_probe', 'anchor_col_prefix': 'subj_anchors_wordnet', 'anchor_col': 'subj_anchors_swow', 'anchor_col_sg': 'subj_anchors_swow_sg', 'anchor_col_pl': 'subj_anchors_swow_pl', 'anchor_col_all': 'anchor_col_all', 'filter_objects_with_input': True, 'sub_col': 'sub_label', 'sub_col_sg': 'sub_label_sg', 'sub_col_pl': 'sub_label_pl', 'top_k_anchors': 5, 'max_anchor_num_list': [10], 'max_anchor_num': 10, 'sub_col_sgpl': 'sub_label_sgpl', 'filter_objects_with_anchors': False, 'oracle_anchor_inserted': False, 'use_oracle_anchor': True, 'anchor_source': 'WordNet', 'only_swow_anchor': False, 'add_swow_score': False, 'swow_score_source': 'None', 'add_swow_filter': False}
---------------------------------------- config ----------------------------------------
reading cohyponyms: pre_post_process/log/word_to_cohyponyms_score.json
Some weights of the model checkpoint at bert-large-uncased were not used when initializing BertForMaskedLM: ['cls.seq_relationship.bias', 'cls.seq_relationship.weight']
- This IS expected if you are initializing BertForMaskedLM from the checkpoint of a model trained on another task or with another architecture (e.g. initializing a BertForSequenceClassification model from a BertForPreTraining model).
- This IS NOT expected if you are initializing BertForMaskedLM from the checkpoint of a model that you expect to be exactly identical (initializing a BertForSequenceClassification model from a BertForSequenceClassification model).
Some weights of the model checkpoint at bert-large-uncased were not used when initializing BertForMaskedLM: ['cls.seq_relationship.bias', 'cls.seq_relationship.weight']
- This IS expected if you are initializing BertForMaskedLM from the checkpoint of a model trained on another task or with another architecture (e.g. initializing a BertForSequenceClassification model from a BertForPreTraining model).
- This IS NOT expected if you are initializing BertForMaskedLM from the checkpoint of a model that you expect to be exactly identical (initializing a BertForSequenceClassification model from a BertForSequenceClassification model).
---------------------------------------- bert-large-uncased-anchor_type: Coordinate_remove_Y_PUNC_FULL-scorer_anchor:probAvg-op:concate_or_single ----------------------------------------
{
    "IsA": {
        "relation": "IsA",
        "def_sap": [
            "[X] is a [MASK].",
            "[X] is a type of [MASK].",
            "[X] is a kind of [MASK]."
        ],
        "def_dap": [
            "[X] or [Z] is a [MASK].",
            "[X] or [Z] is a type of [MASK].",
            "[X] or [Z] is a kind of [MASK]."
        ],
        "lsp_sap": [
            "[MASK] such as [X].",
            "[MASK], including [X].",
            "[MASK], especially [X].",
            "[X] or other [MASK].",
            "[X] and other [MASK].",
            "such [MASK] as [X]."
        ],
        "lsp_dap": [
            "[MASK] such as [X] and [Z].",
            "[MASK], including [X] and [Z].",
            "[MASK], especially [X] and [Z].",
            "[X], [Z] and other [MASK].",
            "[X], [Z] or other [MASK].",
            "such [MASK] as [X] and [Z]."
        ],
        "use_dap": true,
        "anchor_target": "[X]",
        "anchor_lsp_sap": [
            "such as [X] and [MASK].",
            "such as [X] or [MASK].",
            "such as [X], [MASK],",
            "including [X] and [MASK].",
            "including [X] or [MASK].",
            "including [X], [MASK],",
            "especially [X] and [MASK].",
            "especially [X] or [MASK].",
            "especially [X], [MASK],",
            "[X], [MASK] or other",
            "[X], [MASK] and other"
        ]
    }
}
Processing IsA ... data/hypernymsuite/ALL/SWOWStrength//IsA.jsonl
#All Instances: 2078
#Valid Instances: 2078 in HYPERNYMSUITE (hyper in BERT)
	 step1: get anchors (fill and filter)
/home/chunhua/.local/lib/python3.8/site-packages/transformers/pipelines/base.py:1043: UserWarning: You seem to be using the pipelines sequentially on GPU. In order to maximize efficiency please use a dataset
  warnings.warn(
--- def_sap
--- lsp_sap
relation: IsA 	 use_dap: True
	 step2: insert anchors
sub_col sub_label
                                             def_dap                            subj_anchors_wordnet_sg
0  [a catfish or [Z] is a [MASK]., a catfish or [...        [mudcat, bream, sunfish, carp, buffalofish]
1  [a lemon or [Z] is a [MASK]., a lemon or [Z] i...    [citrus, orange, citron, calamondin, freestone]
2  [a turtle or [Z] is a [MASK]., a turtle or [Z]...  [turtleneck, jersey, sweater, cardigan, slipover]
3  [a bag or [Z] is a [MASK]., a bag or [Z] is a ...  [pannier, backpack, haversack, knapsack, rucks...
4  [a rabbit or [Z] is a [MASK]., a rabbit or [Z]...  [cottontail, leporide, leporid, hare, canecutter]
5  [a bowl or [Z] is a [MASK]., a bowl or [Z] is ...                [jorum, mazer, tub, boiler, bottle]
6  [a squirrel or [Z] is a [MASK]., a squirrel or...  [spermophile, hackee, chipmunk, baranduki, bar...
7  [a piano or [Z] is a [MASK]., a piano or [Z] i...    [pianoforte, pianola, spinet, gong, clavichord]
8  [a catfish or [Z] is a [MASK]., a catfish or [...        [mudcat, bream, sunfish, carp, buffalofish]
9  [a missile or [Z] is a [MASK]., a missile or [...             [weapon, rocket, stinger, lance, icbm]
                                             lsp_dap                            subj_anchors_wordnet_pl
0  [[MASK] such as catfish and [Z]., [MASK], incl...       [mudcat, breams, sunfish, carp, buffalofish]
1  [[MASK] such as lemon and [Z]., [MASK], includ...  [citrus, orange, citrons, calamondin, freestones]
2  [[MASK] such as turtles and [Z]., [MASK], incl...  [turtlenecks, jersey, sweaters, cardigans, sli...
3  [[MASK] such as bags and [Z]., [MASK], includi...  [pannier, backpacks, haversacks, knapsacks, ru...
4  [[MASK] such as rabbits and [Z]., [MASK], incl...  [cottontails, leporides, leporids, hare, canec...
5  [[MASK] such as bowls and [Z]., [MASK], includ...              [jorum, mazers, tub, boilers, bottle]
6  [[MASK] such as squirrel and [Z]., [MASK], inc...  [spermophiles, hackee, chipmunk, baranduki, ba...
7  [[MASK] such as pianos and [Z]., [MASK], inclu...  [pianofortes, pianolas, spinets, gongs, clavic...
8  [[MASK] such as catfish and [Z]., [MASK], incl...       [mudcat, breams, sunfish, carp, buffalofish]
9  [[MASK] such as missiles and [Z]., [MASK], inc...         [weapons, rockets, stingers, lances, icbm]
	 step3: fill mask in dap anchors
  0%|          | 0/10 [00:00<?, ?it/s]/home/chunhua/.local/lib/python3.8/site-packages/transformers/pipelines/base.py:1043: UserWarning: You seem to be using the pipelines sequentially on GPU. In order to maximize efficiency please use a dataset
  warnings.warn(
100%|██████████| 10/10 [00:02<00:00,  4.24it/s]
  0%|          | 0/10 [00:00<?, ?it/s]100%|██████████| 10/10 [00:04<00:00,  2.13it/s]
  sub_label   obj_label relation         masked_sentences                                         sub_sister  uuid  sub_position sub_label_sg sub_label_pl                                            def_sap                                            def_dap                                            lsp_sap                                            lsp_dap                                     anchor_lsp_sap           sub_label_sgpl                                  subj_anchors_swow                                       subj_anchors  obj_in_BERT                                  obj_mask_sentence                            obj_mask_sentence_score                                   obj_mask_def_sap                             obj_mask_def_sap_score                                   obj_mask_lsp_sap                             obj_mask_lsp_sap_score                               subj_anchors_wordnet                            subj_anchors_wordnet_sg  \
0   catfish      [fish]      IsA  [A catfish is a [MASK]]  ['kingfish', 'bream', 'perch', 'butterfish', '...     1             2      catfish      catfish  [a catfish is a [MASK]., a catfish is a type o...  [a catfish or [Z] is a [MASK]., a catfish or [...  [[MASK] such as catfish., [MASK], including ca...  [[MASK] such as catfish and [Z]., [MASK], incl...  [such as catfish and [MASK]., such as catfish ...  catfish catfish catfish                                [whiskers, catsups]  ['bass', 'carp', 'shrimp', 'perch', 'alligator...            1  [fish, boat, river, genus, gastropod, lizard, ...  {'fish': -17.492517940945792, 'boat': -19.0523...  [fish, shrimp, mollusk, swimmer, salmon, bird,...  {'fish': -4.442973047064299, 'shrimp': -12.345...  [fish, species, animal, seafood, reptile, inve...  {'fish': -4.942579534624883, 'species': -9.299...  [mudcat, bream, sunfish, carp, buffalofish, mu...        [mudcat, bream, sunfish, carp, buffalofish]   
1     lemon   [produce]      IsA    [A lemon is a [MASK]]  ['orange', 'tangerine', 'mandarin', 'kumquat',...     2             2        lemon        lemon  [a lemon is a [MASK]., a lemon is a type of [M...  [a lemon or [Z] is a [MASK]., a lemon or [Z] i...  [[MASK] such as lemon., [MASK], including lemo...  [[MASK] such as lemon and [Z]., [MASK], includ...  [such as lemon and [MASK]., such as lemon or [...        lemon lemon lemon  [limes, sour, citruses, yellow, rinds, lemonad...  ['lime', 'orange', 'apple', 'yes', 'cherry', '...            1  [fruit, tree, person, bottle, key, seed, twist...  {'fruit': -15.145185477808239, 'tree': -15.459...  [fruit, drink, lime, candy, apple, orange, ber...  {'fruit': -7.934486012665629, 'drink': -10.454...  [fruit, citrus, apple, thing, orange, lime, wa...  {'fruit': -7.175187479938773, 'fruits': -7.897...  [citrus, orange, citron, calamondin, freestone...    [citrus, orange, citron, calamondin, freestone]   
2   turtles     [beast]      IsA   [A turtle is a [MASK]]  ['turtleneck', 'camise', 'daishiki', 'dashiki'...     3             2       turtle      turtles  [a turtle is a [MASK]., a turtle is a type of ...  [a turtle or [Z] is a [MASK]., a turtle or [Z]...  [[MASK] such as turtles., [MASK], including tu...  [[MASK] such as turtles and [Z]., [MASK], incl...  [such as turtles and [MASK]., such as turtles ...   turtles turtle turtles  [tortoises, shells, slow, ninja, reptile, seas...  ['snakes', 'birds', 'fish', 'lizards', 'frogs'...            1   [lizard, person, shell, boat, human, fish, tree]  {'lizard': -16.036533980021577, 'person': -16....  [bird, animal, fish, mammal, creature, lizard,...  {'bird': -6.983079495727402, 'animal': -7.2181...  [reptile, animal, bird, creature, wildlife, in...  {'reptiles': -6.12624919356388, 'animals': -6....  [turtleneck, jersey, sweater, cardigan, slipov...  [turtleneck, jersey, sweater, cardigan, slipover]   
3      bags   [luggage]      IsA      [A bag is a [MASK]]  ['tank', 'bowl', 'tin', 'case', 'carriage', 'p...     4             2          bag         bags  [a bag is a [MASK]., a bag is a type of [MASK]...  [a bag or [Z] is a [MASK]., a bag or [Z] is a ...  [[MASK] such as bags., [MASK], including bags....  [[MASK] such as bags and [Z]., [MASK], includi...  [such as bags and [MASK]., such as bags or [MA...            bags bag bags  [tote, satchel, sack, purses, plastics, shoppi...  ['boxes', 'yes', 'shoes', 'cases', 'obviously'...            1  [person, box, pouch, pack, container, suitcase...  {'person': -15.800401335816666, 'box': -16.478...  [container, luggage, backpack, suitcase, sack,...  {'container': -8.861242617076943, 'luggage': -...  [thing, item, object, luggage, belongings, acc...  {'things': -7.206912668513597, 'items': -8.137...  [pannier, backpack, haversack, knapsack, rucks...  [pannier, backpack, haversack, knapsack, rucks...   
4   rabbits  [creature]      IsA   [A rabbit is a [MASK]]  ['lambskin', 'lapin', 'astrakhan', 'bearskin',...     5             2       rabbit      rabbits  [a rabbit is a [MASK]., a rabbit is a type of ...  [a rabbit or [Z] is a [MASK]., a rabbit or [Z]...  [[MASK] such as rabbits., [MASK], including ra...  [[MASK] such as rabbits and [Z]., [MASK], incl...  [such as rabbits and [MASK]., such as rabbits ...   rabbits rabbit rabbits  [bunny, roger, carrots, white, rodent, jack, l...  ['foxes', 'deer', 'squirrels', 'mice', 'rodent...            1  [person, horse, human, dog, man, child, pig, k...  {'person': -15.755672171378398, 'horse': -15.9...  [animal, mammal, dog, bird, cat, fox, pig, har...  {'animal': -6.5751558948461675, 'mammal': -8.9...  [animal, rodent, mammal, wildlife, livestock, ...  {'animals': -5.903334231711103, 'rodents': -7....  [cottontail, leporide, leporid, hare, canecutt...  [cottontail, leporide, leporid, hare, canecutter]   

                             subj_anchors_wordnet_pl                           subj_anchors_wordnet_all    subj_anchors_combined                           def_dap_with_subj_anchor                           lsp_dap_with_subj_anchor                                   obj_mask_def_dap                             obj_mask_def_dap_score                                   obj_mask_lsp_dap                             obj_mask_lsp_dap_score  
0       [mudcat, breams, sunfish, carp, buffalofish]  [mudcat, bream, sunfish, carp, buffalofish, mu...  catfish catfish catfish  [a catfish or a mudcat is a [MASK]., a catfish...  [[MASK] such as catfish and mudcat., [MASK] su...  [fish, species, predator, shrimp, shark, turtl...  {'fish': -4.437850521787569, 'species': -12.64...  [fish, species, animal, seafood, invertebrates...  {'fish': -4.879427159427449, 'species': -8.914...  
1  [citrus, orange, citrons, calamondin, freestones]  [citrus, orange, citron, calamondin, freestone...        lemon lemon lemon  [a lemon or a citrus is a [MASK]., a lemon or ...  [[MASK] such as lemon and citrus., [MASK] such...  [fruit, stone, drink, apple, orange, vegetable...  {'fruit': -6.073434723068917, 'stone': -9.9601...  [fruit, citrus, thing, flavor, ingredient, pro...  {'fruits': -6.216635830602738, 'fruit': -7.092...  
2  [turtlenecks, jersey, sweaters, cardigans, sli...  [turtleneck, jersey, sweater, cardigan, slipov...   turtles turtle turtles  [a turtle or a turtleneck is a [MASK]., a turt...  [[MASK] such as turtles and turtlenecks., [MAS...  [jacket, costume, garment, sweater, dress, shi...  {'jacket': -7.784921024709746, 'costume': -8.0...  [thing, reptile, animal, clothing, accessory, ...  {'things': -8.596204263093048, 'reptiles': -8....  
3  [pannier, backpacks, haversacks, knapsacks, ru...  [pannier, backpack, haversack, knapsack, rucks...            bags bag bags  [a bag or a pannier is a [MASK]., a bag or a b...  [[MASK] such as bags and pannier., [MASK] such...  [backpack, luggage, container, sack, suitcase,...  {'backpack': -6.5859586503868535, 'luggage': -...  [luggage, item, thing, accessory, belongings, ...  {'luggage': -7.313369064132414, 'items': -8.44...  
4  [cottontails, leporides, leporids, hare, canec...  [cottontail, leporide, leporid, hare, canecutt...   rabbits rabbit rabbits  [a rabbit or a cottontail is a [MASK]., a rabb...  [[MASK] such as rabbits and cottontails., [MAS...  [mammal, animal, bird, insect, dog, deer, goat...  {'mammal': -6.851403690600247, 'animal': -8.34...  [animal, mammal, rodent, wildlife, livestock, ...  {'animals': -6.436465759102918, 'mammals': -7....  
---------------------------------------- anchor evaluation ----------------------------------------
begin{tabular}{rlrrrrrr}
hline
    	 mask_type                	   p@1 	   p@5 	   p@10 	   mrr 	   anchor_wordnet_avg_path 	   anchor_wordnet_coverage 
hline
  0 	 subj_anchors_wordnet_sg  	   100 	   100 	    100 	   100 	                      8.73 	                     0.467 
  1 	 subj_anchors_wordnet_all 	   100 	   100 	    100 	   100 	                      8.73 	                     0.467 
hline
end{tabular}
---------------------------------------- obj_label evaluation ----------------------------------------
begin{tabular}{rlrrrrrrr}
hline
    	 mask_type   	   p@1 	   p@5 	   p@10 	   mrr 	   anchor_wordnet_avg_path 	   anchor_wordnet_coverage 	   mask_type_id 
hline
  1 	 def_sap     	    10 	    20 	     30 	  16   	                      8.73 	                     0.467 	              1 
  2 	 lsp_sap     	    10 	    20 	     30 	  13.9 	                      8.73 	                     0.467 	              3 
  3 	 def_dap     	    10 	    20 	     20 	  15   	                      8.73 	                     0.467 	              2 
  4 	 lsp_dap     	    20 	    20 	     20 	  20   	                      8.73 	                     0.467 	              4 
hline
end{tabular}
save log/bert-large-uncased/ALL/SWOWStrength/df_all_use_global_dap_True_max_anchor_num_5_anchor_scorer_probAvg_filter_obj_True_filter_objects_with_input_True_wnp_False_cpt_False_anchor_source_WordNet_swow_score_source_None.HYPERNYMSUITE.tsv
save log/bert-large-uncased/ALL/SWOWStrength/exp_data_results_max_anchor_num_5_anchor_scorer_probAvg_filter_obj_True_filter_objects_with_input_True_wnp_False_cpt_False_anchor_source_WordNet_swow_score_source_None.HYPERNYMSUITE.csv
