               mask_type    p@1    p@5   p@10 relation  mAP@1  mAP@5  mAP@10  recall@1  recall@5  recall@10  anchor_wordnet_score
0          mask_sentence  0.320  0.582  0.646      IsA  0.494  0.570   0.560     0.119     0.238      0.269                 0.206

1           mask_def_sap  0.195  0.475  0.569      IsA  0.328  0.425   0.417     0.064     0.183      0.228                 0.206
3           mask_def_dap  0.192  0.460  0.582      IsA  0.345  0.435   0.431     0.070     0.176      0.234                 0.206

2           mask_lsp_sap  0.128  0.310  0.391      IsA  0.349  0.430   0.412     0.079     0.251      0.344                 0.206
4           mask_lsp_dap  0.042  0.096  0.165      IsA  0.341  0.415   0.379     0.074     0.184      0.259                 0.206

5       mask_def_sap_dap  0.266  0.502  0.600      IsA  0.431  0.501   0.489     0.096     0.194      0.243                 0.206
6       mask_def_lsp_sap  0.289  0.483  0.552      IsA  0.494  0.537   0.478     0.114     0.281      0.383                 0.206
7       mask_lsp_sap_dap  0.052  0.245  0.374      IsA  0.337  0.429   0.401     0.074     0.245      0.339                 0.206
8   mask_def_sap_uniform  0.195  0.473  0.567      IsA  0.328  0.425   0.416     0.064     0.182      0.228                 0.206
9   mask_lsp_sap_uniform  0.243  0.446  0.556      IsA  0.351  0.370   0.343     0.079     0.172      0.221                 0.206
10  mask_def_dap_uniform  0.192  0.460  0.580      IsA  0.345  0.435   0.430     0.070     0.176      0.232                 0.206
11  mask_lsp_dap_uniform  0.232  0.439  0.531      IsA  0.341  0.404   0.359     0.074     0.164      0.212                 0.206





LAMA T-Rex: 

relation 
P279 Subclass of 
P31 Instance Of
P463 Member of 


{"relation": "P31", "template": "[X] is a [Y] .", "label": "instance of", "description": "that class of which this subject is a particular example and member (subject typically an individual member with a proper name label); different from P279; using this property as a qualifier is deprecated\u2014use P2868 or P3831 instead", "type": "N-M"}

{"relation": "P279", "template": "[X] is a subclass of [Y] .", "label": "subclass of", "description": "all instances of these items are instances of those items; this item is a class (subset) of that item. Not to be confused with P31 (instance of)", "type": "N-1"}

{"relation": "P463", "template": "[X] is a member of [Y] .", "label": "member of", "description": "organization or club to which the subject belongs. Do not use for membership in ethnic or social groups, nor for holding a position such as a member of parliament (use P39 for that).", "type": "N-M"}

P361 Part Of 








anchors are hypernyms? and they are filterred, so the performance on DAP dropped? 
check the subj_anchors_pl and the obj_label columns 
Does it mean that the quality of anchors actually are not good enough? 

Does it mean that the hypernyms and coordiante are still entangled? 
